CRITICAL - 2020-07-25 00:02:07 --> No connection could be made because the target machine actively refused it.

#0 D:\Projects\RealEstate\system\Database\BaseConnection.php(377): CodeIgniter\Database\MySQLi\Connection->connect(false)
#1 D:\Projects\RealEstate\system\Database\BaseConnection.php(643): CodeIgniter\Database\BaseConnection->initialize()
#2 D:\Projects\RealEstate\system\Database\BaseBuilder.php(1845): CodeIgniter\Database\BaseConnection->query('SELECT *\nFROM `...', Array, false)
#3 D:\Projects\RealEstate\app\Models\PropertyModel.php(93): CodeIgniter\Database\BaseBuilder->get()
#4 D:\Projects\RealEstate\app\Controllers\Home.php(15): App\Models\PropertyModel->getAllFeaturedProperties()
#5 D:\Projects\RealEstate\system\CodeIgniter.php(914): App\Controllers\Home->index()
#6 D:\Projects\RealEstate\system\CodeIgniter.php(400): CodeIgniter\CodeIgniter->runController(Object(App\Controllers\Home))
#7 D:\Projects\RealEstate\system\CodeIgniter.php(308): CodeIgniter\CodeIgniter->handleRequest(NULL, Object(Config\Cache), false)
#8 D:\Projects\RealEstate\public\index.php(45): CodeIgniter\CodeIgniter->run()
#9 D:\Projects\RealEstate\system\Commands\Server\rewrite.php(34): require_once('D:\\Projects\\Rea...')
#10 {main}
CRITICAL - 2020-07-25 00:02:07 --> Uncaught ErrorException: print_r(): Property access is not allowed yet in D:\Projects\RealEstate\app\Views\errors\html\error_exception.php:100
Stack trace:
#0 [internal function]: CodeIgniter\Debug\Exceptions->errorHandler(2, 'print_r(): Prop...', 'D:\\Projects\\Rea...', 100, Array)
#1 D:\Projects\RealEstate\app\Views\errors\html\error_exception.php(100): print_r(Object(App\Controllers\Home), true)
#2 D:\Projects\RealEstate\system\Debug\Exceptions.php(299): include('D:\\Projects\\Rea...')
#3 D:\Projects\RealEstate\system\Debug\Exceptions.php(172): CodeIgniter\Debug\Exceptions->render(Object(mysqli_sql_exception), 500)
#4 [internal function]: CodeIgniter\Debug\Exceptions->exceptionHandler(Object(mysqli_sql_exception))
#5 {main}
  thrown
#0 [internal function]: CodeIgniter\Debug\Exceptions->shutdownHandler()
#1 {main}
CRITICAL - 2020-07-25 01:12:57 --> Call to undefined function App\Controllers\getAmenetiesByPropertyId()
#0 D:\Projects\RealEstate\system\CodeIgniter.php(914): App\Controllers\Property->test()
#1 D:\Projects\RealEstate\system\CodeIgniter.php(400): CodeIgniter\CodeIgniter->runController(Object(App\Controllers\Property))
#2 D:\Projects\RealEstate\system\CodeIgniter.php(308): CodeIgniter\CodeIgniter->handleRequest(NULL, Object(Config\Cache), false)
#3 D:\Projects\RealEstate\public\index.php(45): CodeIgniter\CodeIgniter->run()
#4 D:\Projects\RealEstate\system\Commands\Server\rewrite.php(34): require_once('D:\\Projects\\Rea...')
#5 {main}
CRITICAL - 2020-07-25 01:13:19 --> Undefined variable: data
#0 D:\Projects\RealEstate\app\Models\PropertyModel.php(83): CodeIgniter\Debug\Exceptions->errorHandler(8, 'Undefined varia...', 'D:\\Projects\\Rea...', 83, Array)
#1 D:\Projects\RealEstate\app\Controllers\Property.php(262): App\Models\PropertyModel->getAmenetiesByPropertyId(20)
#2 D:\Projects\RealEstate\system\CodeIgniter.php(914): App\Controllers\Property->test()
#3 D:\Projects\RealEstate\system\CodeIgniter.php(400): CodeIgniter\CodeIgniter->runController(Object(App\Controllers\Property))
#4 D:\Projects\RealEstate\system\CodeIgniter.php(308): CodeIgniter\CodeIgniter->handleRequest(NULL, Object(Config\Cache), false)
#5 D:\Projects\RealEstate\public\index.php(45): CodeIgniter\CodeIgniter->run()
#6 D:\Projects\RealEstate\system\Commands\Server\rewrite.php(34): require_once('D:\\Projects\\Rea...')
#7 {main}
CRITICAL - 2020-07-25 01:13:44 --> Undefined variable: data2
#0 D:\Projects\RealEstate\app\Models\PropertyModel.php(83): CodeIgniter\Debug\Exceptions->errorHandler(8, 'Undefined varia...', 'D:\\Projects\\Rea...', 83, Array)
#1 D:\Projects\RealEstate\app\Controllers\Property.php(262): App\Models\PropertyModel->getAmenetiesByPropertyId(20)
#2 D:\Projects\RealEstate\system\CodeIgniter.php(914): App\Controllers\Property->test()
#3 D:\Projects\RealEstate\system\CodeIgniter.php(400): CodeIgniter\CodeIgniter->runController(Object(App\Controllers\Property))
#4 D:\Projects\RealEstate\system\CodeIgniter.php(308): CodeIgniter\CodeIgniter->handleRequest(NULL, Object(Config\Cache), false)
#5 D:\Projects\RealEstate\public\index.php(45): CodeIgniter\CodeIgniter->run()
#6 D:\Projects\RealEstate\system\Commands\Server\rewrite.php(34): require_once('D:\\Projects\\Rea...')
#7 {main}
CRITICAL - 2020-07-25 01:15:24 --> Call to undefined method CodeIgniter\Database\MySQLi\Builder::where_in()
#0 D:\Projects\RealEstate\app\Controllers\Property.php(262): App\Models\PropertyModel->getAmenetiesByPropertyId(20)
#1 D:\Projects\RealEstate\system\CodeIgniter.php(914): App\Controllers\Property->test()
#2 D:\Projects\RealEstate\system\CodeIgniter.php(400): CodeIgniter\CodeIgniter->runController(Object(App\Controllers\Property))
#3 D:\Projects\RealEstate\system\CodeIgniter.php(308): CodeIgniter\CodeIgniter->handleRequest(NULL, Object(Config\Cache), false)
#4 D:\Projects\RealEstate\public\index.php(45): CodeIgniter\CodeIgniter->run()
#5 D:\Projects\RealEstate\system\Commands\Server\rewrite.php(34): require_once('D:\\Projects\\Rea...')
#6 {main}
CRITICAL - 2020-07-25 01:18:08 --> Undefined variable: data2
#0 D:\Projects\RealEstate\app\Models\PropertyModel.php(84): CodeIgniter\Debug\Exceptions->errorHandler(8, 'Undefined varia...', 'D:\\Projects\\Rea...', 84, Array)
#1 D:\Projects\RealEstate\app\Controllers\Property.php(262): App\Models\PropertyModel->getAmenetiesByPropertyId(20)
#2 D:\Projects\RealEstate\system\CodeIgniter.php(914): App\Controllers\Property->test()
#3 D:\Projects\RealEstate\system\CodeIgniter.php(400): CodeIgniter\CodeIgniter->runController(Object(App\Controllers\Property))
#4 D:\Projects\RealEstate\system\CodeIgniter.php(308): CodeIgniter\CodeIgniter->handleRequest(NULL, Object(Config\Cache), false)
#5 D:\Projects\RealEstate\public\index.php(45): CodeIgniter\CodeIgniter->run()
#6 D:\Projects\RealEstate\system\Commands\Server\rewrite.php(34): require_once('D:\\Projects\\Rea...')
#7 {main}
CRITICAL - 2020-07-25 01:18:09 --> Undefined variable: data2
#0 D:\Projects\RealEstate\app\Models\PropertyModel.php(84): CodeIgniter\Debug\Exceptions->errorHandler(8, 'Undefined varia...', 'D:\\Projects\\Rea...', 84, Array)
#1 D:\Projects\RealEstate\app\Controllers\Property.php(262): App\Models\PropertyModel->getAmenetiesByPropertyId(20)
#2 D:\Projects\RealEstate\system\CodeIgniter.php(914): App\Controllers\Property->test()
#3 D:\Projects\RealEstate\system\CodeIgniter.php(400): CodeIgniter\CodeIgniter->runController(Object(App\Controllers\Property))
#4 D:\Projects\RealEstate\system\CodeIgniter.php(308): CodeIgniter\CodeIgniter->handleRequest(NULL, Object(Config\Cache), false)
#5 D:\Projects\RealEstate\public\index.php(45): CodeIgniter\CodeIgniter->run()
#6 D:\Projects\RealEstate\system\Commands\Server\rewrite.php(34): require_once('D:\\Projects\\Rea...')
#7 {main}
CRITICAL - 2020-07-25 01:18:09 --> Undefined variable: data2
#0 D:\Projects\RealEstate\app\Models\PropertyModel.php(84): CodeIgniter\Debug\Exceptions->errorHandler(8, 'Undefined varia...', 'D:\\Projects\\Rea...', 84, Array)
#1 D:\Projects\RealEstate\app\Controllers\Property.php(262): App\Models\PropertyModel->getAmenetiesByPropertyId(20)
#2 D:\Projects\RealEstate\system\CodeIgniter.php(914): App\Controllers\Property->test()
#3 D:\Projects\RealEstate\system\CodeIgniter.php(400): CodeIgniter\CodeIgniter->runController(Object(App\Controllers\Property))
#4 D:\Projects\RealEstate\system\CodeIgniter.php(308): CodeIgniter\CodeIgniter->handleRequest(NULL, Object(Config\Cache), false)
#5 D:\Projects\RealEstate\public\index.php(45): CodeIgniter\CodeIgniter->run()
#6 D:\Projects\RealEstate\system\Commands\Server\rewrite.php(34): require_once('D:\\Projects\\Rea...')
#7 {main}
CRITICAL - 2020-07-25 01:18:09 --> Undefined variable: data2
#0 D:\Projects\RealEstate\app\Models\PropertyModel.php(84): CodeIgniter\Debug\Exceptions->errorHandler(8, 'Undefined varia...', 'D:\\Projects\\Rea...', 84, Array)
#1 D:\Projects\RealEstate\app\Controllers\Property.php(262): App\Models\PropertyModel->getAmenetiesByPropertyId(20)
#2 D:\Projects\RealEstate\system\CodeIgniter.php(914): App\Controllers\Property->test()
#3 D:\Projects\RealEstate\system\CodeIgniter.php(400): CodeIgniter\CodeIgniter->runController(Object(App\Controllers\Property))
#4 D:\Projects\RealEstate\system\CodeIgniter.php(308): CodeIgniter\CodeIgniter->handleRequest(NULL, Object(Config\Cache), false)
#5 D:\Projects\RealEstate\public\index.php(45): CodeIgniter\CodeIgniter->run()
#6 D:\Projects\RealEstate\system\Commands\Server\rewrite.php(34): require_once('D:\\Projects\\Rea...')
#7 {main}
CRITICAL - 2020-07-25 01:18:09 --> Undefined variable: data2
#0 D:\Projects\RealEstate\app\Models\PropertyModel.php(84): CodeIgniter\Debug\Exceptions->errorHandler(8, 'Undefined varia...', 'D:\\Projects\\Rea...', 84, Array)
#1 D:\Projects\RealEstate\app\Controllers\Property.php(262): App\Models\PropertyModel->getAmenetiesByPropertyId(20)
#2 D:\Projects\RealEstate\system\CodeIgniter.php(914): App\Controllers\Property->test()
#3 D:\Projects\RealEstate\system\CodeIgniter.php(400): CodeIgniter\CodeIgniter->runController(Object(App\Controllers\Property))
#4 D:\Projects\RealEstate\system\CodeIgniter.php(308): CodeIgniter\CodeIgniter->handleRequest(NULL, Object(Config\Cache), false)
#5 D:\Projects\RealEstate\public\index.php(45): CodeIgniter\CodeIgniter->run()
#6 D:\Projects\RealEstate\system\Commands\Server\rewrite.php(34): require_once('D:\\Projects\\Rea...')
#7 {main}
CRITICAL - 2020-07-25 01:18:10 --> Undefined variable: data2
#0 D:\Projects\RealEstate\app\Models\PropertyModel.php(84): CodeIgniter\Debug\Exceptions->errorHandler(8, 'Undefined varia...', 'D:\\Projects\\Rea...', 84, Array)
#1 D:\Projects\RealEstate\app\Controllers\Property.php(262): App\Models\PropertyModel->getAmenetiesByPropertyId(20)
#2 D:\Projects\RealEstate\system\CodeIgniter.php(914): App\Controllers\Property->test()
#3 D:\Projects\RealEstate\system\CodeIgniter.php(400): CodeIgniter\CodeIgniter->runController(Object(App\Controllers\Property))
#4 D:\Projects\RealEstate\system\CodeIgniter.php(308): CodeIgniter\CodeIgniter->handleRequest(NULL, Object(Config\Cache), false)
#5 D:\Projects\RealEstate\public\index.php(45): CodeIgniter\CodeIgniter->run()
#6 D:\Projects\RealEstate\system\Commands\Server\rewrite.php(34): require_once('D:\\Projects\\Rea...')
#7 {main}
CRITICAL - 2020-07-25 01:18:10 --> Undefined variable: data2
#0 D:\Projects\RealEstate\app\Models\PropertyModel.php(84): CodeIgniter\Debug\Exceptions->errorHandler(8, 'Undefined varia...', 'D:\\Projects\\Rea...', 84, Array)
#1 D:\Projects\RealEstate\app\Controllers\Property.php(262): App\Models\PropertyModel->getAmenetiesByPropertyId(20)
#2 D:\Projects\RealEstate\system\CodeIgniter.php(914): App\Controllers\Property->test()
#3 D:\Projects\RealEstate\system\CodeIgniter.php(400): CodeIgniter\CodeIgniter->runController(Object(App\Controllers\Property))
#4 D:\Projects\RealEstate\system\CodeIgniter.php(308): CodeIgniter\CodeIgniter->handleRequest(NULL, Object(Config\Cache), false)
#5 D:\Projects\RealEstate\public\index.php(45): CodeIgniter\CodeIgniter->run()
#6 D:\Projects\RealEstate\system\Commands\Server\rewrite.php(34): require_once('D:\\Projects\\Rea...')
#7 {main}
CRITICAL - 2020-07-25 01:23:35 --> Undefined variable: data2
#0 D:\Projects\RealEstate\app\Models\PropertyModel.php(87): CodeIgniter\Debug\Exceptions->errorHandler(8, 'Undefined varia...', 'D:\\Projects\\Rea...', 87, Array)
#1 D:\Projects\RealEstate\app\Controllers\Property.php(262): App\Models\PropertyModel->getAmenetiesByPropertyId(20)
#2 D:\Projects\RealEstate\system\CodeIgniter.php(914): App\Controllers\Property->test()
#3 D:\Projects\RealEstate\system\CodeIgniter.php(400): CodeIgniter\CodeIgniter->runController(Object(App\Controllers\Property))
#4 D:\Projects\RealEstate\system\CodeIgniter.php(308): CodeIgniter\CodeIgniter->handleRequest(NULL, Object(Config\Cache), false)
#5 D:\Projects\RealEstate\public\index.php(45): CodeIgniter\CodeIgniter->run()
#6 D:\Projects\RealEstate\system\Commands\Server\rewrite.php(34): require_once('D:\\Projects\\Rea...')
#7 {main}
CRITICAL - 2020-07-25 01:24:22 --> Undefined variable: data2
#0 D:\Projects\RealEstate\app\Models\PropertyModel.php(87): CodeIgniter\Debug\Exceptions->errorHandler(8, 'Undefined varia...', 'D:\\Projects\\Rea...', 87, Array)
#1 D:\Projects\RealEstate\app\Controllers\Property.php(262): App\Models\PropertyModel->getAmenetiesByPropertyId(20)
#2 D:\Projects\RealEstate\system\CodeIgniter.php(914): App\Controllers\Property->test()
#3 D:\Projects\RealEstate\system\CodeIgniter.php(400): CodeIgniter\CodeIgniter->runController(Object(App\Controllers\Property))
#4 D:\Projects\RealEstate\system\CodeIgniter.php(308): CodeIgniter\CodeIgniter->handleRequest(NULL, Object(Config\Cache), false)
#5 D:\Projects\RealEstate\public\index.php(45): CodeIgniter\CodeIgniter->run()
#6 D:\Projects\RealEstate\system\Commands\Server\rewrite.php(34): require_once('D:\\Projects\\Rea...')
#7 {main}
CRITICAL - 2020-07-25 01:24:23 --> Undefined variable: data2
#0 D:\Projects\RealEstate\app\Models\PropertyModel.php(87): CodeIgniter\Debug\Exceptions->errorHandler(8, 'Undefined varia...', 'D:\\Projects\\Rea...', 87, Array)
#1 D:\Projects\RealEstate\app\Controllers\Property.php(262): App\Models\PropertyModel->getAmenetiesByPropertyId(20)
#2 D:\Projects\RealEstate\system\CodeIgniter.php(914): App\Controllers\Property->test()
#3 D:\Projects\RealEstate\system\CodeIgniter.php(400): CodeIgniter\CodeIgniter->runController(Object(App\Controllers\Property))
#4 D:\Projects\RealEstate\system\CodeIgniter.php(308): CodeIgniter\CodeIgniter->handleRequest(NULL, Object(Config\Cache), false)
#5 D:\Projects\RealEstate\public\index.php(45): CodeIgniter\CodeIgniter->run()
#6 D:\Projects\RealEstate\system\Commands\Server\rewrite.php(34): require_once('D:\\Projects\\Rea...')
#7 {main}
CRITICAL - 2020-07-25 01:27:30 --> whereIn() expects $values to be of type array or closure
#0 D:\Projects\RealEstate\system\Database\BaseBuilder.php(838): CodeIgniter\Database\BaseBuilder->_whereIn('id', '["1","2","3","8...', false, 'AND ', NULL)
#1 D:\Projects\RealEstate\app\Models\PropertyModel.php(83): CodeIgniter\Database\BaseBuilder->whereIn('id', '["1","2","3","8...')
#2 D:\Projects\RealEstate\app\Controllers\Property.php(262): App\Models\PropertyModel->getAmenetiesByPropertyId(20)
#3 D:\Projects\RealEstate\system\CodeIgniter.php(914): App\Controllers\Property->test()
#4 D:\Projects\RealEstate\system\CodeIgniter.php(400): CodeIgniter\CodeIgniter->runController(Object(App\Controllers\Property))
#5 D:\Projects\RealEstate\system\CodeIgniter.php(308): CodeIgniter\CodeIgniter->handleRequest(NULL, Object(Config\Cache), false)
#6 D:\Projects\RealEstate\public\index.php(45): CodeIgniter\CodeIgniter->run()
#7 D:\Projects\RealEstate\system\Commands\Server\rewrite.php(34): require_once('D:\\Projects\\Rea...')
#8 {main}
CRITICAL - 2020-07-25 01:27:55 --> whereIn() expects $values to be of type array or closure
#0 D:\Projects\RealEstate\system\Database\BaseBuilder.php(838): CodeIgniter\Database\BaseBuilder->_whereIn('id', '["1","2","3","8...', false, 'AND ', NULL)
#1 D:\Projects\RealEstate\app\Models\PropertyModel.php(84): CodeIgniter\Database\BaseBuilder->whereIn('id', '["1","2","3","8...')
#2 D:\Projects\RealEstate\app\Controllers\Property.php(262): App\Models\PropertyModel->getAmenetiesByPropertyId(20)
#3 D:\Projects\RealEstate\system\CodeIgniter.php(914): App\Controllers\Property->test()
#4 D:\Projects\RealEstate\system\CodeIgniter.php(400): CodeIgniter\CodeIgniter->runController(Object(App\Controllers\Property))
#5 D:\Projects\RealEstate\system\CodeIgniter.php(308): CodeIgniter\CodeIgniter->handleRequest(NULL, Object(Config\Cache), false)
#6 D:\Projects\RealEstate\public\index.php(45): CodeIgniter\CodeIgniter->run()
#7 D:\Projects\RealEstate\system\Commands\Server\rewrite.php(34): require_once('D:\\Projects\\Rea...')
#8 {main}
CRITICAL - 2020-07-25 01:27:56 --> whereIn() expects $values to be of type array or closure
#0 D:\Projects\RealEstate\system\Database\BaseBuilder.php(838): CodeIgniter\Database\BaseBuilder->_whereIn('id', '["1","2","3","8...', false, 'AND ', NULL)
#1 D:\Projects\RealEstate\app\Models\PropertyModel.php(84): CodeIgniter\Database\BaseBuilder->whereIn('id', '["1","2","3","8...')
#2 D:\Projects\RealEstate\app\Controllers\Property.php(262): App\Models\PropertyModel->getAmenetiesByPropertyId(20)
#3 D:\Projects\RealEstate\system\CodeIgniter.php(914): App\Controllers\Property->test()
#4 D:\Projects\RealEstate\system\CodeIgniter.php(400): CodeIgniter\CodeIgniter->runController(Object(App\Controllers\Property))
#5 D:\Projects\RealEstate\system\CodeIgniter.php(308): CodeIgniter\CodeIgniter->handleRequest(NULL, Object(Config\Cache), false)
#6 D:\Projects\RealEstate\public\index.php(45): CodeIgniter\CodeIgniter->run()
#7 D:\Projects\RealEstate\system\Commands\Server\rewrite.php(34): require_once('D:\\Projects\\Rea...')
#8 {main}
CRITICAL - 2020-07-25 01:27:56 --> whereIn() expects $values to be of type array or closure
#0 D:\Projects\RealEstate\system\Database\BaseBuilder.php(838): CodeIgniter\Database\BaseBuilder->_whereIn('id', '["1","2","3","8...', false, 'AND ', NULL)
#1 D:\Projects\RealEstate\app\Models\PropertyModel.php(84): CodeIgniter\Database\BaseBuilder->whereIn('id', '["1","2","3","8...')
#2 D:\Projects\RealEstate\app\Controllers\Property.php(262): App\Models\PropertyModel->getAmenetiesByPropertyId(20)
#3 D:\Projects\RealEstate\system\CodeIgniter.php(914): App\Controllers\Property->test()
#4 D:\Projects\RealEstate\system\CodeIgniter.php(400): CodeIgniter\CodeIgniter->runController(Object(App\Controllers\Property))
#5 D:\Projects\RealEstate\system\CodeIgniter.php(308): CodeIgniter\CodeIgniter->handleRequest(NULL, Object(Config\Cache), false)
#6 D:\Projects\RealEstate\public\index.php(45): CodeIgniter\CodeIgniter->run()
#7 D:\Projects\RealEstate\system\Commands\Server\rewrite.php(34): require_once('D:\\Projects\\Rea...')
#8 {main}
CRITICAL - 2020-07-25 01:27:56 --> whereIn() expects $values to be of type array or closure
#0 D:\Projects\RealEstate\system\Database\BaseBuilder.php(838): CodeIgniter\Database\BaseBuilder->_whereIn('id', '["1","2","3","8...', false, 'AND ', NULL)
#1 D:\Projects\RealEstate\app\Models\PropertyModel.php(84): CodeIgniter\Database\BaseBuilder->whereIn('id', '["1","2","3","8...')
#2 D:\Projects\RealEstate\app\Controllers\Property.php(262): App\Models\PropertyModel->getAmenetiesByPropertyId(20)
#3 D:\Projects\RealEstate\system\CodeIgniter.php(914): App\Controllers\Property->test()
#4 D:\Projects\RealEstate\system\CodeIgniter.php(400): CodeIgniter\CodeIgniter->runController(Object(App\Controllers\Property))
#5 D:\Projects\RealEstate\system\CodeIgniter.php(308): CodeIgniter\CodeIgniter->handleRequest(NULL, Object(Config\Cache), false)
#6 D:\Projects\RealEstate\public\index.php(45): CodeIgniter\CodeIgniter->run()
#7 D:\Projects\RealEstate\system\Commands\Server\rewrite.php(34): require_once('D:\\Projects\\Rea...')
#8 {main}
CRITICAL - 2020-07-25 01:27:57 --> whereIn() expects $values to be of type array or closure
#0 D:\Projects\RealEstate\system\Database\BaseBuilder.php(838): CodeIgniter\Database\BaseBuilder->_whereIn('id', '["1","2","3","8...', false, 'AND ', NULL)
#1 D:\Projects\RealEstate\app\Models\PropertyModel.php(84): CodeIgniter\Database\BaseBuilder->whereIn('id', '["1","2","3","8...')
#2 D:\Projects\RealEstate\app\Controllers\Property.php(262): App\Models\PropertyModel->getAmenetiesByPropertyId(20)
#3 D:\Projects\RealEstate\system\CodeIgniter.php(914): App\Controllers\Property->test()
#4 D:\Projects\RealEstate\system\CodeIgniter.php(400): CodeIgniter\CodeIgniter->runController(Object(App\Controllers\Property))
#5 D:\Projects\RealEstate\system\CodeIgniter.php(308): CodeIgniter\CodeIgniter->handleRequest(NULL, Object(Config\Cache), false)
#6 D:\Projects\RealEstate\public\index.php(45): CodeIgniter\CodeIgniter->run()
#7 D:\Projects\RealEstate\system\Commands\Server\rewrite.php(34): require_once('D:\\Projects\\Rea...')
#8 {main}
CRITICAL - 2020-07-25 01:28:53 --> Undefined variable: data2
#0 D:\Projects\RealEstate\app\Models\PropertyModel.php(88): CodeIgniter\Debug\Exceptions->errorHandler(8, 'Undefined varia...', 'D:\\Projects\\Rea...', 88, Array)
#1 D:\Projects\RealEstate\app\Controllers\Property.php(262): App\Models\PropertyModel->getAmenetiesByPropertyId(20)
#2 D:\Projects\RealEstate\system\CodeIgniter.php(914): App\Controllers\Property->test()
#3 D:\Projects\RealEstate\system\CodeIgniter.php(400): CodeIgniter\CodeIgniter->runController(Object(App\Controllers\Property))
#4 D:\Projects\RealEstate\system\CodeIgniter.php(308): CodeIgniter\CodeIgniter->handleRequest(NULL, Object(Config\Cache), false)
#5 D:\Projects\RealEstate\public\index.php(45): CodeIgniter\CodeIgniter->run()
#6 D:\Projects\RealEstate\system\Commands\Server\rewrite.php(34): require_once('D:\\Projects\\Rea...')
#7 {main}
CRITICAL - 2020-07-25 01:28:53 --> Undefined variable: data2
#0 D:\Projects\RealEstate\app\Models\PropertyModel.php(88): CodeIgniter\Debug\Exceptions->errorHandler(8, 'Undefined varia...', 'D:\\Projects\\Rea...', 88, Array)
#1 D:\Projects\RealEstate\app\Controllers\Property.php(262): App\Models\PropertyModel->getAmenetiesByPropertyId(20)
#2 D:\Projects\RealEstate\system\CodeIgniter.php(914): App\Controllers\Property->test()
#3 D:\Projects\RealEstate\system\CodeIgniter.php(400): CodeIgniter\CodeIgniter->runController(Object(App\Controllers\Property))
#4 D:\Projects\RealEstate\system\CodeIgniter.php(308): CodeIgniter\CodeIgniter->handleRequest(NULL, Object(Config\Cache), false)
#5 D:\Projects\RealEstate\public\index.php(45): CodeIgniter\CodeIgniter->run()
#6 D:\Projects\RealEstate\system\Commands\Server\rewrite.php(34): require_once('D:\\Projects\\Rea...')
#7 {main}
CRITICAL - 2020-07-25 01:28:54 --> Undefined variable: data2
#0 D:\Projects\RealEstate\app\Models\PropertyModel.php(88): CodeIgniter\Debug\Exceptions->errorHandler(8, 'Undefined varia...', 'D:\\Projects\\Rea...', 88, Array)
#1 D:\Projects\RealEstate\app\Controllers\Property.php(262): App\Models\PropertyModel->getAmenetiesByPropertyId(20)
#2 D:\Projects\RealEstate\system\CodeIgniter.php(914): App\Controllers\Property->test()
#3 D:\Projects\RealEstate\system\CodeIgniter.php(400): CodeIgniter\CodeIgniter->runController(Object(App\Controllers\Property))
#4 D:\Projects\RealEstate\system\CodeIgniter.php(308): CodeIgniter\CodeIgniter->handleRequest(NULL, Object(Config\Cache), false)
#5 D:\Projects\RealEstate\public\index.php(45): CodeIgniter\CodeIgniter->run()
#6 D:\Projects\RealEstate\system\Commands\Server\rewrite.php(34): require_once('D:\\Projects\\Rea...')
#7 {main}
CRITICAL - 2020-07-25 01:28:54 --> Undefined variable: data2
#0 D:\Projects\RealEstate\app\Models\PropertyModel.php(88): CodeIgniter\Debug\Exceptions->errorHandler(8, 'Undefined varia...', 'D:\\Projects\\Rea...', 88, Array)
#1 D:\Projects\RealEstate\app\Controllers\Property.php(262): App\Models\PropertyModel->getAmenetiesByPropertyId(20)
#2 D:\Projects\RealEstate\system\CodeIgniter.php(914): App\Controllers\Property->test()
#3 D:\Projects\RealEstate\system\CodeIgniter.php(400): CodeIgniter\CodeIgniter->runController(Object(App\Controllers\Property))
#4 D:\Projects\RealEstate\system\CodeIgniter.php(308): CodeIgniter\CodeIgniter->handleRequest(NULL, Object(Config\Cache), false)
#5 D:\Projects\RealEstate\public\index.php(45): CodeIgniter\CodeIgniter->run()
#6 D:\Projects\RealEstate\system\Commands\Server\rewrite.php(34): require_once('D:\\Projects\\Rea...')
#7 {main}
CRITICAL - 2020-07-25 01:28:54 --> Undefined variable: data2
#0 D:\Projects\RealEstate\app\Models\PropertyModel.php(88): CodeIgniter\Debug\Exceptions->errorHandler(8, 'Undefined varia...', 'D:\\Projects\\Rea...', 88, Array)
#1 D:\Projects\RealEstate\app\Controllers\Property.php(262): App\Models\PropertyModel->getAmenetiesByPropertyId(20)
#2 D:\Projects\RealEstate\system\CodeIgniter.php(914): App\Controllers\Property->test()
#3 D:\Projects\RealEstate\system\CodeIgniter.php(400): CodeIgniter\CodeIgniter->runController(Object(App\Controllers\Property))
#4 D:\Projects\RealEstate\system\CodeIgniter.php(308): CodeIgniter\CodeIgniter->handleRequest(NULL, Object(Config\Cache), false)
#5 D:\Projects\RealEstate\public\index.php(45): CodeIgniter\CodeIgniter->run()
#6 D:\Projects\RealEstate\system\Commands\Server\rewrite.php(34): require_once('D:\\Projects\\Rea...')
#7 {main}
CRITICAL - 2020-07-25 01:28:54 --> Undefined variable: data2
#0 D:\Projects\RealEstate\app\Models\PropertyModel.php(88): CodeIgniter\Debug\Exceptions->errorHandler(8, 'Undefined varia...', 'D:\\Projects\\Rea...', 88, Array)
#1 D:\Projects\RealEstate\app\Controllers\Property.php(262): App\Models\PropertyModel->getAmenetiesByPropertyId(20)
#2 D:\Projects\RealEstate\system\CodeIgniter.php(914): App\Controllers\Property->test()
#3 D:\Projects\RealEstate\system\CodeIgniter.php(400): CodeIgniter\CodeIgniter->runController(Object(App\Controllers\Property))
#4 D:\Projects\RealEstate\system\CodeIgniter.php(308): CodeIgniter\CodeIgniter->handleRequest(NULL, Object(Config\Cache), false)
#5 D:\Projects\RealEstate\public\index.php(45): CodeIgniter\CodeIgniter->run()
#6 D:\Projects\RealEstate\system\Commands\Server\rewrite.php(34): require_once('D:\\Projects\\Rea...')
#7 {main}
CRITICAL - 2020-07-25 01:28:54 --> Undefined variable: data2
#0 D:\Projects\RealEstate\app\Models\PropertyModel.php(88): CodeIgniter\Debug\Exceptions->errorHandler(8, 'Undefined varia...', 'D:\\Projects\\Rea...', 88, Array)
#1 D:\Projects\RealEstate\app\Controllers\Property.php(262): App\Models\PropertyModel->getAmenetiesByPropertyId(20)
#2 D:\Projects\RealEstate\system\CodeIgniter.php(914): App\Controllers\Property->test()
#3 D:\Projects\RealEstate\system\CodeIgniter.php(400): CodeIgniter\CodeIgniter->runController(Object(App\Controllers\Property))
#4 D:\Projects\RealEstate\system\CodeIgniter.php(308): CodeIgniter\CodeIgniter->handleRequest(NULL, Object(Config\Cache), false)
#5 D:\Projects\RealEstate\public\index.php(45): CodeIgniter\CodeIgniter->run()
#6 D:\Projects\RealEstate\system\Commands\Server\rewrite.php(34): require_once('D:\\Projects\\Rea...')
#7 {main}
CRITICAL - 2020-07-25 01:28:55 --> Undefined variable: data2
#0 D:\Projects\RealEstate\app\Models\PropertyModel.php(88): CodeIgniter\Debug\Exceptions->errorHandler(8, 'Undefined varia...', 'D:\\Projects\\Rea...', 88, Array)
#1 D:\Projects\RealEstate\app\Controllers\Property.php(262): App\Models\PropertyModel->getAmenetiesByPropertyId(20)
#2 D:\Projects\RealEstate\system\CodeIgniter.php(914): App\Controllers\Property->test()
#3 D:\Projects\RealEstate\system\CodeIgniter.php(400): CodeIgniter\CodeIgniter->runController(Object(App\Controllers\Property))
#4 D:\Projects\RealEstate\system\CodeIgniter.php(308): CodeIgniter\CodeIgniter->handleRequest(NULL, Object(Config\Cache), false)
#5 D:\Projects\RealEstate\public\index.php(45): CodeIgniter\CodeIgniter->run()
#6 D:\Projects\RealEstate\system\Commands\Server\rewrite.php(34): require_once('D:\\Projects\\Rea...')
#7 {main}
CRITICAL - 2020-07-25 01:29:05 --> whereIn() expects $values to be of type array or closure
#0 D:\Projects\RealEstate\system\Database\BaseBuilder.php(838): CodeIgniter\Database\BaseBuilder->_whereIn('id', '["1","2","3","8...', false, 'AND ', NULL)
#1 D:\Projects\RealEstate\app\Models\PropertyModel.php(84): CodeIgniter\Database\BaseBuilder->whereIn('id', '["1","2","3","8...')
#2 D:\Projects\RealEstate\app\Controllers\Property.php(262): App\Models\PropertyModel->getAmenetiesByPropertyId(20)
#3 D:\Projects\RealEstate\system\CodeIgniter.php(914): App\Controllers\Property->test()
#4 D:\Projects\RealEstate\system\CodeIgniter.php(400): CodeIgniter\CodeIgniter->runController(Object(App\Controllers\Property))
#5 D:\Projects\RealEstate\system\CodeIgniter.php(308): CodeIgniter\CodeIgniter->handleRequest(NULL, Object(Config\Cache), false)
#6 D:\Projects\RealEstate\public\index.php(45): CodeIgniter\CodeIgniter->run()
#7 D:\Projects\RealEstate\system\Commands\Server\rewrite.php(34): require_once('D:\\Projects\\Rea...')
#8 {main}
CRITICAL - 2020-07-25 01:29:05 --> whereIn() expects $values to be of type array or closure
#0 D:\Projects\RealEstate\system\Database\BaseBuilder.php(838): CodeIgniter\Database\BaseBuilder->_whereIn('id', '["1","2","3","8...', false, 'AND ', NULL)
#1 D:\Projects\RealEstate\app\Models\PropertyModel.php(84): CodeIgniter\Database\BaseBuilder->whereIn('id', '["1","2","3","8...')
#2 D:\Projects\RealEstate\app\Controllers\Property.php(262): App\Models\PropertyModel->getAmenetiesByPropertyId(20)
#3 D:\Projects\RealEstate\system\CodeIgniter.php(914): App\Controllers\Property->test()
#4 D:\Projects\RealEstate\system\CodeIgniter.php(400): CodeIgniter\CodeIgniter->runController(Object(App\Controllers\Property))
#5 D:\Projects\RealEstate\system\CodeIgniter.php(308): CodeIgniter\CodeIgniter->handleRequest(NULL, Object(Config\Cache), false)
#6 D:\Projects\RealEstate\public\index.php(45): CodeIgniter\CodeIgniter->run()
#7 D:\Projects\RealEstate\system\Commands\Server\rewrite.php(34): require_once('D:\\Projects\\Rea...')
#8 {main}
CRITICAL - 2020-07-25 01:30:02 --> whereIn() expects $values to be of type array or closure
#0 D:\Projects\RealEstate\system\Database\BaseBuilder.php(838): CodeIgniter\Database\BaseBuilder->_whereIn('id', '["1","2","3","8...', false, 'AND ', NULL)
#1 D:\Projects\RealEstate\app\Models\PropertyModel.php(84): CodeIgniter\Database\BaseBuilder->whereIn('id', '["1","2","3","8...')
#2 D:\Projects\RealEstate\app\Controllers\Property.php(262): App\Models\PropertyModel->getAmenetiesByPropertyId(20)
#3 D:\Projects\RealEstate\system\CodeIgniter.php(914): App\Controllers\Property->test()
#4 D:\Projects\RealEstate\system\CodeIgniter.php(400): CodeIgniter\CodeIgniter->runController(Object(App\Controllers\Property))
#5 D:\Projects\RealEstate\system\CodeIgniter.php(308): CodeIgniter\CodeIgniter->handleRequest(NULL, Object(Config\Cache), false)
#6 D:\Projects\RealEstate\public\index.php(45): CodeIgniter\CodeIgniter->run()
#7 D:\Projects\RealEstate\system\Commands\Server\rewrite.php(34): require_once('D:\\Projects\\Rea...')
#8 {main}
CRITICAL - 2020-07-25 01:32:40 --> Undefined variable: data2
#0 D:\Projects\RealEstate\app\Models\PropertyModel.php(89): CodeIgniter\Debug\Exceptions->errorHandler(8, 'Undefined varia...', 'D:\\Projects\\Rea...', 89, Array)
#1 D:\Projects\RealEstate\app\Controllers\Property.php(262): App\Models\PropertyModel->getAmenetiesByPropertyId(20)
#2 D:\Projects\RealEstate\system\CodeIgniter.php(914): App\Controllers\Property->test()
#3 D:\Projects\RealEstate\system\CodeIgniter.php(400): CodeIgniter\CodeIgniter->runController(Object(App\Controllers\Property))
#4 D:\Projects\RealEstate\system\CodeIgniter.php(308): CodeIgniter\CodeIgniter->handleRequest(NULL, Object(Config\Cache), false)
#5 D:\Projects\RealEstate\public\index.php(45): CodeIgniter\CodeIgniter->run()
#6 D:\Projects\RealEstate\system\Commands\Server\rewrite.php(34): require_once('D:\\Projects\\Rea...')
#7 {main}
CRITICAL - 2020-07-25 01:32:41 --> Undefined variable: data2
#0 D:\Projects\RealEstate\app\Models\PropertyModel.php(89): CodeIgniter\Debug\Exceptions->errorHandler(8, 'Undefined varia...', 'D:\\Projects\\Rea...', 89, Array)
#1 D:\Projects\RealEstate\app\Controllers\Property.php(262): App\Models\PropertyModel->getAmenetiesByPropertyId(20)
#2 D:\Projects\RealEstate\system\CodeIgniter.php(914): App\Controllers\Property->test()
#3 D:\Projects\RealEstate\system\CodeIgniter.php(400): CodeIgniter\CodeIgniter->runController(Object(App\Controllers\Property))
#4 D:\Projects\RealEstate\system\CodeIgniter.php(308): CodeIgniter\CodeIgniter->handleRequest(NULL, Object(Config\Cache), false)
#5 D:\Projects\RealEstate\public\index.php(45): CodeIgniter\CodeIgniter->run()
#6 D:\Projects\RealEstate\system\Commands\Server\rewrite.php(34): require_once('D:\\Projects\\Rea...')
#7 {main}
CRITICAL - 2020-07-25 01:32:41 --> Undefined variable: data2
#0 D:\Projects\RealEstate\app\Models\PropertyModel.php(89): CodeIgniter\Debug\Exceptions->errorHandler(8, 'Undefined varia...', 'D:\\Projects\\Rea...', 89, Array)
#1 D:\Projects\RealEstate\app\Controllers\Property.php(262): App\Models\PropertyModel->getAmenetiesByPropertyId(20)
#2 D:\Projects\RealEstate\system\CodeIgniter.php(914): App\Controllers\Property->test()
#3 D:\Projects\RealEstate\system\CodeIgniter.php(400): CodeIgniter\CodeIgniter->runController(Object(App\Controllers\Property))
#4 D:\Projects\RealEstate\system\CodeIgniter.php(308): CodeIgniter\CodeIgniter->handleRequest(NULL, Object(Config\Cache), false)
#5 D:\Projects\RealEstate\public\index.php(45): CodeIgniter\CodeIgniter->run()
#6 D:\Projects\RealEstate\system\Commands\Server\rewrite.php(34): require_once('D:\\Projects\\Rea...')
#7 {main}
CRITICAL - 2020-07-25 01:32:42 --> Undefined variable: data2
#0 D:\Projects\RealEstate\app\Models\PropertyModel.php(89): CodeIgniter\Debug\Exceptions->errorHandler(8, 'Undefined varia...', 'D:\\Projects\\Rea...', 89, Array)
#1 D:\Projects\RealEstate\app\Controllers\Property.php(262): App\Models\PropertyModel->getAmenetiesByPropertyId(20)
#2 D:\Projects\RealEstate\system\CodeIgniter.php(914): App\Controllers\Property->test()
#3 D:\Projects\RealEstate\system\CodeIgniter.php(400): CodeIgniter\CodeIgniter->runController(Object(App\Controllers\Property))
#4 D:\Projects\RealEstate\system\CodeIgniter.php(308): CodeIgniter\CodeIgniter->handleRequest(NULL, Object(Config\Cache), false)
#5 D:\Projects\RealEstate\public\index.php(45): CodeIgniter\CodeIgniter->run()
#6 D:\Projects\RealEstate\system\Commands\Server\rewrite.php(34): require_once('D:\\Projects\\Rea...')
#7 {main}
CRITICAL - 2020-07-25 01:32:42 --> Undefined variable: data2
#0 D:\Projects\RealEstate\app\Models\PropertyModel.php(89): CodeIgniter\Debug\Exceptions->errorHandler(8, 'Undefined varia...', 'D:\\Projects\\Rea...', 89, Array)
#1 D:\Projects\RealEstate\app\Controllers\Property.php(262): App\Models\PropertyModel->getAmenetiesByPropertyId(20)
#2 D:\Projects\RealEstate\system\CodeIgniter.php(914): App\Controllers\Property->test()
#3 D:\Projects\RealEstate\system\CodeIgniter.php(400): CodeIgniter\CodeIgniter->runController(Object(App\Controllers\Property))
#4 D:\Projects\RealEstate\system\CodeIgniter.php(308): CodeIgniter\CodeIgniter->handleRequest(NULL, Object(Config\Cache), false)
#5 D:\Projects\RealEstate\public\index.php(45): CodeIgniter\CodeIgniter->run()
#6 D:\Projects\RealEstate\system\Commands\Server\rewrite.php(34): require_once('D:\\Projects\\Rea...')
#7 {main}
CRITICAL - 2020-07-25 01:32:42 --> Undefined variable: data2
#0 D:\Projects\RealEstate\app\Models\PropertyModel.php(89): CodeIgniter\Debug\Exceptions->errorHandler(8, 'Undefined varia...', 'D:\\Projects\\Rea...', 89, Array)
#1 D:\Projects\RealEstate\app\Controllers\Property.php(262): App\Models\PropertyModel->getAmenetiesByPropertyId(20)
#2 D:\Projects\RealEstate\system\CodeIgniter.php(914): App\Controllers\Property->test()
#3 D:\Projects\RealEstate\system\CodeIgniter.php(400): CodeIgniter\CodeIgniter->runController(Object(App\Controllers\Property))
#4 D:\Projects\RealEstate\system\CodeIgniter.php(308): CodeIgniter\CodeIgniter->handleRequest(NULL, Object(Config\Cache), false)
#5 D:\Projects\RealEstate\public\index.php(45): CodeIgniter\CodeIgniter->run()
#6 D:\Projects\RealEstate\system\Commands\Server\rewrite.php(34): require_once('D:\\Projects\\Rea...')
#7 {main}
CRITICAL - 2020-07-25 01:32:42 --> Undefined variable: data2
#0 D:\Projects\RealEstate\app\Models\PropertyModel.php(89): CodeIgniter\Debug\Exceptions->errorHandler(8, 'Undefined varia...', 'D:\\Projects\\Rea...', 89, Array)
#1 D:\Projects\RealEstate\app\Controllers\Property.php(262): App\Models\PropertyModel->getAmenetiesByPropertyId(20)
#2 D:\Projects\RealEstate\system\CodeIgniter.php(914): App\Controllers\Property->test()
#3 D:\Projects\RealEstate\system\CodeIgniter.php(400): CodeIgniter\CodeIgniter->runController(Object(App\Controllers\Property))
#4 D:\Projects\RealEstate\system\CodeIgniter.php(308): CodeIgniter\CodeIgniter->handleRequest(NULL, Object(Config\Cache), false)
#5 D:\Projects\RealEstate\public\index.php(45): CodeIgniter\CodeIgniter->run()
#6 D:\Projects\RealEstate\system\Commands\Server\rewrite.php(34): require_once('D:\\Projects\\Rea...')
#7 {main}
CRITICAL - 2020-07-25 01:32:42 --> Undefined variable: data2
#0 D:\Projects\RealEstate\app\Models\PropertyModel.php(89): CodeIgniter\Debug\Exceptions->errorHandler(8, 'Undefined varia...', 'D:\\Projects\\Rea...', 89, Array)
#1 D:\Projects\RealEstate\app\Controllers\Property.php(262): App\Models\PropertyModel->getAmenetiesByPropertyId(20)
#2 D:\Projects\RealEstate\system\CodeIgniter.php(914): App\Controllers\Property->test()
#3 D:\Projects\RealEstate\system\CodeIgniter.php(400): CodeIgniter\CodeIgniter->runController(Object(App\Controllers\Property))
#4 D:\Projects\RealEstate\system\CodeIgniter.php(308): CodeIgniter\CodeIgniter->handleRequest(NULL, Object(Config\Cache), false)
#5 D:\Projects\RealEstate\public\index.php(45): CodeIgniter\CodeIgniter->run()
#6 D:\Projects\RealEstate\system\Commands\Server\rewrite.php(34): require_once('D:\\Projects\\Rea...')
#7 {main}
CRITICAL - 2020-07-25 01:32:42 --> Undefined variable: data2
#0 D:\Projects\RealEstate\app\Models\PropertyModel.php(89): CodeIgniter\Debug\Exceptions->errorHandler(8, 'Undefined varia...', 'D:\\Projects\\Rea...', 89, Array)
#1 D:\Projects\RealEstate\app\Controllers\Property.php(262): App\Models\PropertyModel->getAmenetiesByPropertyId(20)
#2 D:\Projects\RealEstate\system\CodeIgniter.php(914): App\Controllers\Property->test()
#3 D:\Projects\RealEstate\system\CodeIgniter.php(400): CodeIgniter\CodeIgniter->runController(Object(App\Controllers\Property))
#4 D:\Projects\RealEstate\system\CodeIgniter.php(308): CodeIgniter\CodeIgniter->handleRequest(NULL, Object(Config\Cache), false)
#5 D:\Projects\RealEstate\public\index.php(45): CodeIgniter\CodeIgniter->run()
#6 D:\Projects\RealEstate\system\Commands\Server\rewrite.php(34): require_once('D:\\Projects\\Rea...')
#7 {main}
CRITICAL - 2020-07-25 01:33:24 --> whereIn() expects $values to be of type array or closure
#0 D:\Projects\RealEstate\system\Database\BaseBuilder.php(838): CodeIgniter\Database\BaseBuilder->_whereIn('id', '["1","2","3","8...', false, 'AND ', NULL)
#1 D:\Projects\RealEstate\app\Models\PropertyModel.php(84): CodeIgniter\Database\BaseBuilder->whereIn('id', '["1","2","3","8...')
#2 D:\Projects\RealEstate\app\Controllers\Property.php(262): App\Models\PropertyModel->getAmenetiesByPropertyId(20)
#3 D:\Projects\RealEstate\system\CodeIgniter.php(914): App\Controllers\Property->test()
#4 D:\Projects\RealEstate\system\CodeIgniter.php(400): CodeIgniter\CodeIgniter->runController(Object(App\Controllers\Property))
#5 D:\Projects\RealEstate\system\CodeIgniter.php(308): CodeIgniter\CodeIgniter->handleRequest(NULL, Object(Config\Cache), false)
#6 D:\Projects\RealEstate\public\index.php(45): CodeIgniter\CodeIgniter->run()
#7 D:\Projects\RealEstate\system\Commands\Server\rewrite.php(34): require_once('D:\\Projects\\Rea...')
#8 {main}
CRITICAL - 2020-07-25 01:33:29 --> whereIn() expects $values to be of type array or closure
#0 D:\Projects\RealEstate\system\Database\BaseBuilder.php(838): CodeIgniter\Database\BaseBuilder->_whereIn('id', '["1","2","3","8...', false, 'AND ', NULL)
#1 D:\Projects\RealEstate\app\Models\PropertyModel.php(84): CodeIgniter\Database\BaseBuilder->whereIn('id', '["1","2","3","8...')
#2 D:\Projects\RealEstate\app\Controllers\Property.php(262): App\Models\PropertyModel->getAmenetiesByPropertyId(20)
#3 D:\Projects\RealEstate\system\CodeIgniter.php(914): App\Controllers\Property->test()
#4 D:\Projects\RealEstate\system\CodeIgniter.php(400): CodeIgniter\CodeIgniter->runController(Object(App\Controllers\Property))
#5 D:\Projects\RealEstate\system\CodeIgniter.php(308): CodeIgniter\CodeIgniter->handleRequest(NULL, Object(Config\Cache), false)
#6 D:\Projects\RealEstate\public\index.php(45): CodeIgniter\CodeIgniter->run()
#7 D:\Projects\RealEstate\system\Commands\Server\rewrite.php(34): require_once('D:\\Projects\\Rea...')
#8 {main}
CRITICAL - 2020-07-25 01:34:48 --> whereIn() expects $values to be of type array or closure
#0 D:\Projects\RealEstate\system\Database\BaseBuilder.php(838): CodeIgniter\Database\BaseBuilder->_whereIn('id', '["1","2","3","8...', false, 'AND ', NULL)
#1 D:\Projects\RealEstate\app\Models\PropertyModel.php(84): CodeIgniter\Database\BaseBuilder->whereIn('id', '["1","2","3","8...')
#2 D:\Projects\RealEstate\app\Controllers\Property.php(262): App\Models\PropertyModel->getAmenetiesByPropertyId(20)
#3 D:\Projects\RealEstate\system\CodeIgniter.php(914): App\Controllers\Property->test()
#4 D:\Projects\RealEstate\system\CodeIgniter.php(400): CodeIgniter\CodeIgniter->runController(Object(App\Controllers\Property))
#5 D:\Projects\RealEstate\system\CodeIgniter.php(308): CodeIgniter\CodeIgniter->handleRequest(NULL, Object(Config\Cache), false)
#6 D:\Projects\RealEstate\public\index.php(45): CodeIgniter\CodeIgniter->run()
#7 D:\Projects\RealEstate\system\Commands\Server\rewrite.php(34): require_once('D:\\Projects\\Rea...')
#8 {main}
CRITICAL - 2020-07-25 01:34:48 --> whereIn() expects $values to be of type array or closure
#0 D:\Projects\RealEstate\system\Database\BaseBuilder.php(838): CodeIgniter\Database\BaseBuilder->_whereIn('id', '["1","2","3","8...', false, 'AND ', NULL)
#1 D:\Projects\RealEstate\app\Models\PropertyModel.php(84): CodeIgniter\Database\BaseBuilder->whereIn('id', '["1","2","3","8...')
#2 D:\Projects\RealEstate\app\Controllers\Property.php(262): App\Models\PropertyModel->getAmenetiesByPropertyId(20)
#3 D:\Projects\RealEstate\system\CodeIgniter.php(914): App\Controllers\Property->test()
#4 D:\Projects\RealEstate\system\CodeIgniter.php(400): CodeIgniter\CodeIgniter->runController(Object(App\Controllers\Property))
#5 D:\Projects\RealEstate\system\CodeIgniter.php(308): CodeIgniter\CodeIgniter->handleRequest(NULL, Object(Config\Cache), false)
#6 D:\Projects\RealEstate\public\index.php(45): CodeIgniter\CodeIgniter->run()
#7 D:\Projects\RealEstate\system\Commands\Server\rewrite.php(34): require_once('D:\\Projects\\Rea...')
#8 {main}
CRITICAL - 2020-07-25 01:34:49 --> whereIn() expects $values to be of type array or closure
#0 D:\Projects\RealEstate\system\Database\BaseBuilder.php(838): CodeIgniter\Database\BaseBuilder->_whereIn('id', '["1","2","3","8...', false, 'AND ', NULL)
#1 D:\Projects\RealEstate\app\Models\PropertyModel.php(84): CodeIgniter\Database\BaseBuilder->whereIn('id', '["1","2","3","8...')
#2 D:\Projects\RealEstate\app\Controllers\Property.php(262): App\Models\PropertyModel->getAmenetiesByPropertyId(20)
#3 D:\Projects\RealEstate\system\CodeIgniter.php(914): App\Controllers\Property->test()
#4 D:\Projects\RealEstate\system\CodeIgniter.php(400): CodeIgniter\CodeIgniter->runController(Object(App\Controllers\Property))
#5 D:\Projects\RealEstate\system\CodeIgniter.php(308): CodeIgniter\CodeIgniter->handleRequest(NULL, Object(Config\Cache), false)
#6 D:\Projects\RealEstate\public\index.php(45): CodeIgniter\CodeIgniter->run()
#7 D:\Projects\RealEstate\system\Commands\Server\rewrite.php(34): require_once('D:\\Projects\\Rea...')
#8 {main}
CRITICAL - 2020-07-25 01:34:49 --> whereIn() expects $values to be of type array or closure
#0 D:\Projects\RealEstate\system\Database\BaseBuilder.php(838): CodeIgniter\Database\BaseBuilder->_whereIn('id', '["1","2","3","8...', false, 'AND ', NULL)
#1 D:\Projects\RealEstate\app\Models\PropertyModel.php(84): CodeIgniter\Database\BaseBuilder->whereIn('id', '["1","2","3","8...')
#2 D:\Projects\RealEstate\app\Controllers\Property.php(262): App\Models\PropertyModel->getAmenetiesByPropertyId(20)
#3 D:\Projects\RealEstate\system\CodeIgniter.php(914): App\Controllers\Property->test()
#4 D:\Projects\RealEstate\system\CodeIgniter.php(400): CodeIgniter\CodeIgniter->runController(Object(App\Controllers\Property))
#5 D:\Projects\RealEstate\system\CodeIgniter.php(308): CodeIgniter\CodeIgniter->handleRequest(NULL, Object(Config\Cache), false)
#6 D:\Projects\RealEstate\public\index.php(45): CodeIgniter\CodeIgniter->run()
#7 D:\Projects\RealEstate\system\Commands\Server\rewrite.php(34): require_once('D:\\Projects\\Rea...')
#8 {main}
CRITICAL - 2020-07-25 01:34:49 --> whereIn() expects $values to be of type array or closure
#0 D:\Projects\RealEstate\system\Database\BaseBuilder.php(838): CodeIgniter\Database\BaseBuilder->_whereIn('id', '["1","2","3","8...', false, 'AND ', NULL)
#1 D:\Projects\RealEstate\app\Models\PropertyModel.php(84): CodeIgniter\Database\BaseBuilder->whereIn('id', '["1","2","3","8...')
#2 D:\Projects\RealEstate\app\Controllers\Property.php(262): App\Models\PropertyModel->getAmenetiesByPropertyId(20)
#3 D:\Projects\RealEstate\system\CodeIgniter.php(914): App\Controllers\Property->test()
#4 D:\Projects\RealEstate\system\CodeIgniter.php(400): CodeIgniter\CodeIgniter->runController(Object(App\Controllers\Property))
#5 D:\Projects\RealEstate\system\CodeIgniter.php(308): CodeIgniter\CodeIgniter->handleRequest(NULL, Object(Config\Cache), false)
#6 D:\Projects\RealEstate\public\index.php(45): CodeIgniter\CodeIgniter->run()
#7 D:\Projects\RealEstate\system\Commands\Server\rewrite.php(34): require_once('D:\\Projects\\Rea...')
#8 {main}
CRITICAL - 2020-07-25 01:34:49 --> whereIn() expects $values to be of type array or closure
#0 D:\Projects\RealEstate\system\Database\BaseBuilder.php(838): CodeIgniter\Database\BaseBuilder->_whereIn('id', '["1","2","3","8...', false, 'AND ', NULL)
#1 D:\Projects\RealEstate\app\Models\PropertyModel.php(84): CodeIgniter\Database\BaseBuilder->whereIn('id', '["1","2","3","8...')
#2 D:\Projects\RealEstate\app\Controllers\Property.php(262): App\Models\PropertyModel->getAmenetiesByPropertyId(20)
#3 D:\Projects\RealEstate\system\CodeIgniter.php(914): App\Controllers\Property->test()
#4 D:\Projects\RealEstate\system\CodeIgniter.php(400): CodeIgniter\CodeIgniter->runController(Object(App\Controllers\Property))
#5 D:\Projects\RealEstate\system\CodeIgniter.php(308): CodeIgniter\CodeIgniter->handleRequest(NULL, Object(Config\Cache), false)
#6 D:\Projects\RealEstate\public\index.php(45): CodeIgniter\CodeIgniter->run()
#7 D:\Projects\RealEstate\system\Commands\Server\rewrite.php(34): require_once('D:\\Projects\\Rea...')
#8 {main}
CRITICAL - 2020-07-25 01:34:49 --> whereIn() expects $values to be of type array or closure
#0 D:\Projects\RealEstate\system\Database\BaseBuilder.php(838): CodeIgniter\Database\BaseBuilder->_whereIn('id', '["1","2","3","8...', false, 'AND ', NULL)
#1 D:\Projects\RealEstate\app\Models\PropertyModel.php(84): CodeIgniter\Database\BaseBuilder->whereIn('id', '["1","2","3","8...')
#2 D:\Projects\RealEstate\app\Controllers\Property.php(262): App\Models\PropertyModel->getAmenetiesByPropertyId(20)
#3 D:\Projects\RealEstate\system\CodeIgniter.php(914): App\Controllers\Property->test()
#4 D:\Projects\RealEstate\system\CodeIgniter.php(400): CodeIgniter\CodeIgniter->runController(Object(App\Controllers\Property))
#5 D:\Projects\RealEstate\system\CodeIgniter.php(308): CodeIgniter\CodeIgniter->handleRequest(NULL, Object(Config\Cache), false)
#6 D:\Projects\RealEstate\public\index.php(45): CodeIgniter\CodeIgniter->run()
#7 D:\Projects\RealEstate\system\Commands\Server\rewrite.php(34): require_once('D:\\Projects\\Rea...')
#8 {main}
CRITICAL - 2020-07-25 01:34:50 --> whereIn() expects $values to be of type array or closure
#0 D:\Projects\RealEstate\system\Database\BaseBuilder.php(838): CodeIgniter\Database\BaseBuilder->_whereIn('id', '["1","2","3","8...', false, 'AND ', NULL)
#1 D:\Projects\RealEstate\app\Models\PropertyModel.php(84): CodeIgniter\Database\BaseBuilder->whereIn('id', '["1","2","3","8...')
#2 D:\Projects\RealEstate\app\Controllers\Property.php(262): App\Models\PropertyModel->getAmenetiesByPropertyId(20)
#3 D:\Projects\RealEstate\system\CodeIgniter.php(914): App\Controllers\Property->test()
#4 D:\Projects\RealEstate\system\CodeIgniter.php(400): CodeIgniter\CodeIgniter->runController(Object(App\Controllers\Property))
#5 D:\Projects\RealEstate\system\CodeIgniter.php(308): CodeIgniter\CodeIgniter->handleRequest(NULL, Object(Config\Cache), false)
#6 D:\Projects\RealEstate\public\index.php(45): CodeIgniter\CodeIgniter->run()
#7 D:\Projects\RealEstate\system\Commands\Server\rewrite.php(34): require_once('D:\\Projects\\Rea...')
#8 {main}
CRITICAL - 2020-07-25 01:34:50 --> whereIn() expects $values to be of type array or closure
#0 D:\Projects\RealEstate\system\Database\BaseBuilder.php(838): CodeIgniter\Database\BaseBuilder->_whereIn('id', '["1","2","3","8...', false, 'AND ', NULL)
#1 D:\Projects\RealEstate\app\Models\PropertyModel.php(84): CodeIgniter\Database\BaseBuilder->whereIn('id', '["1","2","3","8...')
#2 D:\Projects\RealEstate\app\Controllers\Property.php(262): App\Models\PropertyModel->getAmenetiesByPropertyId(20)
#3 D:\Projects\RealEstate\system\CodeIgniter.php(914): App\Controllers\Property->test()
#4 D:\Projects\RealEstate\system\CodeIgniter.php(400): CodeIgniter\CodeIgniter->runController(Object(App\Controllers\Property))
#5 D:\Projects\RealEstate\system\CodeIgniter.php(308): CodeIgniter\CodeIgniter->handleRequest(NULL, Object(Config\Cache), false)
#6 D:\Projects\RealEstate\public\index.php(45): CodeIgniter\CodeIgniter->run()
#7 D:\Projects\RealEstate\system\Commands\Server\rewrite.php(34): require_once('D:\\Projects\\Rea...')
#8 {main}
CRITICAL - 2020-07-25 01:36:31 --> whereIn() expects $values to be of type array or closure
#0 D:\Projects\RealEstate\system\Database\BaseBuilder.php(838): CodeIgniter\Database\BaseBuilder->_whereIn('id', '[1,2,3,8]', false, 'AND ', NULL)
#1 D:\Projects\RealEstate\app\Models\PropertyModel.php(84): CodeIgniter\Database\BaseBuilder->whereIn('id', '[1,2,3,8]')
#2 D:\Projects\RealEstate\app\Controllers\Property.php(262): App\Models\PropertyModel->getAmenetiesByPropertyId(20)
#3 D:\Projects\RealEstate\system\CodeIgniter.php(914): App\Controllers\Property->test()
#4 D:\Projects\RealEstate\system\CodeIgniter.php(400): CodeIgniter\CodeIgniter->runController(Object(App\Controllers\Property))
#5 D:\Projects\RealEstate\system\CodeIgniter.php(308): CodeIgniter\CodeIgniter->handleRequest(NULL, Object(Config\Cache), false)
#6 D:\Projects\RealEstate\public\index.php(45): CodeIgniter\CodeIgniter->run()
#7 D:\Projects\RealEstate\system\Commands\Server\rewrite.php(34): require_once('D:\\Projects\\Rea...')
#8 {main}
CRITICAL - 2020-07-25 01:36:32 --> whereIn() expects $values to be of type array or closure
#0 D:\Projects\RealEstate\system\Database\BaseBuilder.php(838): CodeIgniter\Database\BaseBuilder->_whereIn('id', '[1,2,3,8]', false, 'AND ', NULL)
#1 D:\Projects\RealEstate\app\Models\PropertyModel.php(84): CodeIgniter\Database\BaseBuilder->whereIn('id', '[1,2,3,8]')
#2 D:\Projects\RealEstate\app\Controllers\Property.php(262): App\Models\PropertyModel->getAmenetiesByPropertyId(20)
#3 D:\Projects\RealEstate\system\CodeIgniter.php(914): App\Controllers\Property->test()
#4 D:\Projects\RealEstate\system\CodeIgniter.php(400): CodeIgniter\CodeIgniter->runController(Object(App\Controllers\Property))
#5 D:\Projects\RealEstate\system\CodeIgniter.php(308): CodeIgniter\CodeIgniter->handleRequest(NULL, Object(Config\Cache), false)
#6 D:\Projects\RealEstate\public\index.php(45): CodeIgniter\CodeIgniter->run()
#7 D:\Projects\RealEstate\system\Commands\Server\rewrite.php(34): require_once('D:\\Projects\\Rea...')
#8 {main}
CRITICAL - 2020-07-25 01:36:33 --> whereIn() expects $values to be of type array or closure
#0 D:\Projects\RealEstate\system\Database\BaseBuilder.php(838): CodeIgniter\Database\BaseBuilder->_whereIn('id', '[1,2,3,8]', false, 'AND ', NULL)
#1 D:\Projects\RealEstate\app\Models\PropertyModel.php(84): CodeIgniter\Database\BaseBuilder->whereIn('id', '[1,2,3,8]')
#2 D:\Projects\RealEstate\app\Controllers\Property.php(262): App\Models\PropertyModel->getAmenetiesByPropertyId(20)
#3 D:\Projects\RealEstate\system\CodeIgniter.php(914): App\Controllers\Property->test()
#4 D:\Projects\RealEstate\system\CodeIgniter.php(400): CodeIgniter\CodeIgniter->runController(Object(App\Controllers\Property))
#5 D:\Projects\RealEstate\system\CodeIgniter.php(308): CodeIgniter\CodeIgniter->handleRequest(NULL, Object(Config\Cache), false)
#6 D:\Projects\RealEstate\public\index.php(45): CodeIgniter\CodeIgniter->run()
#7 D:\Projects\RealEstate\system\Commands\Server\rewrite.php(34): require_once('D:\\Projects\\Rea...')
#8 {main}
CRITICAL - 2020-07-25 01:36:34 --> whereIn() expects $values to be of type array or closure
#0 D:\Projects\RealEstate\system\Database\BaseBuilder.php(838): CodeIgniter\Database\BaseBuilder->_whereIn('id', '[1,2,3,8]', false, 'AND ', NULL)
#1 D:\Projects\RealEstate\app\Models\PropertyModel.php(84): CodeIgniter\Database\BaseBuilder->whereIn('id', '[1,2,3,8]')
#2 D:\Projects\RealEstate\app\Controllers\Property.php(262): App\Models\PropertyModel->getAmenetiesByPropertyId(20)
#3 D:\Projects\RealEstate\system\CodeIgniter.php(914): App\Controllers\Property->test()
#4 D:\Projects\RealEstate\system\CodeIgniter.php(400): CodeIgniter\CodeIgniter->runController(Object(App\Controllers\Property))
#5 D:\Projects\RealEstate\system\CodeIgniter.php(308): CodeIgniter\CodeIgniter->handleRequest(NULL, Object(Config\Cache), false)
#6 D:\Projects\RealEstate\public\index.php(45): CodeIgniter\CodeIgniter->run()
#7 D:\Projects\RealEstate\system\Commands\Server\rewrite.php(34): require_once('D:\\Projects\\Rea...')
#8 {main}
CRITICAL - 2020-07-25 01:36:34 --> whereIn() expects $values to be of type array or closure
#0 D:\Projects\RealEstate\system\Database\BaseBuilder.php(838): CodeIgniter\Database\BaseBuilder->_whereIn('id', '[1,2,3,8]', false, 'AND ', NULL)
#1 D:\Projects\RealEstate\app\Models\PropertyModel.php(84): CodeIgniter\Database\BaseBuilder->whereIn('id', '[1,2,3,8]')
#2 D:\Projects\RealEstate\app\Controllers\Property.php(262): App\Models\PropertyModel->getAmenetiesByPropertyId(20)
#3 D:\Projects\RealEstate\system\CodeIgniter.php(914): App\Controllers\Property->test()
#4 D:\Projects\RealEstate\system\CodeIgniter.php(400): CodeIgniter\CodeIgniter->runController(Object(App\Controllers\Property))
#5 D:\Projects\RealEstate\system\CodeIgniter.php(308): CodeIgniter\CodeIgniter->handleRequest(NULL, Object(Config\Cache), false)
#6 D:\Projects\RealEstate\public\index.php(45): CodeIgniter\CodeIgniter->run()
#7 D:\Projects\RealEstate\system\Commands\Server\rewrite.php(34): require_once('D:\\Projects\\Rea...')
#8 {main}
CRITICAL - 2020-07-25 01:36:35 --> whereIn() expects $values to be of type array or closure
#0 D:\Projects\RealEstate\system\Database\BaseBuilder.php(838): CodeIgniter\Database\BaseBuilder->_whereIn('id', '[1,2,3,8]', false, 'AND ', NULL)
#1 D:\Projects\RealEstate\app\Models\PropertyModel.php(84): CodeIgniter\Database\BaseBuilder->whereIn('id', '[1,2,3,8]')
#2 D:\Projects\RealEstate\app\Controllers\Property.php(262): App\Models\PropertyModel->getAmenetiesByPropertyId(20)
#3 D:\Projects\RealEstate\system\CodeIgniter.php(914): App\Controllers\Property->test()
#4 D:\Projects\RealEstate\system\CodeIgniter.php(400): CodeIgniter\CodeIgniter->runController(Object(App\Controllers\Property))
#5 D:\Projects\RealEstate\system\CodeIgniter.php(308): CodeIgniter\CodeIgniter->handleRequest(NULL, Object(Config\Cache), false)
#6 D:\Projects\RealEstate\public\index.php(45): CodeIgniter\CodeIgniter->run()
#7 D:\Projects\RealEstate\system\Commands\Server\rewrite.php(34): require_once('D:\\Projects\\Rea...')
#8 {main}
CRITICAL - 2020-07-25 01:36:35 --> whereIn() expects $values to be of type array or closure
#0 D:\Projects\RealEstate\system\Database\BaseBuilder.php(838): CodeIgniter\Database\BaseBuilder->_whereIn('id', '[1,2,3,8]', false, 'AND ', NULL)
#1 D:\Projects\RealEstate\app\Models\PropertyModel.php(84): CodeIgniter\Database\BaseBuilder->whereIn('id', '[1,2,3,8]')
#2 D:\Projects\RealEstate\app\Controllers\Property.php(262): App\Models\PropertyModel->getAmenetiesByPropertyId(20)
#3 D:\Projects\RealEstate\system\CodeIgniter.php(914): App\Controllers\Property->test()
#4 D:\Projects\RealEstate\system\CodeIgniter.php(400): CodeIgniter\CodeIgniter->runController(Object(App\Controllers\Property))
#5 D:\Projects\RealEstate\system\CodeIgniter.php(308): CodeIgniter\CodeIgniter->handleRequest(NULL, Object(Config\Cache), false)
#6 D:\Projects\RealEstate\public\index.php(45): CodeIgniter\CodeIgniter->run()
#7 D:\Projects\RealEstate\system\Commands\Server\rewrite.php(34): require_once('D:\\Projects\\Rea...')
#8 {main}
CRITICAL - 2020-07-25 01:36:35 --> whereIn() expects $values to be of type array or closure
#0 D:\Projects\RealEstate\system\Database\BaseBuilder.php(838): CodeIgniter\Database\BaseBuilder->_whereIn('id', '[1,2,3,8]', false, 'AND ', NULL)
#1 D:\Projects\RealEstate\app\Models\PropertyModel.php(84): CodeIgniter\Database\BaseBuilder->whereIn('id', '[1,2,3,8]')
#2 D:\Projects\RealEstate\app\Controllers\Property.php(262): App\Models\PropertyModel->getAmenetiesByPropertyId(20)
#3 D:\Projects\RealEstate\system\CodeIgniter.php(914): App\Controllers\Property->test()
#4 D:\Projects\RealEstate\system\CodeIgniter.php(400): CodeIgniter\CodeIgniter->runController(Object(App\Controllers\Property))
#5 D:\Projects\RealEstate\system\CodeIgniter.php(308): CodeIgniter\CodeIgniter->handleRequest(NULL, Object(Config\Cache), false)
#6 D:\Projects\RealEstate\public\index.php(45): CodeIgniter\CodeIgniter->run()
#7 D:\Projects\RealEstate\system\Commands\Server\rewrite.php(34): require_once('D:\\Projects\\Rea...')
#8 {main}
CRITICAL - 2020-07-25 01:36:35 --> whereIn() expects $values to be of type array or closure
#0 D:\Projects\RealEstate\system\Database\BaseBuilder.php(838): CodeIgniter\Database\BaseBuilder->_whereIn('id', '[1,2,3,8]', false, 'AND ', NULL)
#1 D:\Projects\RealEstate\app\Models\PropertyModel.php(84): CodeIgniter\Database\BaseBuilder->whereIn('id', '[1,2,3,8]')
#2 D:\Projects\RealEstate\app\Controllers\Property.php(262): App\Models\PropertyModel->getAmenetiesByPropertyId(20)
#3 D:\Projects\RealEstate\system\CodeIgniter.php(914): App\Controllers\Property->test()
#4 D:\Projects\RealEstate\system\CodeIgniter.php(400): CodeIgniter\CodeIgniter->runController(Object(App\Controllers\Property))
#5 D:\Projects\RealEstate\system\CodeIgniter.php(308): CodeIgniter\CodeIgniter->handleRequest(NULL, Object(Config\Cache), false)
#6 D:\Projects\RealEstate\public\index.php(45): CodeIgniter\CodeIgniter->run()
#7 D:\Projects\RealEstate\system\Commands\Server\rewrite.php(34): require_once('D:\\Projects\\Rea...')
#8 {main}
CRITICAL - 2020-07-25 01:37:02 --> whereIn() expects $values to be of type array or closure
#0 D:\Projects\RealEstate\system\Database\BaseBuilder.php(838): CodeIgniter\Database\BaseBuilder->_whereIn('id', '[1,2,3,8]', false, 'AND ', NULL)
#1 D:\Projects\RealEstate\app\Models\PropertyModel.php(83): CodeIgniter\Database\BaseBuilder->whereIn('id', '[1,2,3,8]')
#2 D:\Projects\RealEstate\app\Controllers\Property.php(262): App\Models\PropertyModel->getAmenetiesByPropertyId(20)
#3 D:\Projects\RealEstate\system\CodeIgniter.php(914): App\Controllers\Property->test()
#4 D:\Projects\RealEstate\system\CodeIgniter.php(400): CodeIgniter\CodeIgniter->runController(Object(App\Controllers\Property))
#5 D:\Projects\RealEstate\system\CodeIgniter.php(308): CodeIgniter\CodeIgniter->handleRequest(NULL, Object(Config\Cache), false)
#6 D:\Projects\RealEstate\public\index.php(45): CodeIgniter\CodeIgniter->run()
#7 D:\Projects\RealEstate\system\Commands\Server\rewrite.php(34): require_once('D:\\Projects\\Rea...')
#8 {main}
CRITICAL - 2020-07-25 01:48:01 --> You must set the database table to be used with your query.
#0 D:\Projects\RealEstate\system\Model.php(1206): CodeIgniter\Database\BaseConnection->table(NULL)
#1 D:\Projects\RealEstate\system\Model.php(1714): CodeIgniter\Model->builder()
#2 D:\Projects\RealEstate\app\Controllers\Property.php(262): CodeIgniter\Model->__call('getAmenetiesByP...', Array)
#3 D:\Projects\RealEstate\system\CodeIgniter.php(914): App\Controllers\Property->test()
#4 D:\Projects\RealEstate\system\CodeIgniter.php(400): CodeIgniter\CodeIgniter->runController(Object(App\Controllers\Property))
#5 D:\Projects\RealEstate\system\CodeIgniter.php(308): CodeIgniter\CodeIgniter->handleRequest(NULL, Object(Config\Cache), false)
#6 D:\Projects\RealEstate\public\index.php(45): CodeIgniter\CodeIgniter->run()
#7 D:\Projects\RealEstate\system\Commands\Server\rewrite.php(34): require_once('D:\\Projects\\Rea...')
#8 {main}
CRITICAL - 2020-07-25 01:48:05 --> You must set the database table to be used with your query.
#0 D:\Projects\RealEstate\system\Model.php(1206): CodeIgniter\Database\BaseConnection->table(NULL)
#1 D:\Projects\RealEstate\system\Model.php(1714): CodeIgniter\Model->builder()
#2 D:\Projects\RealEstate\app\Controllers\Property.php(262): CodeIgniter\Model->__call('getAmenetiesByP...', Array)
#3 D:\Projects\RealEstate\system\CodeIgniter.php(914): App\Controllers\Property->test()
#4 D:\Projects\RealEstate\system\CodeIgniter.php(400): CodeIgniter\CodeIgniter->runController(Object(App\Controllers\Property))
#5 D:\Projects\RealEstate\system\CodeIgniter.php(308): CodeIgniter\CodeIgniter->handleRequest(NULL, Object(Config\Cache), false)
#6 D:\Projects\RealEstate\public\index.php(45): CodeIgniter\CodeIgniter->run()
#7 D:\Projects\RealEstate\system\Commands\Server\rewrite.php(34): require_once('D:\\Projects\\Rea...')
#8 {main}
CRITICAL - 2020-07-25 02:52:45 --> Undefined index: bhk
#0 D:\Projects\RealEstate\app\Views\frontend\property.php(209): CodeIgniter\Debug\Exceptions->errorHandler(8, 'Undefined index...', 'D:\\Projects\\Rea...', 209, Array)
#1 D:\Projects\RealEstate\system\View\View.php(246): include('D:\\Projects\\Rea...')
#2 D:\Projects\RealEstate\system\Common.php(1087): CodeIgniter\View\View->render('frontend/proper...', Array, true)
#3 D:\Projects\RealEstate\app\Controllers\Property.php(18): view('frontend/proper...', Array)
#4 D:\Projects\RealEstate\system\CodeIgniter.php(914): App\Controllers\Property->index()
#5 D:\Projects\RealEstate\system\CodeIgniter.php(400): CodeIgniter\CodeIgniter->runController(Object(App\Controllers\Property))
#6 D:\Projects\RealEstate\system\CodeIgniter.php(308): CodeIgniter\CodeIgniter->handleRequest(NULL, Object(Config\Cache), false)
#7 D:\Projects\RealEstate\public\index.php(45): CodeIgniter\CodeIgniter->run()
#8 D:\Projects\RealEstate\system\Commands\Server\rewrite.php(34): require_once('D:\\Projects\\Rea...')
#9 {main}
CRITICAL - 2020-07-25 02:58:07 --> syntax error, unexpected ';'
#0 D:\Projects\RealEstate\system\Common.php(1087): CodeIgniter\View\View->render('frontend/proper...', Array, true)
#1 D:\Projects\RealEstate\app\Controllers\Property.php(18): view('frontend/proper...', Array)
#2 D:\Projects\RealEstate\system\CodeIgniter.php(914): App\Controllers\Property->index()
#3 D:\Projects\RealEstate\system\CodeIgniter.php(400): CodeIgniter\CodeIgniter->runController(Object(App\Controllers\Property))
#4 D:\Projects\RealEstate\system\CodeIgniter.php(308): CodeIgniter\CodeIgniter->handleRequest(NULL, Object(Config\Cache), false)
#5 D:\Projects\RealEstate\public\index.php(45): CodeIgniter\CodeIgniter->run()
#6 D:\Projects\RealEstate\system\Commands\Server\rewrite.php(34): require_once('D:\\Projects\\Rea...')
#7 {main}
CRITICAL - 2020-07-25 08:59:14 --> Invalid file: {0}
#0 D:\Projects\RealEstate\system\View\View.php(228): CodeIgniter\Exceptions\FrameworkException::forInvalidFile('frontend/favori...')
#1 D:\Projects\RealEstate\system\Common.php(1087): CodeIgniter\View\View->render('frontend/favori...', Array, true)
#2 D:\Projects\RealEstate\app\Controllers\Account.php(58): view('frontend/favori...', Array)
#3 D:\Projects\RealEstate\system\CodeIgniter.php(914): App\Controllers\Account->favourites()
#4 D:\Projects\RealEstate\system\CodeIgniter.php(400): CodeIgniter\CodeIgniter->runController(Object(App\Controllers\Account))
#5 D:\Projects\RealEstate\system\CodeIgniter.php(308): CodeIgniter\CodeIgniter->handleRequest(NULL, Object(Config\Cache), false)
#6 D:\Projects\RealEstate\public\index.php(45): CodeIgniter\CodeIgniter->run()
#7 D:\Projects\RealEstate\system\Commands\Server\rewrite.php(34): require_once('D:\\Projects\\Rea...')
#8 {main}
