CRITICAL - 2020-09-07 00:32:24 --> No connection could be made because the target machine actively refused it.

#0 D:\Projects\RealEstate\system\Database\BaseConnection.php(377): CodeIgniter\Database\MySQLi\Connection->connect(false)
#1 D:\Projects\RealEstate\system\Database\BaseConnection.php(643): CodeIgniter\Database\BaseConnection->initialize()
#2 D:\Projects\RealEstate\system\Database\BaseBuilder.php(1845): CodeIgniter\Database\BaseConnection->query('SELECT *\nFROM `...', Array, false)
#3 D:\Projects\RealEstate\app\Models\PropertyModel.php(183): CodeIgniter\Database\BaseBuilder->get()
#4 D:\Projects\RealEstate\app\Controllers\Home.php(19): App\Models\PropertyModel->getAllFeaturedProperties(1)
#5 D:\Projects\RealEstate\system\CodeIgniter.php(914): App\Controllers\Home->index()
#6 D:\Projects\RealEstate\system\CodeIgniter.php(400): CodeIgniter\CodeIgniter->runController(Object(App\Controllers\Home))
#7 D:\Projects\RealEstate\system\CodeIgniter.php(308): CodeIgniter\CodeIgniter->handleRequest(NULL, Object(Config\Cache), false)
#8 D:\Projects\RealEstate\public\index.php(45): CodeIgniter\CodeIgniter->run()
#9 D:\Projects\RealEstate\system\Commands\Server\rewrite.php(34): require_once('D:\\Projects\\Rea...')
#10 {main}
CRITICAL - 2020-09-07 00:32:24 --> Uncaught ErrorException: print_r(): Property access is not allowed yet in D:\Projects\RealEstate\app\Views\errors\html\error_exception.php:100
Stack trace:
#0 [internal function]: CodeIgniter\Debug\Exceptions->errorHandler(2, 'print_r(): Prop...', 'D:\\Projects\\Rea...', 100, Array)
#1 D:\Projects\RealEstate\app\Views\errors\html\error_exception.php(100): print_r(Object(App\Controllers\Home), true)
#2 D:\Projects\RealEstate\system\Debug\Exceptions.php(299): include('D:\\Projects\\Rea...')
#3 D:\Projects\RealEstate\system\Debug\Exceptions.php(172): CodeIgniter\Debug\Exceptions->render(Object(mysqli_sql_exception), 500)
#4 [internal function]: CodeIgniter\Debug\Exceptions->exceptionHandler(Object(mysqli_sql_exception))
#5 {main}
  thrown
#0 [internal function]: CodeIgniter\Debug\Exceptions->shutdownHandler()
#1 {main}
CRITICAL - 2020-09-07 00:33:27 --> file_get_contents(): php_network_getaddresses: getaddrinfo failed: No such host is known. 
#0 [internal function]: CodeIgniter\Debug\Exceptions->errorHandler(2, 'file_get_conten...', 'D:\\Projects\\Rea...', 41, Array)
#1 D:\Projects\RealEstate\app\Helpers\geography_helper.php(41): file_get_contents('http://ipinfo.i...')
#2 D:\Projects\RealEstate\app\Views\frontend\find-agent.php(134): currentLocation()
#3 D:\Projects\RealEstate\system\View\View.php(246): include('D:\\Projects\\Rea...')
#4 D:\Projects\RealEstate\system\Common.php(1087): CodeIgniter\View\View->render('frontend/find-a...', Array, true)
#5 D:\Projects\RealEstate\app\Controllers\Home.php(180): view('frontend/find-a...', Array)
#6 D:\Projects\RealEstate\system\CodeIgniter.php(914): App\Controllers\Home->findAgent()
#7 D:\Projects\RealEstate\system\CodeIgniter.php(400): CodeIgniter\CodeIgniter->runController(Object(App\Controllers\Home))
#8 D:\Projects\RealEstate\system\CodeIgniter.php(308): CodeIgniter\CodeIgniter->handleRequest(NULL, Object(Config\Cache), false)
#9 D:\Projects\RealEstate\public\index.php(45): CodeIgniter\CodeIgniter->run()
#10 D:\Projects\RealEstate\system\Commands\Server\rewrite.php(34): require_once('D:\\Projects\\Rea...')
#11 {main}
CRITICAL - 2020-09-07 00:34:23 --> file_get_contents(): php_network_getaddresses: getaddrinfo failed: No such host is known. 
#0 [internal function]: CodeIgniter\Debug\Exceptions->errorHandler(2, 'file_get_conten...', 'D:\\Projects\\Rea...', 41, Array)
#1 D:\Projects\RealEstate\app\Helpers\geography_helper.php(41): file_get_contents('http://ipinfo.i...')
#2 D:\Projects\RealEstate\app\Views\frontend\find-agent.php(134): currentLocation()
#3 D:\Projects\RealEstate\system\View\View.php(246): include('D:\\Projects\\Rea...')
#4 D:\Projects\RealEstate\system\Common.php(1087): CodeIgniter\View\View->render('frontend/find-a...', Array, true)
#5 D:\Projects\RealEstate\app\Controllers\Home.php(180): view('frontend/find-a...', Array)
#6 D:\Projects\RealEstate\system\CodeIgniter.php(914): App\Controllers\Home->findAgent()
#7 D:\Projects\RealEstate\system\CodeIgniter.php(400): CodeIgniter\CodeIgniter->runController(Object(App\Controllers\Home))
#8 D:\Projects\RealEstate\system\CodeIgniter.php(308): CodeIgniter\CodeIgniter->handleRequest(NULL, Object(Config\Cache), false)
#9 D:\Projects\RealEstate\public\index.php(45): CodeIgniter\CodeIgniter->run()
#10 D:\Projects\RealEstate\system\Commands\Server\rewrite.php(34): require_once('D:\\Projects\\Rea...')
#11 {main}
CRITICAL - 2020-09-07 00:35:06 --> file_get_contents(): php_network_getaddresses: getaddrinfo failed: No such host is known. 
#0 [internal function]: CodeIgniter\Debug\Exceptions->errorHandler(2, 'file_get_conten...', 'D:\\Projects\\Rea...', 41, Array)
#1 D:\Projects\RealEstate\app\Helpers\geography_helper.php(41): file_get_contents('http://ipinfo.i...')
#2 D:\Projects\RealEstate\app\Views\frontend\find-agent.php(134): currentLocation()
#3 D:\Projects\RealEstate\system\View\View.php(246): include('D:\\Projects\\Rea...')
#4 D:\Projects\RealEstate\system\Common.php(1087): CodeIgniter\View\View->render('frontend/find-a...', Array, true)
#5 D:\Projects\RealEstate\app\Controllers\Home.php(180): view('frontend/find-a...', Array)
#6 D:\Projects\RealEstate\system\CodeIgniter.php(914): App\Controllers\Home->findAgent()
#7 D:\Projects\RealEstate\system\CodeIgniter.php(400): CodeIgniter\CodeIgniter->runController(Object(App\Controllers\Home))
#8 D:\Projects\RealEstate\system\CodeIgniter.php(308): CodeIgniter\CodeIgniter->handleRequest(NULL, Object(Config\Cache), false)
#9 D:\Projects\RealEstate\public\index.php(45): CodeIgniter\CodeIgniter->run()
#10 D:\Projects\RealEstate\system\Commands\Server\rewrite.php(34): require_once('D:\\Projects\\Rea...')
#11 {main}
CRITICAL - 2020-09-07 01:56:26 --> Undefined index: location
#0 D:\Projects\RealEstate\app\Controllers\Home.php(173): CodeIgniter\Debug\Exceptions->errorHandler(8, 'Undefined index...', 'D:\\Projects\\Rea...', 173, Array)
#1 D:\Projects\RealEstate\system\CodeIgniter.php(914): App\Controllers\Home->findAgent()
#2 D:\Projects\RealEstate\system\CodeIgniter.php(400): CodeIgniter\CodeIgniter->runController(Object(App\Controllers\Home))
#3 D:\Projects\RealEstate\system\CodeIgniter.php(308): CodeIgniter\CodeIgniter->handleRequest(NULL, Object(Config\Cache), false)
#4 D:\Projects\RealEstate\public\index.php(45): CodeIgniter\CodeIgniter->run()
#5 D:\Projects\RealEstate\system\Commands\Server\rewrite.php(34): require_once('D:\\Projects\\Rea...')
#6 {main}
CRITICAL - 2020-09-07 02:10:28 --> Call to undefined method CodeIgniter\Database\MySQLi\Builder::group_start()
#0 D:\Projects\RealEstate\app\Controllers\Home.php(178): App\Models\UserModel->userSearchFilter('new delhi', '', 'buy', 'agent', 1)
#1 D:\Projects\RealEstate\system\CodeIgniter.php(914): App\Controllers\Home->findAgent()
#2 D:\Projects\RealEstate\system\CodeIgniter.php(400): CodeIgniter\CodeIgniter->runController(Object(App\Controllers\Home))
#3 D:\Projects\RealEstate\system\CodeIgniter.php(308): CodeIgniter\CodeIgniter->handleRequest(NULL, Object(Config\Cache), false)
#4 D:\Projects\RealEstate\public\index.php(45): CodeIgniter\CodeIgniter->run()
#5 D:\Projects\RealEstate\system\Commands\Server\rewrite.php(34): require_once('D:\\Projects\\Rea...')
#6 {main}
CRITICAL - 2020-09-07 02:21:45 --> Array to string conversion
#0 D:\Projects\RealEstate\app\Views\frontend\find-agent.php(58): CodeIgniter\Debug\Exceptions->errorHandler(8, 'Array to string...', 'D:\\Projects\\Rea...', 58, Array)
#1 D:\Projects\RealEstate\system\View\View.php(246): include('D:\\Projects\\Rea...')
#2 D:\Projects\RealEstate\system\Common.php(1087): CodeIgniter\View\View->render('frontend/find-a...', Array, true)
#3 D:\Projects\RealEstate\app\Controllers\Home.php(181): view('frontend/find-a...', Array)
#4 D:\Projects\RealEstate\system\CodeIgniter.php(914): App\Controllers\Home->findAgent()
#5 D:\Projects\RealEstate\system\CodeIgniter.php(400): CodeIgniter\CodeIgniter->runController(Object(App\Controllers\Home))
#6 D:\Projects\RealEstate\system\CodeIgniter.php(308): CodeIgniter\CodeIgniter->handleRequest(NULL, Object(Config\Cache), false)
#7 D:\Projects\RealEstate\public\index.php(45): CodeIgniter\CodeIgniter->run()
#8 D:\Projects\RealEstate\system\Commands\Server\rewrite.php(34): require_once('D:\\Projects\\Rea...')
#9 {main}
CRITICAL - 2020-09-07 02:56:56 --> You must set the database table to be used with your query.
#0 D:\Projects\RealEstate\system\Model.php(1206): CodeIgniter\Database\BaseConnection->table(NULL)
#1 D:\Projects\RealEstate\system\Model.php(1662): CodeIgniter\Model->builder()
#2 D:\Projects\RealEstate\app\Models\UserModel.php(150): CodeIgniter\Model->__get('PropertyModel')
#3 D:\Projects\RealEstate\app\Controllers\Home.php(178): App\Models\UserModel->userSearchFilter('110076', 'nishant', 'buy', 'agent', 1)
#4 D:\Projects\RealEstate\system\CodeIgniter.php(914): App\Controllers\Home->findAgent()
#5 D:\Projects\RealEstate\system\CodeIgniter.php(400): CodeIgniter\CodeIgniter->runController(Object(App\Controllers\Home))
#6 D:\Projects\RealEstate\system\CodeIgniter.php(308): CodeIgniter\CodeIgniter->handleRequest(NULL, Object(Config\Cache), false)
#7 D:\Projects\RealEstate\public\index.php(45): CodeIgniter\CodeIgniter->run()
#8 D:\Projects\RealEstate\system\Commands\Server\rewrite.php(34): require_once('D:\\Projects\\Rea...')
#9 {main}
CRITICAL - 2020-09-07 02:58:03 --> You must set the database table to be used with your query.
#0 D:\Projects\RealEstate\system\Model.php(1206): CodeIgniter\Database\BaseConnection->table(NULL)
#1 D:\Projects\RealEstate\system\Model.php(1662): CodeIgniter\Model->builder()
#2 D:\Projects\RealEstate\app\Models\UserModel.php(150): CodeIgniter\Model->__get('PropertyModel')
#3 D:\Projects\RealEstate\app\Controllers\Home.php(178): App\Models\UserModel->userSearchFilter('110076', 'nishant', 'buy', 'agent', 1)
#4 D:\Projects\RealEstate\system\CodeIgniter.php(914): App\Controllers\Home->findAgent()
#5 D:\Projects\RealEstate\system\CodeIgniter.php(400): CodeIgniter\CodeIgniter->runController(Object(App\Controllers\Home))
#6 D:\Projects\RealEstate\system\CodeIgniter.php(308): CodeIgniter\CodeIgniter->handleRequest(NULL, Object(Config\Cache), false)
#7 D:\Projects\RealEstate\public\index.php(45): CodeIgniter\CodeIgniter->run()
#8 D:\Projects\RealEstate\system\Commands\Server\rewrite.php(34): require_once('D:\\Projects\\Rea...')
#9 {main}
CRITICAL - 2020-09-07 02:58:04 --> You must set the database table to be used with your query.
#0 D:\Projects\RealEstate\system\Model.php(1206): CodeIgniter\Database\BaseConnection->table(NULL)
#1 D:\Projects\RealEstate\system\Model.php(1662): CodeIgniter\Model->builder()
#2 D:\Projects\RealEstate\app\Models\UserModel.php(150): CodeIgniter\Model->__get('PropertyModel')
#3 D:\Projects\RealEstate\app\Controllers\Home.php(178): App\Models\UserModel->userSearchFilter('110076', 'nishant', 'buy', 'agent', 1)
#4 D:\Projects\RealEstate\system\CodeIgniter.php(914): App\Controllers\Home->findAgent()
#5 D:\Projects\RealEstate\system\CodeIgniter.php(400): CodeIgniter\CodeIgniter->runController(Object(App\Controllers\Home))
#6 D:\Projects\RealEstate\system\CodeIgniter.php(308): CodeIgniter\CodeIgniter->handleRequest(NULL, Object(Config\Cache), false)
#7 D:\Projects\RealEstate\public\index.php(45): CodeIgniter\CodeIgniter->run()
#8 D:\Projects\RealEstate\system\Commands\Server\rewrite.php(34): require_once('D:\\Projects\\Rea...')
#9 {main}
CRITICAL - 2020-09-07 02:58:04 --> You must set the database table to be used with your query.
#0 D:\Projects\RealEstate\system\Model.php(1206): CodeIgniter\Database\BaseConnection->table(NULL)
#1 D:\Projects\RealEstate\system\Model.php(1662): CodeIgniter\Model->builder()
#2 D:\Projects\RealEstate\app\Models\UserModel.php(150): CodeIgniter\Model->__get('PropertyModel')
#3 D:\Projects\RealEstate\app\Controllers\Home.php(178): App\Models\UserModel->userSearchFilter('110076', 'nishant', 'buy', 'agent', 1)
#4 D:\Projects\RealEstate\system\CodeIgniter.php(914): App\Controllers\Home->findAgent()
#5 D:\Projects\RealEstate\system\CodeIgniter.php(400): CodeIgniter\CodeIgniter->runController(Object(App\Controllers\Home))
#6 D:\Projects\RealEstate\system\CodeIgniter.php(308): CodeIgniter\CodeIgniter->handleRequest(NULL, Object(Config\Cache), false)
#7 D:\Projects\RealEstate\public\index.php(45): CodeIgniter\CodeIgniter->run()
#8 D:\Projects\RealEstate\system\Commands\Server\rewrite.php(34): require_once('D:\\Projects\\Rea...')
#9 {main}
CRITICAL - 2020-09-07 02:58:04 --> You must set the database table to be used with your query.
#0 D:\Projects\RealEstate\system\Model.php(1206): CodeIgniter\Database\BaseConnection->table(NULL)
#1 D:\Projects\RealEstate\system\Model.php(1662): CodeIgniter\Model->builder()
#2 D:\Projects\RealEstate\app\Models\UserModel.php(150): CodeIgniter\Model->__get('PropertyModel')
#3 D:\Projects\RealEstate\app\Controllers\Home.php(178): App\Models\UserModel->userSearchFilter('110076', 'nishant', 'buy', 'agent', 1)
#4 D:\Projects\RealEstate\system\CodeIgniter.php(914): App\Controllers\Home->findAgent()
#5 D:\Projects\RealEstate\system\CodeIgniter.php(400): CodeIgniter\CodeIgniter->runController(Object(App\Controllers\Home))
#6 D:\Projects\RealEstate\system\CodeIgniter.php(308): CodeIgniter\CodeIgniter->handleRequest(NULL, Object(Config\Cache), false)
#7 D:\Projects\RealEstate\public\index.php(45): CodeIgniter\CodeIgniter->run()
#8 D:\Projects\RealEstate\system\Commands\Server\rewrite.php(34): require_once('D:\\Projects\\Rea...')
#9 {main}
CRITICAL - 2020-09-07 02:58:05 --> You must set the database table to be used with your query.
#0 D:\Projects\RealEstate\system\Model.php(1206): CodeIgniter\Database\BaseConnection->table(NULL)
#1 D:\Projects\RealEstate\system\Model.php(1662): CodeIgniter\Model->builder()
#2 D:\Projects\RealEstate\app\Models\UserModel.php(150): CodeIgniter\Model->__get('PropertyModel')
#3 D:\Projects\RealEstate\app\Controllers\Home.php(178): App\Models\UserModel->userSearchFilter('110076', 'nishant', 'buy', 'agent', 1)
#4 D:\Projects\RealEstate\system\CodeIgniter.php(914): App\Controllers\Home->findAgent()
#5 D:\Projects\RealEstate\system\CodeIgniter.php(400): CodeIgniter\CodeIgniter->runController(Object(App\Controllers\Home))
#6 D:\Projects\RealEstate\system\CodeIgniter.php(308): CodeIgniter\CodeIgniter->handleRequest(NULL, Object(Config\Cache), false)
#7 D:\Projects\RealEstate\public\index.php(45): CodeIgniter\CodeIgniter->run()
#8 D:\Projects\RealEstate\system\Commands\Server\rewrite.php(34): require_once('D:\\Projects\\Rea...')
#9 {main}
CRITICAL - 2020-09-07 02:58:05 --> You must set the database table to be used with your query.
#0 D:\Projects\RealEstate\system\Model.php(1206): CodeIgniter\Database\BaseConnection->table(NULL)
#1 D:\Projects\RealEstate\system\Model.php(1662): CodeIgniter\Model->builder()
#2 D:\Projects\RealEstate\app\Models\UserModel.php(150): CodeIgniter\Model->__get('PropertyModel')
#3 D:\Projects\RealEstate\app\Controllers\Home.php(178): App\Models\UserModel->userSearchFilter('110076', 'nishant', 'buy', 'agent', 1)
#4 D:\Projects\RealEstate\system\CodeIgniter.php(914): App\Controllers\Home->findAgent()
#5 D:\Projects\RealEstate\system\CodeIgniter.php(400): CodeIgniter\CodeIgniter->runController(Object(App\Controllers\Home))
#6 D:\Projects\RealEstate\system\CodeIgniter.php(308): CodeIgniter\CodeIgniter->handleRequest(NULL, Object(Config\Cache), false)
#7 D:\Projects\RealEstate\public\index.php(45): CodeIgniter\CodeIgniter->run()
#8 D:\Projects\RealEstate\system\Commands\Server\rewrite.php(34): require_once('D:\\Projects\\Rea...')
#9 {main}
CRITICAL - 2020-09-07 02:58:05 --> You must set the database table to be used with your query.
#0 D:\Projects\RealEstate\system\Model.php(1206): CodeIgniter\Database\BaseConnection->table(NULL)
#1 D:\Projects\RealEstate\system\Model.php(1662): CodeIgniter\Model->builder()
#2 D:\Projects\RealEstate\app\Models\UserModel.php(150): CodeIgniter\Model->__get('PropertyModel')
#3 D:\Projects\RealEstate\app\Controllers\Home.php(178): App\Models\UserModel->userSearchFilter('110076', 'nishant', 'buy', 'agent', 1)
#4 D:\Projects\RealEstate\system\CodeIgniter.php(914): App\Controllers\Home->findAgent()
#5 D:\Projects\RealEstate\system\CodeIgniter.php(400): CodeIgniter\CodeIgniter->runController(Object(App\Controllers\Home))
#6 D:\Projects\RealEstate\system\CodeIgniter.php(308): CodeIgniter\CodeIgniter->handleRequest(NULL, Object(Config\Cache), false)
#7 D:\Projects\RealEstate\public\index.php(45): CodeIgniter\CodeIgniter->run()
#8 D:\Projects\RealEstate\system\Commands\Server\rewrite.php(34): require_once('D:\\Projects\\Rea...')
#9 {main}
CRITICAL - 2020-09-07 02:58:05 --> You must set the database table to be used with your query.
#0 D:\Projects\RealEstate\system\Model.php(1206): CodeIgniter\Database\BaseConnection->table(NULL)
#1 D:\Projects\RealEstate\system\Model.php(1662): CodeIgniter\Model->builder()
#2 D:\Projects\RealEstate\app\Models\UserModel.php(150): CodeIgniter\Model->__get('PropertyModel')
#3 D:\Projects\RealEstate\app\Controllers\Home.php(178): App\Models\UserModel->userSearchFilter('110076', 'nishant', 'buy', 'agent', 1)
#4 D:\Projects\RealEstate\system\CodeIgniter.php(914): App\Controllers\Home->findAgent()
#5 D:\Projects\RealEstate\system\CodeIgniter.php(400): CodeIgniter\CodeIgniter->runController(Object(App\Controllers\Home))
#6 D:\Projects\RealEstate\system\CodeIgniter.php(308): CodeIgniter\CodeIgniter->handleRequest(NULL, Object(Config\Cache), false)
#7 D:\Projects\RealEstate\public\index.php(45): CodeIgniter\CodeIgniter->run()
#8 D:\Projects\RealEstate\system\Commands\Server\rewrite.php(34): require_once('D:\\Projects\\Rea...')
#9 {main}
CRITICAL - 2020-09-07 02:58:05 --> You must set the database table to be used with your query.
#0 D:\Projects\RealEstate\system\Model.php(1206): CodeIgniter\Database\BaseConnection->table(NULL)
#1 D:\Projects\RealEstate\system\Model.php(1662): CodeIgniter\Model->builder()
#2 D:\Projects\RealEstate\app\Models\UserModel.php(150): CodeIgniter\Model->__get('PropertyModel')
#3 D:\Projects\RealEstate\app\Controllers\Home.php(178): App\Models\UserModel->userSearchFilter('110076', 'nishant', 'buy', 'agent', 1)
#4 D:\Projects\RealEstate\system\CodeIgniter.php(914): App\Controllers\Home->findAgent()
#5 D:\Projects\RealEstate\system\CodeIgniter.php(400): CodeIgniter\CodeIgniter->runController(Object(App\Controllers\Home))
#6 D:\Projects\RealEstate\system\CodeIgniter.php(308): CodeIgniter\CodeIgniter->handleRequest(NULL, Object(Config\Cache), false)
#7 D:\Projects\RealEstate\public\index.php(45): CodeIgniter\CodeIgniter->run()
#8 D:\Projects\RealEstate\system\Commands\Server\rewrite.php(34): require_once('D:\\Projects\\Rea...')
#9 {main}
CRITICAL - 2020-09-07 03:16:30 --> syntax error, unexpected '}'
#0 D:\Projects\RealEstate\system\Common.php(1087): CodeIgniter\View\View->render('frontend/find-a...', Array, true)
#1 D:\Projects\RealEstate\app\Controllers\Home.php(181): view('frontend/find-a...', Array)
#2 D:\Projects\RealEstate\system\CodeIgniter.php(914): App\Controllers\Home->findAgent()
#3 D:\Projects\RealEstate\system\CodeIgniter.php(400): CodeIgniter\CodeIgniter->runController(Object(App\Controllers\Home))
#4 D:\Projects\RealEstate\system\CodeIgniter.php(308): CodeIgniter\CodeIgniter->handleRequest(NULL, Object(Config\Cache), false)
#5 D:\Projects\RealEstate\public\index.php(45): CodeIgniter\CodeIgniter->run()
#6 D:\Projects\RealEstate\system\Commands\Server\rewrite.php(34): require_once('D:\\Projects\\Rea...')
#7 {main}
CRITICAL - 2020-09-07 03:16:32 --> syntax error, unexpected '}'
#0 D:\Projects\RealEstate\system\Common.php(1087): CodeIgniter\View\View->render('frontend/find-a...', Array, true)
#1 D:\Projects\RealEstate\app\Controllers\Home.php(181): view('frontend/find-a...', Array)
#2 D:\Projects\RealEstate\system\CodeIgniter.php(914): App\Controllers\Home->findAgent()
#3 D:\Projects\RealEstate\system\CodeIgniter.php(400): CodeIgniter\CodeIgniter->runController(Object(App\Controllers\Home))
#4 D:\Projects\RealEstate\system\CodeIgniter.php(308): CodeIgniter\CodeIgniter->handleRequest(NULL, Object(Config\Cache), false)
#5 D:\Projects\RealEstate\public\index.php(45): CodeIgniter\CodeIgniter->run()
#6 D:\Projects\RealEstate\system\Commands\Server\rewrite.php(34): require_once('D:\\Projects\\Rea...')
#7 {main}
CRITICAL - 2020-09-07 03:16:43 --> Undefined variable: currentReview
#0 D:\Projects\RealEstate\app\Views\frontend\find-agent.php(98): CodeIgniter\Debug\Exceptions->errorHandler(8, 'Undefined varia...', 'D:\\Projects\\Rea...', 98, Array)
#1 D:\Projects\RealEstate\system\View\View.php(246): include('D:\\Projects\\Rea...')
#2 D:\Projects\RealEstate\system\Common.php(1087): CodeIgniter\View\View->render('frontend/find-a...', Array, true)
#3 D:\Projects\RealEstate\app\Controllers\Home.php(181): view('frontend/find-a...', Array)
#4 D:\Projects\RealEstate\system\CodeIgniter.php(914): App\Controllers\Home->findAgent()
#5 D:\Projects\RealEstate\system\CodeIgniter.php(400): CodeIgniter\CodeIgniter->runController(Object(App\Controllers\Home))
#6 D:\Projects\RealEstate\system\CodeIgniter.php(308): CodeIgniter\CodeIgniter->handleRequest(NULL, Object(Config\Cache), false)
#7 D:\Projects\RealEstate\public\index.php(45): CodeIgniter\CodeIgniter->run()
#8 D:\Projects\RealEstate\system\Commands\Server\rewrite.php(34): require_once('D:\\Projects\\Rea...')
#9 {main}
CRITICAL - 2020-09-07 03:16:44 --> Undefined variable: currentReview
#0 D:\Projects\RealEstate\app\Views\frontend\find-agent.php(98): CodeIgniter\Debug\Exceptions->errorHandler(8, 'Undefined varia...', 'D:\\Projects\\Rea...', 98, Array)
#1 D:\Projects\RealEstate\system\View\View.php(246): include('D:\\Projects\\Rea...')
#2 D:\Projects\RealEstate\system\Common.php(1087): CodeIgniter\View\View->render('frontend/find-a...', Array, true)
#3 D:\Projects\RealEstate\app\Controllers\Home.php(181): view('frontend/find-a...', Array)
#4 D:\Projects\RealEstate\system\CodeIgniter.php(914): App\Controllers\Home->findAgent()
#5 D:\Projects\RealEstate\system\CodeIgniter.php(400): CodeIgniter\CodeIgniter->runController(Object(App\Controllers\Home))
#6 D:\Projects\RealEstate\system\CodeIgniter.php(308): CodeIgniter\CodeIgniter->handleRequest(NULL, Object(Config\Cache), false)
#7 D:\Projects\RealEstate\public\index.php(45): CodeIgniter\CodeIgniter->run()
#8 D:\Projects\RealEstate\system\Commands\Server\rewrite.php(34): require_once('D:\\Projects\\Rea...')
#9 {main}
CRITICAL - 2020-09-07 05:40:06 --> Maximum execution time of 60 seconds exceeded
#0 [internal function]: CodeIgniter\Debug\Exceptions->shutdownHandler()
#1 {main}
CRITICAL - 2020-09-07 05:43:14 --> file_get_contents(): php_network_getaddresses: getaddrinfo failed: No such host is known. 
#0 [internal function]: CodeIgniter\Debug\Exceptions->errorHandler(2, 'file_get_conten...', 'D:\\Projects\\Rea...', 41, Array)
#1 D:\Projects\RealEstate\app\Helpers\geography_helper.php(41): file_get_contents('http://ipinfo.i...')
#2 D:\Projects\RealEstate\app\Views\frontend\find-agent.php(156): currentLocation()
#3 D:\Projects\RealEstate\system\View\View.php(246): include('D:\\Projects\\Rea...')
#4 D:\Projects\RealEstate\system\Common.php(1087): CodeIgniter\View\View->render('frontend/find-a...', Array, true)
#5 D:\Projects\RealEstate\app\Controllers\Home.php(182): view('frontend/find-a...', Array)
#6 D:\Projects\RealEstate\system\CodeIgniter.php(914): App\Controllers\Home->findAgent()
#7 D:\Projects\RealEstate\system\CodeIgniter.php(400): CodeIgniter\CodeIgniter->runController(Object(App\Controllers\Home))
#8 D:\Projects\RealEstate\system\CodeIgniter.php(308): CodeIgniter\CodeIgniter->handleRequest(NULL, Object(Config\Cache), false)
#9 D:\Projects\RealEstate\public\index.php(45): CodeIgniter\CodeIgniter->run()
#10 D:\Projects\RealEstate\system\Commands\Server\rewrite.php(34): require_once('D:\\Projects\\Rea...')
#11 {main}
CRITICAL - 2020-09-07 05:43:36 --> file_get_contents(): php_network_getaddresses: getaddrinfo failed: No such host is known. 
#0 [internal function]: CodeIgniter\Debug\Exceptions->errorHandler(2, 'file_get_conten...', 'D:\\Projects\\Rea...', 41, Array)
#1 D:\Projects\RealEstate\app\Helpers\geography_helper.php(41): file_get_contents('http://ipinfo.i...')
#2 D:\Projects\RealEstate\app\Views\frontend\find-agent.php(156): currentLocation()
#3 D:\Projects\RealEstate\system\View\View.php(246): include('D:\\Projects\\Rea...')
#4 D:\Projects\RealEstate\system\Common.php(1087): CodeIgniter\View\View->render('frontend/find-a...', Array, true)
#5 D:\Projects\RealEstate\app\Controllers\Home.php(182): view('frontend/find-a...', Array)
#6 D:\Projects\RealEstate\system\CodeIgniter.php(914): App\Controllers\Home->findAgent()
#7 D:\Projects\RealEstate\system\CodeIgniter.php(400): CodeIgniter\CodeIgniter->runController(Object(App\Controllers\Home))
#8 D:\Projects\RealEstate\system\CodeIgniter.php(308): CodeIgniter\CodeIgniter->handleRequest(NULL, Object(Config\Cache), false)
#9 D:\Projects\RealEstate\public\index.php(45): CodeIgniter\CodeIgniter->run()
#10 D:\Projects\RealEstate\system\Commands\Server\rewrite.php(34): require_once('D:\\Projects\\Rea...')
#11 {main}
CRITICAL - 2020-09-07 05:45:33 --> file_get_contents(): php_network_getaddresses: getaddrinfo failed: No such host is known. 
#0 [internal function]: CodeIgniter\Debug\Exceptions->errorHandler(2, 'file_get_conten...', 'D:\\Projects\\Rea...', 41, Array)
#1 D:\Projects\RealEstate\app\Helpers\geography_helper.php(41): file_get_contents('http://ipinfo.i...')
#2 D:\Projects\RealEstate\app\Views\frontend\find-agent.php(156): currentLocation()
#3 D:\Projects\RealEstate\system\View\View.php(246): include('D:\\Projects\\Rea...')
#4 D:\Projects\RealEstate\system\Common.php(1087): CodeIgniter\View\View->render('frontend/find-a...', Array, true)
#5 D:\Projects\RealEstate\app\Controllers\Home.php(182): view('frontend/find-a...', Array)
#6 D:\Projects\RealEstate\system\CodeIgniter.php(914): App\Controllers\Home->findAgent()
#7 D:\Projects\RealEstate\system\CodeIgniter.php(400): CodeIgniter\CodeIgniter->runController(Object(App\Controllers\Home))
#8 D:\Projects\RealEstate\system\CodeIgniter.php(308): CodeIgniter\CodeIgniter->handleRequest(NULL, Object(Config\Cache), false)
#9 D:\Projects\RealEstate\public\index.php(45): CodeIgniter\CodeIgniter->run()
#10 D:\Projects\RealEstate\system\Commands\Server\rewrite.php(34): require_once('D:\\Projects\\Rea...')
#11 {main}
CRITICAL - 2020-09-07 07:29:28 --> Call to undefined function float()
#0 D:\Projects\RealEstate\app\Views\frontend\find-agent.php(80): getUserRatingsNumber('seller', '23', 1)
#1 D:\Projects\RealEstate\system\View\View.php(246): include('D:\\Projects\\Rea...')
#2 D:\Projects\RealEstate\system\Common.php(1087): CodeIgniter\View\View->render('frontend/find-a...', Array, true)
#3 D:\Projects\RealEstate\app\Controllers\Home.php(182): view('frontend/find-a...', Array)
#4 D:\Projects\RealEstate\system\CodeIgniter.php(914): App\Controllers\Home->findAgent()
#5 D:\Projects\RealEstate\system\CodeIgniter.php(400): CodeIgniter\CodeIgniter->runController(Object(App\Controllers\Home))
#6 D:\Projects\RealEstate\system\CodeIgniter.php(308): CodeIgniter\CodeIgniter->handleRequest(NULL, Object(Config\Cache), false)
#7 D:\Projects\RealEstate\public\index.php(45): CodeIgniter\CodeIgniter->run()
#8 D:\Projects\RealEstate\system\Commands\Server\rewrite.php(34): require_once('D:\\Projects\\Rea...')
#9 {main}
CRITICAL - 2020-09-07 08:20:26 --> You have an error in your SQL syntax; check the manual that corresponds to your MariaDB server version for the right syntax to use near ')
AND `A`.`role` = 'agent'
AND `A`.`status` = 1' at line 7
#0 D:\Projects\RealEstate\system\Database\MySQLi\Connection.php(331): mysqli->query('SELECT `A`.*, `...')
#1 D:\Projects\RealEstate\system\Database\BaseConnection.php(738): CodeIgniter\Database\MySQLi\Connection->execute('SELECT `A`.*, `...')
#2 D:\Projects\RealEstate\system\Database\BaseConnection.php(666): CodeIgniter\Database\BaseConnection->simpleQuery('SELECT `A`.*, `...')
#3 D:\Projects\RealEstate\system\Database\BaseBuilder.php(1845): CodeIgniter\Database\BaseConnection->query('SELECT `A`.*, `...', Array, false)
#4 D:\Projects\RealEstate\app\Models\UserModel.php(146): CodeIgniter\Database\BaseBuilder->get()
#5 D:\Projects\RealEstate\app\Controllers\Home.php(189): App\Models\UserModel->userSearchFilter(NULL, '', NULL, 'agent', 1)
#6 D:\Projects\RealEstate\system\CodeIgniter.php(914): App\Controllers\Home->publicProfile()
#7 D:\Projects\RealEstate\system\CodeIgniter.php(400): CodeIgniter\CodeIgniter->runController(Object(App\Controllers\Home))
#8 D:\Projects\RealEstate\system\CodeIgniter.php(308): CodeIgniter\CodeIgniter->handleRequest(NULL, Object(Config\Cache), false)
#9 D:\Projects\RealEstate\public\index.php(45): CodeIgniter\CodeIgniter->run()
#10 D:\Projects\RealEstate\system\Commands\Server\rewrite.php(34): require_once('D:\\Projects\\Rea...')
#11 {main}
CRITICAL - 2020-09-07 08:21:28 --> You have an error in your SQL syntax; check the manual that corresponds to your MariaDB server version for the right syntax to use near ')
AND `A`.`role` = 'agent'
AND `A`.`status` = 1' at line 7
#0 D:\Projects\RealEstate\system\Database\MySQLi\Connection.php(331): mysqli->query('SELECT `A`.*, `...')
#1 D:\Projects\RealEstate\system\Database\BaseConnection.php(738): CodeIgniter\Database\MySQLi\Connection->execute('SELECT `A`.*, `...')
#2 D:\Projects\RealEstate\system\Database\BaseConnection.php(666): CodeIgniter\Database\BaseConnection->simpleQuery('SELECT `A`.*, `...')
#3 D:\Projects\RealEstate\system\Database\BaseBuilder.php(1845): CodeIgniter\Database\BaseConnection->query('SELECT `A`.*, `...', Array, false)
#4 D:\Projects\RealEstate\app\Models\UserModel.php(146): CodeIgniter\Database\BaseBuilder->get()
#5 D:\Projects\RealEstate\app\Controllers\Home.php(189): App\Models\UserModel->userSearchFilter(NULL, '', NULL, 'agent', 1)
#6 D:\Projects\RealEstate\system\CodeIgniter.php(914): App\Controllers\Home->publicProfile()
#7 D:\Projects\RealEstate\system\CodeIgniter.php(400): CodeIgniter\CodeIgniter->runController(Object(App\Controllers\Home))
#8 D:\Projects\RealEstate\system\CodeIgniter.php(308): CodeIgniter\CodeIgniter->handleRequest(NULL, Object(Config\Cache), false)
#9 D:\Projects\RealEstate\public\index.php(45): CodeIgniter\CodeIgniter->run()
#10 D:\Projects\RealEstate\system\Commands\Server\rewrite.php(34): require_once('D:\\Projects\\Rea...')
#11 {main}
CRITICAL - 2020-09-07 08:30:16 --> Undefined variable: total_sold
#0 D:\Projects\RealEstate\app\Views\frontend\public-profile.php(176): CodeIgniter\Debug\Exceptions->errorHandler(8, 'Undefined varia...', 'D:\\Projects\\Rea...', 176, Array)
#1 D:\Projects\RealEstate\system\View\View.php(246): include('D:\\Projects\\Rea...')
#2 D:\Projects\RealEstate\system\Common.php(1087): CodeIgniter\View\View->render('frontend/public...', Array, true)
#3 D:\Projects\RealEstate\app\Controllers\Home.php(190): view('frontend/public...', Array)
#4 D:\Projects\RealEstate\system\CodeIgniter.php(914): App\Controllers\Home->publicProfile()
#5 D:\Projects\RealEstate\system\CodeIgniter.php(400): CodeIgniter\CodeIgniter->runController(Object(App\Controllers\Home))
#6 D:\Projects\RealEstate\system\CodeIgniter.php(308): CodeIgniter\CodeIgniter->handleRequest(NULL, Object(Config\Cache), false)
#7 D:\Projects\RealEstate\public\index.php(45): CodeIgniter\CodeIgniter->run()
#8 D:\Projects\RealEstate\system\Commands\Server\rewrite.php(34): require_once('D:\\Projects\\Rea...')
#9 {main}
CRITICAL - 2020-09-07 09:01:54 --> Undefined variable: data
#0 D:\Projects\RealEstate\app\Models\UserModel.php(261): CodeIgniter\Debug\Exceptions->errorHandler(8, 'Undefined varia...', 'D:\\Projects\\Rea...', 261, Array)
#1 D:\Projects\RealEstate\app\Controllers\Home.php(190): App\Models\UserModel->getUserIdFromUsername('...')
#2 D:\Projects\RealEstate\system\CodeIgniter.php(914): App\Controllers\Home->publicProfile()
#3 D:\Projects\RealEstate\system\CodeIgniter.php(400): CodeIgniter\CodeIgniter->runController(Object(App\Controllers\Home))
#4 D:\Projects\RealEstate\system\CodeIgniter.php(308): CodeIgniter\CodeIgniter->handleRequest(NULL, Object(Config\Cache), false)
#5 D:\Projects\RealEstate\public\index.php(45): CodeIgniter\CodeIgniter->run()
#6 D:\Projects\RealEstate\system\Commands\Server\rewrite.php(34): require_once('D:\\Projects\\Rea...')
#7 {main}
CRITICAL - 2020-09-07 09:01:55 --> Undefined variable: data
#0 D:\Projects\RealEstate\app\Models\UserModel.php(261): CodeIgniter\Debug\Exceptions->errorHandler(8, 'Undefined varia...', 'D:\\Projects\\Rea...', 261, Array)
#1 D:\Projects\RealEstate\app\Controllers\Home.php(190): App\Models\UserModel->getUserIdFromUsername('...')
#2 D:\Projects\RealEstate\system\CodeIgniter.php(914): App\Controllers\Home->publicProfile()
#3 D:\Projects\RealEstate\system\CodeIgniter.php(400): CodeIgniter\CodeIgniter->runController(Object(App\Controllers\Home))
#4 D:\Projects\RealEstate\system\CodeIgniter.php(308): CodeIgniter\CodeIgniter->handleRequest(NULL, Object(Config\Cache), false)
#5 D:\Projects\RealEstate\public\index.php(45): CodeIgniter\CodeIgniter->run()
#6 D:\Projects\RealEstate\system\Commands\Server\rewrite.php(34): require_once('D:\\Projects\\Rea...')
#7 {main}
CRITICAL - 2020-09-07 09:03:00 --> Undefined variable: data
#0 D:\Projects\RealEstate\app\Models\UserModel.php(261): CodeIgniter\Debug\Exceptions->errorHandler(8, 'Undefined varia...', 'D:\\Projects\\Rea...', 261, Array)
#1 D:\Projects\RealEstate\app\Controllers\Home.php(190): App\Models\UserModel->getUserIdFromUsername('...')
#2 D:\Projects\RealEstate\system\CodeIgniter.php(914): App\Controllers\Home->publicProfile()
#3 D:\Projects\RealEstate\system\CodeIgniter.php(400): CodeIgniter\CodeIgniter->runController(Object(App\Controllers\Home))
#4 D:\Projects\RealEstate\system\CodeIgniter.php(308): CodeIgniter\CodeIgniter->handleRequest(NULL, Object(Config\Cache), false)
#5 D:\Projects\RealEstate\public\index.php(45): CodeIgniter\CodeIgniter->run()
#6 D:\Projects\RealEstate\system\Commands\Server\rewrite.php(34): require_once('D:\\Projects\\Rea...')
#7 {main}
CRITICAL - 2020-09-07 09:03:00 --> Undefined variable: data
#0 D:\Projects\RealEstate\app\Models\UserModel.php(261): CodeIgniter\Debug\Exceptions->errorHandler(8, 'Undefined varia...', 'D:\\Projects\\Rea...', 261, Array)
#1 D:\Projects\RealEstate\app\Controllers\Home.php(190): App\Models\UserModel->getUserIdFromUsername('...')
#2 D:\Projects\RealEstate\system\CodeIgniter.php(914): App\Controllers\Home->publicProfile()
#3 D:\Projects\RealEstate\system\CodeIgniter.php(400): CodeIgniter\CodeIgniter->runController(Object(App\Controllers\Home))
#4 D:\Projects\RealEstate\system\CodeIgniter.php(308): CodeIgniter\CodeIgniter->handleRequest(NULL, Object(Config\Cache), false)
#5 D:\Projects\RealEstate\public\index.php(45): CodeIgniter\CodeIgniter->run()
#6 D:\Projects\RealEstate\system\Commands\Server\rewrite.php(34): require_once('D:\\Projects\\Rea...')
#7 {main}
CRITICAL - 2020-09-07 09:03:29 --> Undefined variable: data
#0 D:\Projects\RealEstate\app\Models\UserModel.php(261): CodeIgniter\Debug\Exceptions->errorHandler(8, 'Undefined varia...', 'D:\\Projects\\Rea...', 261, Array)
#1 D:\Projects\RealEstate\app\Controllers\Home.php(190): App\Models\UserModel->getUserIdFromUsername('...')
#2 D:\Projects\RealEstate\system\CodeIgniter.php(914): App\Controllers\Home->publicProfile()
#3 D:\Projects\RealEstate\system\CodeIgniter.php(400): CodeIgniter\CodeIgniter->runController(Object(App\Controllers\Home))
#4 D:\Projects\RealEstate\system\CodeIgniter.php(308): CodeIgniter\CodeIgniter->handleRequest(NULL, Object(Config\Cache), false)
#5 D:\Projects\RealEstate\public\index.php(45): CodeIgniter\CodeIgniter->run()
#6 D:\Projects\RealEstate\system\Commands\Server\rewrite.php(34): require_once('D:\\Projects\\Rea...')
#7 {main}
CRITICAL - 2020-09-07 09:04:34 --> Undefined variable: data
#0 D:\Projects\RealEstate\app\Models\UserModel.php(261): CodeIgniter\Debug\Exceptions->errorHandler(8, 'Undefined varia...', 'D:\\Projects\\Rea...', 261, Array)
#1 D:\Projects\RealEstate\app\Controllers\Home.php(190): App\Models\UserModel->getUserIdFromUsername('...')
#2 D:\Projects\RealEstate\system\CodeIgniter.php(914): App\Controllers\Home->publicProfile()
#3 D:\Projects\RealEstate\system\CodeIgniter.php(400): CodeIgniter\CodeIgniter->runController(Object(App\Controllers\Home))
#4 D:\Projects\RealEstate\system\CodeIgniter.php(308): CodeIgniter\CodeIgniter->handleRequest(NULL, Object(Config\Cache), false)
#5 D:\Projects\RealEstate\public\index.php(45): CodeIgniter\CodeIgniter->run()
#6 D:\Projects\RealEstate\system\Commands\Server\rewrite.php(34): require_once('D:\\Projects\\Rea...')
#7 {main}
CRITICAL - 2020-09-07 09:04:35 --> Undefined variable: data
#0 D:\Projects\RealEstate\app\Models\UserModel.php(261): CodeIgniter\Debug\Exceptions->errorHandler(8, 'Undefined varia...', 'D:\\Projects\\Rea...', 261, Array)
#1 D:\Projects\RealEstate\app\Controllers\Home.php(190): App\Models\UserModel->getUserIdFromUsername('...')
#2 D:\Projects\RealEstate\system\CodeIgniter.php(914): App\Controllers\Home->publicProfile()
#3 D:\Projects\RealEstate\system\CodeIgniter.php(400): CodeIgniter\CodeIgniter->runController(Object(App\Controllers\Home))
#4 D:\Projects\RealEstate\system\CodeIgniter.php(308): CodeIgniter\CodeIgniter->handleRequest(NULL, Object(Config\Cache), false)
#5 D:\Projects\RealEstate\public\index.php(45): CodeIgniter\CodeIgniter->run()
#6 D:\Projects\RealEstate\system\Commands\Server\rewrite.php(34): require_once('D:\\Projects\\Rea...')
#7 {main}
CRITICAL - 2020-09-07 09:15:00 --> Undefined variable: data
#0 D:\Projects\RealEstate\app\Models\UserModel.php(261): CodeIgniter\Debug\Exceptions->errorHandler(8, 'Undefined varia...', 'D:\\Projects\\Rea...', 261, Array)
#1 D:\Projects\RealEstate\app\Controllers\Home.php(190): App\Models\UserModel->getUserIdFromUsername('1598019627_e43f...')
#2 D:\Projects\RealEstate\system\CodeIgniter.php(914): App\Controllers\Home->publicProfile()
#3 D:\Projects\RealEstate\system\CodeIgniter.php(400): CodeIgniter\CodeIgniter->runController(Object(App\Controllers\Home))
#4 D:\Projects\RealEstate\system\CodeIgniter.php(308): CodeIgniter\CodeIgniter->handleRequest(NULL, Object(Config\Cache), false)
#5 D:\Projects\RealEstate\public\index.php(45): CodeIgniter\CodeIgniter->run()
#6 D:\Projects\RealEstate\system\Commands\Server\rewrite.php(34): require_once('D:\\Projects\\Rea...')
#7 {main}
CRITICAL - 2020-09-07 09:15:01 --> Undefined variable: data
#0 D:\Projects\RealEstate\app\Models\UserModel.php(261): CodeIgniter\Debug\Exceptions->errorHandler(8, 'Undefined varia...', 'D:\\Projects\\Rea...', 261, Array)
#1 D:\Projects\RealEstate\app\Controllers\Home.php(190): App\Models\UserModel->getUserIdFromUsername('1598019627_e43f...')
#2 D:\Projects\RealEstate\system\CodeIgniter.php(914): App\Controllers\Home->publicProfile()
#3 D:\Projects\RealEstate\system\CodeIgniter.php(400): CodeIgniter\CodeIgniter->runController(Object(App\Controllers\Home))
#4 D:\Projects\RealEstate\system\CodeIgniter.php(308): CodeIgniter\CodeIgniter->handleRequest(NULL, Object(Config\Cache), false)
#5 D:\Projects\RealEstate\public\index.php(45): CodeIgniter\CodeIgniter->run()
#6 D:\Projects\RealEstate\system\Commands\Server\rewrite.php(34): require_once('D:\\Projects\\Rea...')
#7 {main}
CRITICAL - 2020-09-07 09:29:59 --> Undefined variable: sAgents
#0 D:\Projects\RealEstate\app\Views\frontend\find-agent.php(53): CodeIgniter\Debug\Exceptions->errorHandler(8, 'Undefined varia...', 'D:\\Projects\\Rea...', 53, Array)
#1 D:\Projects\RealEstate\system\View\View.php(246): include('D:\\Projects\\Rea...')
#2 D:\Projects\RealEstate\system\Common.php(1087): CodeIgniter\View\View->render('frontend/find-a...', Array, true)
#3 D:\Projects\RealEstate\app\Controllers\Home.php(182): view('frontend/find-a...', Array)
#4 D:\Projects\RealEstate\system\CodeIgniter.php(914): App\Controllers\Home->findAgent()
#5 D:\Projects\RealEstate\system\CodeIgniter.php(400): CodeIgniter\CodeIgniter->runController(Object(App\Controllers\Home))
#6 D:\Projects\RealEstate\system\CodeIgniter.php(308): CodeIgniter\CodeIgniter->handleRequest(NULL, Object(Config\Cache), false)
#7 D:\Projects\RealEstate\public\index.php(45): CodeIgniter\CodeIgniter->run()
#8 D:\Projects\RealEstate\system\Commands\Server\rewrite.php(34): require_once('D:\\Projects\\Rea...')
#9 {main}
CRITICAL - 2020-09-07 09:31:49 --> Undefined variable: sAgents
#0 D:\Projects\RealEstate\app\Views\frontend\find-agent.php(53): CodeIgniter\Debug\Exceptions->errorHandler(8, 'Undefined varia...', 'D:\\Projects\\Rea...', 53, Array)
#1 D:\Projects\RealEstate\system\View\View.php(246): include('D:\\Projects\\Rea...')
#2 D:\Projects\RealEstate\system\Common.php(1087): CodeIgniter\View\View->render('frontend/find-a...', Array, true)
#3 D:\Projects\RealEstate\app\Controllers\Home.php(182): view('frontend/find-a...', Array)
#4 D:\Projects\RealEstate\system\CodeIgniter.php(914): App\Controllers\Home->findAgent()
#5 D:\Projects\RealEstate\system\CodeIgniter.php(400): CodeIgniter\CodeIgniter->runController(Object(App\Controllers\Home))
#6 D:\Projects\RealEstate\system\CodeIgniter.php(308): CodeIgniter\CodeIgniter->handleRequest(NULL, Object(Config\Cache), false)
#7 D:\Projects\RealEstate\public\index.php(45): CodeIgniter\CodeIgniter->run()
#8 D:\Projects\RealEstate\system\Commands\Server\rewrite.php(34): require_once('D:\\Projects\\Rea...')
#9 {main}
CRITICAL - 2020-09-07 09:44:26 --> A non-numeric value encountered
#0 D:\Projects\RealEstate\app\Helpers\common_helper.php(551): CodeIgniter\Debug\Exceptions->errorHandler(2, 'A non-numeric v...', 'D:\\Projects\\Rea...', 551, Array)
#1 D:\Projects\RealEstate\app\Views\frontend\public-profile.php(212): ratingCalculator('')
#2 D:\Projects\RealEstate\system\View\View.php(246): include('D:\\Projects\\Rea...')
#3 D:\Projects\RealEstate\system\Common.php(1087): CodeIgniter\View\View->render('frontend/public...', Array, true)
#4 D:\Projects\RealEstate\app\Controllers\Home.php(192): view('frontend/public...', Array)
#5 D:\Projects\RealEstate\system\CodeIgniter.php(914): App\Controllers\Home->publicProfile()
#6 D:\Projects\RealEstate\system\CodeIgniter.php(400): CodeIgniter\CodeIgniter->runController(Object(App\Controllers\Home))
#7 D:\Projects\RealEstate\system\CodeIgniter.php(308): CodeIgniter\CodeIgniter->handleRequest(NULL, Object(Config\Cache), false)
#8 D:\Projects\RealEstate\public\index.php(45): CodeIgniter\CodeIgniter->run()
#9 D:\Projects\RealEstate\system\Commands\Server\rewrite.php(34): require_once('D:\\Projects\\Rea...')
#10 {main}
CRITICAL - 2020-09-07 10:38:51 --> Undefined variable: review
#0 D:\Projects\RealEstate\app\Views\frontend\write-review.php(26): CodeIgniter\Debug\Exceptions->errorHandler(8, 'Undefined varia...', 'D:\\Projects\\Rea...', 26, Array)
#1 D:\Projects\RealEstate\system\View\View.php(246): include('D:\\Projects\\Rea...')
#2 D:\Projects\RealEstate\system\Common.php(1087): CodeIgniter\View\View->render('frontend/write-...', Array, true)
#3 D:\Projects\RealEstate\app\Controllers\Home.php(194): view('frontend/write-...', Array)
#4 D:\Projects\RealEstate\system\CodeIgniter.php(914): App\Controllers\Home->publicProfile()
#5 D:\Projects\RealEstate\system\CodeIgniter.php(400): CodeIgniter\CodeIgniter->runController(Object(App\Controllers\Home))
#6 D:\Projects\RealEstate\system\CodeIgniter.php(308): CodeIgniter\CodeIgniter->handleRequest(NULL, Object(Config\Cache), false)
#7 D:\Projects\RealEstate\public\index.php(45): CodeIgniter\CodeIgniter->run()
#8 D:\Projects\RealEstate\system\Commands\Server\rewrite.php(34): require_once('D:\\Projects\\Rea...')
#9 {main}
CRITICAL - 2020-09-07 10:47:05 --> Undefined variable: sAgents
#0 D:\Projects\RealEstate\app\Views\frontend\find-agent.php(53): CodeIgniter\Debug\Exceptions->errorHandler(8, 'Undefined varia...', 'D:\\Projects\\Rea...', 53, Array)
#1 D:\Projects\RealEstate\system\View\View.php(246): include('D:\\Projects\\Rea...')
#2 D:\Projects\RealEstate\system\Common.php(1087): CodeIgniter\View\View->render('frontend/find-a...', Array, true)
#3 D:\Projects\RealEstate\app\Controllers\Home.php(182): view('frontend/find-a...', Array)
#4 D:\Projects\RealEstate\system\CodeIgniter.php(914): App\Controllers\Home->findAgent()
#5 D:\Projects\RealEstate\system\CodeIgniter.php(400): CodeIgniter\CodeIgniter->runController(Object(App\Controllers\Home))
#6 D:\Projects\RealEstate\system\CodeIgniter.php(308): CodeIgniter\CodeIgniter->handleRequest(NULL, Object(Config\Cache), false)
#7 D:\Projects\RealEstate\public\index.php(45): CodeIgniter\CodeIgniter->run()
#8 D:\Projects\RealEstate\system\Commands\Server\rewrite.php(34): require_once('D:\\Projects\\Rea...')
#9 {main}
CRITICAL - 2020-09-07 11:30:21 --> Invalid argument supplied for foreach()
#0 D:\Projects\RealEstate\app\Views\frontend\property.php(190): CodeIgniter\Debug\Exceptions->errorHandler(2, 'Invalid argumen...', 'D:\\Projects\\Rea...', 190, Array)
#1 D:\Projects\RealEstate\system\View\View.php(246): include('D:\\Projects\\Rea...')
#2 D:\Projects\RealEstate\system\Common.php(1087): CodeIgniter\View\View->render('frontend/proper...', Array, true)
#3 D:\Projects\RealEstate\app\Controllers\Property.php(55): view('frontend/proper...', Array)
#4 D:\Projects\RealEstate\system\CodeIgniter.php(914): App\Controllers\Property->index()
#5 D:\Projects\RealEstate\system\CodeIgniter.php(400): CodeIgniter\CodeIgniter->runController(Object(App\Controllers\Property))
#6 D:\Projects\RealEstate\system\CodeIgniter.php(308): CodeIgniter\CodeIgniter->handleRequest(NULL, Object(Config\Cache), false)
#7 D:\Projects\RealEstate\public\index.php(45): CodeIgniter\CodeIgniter->run()
#8 D:\Projects\RealEstate\system\Commands\Server\rewrite.php(34): require_once('D:\\Projects\\Rea...')
#9 {main}
