CRITICAL - 2020-07-30 12:03:21 --> No connection could be made because the target machine actively refused it.

#0 D:\Projects\RealEstate\system\Database\BaseConnection.php(377): CodeIgniter\Database\MySQLi\Connection->connect(false)
#1 D:\Projects\RealEstate\system\Database\BaseConnection.php(643): CodeIgniter\Database\BaseConnection->initialize()
#2 D:\Projects\RealEstate\system\Database\BaseBuilder.php(1845): CodeIgniter\Database\BaseConnection->query('SELECT *\nFROM `...', Array, false)
#3 D:\Projects\RealEstate\app\Models\PropertyModel.php(118): CodeIgniter\Database\BaseBuilder->get()
#4 D:\Projects\RealEstate\app\Controllers\Home.php(15): App\Models\PropertyModel->getAllFeaturedProperties()
#5 D:\Projects\RealEstate\system\CodeIgniter.php(914): App\Controllers\Home->index()
#6 D:\Projects\RealEstate\system\CodeIgniter.php(400): CodeIgniter\CodeIgniter->runController(Object(App\Controllers\Home))
#7 D:\Projects\RealEstate\system\CodeIgniter.php(308): CodeIgniter\CodeIgniter->handleRequest(NULL, Object(Config\Cache), false)
#8 D:\Projects\RealEstate\public\index.php(45): CodeIgniter\CodeIgniter->run()
#9 D:\Projects\RealEstate\system\Commands\Server\rewrite.php(34): require_once('D:\\Projects\\Rea...')
#10 {main}
CRITICAL - 2020-07-30 12:03:21 --> Uncaught ErrorException: print_r(): Property access is not allowed yet in D:\Projects\RealEstate\app\Views\errors\html\error_exception.php:100
Stack trace:
#0 [internal function]: CodeIgniter\Debug\Exceptions->errorHandler(2, 'print_r(): Prop...', 'D:\\Projects\\Rea...', 100, Array)
#1 D:\Projects\RealEstate\app\Views\errors\html\error_exception.php(100): print_r(Object(App\Controllers\Home), true)
#2 D:\Projects\RealEstate\system\Debug\Exceptions.php(299): include('D:\\Projects\\Rea...')
#3 D:\Projects\RealEstate\system\Debug\Exceptions.php(172): CodeIgniter\Debug\Exceptions->render(Object(mysqli_sql_exception), 500)
#4 [internal function]: CodeIgniter\Debug\Exceptions->exceptionHandler(Object(mysqli_sql_exception))
#5 {main}
  thrown
#0 [internal function]: CodeIgniter\Debug\Exceptions->shutdownHandler()
#1 {main}
CRITICAL - 2020-07-30 12:04:04 --> Invalid argument supplied for foreach()
#0 D:\Projects\RealEstate\app\Controllers\Message.php(54): CodeIgniter\Debug\Exceptions->errorHandler(2, 'Invalid argumen...', 'D:\\Projects\\Rea...', 54, Array)
#1 D:\Projects\RealEstate\system\CodeIgniter.php(914): App\Controllers\Message->getMessagesAjax()
#2 D:\Projects\RealEstate\system\CodeIgniter.php(400): CodeIgniter\CodeIgniter->runController(Object(App\Controllers\Message))
#3 D:\Projects\RealEstate\system\CodeIgniter.php(308): CodeIgniter\CodeIgniter->handleRequest(NULL, Object(Config\Cache), false)
#4 D:\Projects\RealEstate\public\index.php(45): CodeIgniter\CodeIgniter->run()
#5 D:\Projects\RealEstate\system\Commands\Server\rewrite.php(34): require_once('D:\\Projects\\Rea...')
#6 {main}
CRITICAL - 2020-07-30 12:04:21 --> Invalid argument supplied for foreach()
#0 D:\Projects\RealEstate\app\Controllers\Message.php(54): CodeIgniter\Debug\Exceptions->errorHandler(2, 'Invalid argumen...', 'D:\\Projects\\Rea...', 54, Array)
#1 D:\Projects\RealEstate\system\CodeIgniter.php(914): App\Controllers\Message->getMessagesAjax()
#2 D:\Projects\RealEstate\system\CodeIgniter.php(400): CodeIgniter\CodeIgniter->runController(Object(App\Controllers\Message))
#3 D:\Projects\RealEstate\system\CodeIgniter.php(308): CodeIgniter\CodeIgniter->handleRequest(NULL, Object(Config\Cache), false)
#4 D:\Projects\RealEstate\public\index.php(45): CodeIgniter\CodeIgniter->run()
#5 D:\Projects\RealEstate\system\Commands\Server\rewrite.php(34): require_once('D:\\Projects\\Rea...')
#6 {main}
CRITICAL - 2020-07-30 13:42:07 --> Invalid argument supplied for foreach()
#0 D:\Projects\RealEstate\app\Controllers\Message.php(54): CodeIgniter\Debug\Exceptions->errorHandler(2, 'Invalid argumen...', 'D:\\Projects\\Rea...', 54, Array)
#1 D:\Projects\RealEstate\system\CodeIgniter.php(914): App\Controllers\Message->getMessagesAjax()
#2 D:\Projects\RealEstate\system\CodeIgniter.php(400): CodeIgniter\CodeIgniter->runController(Object(App\Controllers\Message))
#3 D:\Projects\RealEstate\system\CodeIgniter.php(308): CodeIgniter\CodeIgniter->handleRequest(NULL, Object(Config\Cache), false)
#4 D:\Projects\RealEstate\public\index.php(45): CodeIgniter\CodeIgniter->run()
#5 D:\Projects\RealEstate\system\Commands\Server\rewrite.php(34): require_once('D:\\Projects\\Rea...')
#6 {main}
CRITICAL - 2020-07-30 13:44:35 --> Invalid argument supplied for foreach()
#0 D:\Projects\RealEstate\app\Controllers\Message.php(54): CodeIgniter\Debug\Exceptions->errorHandler(2, 'Invalid argumen...', 'D:\\Projects\\Rea...', 54, Array)
#1 D:\Projects\RealEstate\system\CodeIgniter.php(914): App\Controllers\Message->getMessagesAjax()
#2 D:\Projects\RealEstate\system\CodeIgniter.php(400): CodeIgniter\CodeIgniter->runController(Object(App\Controllers\Message))
#3 D:\Projects\RealEstate\system\CodeIgniter.php(308): CodeIgniter\CodeIgniter->handleRequest(NULL, Object(Config\Cache), false)
#4 D:\Projects\RealEstate\public\index.php(45): CodeIgniter\CodeIgniter->run()
#5 D:\Projects\RealEstate\system\Commands\Server\rewrite.php(34): require_once('D:\\Projects\\Rea...')
#6 {main}
CRITICAL - 2020-07-30 13:44:45 --> Undefined variable: data
#0 D:\Projects\RealEstate\app\Controllers\Dashboard.php(60): CodeIgniter\Debug\Exceptions->errorHandler(8, 'Undefined varia...', 'D:\\Projects\\Rea...', 60, Array)
#1 D:\Projects\RealEstate\system\CodeIgniter.php(914): App\Controllers\Dashboard->sales()
#2 D:\Projects\RealEstate\system\CodeIgniter.php(400): CodeIgniter\CodeIgniter->runController(Object(App\Controllers\Dashboard))
#3 D:\Projects\RealEstate\system\CodeIgniter.php(308): CodeIgniter\CodeIgniter->handleRequest(NULL, Object(Config\Cache), false)
#4 D:\Projects\RealEstate\public\index.php(45): CodeIgniter\CodeIgniter->run()
#5 D:\Projects\RealEstate\system\Commands\Server\rewrite.php(34): require_once('D:\\Projects\\Rea...')
#6 {main}
CRITICAL - 2020-07-30 13:44:58 --> Undefined index: pid
#0 D:\Projects\RealEstate\app\Views\frontend\messages.php(200): CodeIgniter\Debug\Exceptions->errorHandler(8, 'Undefined index...', 'D:\\Projects\\Rea...', 200, Array)
#1 D:\Projects\RealEstate\system\View\View.php(246): include('D:\\Projects\\Rea...')
#2 D:\Projects\RealEstate\system\Common.php(1087): CodeIgniter\View\View->render('frontend/messag...', Array, true)
#3 D:\Projects\RealEstate\app\Controllers\Account.php(112): view('frontend/messag...', Array)
#4 D:\Projects\RealEstate\system\CodeIgniter.php(914): App\Controllers\Account->messages()
#5 D:\Projects\RealEstate\system\CodeIgniter.php(400): CodeIgniter\CodeIgniter->runController(Object(App\Controllers\Account))
#6 D:\Projects\RealEstate\system\CodeIgniter.php(308): CodeIgniter\CodeIgniter->handleRequest(NULL, Object(Config\Cache), false)
#7 D:\Projects\RealEstate\public\index.php(45): CodeIgniter\CodeIgniter->run()
#8 D:\Projects\RealEstate\system\Commands\Server\rewrite.php(34): require_once('D:\\Projects\\Rea...')
#9 {main}
CRITICAL - 2020-07-30 13:45:16 --> Invalid argument supplied for foreach()
#0 D:\Projects\RealEstate\app\Controllers\Message.php(54): CodeIgniter\Debug\Exceptions->errorHandler(2, 'Invalid argumen...', 'D:\\Projects\\Rea...', 54, Array)
#1 D:\Projects\RealEstate\system\CodeIgniter.php(914): App\Controllers\Message->getMessagesAjax()
#2 D:\Projects\RealEstate\system\CodeIgniter.php(400): CodeIgniter\CodeIgniter->runController(Object(App\Controllers\Message))
#3 D:\Projects\RealEstate\system\CodeIgniter.php(308): CodeIgniter\CodeIgniter->handleRequest(NULL, Object(Config\Cache), false)
#4 D:\Projects\RealEstate\public\index.php(45): CodeIgniter\CodeIgniter->run()
#5 D:\Projects\RealEstate\system\Commands\Server\rewrite.php(34): require_once('D:\\Projects\\Rea...')
#6 {main}
CRITICAL - 2020-07-30 13:45:33 --> Invalid argument supplied for foreach()
#0 D:\Projects\RealEstate\app\Controllers\Message.php(54): CodeIgniter\Debug\Exceptions->errorHandler(2, 'Invalid argumen...', 'D:\\Projects\\Rea...', 54, Array)
#1 D:\Projects\RealEstate\system\CodeIgniter.php(914): App\Controllers\Message->getMessagesAjax()
#2 D:\Projects\RealEstate\system\CodeIgniter.php(400): CodeIgniter\CodeIgniter->runController(Object(App\Controllers\Message))
#3 D:\Projects\RealEstate\system\CodeIgniter.php(308): CodeIgniter\CodeIgniter->handleRequest(NULL, Object(Config\Cache), false)
#4 D:\Projects\RealEstate\public\index.php(45): CodeIgniter\CodeIgniter->run()
#5 D:\Projects\RealEstate\system\Commands\Server\rewrite.php(34): require_once('D:\\Projects\\Rea...')
#6 {main}
CRITICAL - 2020-07-30 13:45:40 --> Invalid argument supplied for foreach()
#0 D:\Projects\RealEstate\app\Controllers\Message.php(54): CodeIgniter\Debug\Exceptions->errorHandler(2, 'Invalid argumen...', 'D:\\Projects\\Rea...', 54, Array)
#1 D:\Projects\RealEstate\system\CodeIgniter.php(914): App\Controllers\Message->getMessagesAjax()
#2 D:\Projects\RealEstate\system\CodeIgniter.php(400): CodeIgniter\CodeIgniter->runController(Object(App\Controllers\Message))
#3 D:\Projects\RealEstate\system\CodeIgniter.php(308): CodeIgniter\CodeIgniter->handleRequest(NULL, Object(Config\Cache), false)
#4 D:\Projects\RealEstate\public\index.php(45): CodeIgniter\CodeIgniter->run()
#5 D:\Projects\RealEstate\system\Commands\Server\rewrite.php(34): require_once('D:\\Projects\\Rea...')
#6 {main}
CRITICAL - 2020-07-30 13:45:57 --> Invalid argument supplied for foreach()
#0 D:\Projects\RealEstate\app\Controllers\Message.php(54): CodeIgniter\Debug\Exceptions->errorHandler(2, 'Invalid argumen...', 'D:\\Projects\\Rea...', 54, Array)
#1 D:\Projects\RealEstate\system\CodeIgniter.php(914): App\Controllers\Message->getMessagesAjax()
#2 D:\Projects\RealEstate\system\CodeIgniter.php(400): CodeIgniter\CodeIgniter->runController(Object(App\Controllers\Message))
#3 D:\Projects\RealEstate\system\CodeIgniter.php(308): CodeIgniter\CodeIgniter->handleRequest(NULL, Object(Config\Cache), false)
#4 D:\Projects\RealEstate\public\index.php(45): CodeIgniter\CodeIgniter->run()
#5 D:\Projects\RealEstate\system\Commands\Server\rewrite.php(34): require_once('D:\\Projects\\Rea...')
#6 {main}
CRITICAL - 2020-07-30 14:18:11 --> Invalid argument supplied for foreach()
#0 D:\Projects\RealEstate\app\Controllers\Message.php(54): CodeIgniter\Debug\Exceptions->errorHandler(2, 'Invalid argumen...', 'D:\\Projects\\Rea...', 54, Array)
#1 D:\Projects\RealEstate\system\CodeIgniter.php(914): App\Controllers\Message->getMessagesAjax()
#2 D:\Projects\RealEstate\system\CodeIgniter.php(400): CodeIgniter\CodeIgniter->runController(Object(App\Controllers\Message))
#3 D:\Projects\RealEstate\system\CodeIgniter.php(308): CodeIgniter\CodeIgniter->handleRequest(NULL, Object(Config\Cache), false)
#4 D:\Projects\RealEstate\public\index.php(45): CodeIgniter\CodeIgniter->run()
#5 D:\Projects\RealEstate\system\Commands\Server\rewrite.php(34): require_once('D:\\Projects\\Rea...')
#6 {main}
CRITICAL - 2020-07-30 14:20:56 --> Invalid argument supplied for foreach()
#0 D:\Projects\RealEstate\app\Controllers\Message.php(54): CodeIgniter\Debug\Exceptions->errorHandler(2, 'Invalid argumen...', 'D:\\Projects\\Rea...', 54, Array)
#1 D:\Projects\RealEstate\system\CodeIgniter.php(914): App\Controllers\Message->getMessagesAjax()
#2 D:\Projects\RealEstate\system\CodeIgniter.php(400): CodeIgniter\CodeIgniter->runController(Object(App\Controllers\Message))
#3 D:\Projects\RealEstate\system\CodeIgniter.php(308): CodeIgniter\CodeIgniter->handleRequest(NULL, Object(Config\Cache), false)
#4 D:\Projects\RealEstate\public\index.php(45): CodeIgniter\CodeIgniter->run()
#5 D:\Projects\RealEstate\system\Commands\Server\rewrite.php(34): require_once('D:\\Projects\\Rea...')
#6 {main}
CRITICAL - 2020-07-30 14:21:02 --> Invalid argument supplied for foreach()
#0 D:\Projects\RealEstate\app\Controllers\Message.php(54): CodeIgniter\Debug\Exceptions->errorHandler(2, 'Invalid argumen...', 'D:\\Projects\\Rea...', 54, Array)
#1 D:\Projects\RealEstate\system\CodeIgniter.php(914): App\Controllers\Message->getMessagesAjax()
#2 D:\Projects\RealEstate\system\CodeIgniter.php(400): CodeIgniter\CodeIgniter->runController(Object(App\Controllers\Message))
#3 D:\Projects\RealEstate\system\CodeIgniter.php(308): CodeIgniter\CodeIgniter->handleRequest(NULL, Object(Config\Cache), false)
#4 D:\Projects\RealEstate\public\index.php(45): CodeIgniter\CodeIgniter->run()
#5 D:\Projects\RealEstate\system\Commands\Server\rewrite.php(34): require_once('D:\\Projects\\Rea...')
#6 {main}
CRITICAL - 2020-07-30 17:48:29 --> syntax error, unexpected '=', expecting ')'
#0 D:\Projects\RealEstate\system\Autoloader\Autoloader.php(340): CodeIgniter\Autoloader\Autoloader->requireFile('D:\\Projects\\Rea...')
#1 D:\Projects\RealEstate\system\Autoloader\Autoloader.php(264): CodeIgniter\Autoloader\Autoloader->loadLegacy('PropertyModel.p...')
#2 [internal function]: CodeIgniter\Autoloader\Autoloader->loadClass('PropertyModel')
#3 [internal function]: spl_autoload_call('PropertyModel')
#4 D:\Projects\RealEstate\system\Database\ModelFactory.php(74): class_exists('PropertyModel')
#5 D:\Projects\RealEstate\system\Database\ModelFactory.php(40): CodeIgniter\Database\ModelFactory::createClass('PropertyModel', NULL)
#6 D:\Projects\RealEstate\system\Common.php(742): CodeIgniter\Database\ModelFactory::get('PropertyModel', true, NULL)
#7 D:\Projects\RealEstate\app\Controllers\Backend\Properties.php(13): model('PropertyModel')
#8 D:\Projects\RealEstate\system\CodeIgniter.php(886): App\Controllers\Backend\Properties->__construct()
#9 D:\Projects\RealEstate\system\CodeIgniter.php(395): CodeIgniter\CodeIgniter->createController()
#10 D:\Projects\RealEstate\system\CodeIgniter.php(308): CodeIgniter\CodeIgniter->handleRequest(NULL, Object(Config\Cache), false)
#11 D:\Projects\RealEstate\public\index.php(45): CodeIgniter\CodeIgniter->run()
#12 D:\Projects\RealEstate\system\Commands\Server\rewrite.php(34): require_once('D:\\Projects\\Rea...')
#13 {main}
CRITICAL - 2020-07-30 17:49:58 --> syntax error, unexpected '=', expecting ')'
#0 D:\Projects\RealEstate\system\Autoloader\Autoloader.php(340): CodeIgniter\Autoloader\Autoloader->requireFile('D:\\Projects\\Rea...')
#1 D:\Projects\RealEstate\system\Autoloader\Autoloader.php(264): CodeIgniter\Autoloader\Autoloader->loadLegacy('PropertyModel.p...')
#2 [internal function]: CodeIgniter\Autoloader\Autoloader->loadClass('PropertyModel')
#3 [internal function]: spl_autoload_call('PropertyModel')
#4 D:\Projects\RealEstate\system\Database\ModelFactory.php(74): class_exists('PropertyModel')
#5 D:\Projects\RealEstate\system\Database\ModelFactory.php(40): CodeIgniter\Database\ModelFactory::createClass('PropertyModel', NULL)
#6 D:\Projects\RealEstate\system\Common.php(742): CodeIgniter\Database\ModelFactory::get('PropertyModel', true, NULL)
#7 D:\Projects\RealEstate\app\Controllers\Backend\Properties.php(13): model('PropertyModel')
#8 D:\Projects\RealEstate\system\CodeIgniter.php(886): App\Controllers\Backend\Properties->__construct()
#9 D:\Projects\RealEstate\system\CodeIgniter.php(395): CodeIgniter\CodeIgniter->createController()
#10 D:\Projects\RealEstate\system\CodeIgniter.php(308): CodeIgniter\CodeIgniter->handleRequest(NULL, Object(Config\Cache), false)
#11 D:\Projects\RealEstate\public\index.php(45): CodeIgniter\CodeIgniter->run()
#12 D:\Projects\RealEstate\system\Commands\Server\rewrite.php(34): require_once('D:\\Projects\\Rea...')
#13 {main}
CRITICAL - 2020-07-30 17:49:59 --> syntax error, unexpected '=', expecting ')'
#0 D:\Projects\RealEstate\system\Autoloader\Autoloader.php(340): CodeIgniter\Autoloader\Autoloader->requireFile('D:\\Projects\\Rea...')
#1 D:\Projects\RealEstate\system\Autoloader\Autoloader.php(264): CodeIgniter\Autoloader\Autoloader->loadLegacy('PropertyModel.p...')
#2 [internal function]: CodeIgniter\Autoloader\Autoloader->loadClass('PropertyModel')
#3 [internal function]: spl_autoload_call('PropertyModel')
#4 D:\Projects\RealEstate\system\Database\ModelFactory.php(74): class_exists('PropertyModel')
#5 D:\Projects\RealEstate\system\Database\ModelFactory.php(40): CodeIgniter\Database\ModelFactory::createClass('PropertyModel', NULL)
#6 D:\Projects\RealEstate\system\Common.php(742): CodeIgniter\Database\ModelFactory::get('PropertyModel', true, NULL)
#7 D:\Projects\RealEstate\app\Controllers\Backend\Properties.php(13): model('PropertyModel')
#8 D:\Projects\RealEstate\system\CodeIgniter.php(886): App\Controllers\Backend\Properties->__construct()
#9 D:\Projects\RealEstate\system\CodeIgniter.php(395): CodeIgniter\CodeIgniter->createController()
#10 D:\Projects\RealEstate\system\CodeIgniter.php(308): CodeIgniter\CodeIgniter->handleRequest(NULL, Object(Config\Cache), false)
#11 D:\Projects\RealEstate\public\index.php(45): CodeIgniter\CodeIgniter->run()
#12 D:\Projects\RealEstate\system\Commands\Server\rewrite.php(34): require_once('D:\\Projects\\Rea...')
#13 {main}
CRITICAL - 2020-07-30 17:49:59 --> syntax error, unexpected '=', expecting ')'
#0 D:\Projects\RealEstate\system\Autoloader\Autoloader.php(340): CodeIgniter\Autoloader\Autoloader->requireFile('D:\\Projects\\Rea...')
#1 D:\Projects\RealEstate\system\Autoloader\Autoloader.php(264): CodeIgniter\Autoloader\Autoloader->loadLegacy('PropertyModel.p...')
#2 [internal function]: CodeIgniter\Autoloader\Autoloader->loadClass('PropertyModel')
#3 [internal function]: spl_autoload_call('PropertyModel')
#4 D:\Projects\RealEstate\system\Database\ModelFactory.php(74): class_exists('PropertyModel')
#5 D:\Projects\RealEstate\system\Database\ModelFactory.php(40): CodeIgniter\Database\ModelFactory::createClass('PropertyModel', NULL)
#6 D:\Projects\RealEstate\system\Common.php(742): CodeIgniter\Database\ModelFactory::get('PropertyModel', true, NULL)
#7 D:\Projects\RealEstate\app\Controllers\Backend\Properties.php(13): model('PropertyModel')
#8 D:\Projects\RealEstate\system\CodeIgniter.php(886): App\Controllers\Backend\Properties->__construct()
#9 D:\Projects\RealEstate\system\CodeIgniter.php(395): CodeIgniter\CodeIgniter->createController()
#10 D:\Projects\RealEstate\system\CodeIgniter.php(308): CodeIgniter\CodeIgniter->handleRequest(NULL, Object(Config\Cache), false)
#11 D:\Projects\RealEstate\public\index.php(45): CodeIgniter\CodeIgniter->run()
#12 D:\Projects\RealEstate\system\Commands\Server\rewrite.php(34): require_once('D:\\Projects\\Rea...')
#13 {main}
CRITICAL - 2020-07-30 17:50:00 --> syntax error, unexpected '=', expecting ')'
#0 D:\Projects\RealEstate\system\Autoloader\Autoloader.php(340): CodeIgniter\Autoloader\Autoloader->requireFile('D:\\Projects\\Rea...')
#1 D:\Projects\RealEstate\system\Autoloader\Autoloader.php(264): CodeIgniter\Autoloader\Autoloader->loadLegacy('PropertyModel.p...')
#2 [internal function]: CodeIgniter\Autoloader\Autoloader->loadClass('PropertyModel')
#3 [internal function]: spl_autoload_call('PropertyModel')
#4 D:\Projects\RealEstate\system\Database\ModelFactory.php(74): class_exists('PropertyModel')
#5 D:\Projects\RealEstate\system\Database\ModelFactory.php(40): CodeIgniter\Database\ModelFactory::createClass('PropertyModel', NULL)
#6 D:\Projects\RealEstate\system\Common.php(742): CodeIgniter\Database\ModelFactory::get('PropertyModel', true, NULL)
#7 D:\Projects\RealEstate\app\Controllers\Backend\Properties.php(13): model('PropertyModel')
#8 D:\Projects\RealEstate\system\CodeIgniter.php(886): App\Controllers\Backend\Properties->__construct()
#9 D:\Projects\RealEstate\system\CodeIgniter.php(395): CodeIgniter\CodeIgniter->createController()
#10 D:\Projects\RealEstate\system\CodeIgniter.php(308): CodeIgniter\CodeIgniter->handleRequest(NULL, Object(Config\Cache), false)
#11 D:\Projects\RealEstate\public\index.php(45): CodeIgniter\CodeIgniter->run()
#12 D:\Projects\RealEstate\system\Commands\Server\rewrite.php(34): require_once('D:\\Projects\\Rea...')
#13 {main}
CRITICAL - 2020-07-30 17:50:00 --> syntax error, unexpected '=', expecting ')'
#0 D:\Projects\RealEstate\system\Autoloader\Autoloader.php(340): CodeIgniter\Autoloader\Autoloader->requireFile('D:\\Projects\\Rea...')
#1 D:\Projects\RealEstate\system\Autoloader\Autoloader.php(264): CodeIgniter\Autoloader\Autoloader->loadLegacy('PropertyModel.p...')
#2 [internal function]: CodeIgniter\Autoloader\Autoloader->loadClass('PropertyModel')
#3 [internal function]: spl_autoload_call('PropertyModel')
#4 D:\Projects\RealEstate\system\Database\ModelFactory.php(74): class_exists('PropertyModel')
#5 D:\Projects\RealEstate\system\Database\ModelFactory.php(40): CodeIgniter\Database\ModelFactory::createClass('PropertyModel', NULL)
#6 D:\Projects\RealEstate\system\Common.php(742): CodeIgniter\Database\ModelFactory::get('PropertyModel', true, NULL)
#7 D:\Projects\RealEstate\app\Controllers\Backend\Properties.php(13): model('PropertyModel')
#8 D:\Projects\RealEstate\system\CodeIgniter.php(886): App\Controllers\Backend\Properties->__construct()
#9 D:\Projects\RealEstate\system\CodeIgniter.php(395): CodeIgniter\CodeIgniter->createController()
#10 D:\Projects\RealEstate\system\CodeIgniter.php(308): CodeIgniter\CodeIgniter->handleRequest(NULL, Object(Config\Cache), false)
#11 D:\Projects\RealEstate\public\index.php(45): CodeIgniter\CodeIgniter->run()
#12 D:\Projects\RealEstate\system\Commands\Server\rewrite.php(34): require_once('D:\\Projects\\Rea...')
#13 {main}
CRITICAL - 2020-07-30 17:50:01 --> syntax error, unexpected '=', expecting ')'
#0 D:\Projects\RealEstate\system\Autoloader\Autoloader.php(340): CodeIgniter\Autoloader\Autoloader->requireFile('D:\\Projects\\Rea...')
#1 D:\Projects\RealEstate\system\Autoloader\Autoloader.php(264): CodeIgniter\Autoloader\Autoloader->loadLegacy('PropertyModel.p...')
#2 [internal function]: CodeIgniter\Autoloader\Autoloader->loadClass('PropertyModel')
#3 [internal function]: spl_autoload_call('PropertyModel')
#4 D:\Projects\RealEstate\system\Database\ModelFactory.php(74): class_exists('PropertyModel')
#5 D:\Projects\RealEstate\system\Database\ModelFactory.php(40): CodeIgniter\Database\ModelFactory::createClass('PropertyModel', NULL)
#6 D:\Projects\RealEstate\system\Common.php(742): CodeIgniter\Database\ModelFactory::get('PropertyModel', true, NULL)
#7 D:\Projects\RealEstate\app\Controllers\Backend\Properties.php(13): model('PropertyModel')
#8 D:\Projects\RealEstate\system\CodeIgniter.php(886): App\Controllers\Backend\Properties->__construct()
#9 D:\Projects\RealEstate\system\CodeIgniter.php(395): CodeIgniter\CodeIgniter->createController()
#10 D:\Projects\RealEstate\system\CodeIgniter.php(308): CodeIgniter\CodeIgniter->handleRequest(NULL, Object(Config\Cache), false)
#11 D:\Projects\RealEstate\public\index.php(45): CodeIgniter\CodeIgniter->run()
#12 D:\Projects\RealEstate\system\Commands\Server\rewrite.php(34): require_once('D:\\Projects\\Rea...')
#13 {main}
CRITICAL - 2020-07-30 17:50:01 --> syntax error, unexpected '=', expecting ')'
#0 D:\Projects\RealEstate\system\Autoloader\Autoloader.php(340): CodeIgniter\Autoloader\Autoloader->requireFile('D:\\Projects\\Rea...')
#1 D:\Projects\RealEstate\system\Autoloader\Autoloader.php(264): CodeIgniter\Autoloader\Autoloader->loadLegacy('PropertyModel.p...')
#2 [internal function]: CodeIgniter\Autoloader\Autoloader->loadClass('PropertyModel')
#3 [internal function]: spl_autoload_call('PropertyModel')
#4 D:\Projects\RealEstate\system\Database\ModelFactory.php(74): class_exists('PropertyModel')
#5 D:\Projects\RealEstate\system\Database\ModelFactory.php(40): CodeIgniter\Database\ModelFactory::createClass('PropertyModel', NULL)
#6 D:\Projects\RealEstate\system\Common.php(742): CodeIgniter\Database\ModelFactory::get('PropertyModel', true, NULL)
#7 D:\Projects\RealEstate\app\Controllers\Backend\Properties.php(13): model('PropertyModel')
#8 D:\Projects\RealEstate\system\CodeIgniter.php(886): App\Controllers\Backend\Properties->__construct()
#9 D:\Projects\RealEstate\system\CodeIgniter.php(395): CodeIgniter\CodeIgniter->createController()
#10 D:\Projects\RealEstate\system\CodeIgniter.php(308): CodeIgniter\CodeIgniter->handleRequest(NULL, Object(Config\Cache), false)
#11 D:\Projects\RealEstate\public\index.php(45): CodeIgniter\CodeIgniter->run()
#12 D:\Projects\RealEstate\system\Commands\Server\rewrite.php(34): require_once('D:\\Projects\\Rea...')
#13 {main}
CRITICAL - 2020-07-30 17:50:01 --> syntax error, unexpected '=', expecting ')'
#0 D:\Projects\RealEstate\system\Autoloader\Autoloader.php(340): CodeIgniter\Autoloader\Autoloader->requireFile('D:\\Projects\\Rea...')
#1 D:\Projects\RealEstate\system\Autoloader\Autoloader.php(264): CodeIgniter\Autoloader\Autoloader->loadLegacy('PropertyModel.p...')
#2 [internal function]: CodeIgniter\Autoloader\Autoloader->loadClass('PropertyModel')
#3 [internal function]: spl_autoload_call('PropertyModel')
#4 D:\Projects\RealEstate\system\Database\ModelFactory.php(74): class_exists('PropertyModel')
#5 D:\Projects\RealEstate\system\Database\ModelFactory.php(40): CodeIgniter\Database\ModelFactory::createClass('PropertyModel', NULL)
#6 D:\Projects\RealEstate\system\Common.php(742): CodeIgniter\Database\ModelFactory::get('PropertyModel', true, NULL)
#7 D:\Projects\RealEstate\app\Controllers\Backend\Properties.php(13): model('PropertyModel')
#8 D:\Projects\RealEstate\system\CodeIgniter.php(886): App\Controllers\Backend\Properties->__construct()
#9 D:\Projects\RealEstate\system\CodeIgniter.php(395): CodeIgniter\CodeIgniter->createController()
#10 D:\Projects\RealEstate\system\CodeIgniter.php(308): CodeIgniter\CodeIgniter->handleRequest(NULL, Object(Config\Cache), false)
#11 D:\Projects\RealEstate\public\index.php(45): CodeIgniter\CodeIgniter->run()
#12 D:\Projects\RealEstate\system\Commands\Server\rewrite.php(34): require_once('D:\\Projects\\Rea...')
#13 {main}
CRITICAL - 2020-07-30 17:50:56 --> syntax error, unexpected '=', expecting ')'
#0 D:\Projects\RealEstate\system\Autoloader\Autoloader.php(340): CodeIgniter\Autoloader\Autoloader->requireFile('D:\\Projects\\Rea...')
#1 D:\Projects\RealEstate\system\Autoloader\Autoloader.php(264): CodeIgniter\Autoloader\Autoloader->loadLegacy('PropertyModel.p...')
#2 [internal function]: CodeIgniter\Autoloader\Autoloader->loadClass('PropertyModel')
#3 [internal function]: spl_autoload_call('PropertyModel')
#4 D:\Projects\RealEstate\system\Database\ModelFactory.php(74): class_exists('PropertyModel')
#5 D:\Projects\RealEstate\system\Database\ModelFactory.php(40): CodeIgniter\Database\ModelFactory::createClass('PropertyModel', NULL)
#6 D:\Projects\RealEstate\system\Common.php(742): CodeIgniter\Database\ModelFactory::get('PropertyModel', true, NULL)
#7 D:\Projects\RealEstate\app\Controllers\Backend\Properties.php(13): model('PropertyModel')
#8 D:\Projects\RealEstate\system\CodeIgniter.php(886): App\Controllers\Backend\Properties->__construct()
#9 D:\Projects\RealEstate\system\CodeIgniter.php(395): CodeIgniter\CodeIgniter->createController()
#10 D:\Projects\RealEstate\system\CodeIgniter.php(308): CodeIgniter\CodeIgniter->handleRequest(NULL, Object(Config\Cache), false)
#11 D:\Projects\RealEstate\public\index.php(45): CodeIgniter\CodeIgniter->run()
#12 D:\Projects\RealEstate\system\Commands\Server\rewrite.php(34): require_once('D:\\Projects\\Rea...')
#13 {main}
CRITICAL - 2020-07-30 17:50:56 --> syntax error, unexpected '=', expecting ')'
#0 D:\Projects\RealEstate\system\Autoloader\Autoloader.php(340): CodeIgniter\Autoloader\Autoloader->requireFile('D:\\Projects\\Rea...')
#1 D:\Projects\RealEstate\system\Autoloader\Autoloader.php(264): CodeIgniter\Autoloader\Autoloader->loadLegacy('PropertyModel.p...')
#2 [internal function]: CodeIgniter\Autoloader\Autoloader->loadClass('PropertyModel')
#3 [internal function]: spl_autoload_call('PropertyModel')
#4 D:\Projects\RealEstate\system\Database\ModelFactory.php(74): class_exists('PropertyModel')
#5 D:\Projects\RealEstate\system\Database\ModelFactory.php(40): CodeIgniter\Database\ModelFactory::createClass('PropertyModel', NULL)
#6 D:\Projects\RealEstate\system\Common.php(742): CodeIgniter\Database\ModelFactory::get('PropertyModel', true, NULL)
#7 D:\Projects\RealEstate\app\Controllers\Backend\Properties.php(13): model('PropertyModel')
#8 D:\Projects\RealEstate\system\CodeIgniter.php(886): App\Controllers\Backend\Properties->__construct()
#9 D:\Projects\RealEstate\system\CodeIgniter.php(395): CodeIgniter\CodeIgniter->createController()
#10 D:\Projects\RealEstate\system\CodeIgniter.php(308): CodeIgniter\CodeIgniter->handleRequest(NULL, Object(Config\Cache), false)
#11 D:\Projects\RealEstate\public\index.php(45): CodeIgniter\CodeIgniter->run()
#12 D:\Projects\RealEstate\system\Commands\Server\rewrite.php(34): require_once('D:\\Projects\\Rea...')
#13 {main}
CRITICAL - 2020-07-30 17:50:56 --> syntax error, unexpected '=', expecting ')'
#0 D:\Projects\RealEstate\system\Autoloader\Autoloader.php(340): CodeIgniter\Autoloader\Autoloader->requireFile('D:\\Projects\\Rea...')
#1 D:\Projects\RealEstate\system\Autoloader\Autoloader.php(264): CodeIgniter\Autoloader\Autoloader->loadLegacy('PropertyModel.p...')
#2 [internal function]: CodeIgniter\Autoloader\Autoloader->loadClass('PropertyModel')
#3 [internal function]: spl_autoload_call('PropertyModel')
#4 D:\Projects\RealEstate\system\Database\ModelFactory.php(74): class_exists('PropertyModel')
#5 D:\Projects\RealEstate\system\Database\ModelFactory.php(40): CodeIgniter\Database\ModelFactory::createClass('PropertyModel', NULL)
#6 D:\Projects\RealEstate\system\Common.php(742): CodeIgniter\Database\ModelFactory::get('PropertyModel', true, NULL)
#7 D:\Projects\RealEstate\app\Controllers\Backend\Properties.php(13): model('PropertyModel')
#8 D:\Projects\RealEstate\system\CodeIgniter.php(886): App\Controllers\Backend\Properties->__construct()
#9 D:\Projects\RealEstate\system\CodeIgniter.php(395): CodeIgniter\CodeIgniter->createController()
#10 D:\Projects\RealEstate\system\CodeIgniter.php(308): CodeIgniter\CodeIgniter->handleRequest(NULL, Object(Config\Cache), false)
#11 D:\Projects\RealEstate\public\index.php(45): CodeIgniter\CodeIgniter->run()
#12 D:\Projects\RealEstate\system\Commands\Server\rewrite.php(34): require_once('D:\\Projects\\Rea...')
#13 {main}
CRITICAL - 2020-07-30 17:50:57 --> syntax error, unexpected '=', expecting ')'
#0 D:\Projects\RealEstate\system\Autoloader\Autoloader.php(340): CodeIgniter\Autoloader\Autoloader->requireFile('D:\\Projects\\Rea...')
#1 D:\Projects\RealEstate\system\Autoloader\Autoloader.php(264): CodeIgniter\Autoloader\Autoloader->loadLegacy('PropertyModel.p...')
#2 [internal function]: CodeIgniter\Autoloader\Autoloader->loadClass('PropertyModel')
#3 [internal function]: spl_autoload_call('PropertyModel')
#4 D:\Projects\RealEstate\system\Database\ModelFactory.php(74): class_exists('PropertyModel')
#5 D:\Projects\RealEstate\system\Database\ModelFactory.php(40): CodeIgniter\Database\ModelFactory::createClass('PropertyModel', NULL)
#6 D:\Projects\RealEstate\system\Common.php(742): CodeIgniter\Database\ModelFactory::get('PropertyModel', true, NULL)
#7 D:\Projects\RealEstate\app\Controllers\Backend\Properties.php(13): model('PropertyModel')
#8 D:\Projects\RealEstate\system\CodeIgniter.php(886): App\Controllers\Backend\Properties->__construct()
#9 D:\Projects\RealEstate\system\CodeIgniter.php(395): CodeIgniter\CodeIgniter->createController()
#10 D:\Projects\RealEstate\system\CodeIgniter.php(308): CodeIgniter\CodeIgniter->handleRequest(NULL, Object(Config\Cache), false)
#11 D:\Projects\RealEstate\public\index.php(45): CodeIgniter\CodeIgniter->run()
#12 D:\Projects\RealEstate\system\Commands\Server\rewrite.php(34): require_once('D:\\Projects\\Rea...')
#13 {main}
CRITICAL - 2020-07-30 17:53:56 --> Undefined index: status_name
#0 D:\Projects\RealEstate\app\Views\backend\property-types.php(40): CodeIgniter\Debug\Exceptions->errorHandler(8, 'Undefined index...', 'D:\\Projects\\Rea...', 40, Array)
#1 D:\Projects\RealEstate\system\View\View.php(246): include('D:\\Projects\\Rea...')
#2 D:\Projects\RealEstate\system\Common.php(1087): CodeIgniter\View\View->render('backend/propert...', Array, true)
#3 D:\Projects\RealEstate\app\Controllers\Backend\Properties.php(55): view('backend/propert...', Array)
#4 D:\Projects\RealEstate\system\CodeIgniter.php(914): App\Controllers\Backend\Properties->propertyTypes()
#5 D:\Projects\RealEstate\system\CodeIgniter.php(400): CodeIgniter\CodeIgniter->runController(Object(App\Controllers\Backend\Properties))
#6 D:\Projects\RealEstate\system\CodeIgniter.php(308): CodeIgniter\CodeIgniter->handleRequest(NULL, Object(Config\Cache), false)
#7 D:\Projects\RealEstate\public\index.php(45): CodeIgniter\CodeIgniter->run()
#8 D:\Projects\RealEstate\system\Commands\Server\rewrite.php(34): require_once('D:\\Projects\\Rea...')
#9 {main}
CRITICAL - 2020-07-30 17:55:08 --> Undefined index: status_name
#0 D:\Projects\RealEstate\app\Views\backend\property-types.php(40): CodeIgniter\Debug\Exceptions->errorHandler(8, 'Undefined index...', 'D:\\Projects\\Rea...', 40, Array)
#1 D:\Projects\RealEstate\system\View\View.php(246): include('D:\\Projects\\Rea...')
#2 D:\Projects\RealEstate\system\Common.php(1087): CodeIgniter\View\View->render('backend/propert...', Array, true)
#3 D:\Projects\RealEstate\app\Controllers\Backend\Properties.php(55): view('backend/propert...', Array)
#4 D:\Projects\RealEstate\system\CodeIgniter.php(914): App\Controllers\Backend\Properties->propertyTypes()
#5 D:\Projects\RealEstate\system\CodeIgniter.php(400): CodeIgniter\CodeIgniter->runController(Object(App\Controllers\Backend\Properties))
#6 D:\Projects\RealEstate\system\CodeIgniter.php(308): CodeIgniter\CodeIgniter->handleRequest(NULL, Object(Config\Cache), false)
#7 D:\Projects\RealEstate\public\index.php(45): CodeIgniter\CodeIgniter->run()
#8 D:\Projects\RealEstate\system\Commands\Server\rewrite.php(34): require_once('D:\\Projects\\Rea...')
#9 {main}
CRITICAL - 2020-07-30 17:55:09 --> Undefined index: status_name
#0 D:\Projects\RealEstate\app\Views\backend\property-types.php(40): CodeIgniter\Debug\Exceptions->errorHandler(8, 'Undefined index...', 'D:\\Projects\\Rea...', 40, Array)
#1 D:\Projects\RealEstate\system\View\View.php(246): include('D:\\Projects\\Rea...')
#2 D:\Projects\RealEstate\system\Common.php(1087): CodeIgniter\View\View->render('backend/propert...', Array, true)
#3 D:\Projects\RealEstate\app\Controllers\Backend\Properties.php(55): view('backend/propert...', Array)
#4 D:\Projects\RealEstate\system\CodeIgniter.php(914): App\Controllers\Backend\Properties->propertyTypes()
#5 D:\Projects\RealEstate\system\CodeIgniter.php(400): CodeIgniter\CodeIgniter->runController(Object(App\Controllers\Backend\Properties))
#6 D:\Projects\RealEstate\system\CodeIgniter.php(308): CodeIgniter\CodeIgniter->handleRequest(NULL, Object(Config\Cache), false)
#7 D:\Projects\RealEstate\public\index.php(45): CodeIgniter\CodeIgniter->run()
#8 D:\Projects\RealEstate\system\Commands\Server\rewrite.php(34): require_once('D:\\Projects\\Rea...')
#9 {main}
CRITICAL - 2020-07-30 17:55:27 --> syntax error, unexpected '?>'
#0 D:\Projects\RealEstate\system\Common.php(1087): CodeIgniter\View\View->render('backend/propert...', Array, true)
#1 D:\Projects\RealEstate\app\Controllers\Backend\Properties.php(55): view('backend/propert...', Array)
#2 D:\Projects\RealEstate\system\CodeIgniter.php(914): App\Controllers\Backend\Properties->propertyTypes()
#3 D:\Projects\RealEstate\system\CodeIgniter.php(400): CodeIgniter\CodeIgniter->runController(Object(App\Controllers\Backend\Properties))
#4 D:\Projects\RealEstate\system\CodeIgniter.php(308): CodeIgniter\CodeIgniter->handleRequest(NULL, Object(Config\Cache), false)
#5 D:\Projects\RealEstate\public\index.php(45): CodeIgniter\CodeIgniter->run()
#6 D:\Projects\RealEstate\system\Commands\Server\rewrite.php(34): require_once('D:\\Projects\\Rea...')
#7 {main}
CRITICAL - 2020-07-30 17:58:10 --> Undefined index: status_name
#0 D:\Projects\RealEstate\app\Views\backend\property-types.php(40): CodeIgniter\Debug\Exceptions->errorHandler(8, 'Undefined index...', 'D:\\Projects\\Rea...', 40, Array)
#1 D:\Projects\RealEstate\system\View\View.php(246): include('D:\\Projects\\Rea...')
#2 D:\Projects\RealEstate\system\Common.php(1087): CodeIgniter\View\View->render('backend/propert...', Array, true)
#3 D:\Projects\RealEstate\app\Controllers\Backend\Properties.php(55): view('backend/propert...', Array)
#4 D:\Projects\RealEstate\system\CodeIgniter.php(914): App\Controllers\Backend\Properties->propertyTypes()
#5 D:\Projects\RealEstate\system\CodeIgniter.php(400): CodeIgniter\CodeIgniter->runController(Object(App\Controllers\Backend\Properties))
#6 D:\Projects\RealEstate\system\CodeIgniter.php(308): CodeIgniter\CodeIgniter->handleRequest(NULL, Object(Config\Cache), false)
#7 D:\Projects\RealEstate\public\index.php(45): CodeIgniter\CodeIgniter->run()
#8 D:\Projects\RealEstate\system\Commands\Server\rewrite.php(34): require_once('D:\\Projects\\Rea...')
#9 {main}
