CRITICAL - 2020-09-22 23:47:21 --> Undefined variable: MessageModel
#0 D:\Projects\RealEstate\app\Controllers\Auth.php(559): CodeIgniter\Debug\Exceptions->errorHandler(8, 'Undefined varia...', 'D:\\Projects\\Rea...', 559, Array)
#1 D:\Projects\RealEstate\system\CodeIgniter.php(914): App\Controllers\Auth->test()
#2 D:\Projects\RealEstate\system\CodeIgniter.php(400): CodeIgniter\CodeIgniter->runController(Object(App\Controllers\Auth))
#3 D:\Projects\RealEstate\system\CodeIgniter.php(308): CodeIgniter\CodeIgniter->handleRequest(NULL, Object(Config\Cache), false)
#4 D:\Projects\RealEstate\public\index.php(45): CodeIgniter\CodeIgniter->run()
#5 D:\Projects\RealEstate\system\Commands\Server\rewrite.php(34): require_once('D:\\Projects\\Rea...')
#6 {main}
CRITICAL - 2020-09-22 23:47:39 --> Illegal string offset 'name'
#0 D:\Projects\RealEstate\app\Models\MessageModel.php(262): CodeIgniter\Debug\Exceptions->errorHandler(2, 'Illegal string ...', 'D:\\Projects\\Rea...', 262, Array)
#1 D:\Projects\RealEstate\app\Controllers\Auth.php(566): App\Models\MessageModel->sendEmail('no-reply@beta.p...', 'algobasket@gmai...', '', '', 'Testttttt', 'Test123')
#2 D:\Projects\RealEstate\system\CodeIgniter.php(914): App\Controllers\Auth->test()
#3 D:\Projects\RealEstate\system\CodeIgniter.php(400): CodeIgniter\CodeIgniter->runController(Object(App\Controllers\Auth))
#4 D:\Projects\RealEstate\system\CodeIgniter.php(308): CodeIgniter\CodeIgniter->handleRequest(NULL, Object(Config\Cache), false)
#5 D:\Projects\RealEstate\public\index.php(45): CodeIgniter\CodeIgniter->run()
#6 D:\Projects\RealEstate\system\Commands\Server\rewrite.php(34): require_once('D:\\Projects\\Rea...')
#7 {main}
CRITICAL - 2020-09-22 23:55:53 --> Illegal string offset 'name'
#0 D:\Projects\RealEstate\app\Models\MessageModel.php(262): CodeIgniter\Debug\Exceptions->errorHandler(2, 'Illegal string ...', 'D:\\Projects\\Rea...', 262, Array)
#1 D:\Projects\RealEstate\app\Controllers\Auth.php(566): App\Models\MessageModel->sendEmail('no-reply@beta.p...', 'algobasket@gmai...', '', '', 'Testttttt', 'Test123')
#2 D:\Projects\RealEstate\system\CodeIgniter.php(914): App\Controllers\Auth->test()
#3 D:\Projects\RealEstate\system\CodeIgniter.php(400): CodeIgniter\CodeIgniter->runController(Object(App\Controllers\Auth))
#4 D:\Projects\RealEstate\system\CodeIgniter.php(308): CodeIgniter\CodeIgniter->handleRequest(NULL, Object(Config\Cache), false)
#5 D:\Projects\RealEstate\public\index.php(45): CodeIgniter\CodeIgniter->run()
#6 D:\Projects\RealEstate\system\Commands\Server\rewrite.php(34): require_once('D:\\Projects\\Rea...')
#7 {main}
CRITICAL - 2020-09-22 23:55:54 --> Illegal string offset 'name'
#0 D:\Projects\RealEstate\app\Models\MessageModel.php(262): CodeIgniter\Debug\Exceptions->errorHandler(2, 'Illegal string ...', 'D:\\Projects\\Rea...', 262, Array)
#1 D:\Projects\RealEstate\app\Controllers\Auth.php(566): App\Models\MessageModel->sendEmail('no-reply@beta.p...', 'algobasket@gmai...', '', '', 'Testttttt', 'Test123')
#2 D:\Projects\RealEstate\system\CodeIgniter.php(914): App\Controllers\Auth->test()
#3 D:\Projects\RealEstate\system\CodeIgniter.php(400): CodeIgniter\CodeIgniter->runController(Object(App\Controllers\Auth))
#4 D:\Projects\RealEstate\system\CodeIgniter.php(308): CodeIgniter\CodeIgniter->handleRequest(NULL, Object(Config\Cache), false)
#5 D:\Projects\RealEstate\public\index.php(45): CodeIgniter\CodeIgniter->run()
#6 D:\Projects\RealEstate\system\Commands\Server\rewrite.php(34): require_once('D:\\Projects\\Rea...')
#7 {main}
CRITICAL - 2020-09-22 23:55:56 --> Illegal string offset 'name'
#0 D:\Projects\RealEstate\app\Models\MessageModel.php(262): CodeIgniter\Debug\Exceptions->errorHandler(2, 'Illegal string ...', 'D:\\Projects\\Rea...', 262, Array)
#1 D:\Projects\RealEstate\app\Controllers\Auth.php(566): App\Models\MessageModel->sendEmail('no-reply@beta.p...', 'algobasket@gmai...', '', '', 'Testttttt', 'Test123')
#2 D:\Projects\RealEstate\system\CodeIgniter.php(914): App\Controllers\Auth->test()
#3 D:\Projects\RealEstate\system\CodeIgniter.php(400): CodeIgniter\CodeIgniter->runController(Object(App\Controllers\Auth))
#4 D:\Projects\RealEstate\system\CodeIgniter.php(308): CodeIgniter\CodeIgniter->handleRequest(NULL, Object(Config\Cache), false)
#5 D:\Projects\RealEstate\public\index.php(45): CodeIgniter\CodeIgniter->run()
#6 D:\Projects\RealEstate\system\Commands\Server\rewrite.php(34): require_once('D:\\Projects\\Rea...')
#7 {main}
