CRITICAL - 2020-09-08 02:09:35 --> Undefined variable: star
#0 D:\Projects\RealEstate\app\Views\frontend\write-review.php(21): CodeIgniter\Debug\Exceptions->errorHandler(8, 'Undefined varia...', 'D:\\Projects\\Rea...', 21, Array)
#1 D:\Projects\RealEstate\system\View\View.php(246): include('D:\\Projects\\Rea...')
#2 D:\Projects\RealEstate\system\Common.php(1087): CodeIgniter\View\View->render('frontend/write-...', Array, true)
#3 D:\Projects\RealEstate\app\Controllers\Home.php(194): view('frontend/write-...', Array)
#4 D:\Projects\RealEstate\system\CodeIgniter.php(914): App\Controllers\Home->publicProfile()
#5 D:\Projects\RealEstate\system\CodeIgniter.php(400): CodeIgniter\CodeIgniter->runController(Object(App\Controllers\Home))
#6 D:\Projects\RealEstate\system\CodeIgniter.php(308): CodeIgniter\CodeIgniter->handleRequest(NULL, Object(Config\Cache), false)
#7 D:\Projects\RealEstate\public\index.php(45): CodeIgniter\CodeIgniter->run()
#8 D:\Projects\RealEstate\system\Commands\Server\rewrite.php(34): require_once('D:\\Projects\\Rea...')
#9 {main}
CRITICAL - 2020-09-08 02:11:58 --> Undefined offset: 5
#0 D:\Projects\RealEstate\app\Views\frontend\write-review.php(21): CodeIgniter\Debug\Exceptions->errorHandler(8, 'Undefined offse...', 'D:\\Projects\\Rea...', 21, Array)
#1 D:\Projects\RealEstate\system\View\View.php(246): include('D:\\Projects\\Rea...')
#2 D:\Projects\RealEstate\system\Common.php(1087): CodeIgniter\View\View->render('frontend/write-...', Array, true)
#3 D:\Projects\RealEstate\app\Controllers\Home.php(194): view('frontend/write-...', Array)
#4 D:\Projects\RealEstate\system\CodeIgniter.php(914): App\Controllers\Home->publicProfile()
#5 D:\Projects\RealEstate\system\CodeIgniter.php(400): CodeIgniter\CodeIgniter->runController(Object(App\Controllers\Home))
#6 D:\Projects\RealEstate\system\CodeIgniter.php(308): CodeIgniter\CodeIgniter->handleRequest(NULL, Object(Config\Cache), false)
#7 D:\Projects\RealEstate\public\index.php(45): CodeIgniter\CodeIgniter->run()
#8 D:\Projects\RealEstate\system\Commands\Server\rewrite.php(34): require_once('D:\\Projects\\Rea...')
#9 {main}
CRITICAL - 2020-09-08 02:12:19 --> Undefined offset: 5
#0 D:\Projects\RealEstate\app\Views\frontend\write-review.php(21): CodeIgniter\Debug\Exceptions->errorHandler(8, 'Undefined offse...', 'D:\\Projects\\Rea...', 21, Array)
#1 D:\Projects\RealEstate\system\View\View.php(246): include('D:\\Projects\\Rea...')
#2 D:\Projects\RealEstate\system\Common.php(1087): CodeIgniter\View\View->render('frontend/write-...', Array, true)
#3 D:\Projects\RealEstate\app\Controllers\Home.php(194): view('frontend/write-...', Array)
#4 D:\Projects\RealEstate\system\CodeIgniter.php(914): App\Controllers\Home->publicProfile()
#5 D:\Projects\RealEstate\system\CodeIgniter.php(400): CodeIgniter\CodeIgniter->runController(Object(App\Controllers\Home))
#6 D:\Projects\RealEstate\system\CodeIgniter.php(308): CodeIgniter\CodeIgniter->handleRequest(NULL, Object(Config\Cache), false)
#7 D:\Projects\RealEstate\public\index.php(45): CodeIgniter\CodeIgniter->run()
#8 D:\Projects\RealEstate\system\Commands\Server\rewrite.php(34): require_once('D:\\Projects\\Rea...')
#9 {main}
CRITICAL - 2020-09-08 02:12:29 --> syntax error, unexpected '<'
#0 D:\Projects\RealEstate\system\Common.php(1087): CodeIgniter\View\View->render('frontend/write-...', Array, true)
#1 D:\Projects\RealEstate\app\Controllers\Home.php(194): view('frontend/write-...', Array)
#2 D:\Projects\RealEstate\system\CodeIgniter.php(914): App\Controllers\Home->publicProfile()
#3 D:\Projects\RealEstate\system\CodeIgniter.php(400): CodeIgniter\CodeIgniter->runController(Object(App\Controllers\Home))
#4 D:\Projects\RealEstate\system\CodeIgniter.php(308): CodeIgniter\CodeIgniter->handleRequest(NULL, Object(Config\Cache), false)
#5 D:\Projects\RealEstate\public\index.php(45): CodeIgniter\CodeIgniter->run()
#6 D:\Projects\RealEstate\system\Commands\Server\rewrite.php(34): require_once('D:\\Projects\\Rea...')
#7 {main}
CRITICAL - 2020-09-08 02:12:40 --> Undefined offset: 5
#0 D:\Projects\RealEstate\app\Views\frontend\write-review.php(21): CodeIgniter\Debug\Exceptions->errorHandler(8, 'Undefined offse...', 'D:\\Projects\\Rea...', 21, Array)
#1 D:\Projects\RealEstate\system\View\View.php(246): include('D:\\Projects\\Rea...')
#2 D:\Projects\RealEstate\system\Common.php(1087): CodeIgniter\View\View->render('frontend/write-...', Array, true)
#3 D:\Projects\RealEstate\app\Controllers\Home.php(194): view('frontend/write-...', Array)
#4 D:\Projects\RealEstate\system\CodeIgniter.php(914): App\Controllers\Home->publicProfile()
#5 D:\Projects\RealEstate\system\CodeIgniter.php(400): CodeIgniter\CodeIgniter->runController(Object(App\Controllers\Home))
#6 D:\Projects\RealEstate\system\CodeIgniter.php(308): CodeIgniter\CodeIgniter->handleRequest(NULL, Object(Config\Cache), false)
#7 D:\Projects\RealEstate\public\index.php(45): CodeIgniter\CodeIgniter->run()
#8 D:\Projects\RealEstate\system\Commands\Server\rewrite.php(34): require_once('D:\\Projects\\Rea...')
#9 {main}
CRITICAL - 2020-09-08 02:25:52 --> Undefined offset: 5
#0 D:\Projects\RealEstate\app\Views\frontend\write-review.php(21): CodeIgniter\Debug\Exceptions->errorHandler(8, 'Undefined offse...', 'D:\\Projects\\Rea...', 21, Array)
#1 D:\Projects\RealEstate\system\View\View.php(246): include('D:\\Projects\\Rea...')
#2 D:\Projects\RealEstate\system\Common.php(1087): CodeIgniter\View\View->render('frontend/write-...', Array, true)
#3 D:\Projects\RealEstate\app\Controllers\Home.php(194): view('frontend/write-...', Array)
#4 D:\Projects\RealEstate\system\CodeIgniter.php(914): App\Controllers\Home->publicProfile()
#5 D:\Projects\RealEstate\system\CodeIgniter.php(400): CodeIgniter\CodeIgniter->runController(Object(App\Controllers\Home))
#6 D:\Projects\RealEstate\system\CodeIgniter.php(308): CodeIgniter\CodeIgniter->handleRequest(NULL, Object(Config\Cache), false)
#7 D:\Projects\RealEstate\public\index.php(45): CodeIgniter\CodeIgniter->run()
#8 D:\Projects\RealEstate\system\Commands\Server\rewrite.php(34): require_once('D:\\Projects\\Rea...')
#9 {main}
CRITICAL - 2020-09-08 02:27:07 --> Undefined offset: 5
#0 D:\Projects\RealEstate\app\Views\frontend\write-review.php(21): CodeIgniter\Debug\Exceptions->errorHandler(8, 'Undefined offse...', 'D:\\Projects\\Rea...', 21, Array)
#1 D:\Projects\RealEstate\system\View\View.php(246): include('D:\\Projects\\Rea...')
#2 D:\Projects\RealEstate\system\Common.php(1087): CodeIgniter\View\View->render('frontend/write-...', Array, true)
#3 D:\Projects\RealEstate\app\Controllers\Home.php(194): view('frontend/write-...', Array)
#4 D:\Projects\RealEstate\system\CodeIgniter.php(914): App\Controllers\Home->publicProfile()
#5 D:\Projects\RealEstate\system\CodeIgniter.php(400): CodeIgniter\CodeIgniter->runController(Object(App\Controllers\Home))
#6 D:\Projects\RealEstate\system\CodeIgniter.php(308): CodeIgniter\CodeIgniter->handleRequest(NULL, Object(Config\Cache), false)
#7 D:\Projects\RealEstate\public\index.php(45): CodeIgniter\CodeIgniter->run()
#8 D:\Projects\RealEstate\system\Commands\Server\rewrite.php(34): require_once('D:\\Projects\\Rea...')
#9 {main}
CRITICAL - 2020-09-08 02:27:08 --> Undefined offset: 5
#0 D:\Projects\RealEstate\app\Views\frontend\write-review.php(21): CodeIgniter\Debug\Exceptions->errorHandler(8, 'Undefined offse...', 'D:\\Projects\\Rea...', 21, Array)
#1 D:\Projects\RealEstate\system\View\View.php(246): include('D:\\Projects\\Rea...')
#2 D:\Projects\RealEstate\system\Common.php(1087): CodeIgniter\View\View->render('frontend/write-...', Array, true)
#3 D:\Projects\RealEstate\app\Controllers\Home.php(194): view('frontend/write-...', Array)
#4 D:\Projects\RealEstate\system\CodeIgniter.php(914): App\Controllers\Home->publicProfile()
#5 D:\Projects\RealEstate\system\CodeIgniter.php(400): CodeIgniter\CodeIgniter->runController(Object(App\Controllers\Home))
#6 D:\Projects\RealEstate\system\CodeIgniter.php(308): CodeIgniter\CodeIgniter->handleRequest(NULL, Object(Config\Cache), false)
#7 D:\Projects\RealEstate\public\index.php(45): CodeIgniter\CodeIgniter->run()
#8 D:\Projects\RealEstate\system\Commands\Server\rewrite.php(34): require_once('D:\\Projects\\Rea...')
#9 {main}
CRITICAL - 2020-09-08 02:27:09 --> Undefined offset: 5
#0 D:\Projects\RealEstate\app\Views\frontend\write-review.php(21): CodeIgniter\Debug\Exceptions->errorHandler(8, 'Undefined offse...', 'D:\\Projects\\Rea...', 21, Array)
#1 D:\Projects\RealEstate\system\View\View.php(246): include('D:\\Projects\\Rea...')
#2 D:\Projects\RealEstate\system\Common.php(1087): CodeIgniter\View\View->render('frontend/write-...', Array, true)
#3 D:\Projects\RealEstate\app\Controllers\Home.php(194): view('frontend/write-...', Array)
#4 D:\Projects\RealEstate\system\CodeIgniter.php(914): App\Controllers\Home->publicProfile()
#5 D:\Projects\RealEstate\system\CodeIgniter.php(400): CodeIgniter\CodeIgniter->runController(Object(App\Controllers\Home))
#6 D:\Projects\RealEstate\system\CodeIgniter.php(308): CodeIgniter\CodeIgniter->handleRequest(NULL, Object(Config\Cache), false)
#7 D:\Projects\RealEstate\public\index.php(45): CodeIgniter\CodeIgniter->run()
#8 D:\Projects\RealEstate\system\Commands\Server\rewrite.php(34): require_once('D:\\Projects\\Rea...')
#9 {main}
CRITICAL - 2020-09-08 02:27:09 --> Undefined offset: 5
#0 D:\Projects\RealEstate\app\Views\frontend\write-review.php(21): CodeIgniter\Debug\Exceptions->errorHandler(8, 'Undefined offse...', 'D:\\Projects\\Rea...', 21, Array)
#1 D:\Projects\RealEstate\system\View\View.php(246): include('D:\\Projects\\Rea...')
#2 D:\Projects\RealEstate\system\Common.php(1087): CodeIgniter\View\View->render('frontend/write-...', Array, true)
#3 D:\Projects\RealEstate\app\Controllers\Home.php(194): view('frontend/write-...', Array)
#4 D:\Projects\RealEstate\system\CodeIgniter.php(914): App\Controllers\Home->publicProfile()
#5 D:\Projects\RealEstate\system\CodeIgniter.php(400): CodeIgniter\CodeIgniter->runController(Object(App\Controllers\Home))
#6 D:\Projects\RealEstate\system\CodeIgniter.php(308): CodeIgniter\CodeIgniter->handleRequest(NULL, Object(Config\Cache), false)
#7 D:\Projects\RealEstate\public\index.php(45): CodeIgniter\CodeIgniter->run()
#8 D:\Projects\RealEstate\system\Commands\Server\rewrite.php(34): require_once('D:\\Projects\\Rea...')
#9 {main}
CRITICAL - 2020-09-08 02:27:09 --> Undefined offset: 5
#0 D:\Projects\RealEstate\app\Views\frontend\write-review.php(21): CodeIgniter\Debug\Exceptions->errorHandler(8, 'Undefined offse...', 'D:\\Projects\\Rea...', 21, Array)
#1 D:\Projects\RealEstate\system\View\View.php(246): include('D:\\Projects\\Rea...')
#2 D:\Projects\RealEstate\system\Common.php(1087): CodeIgniter\View\View->render('frontend/write-...', Array, true)
#3 D:\Projects\RealEstate\app\Controllers\Home.php(194): view('frontend/write-...', Array)
#4 D:\Projects\RealEstate\system\CodeIgniter.php(914): App\Controllers\Home->publicProfile()
#5 D:\Projects\RealEstate\system\CodeIgniter.php(400): CodeIgniter\CodeIgniter->runController(Object(App\Controllers\Home))
#6 D:\Projects\RealEstate\system\CodeIgniter.php(308): CodeIgniter\CodeIgniter->handleRequest(NULL, Object(Config\Cache), false)
#7 D:\Projects\RealEstate\public\index.php(45): CodeIgniter\CodeIgniter->run()
#8 D:\Projects\RealEstate\system\Commands\Server\rewrite.php(34): require_once('D:\\Projects\\Rea...')
#9 {main}
CRITICAL - 2020-09-08 02:27:09 --> Undefined offset: 5
#0 D:\Projects\RealEstate\app\Views\frontend\write-review.php(21): CodeIgniter\Debug\Exceptions->errorHandler(8, 'Undefined offse...', 'D:\\Projects\\Rea...', 21, Array)
#1 D:\Projects\RealEstate\system\View\View.php(246): include('D:\\Projects\\Rea...')
#2 D:\Projects\RealEstate\system\Common.php(1087): CodeIgniter\View\View->render('frontend/write-...', Array, true)
#3 D:\Projects\RealEstate\app\Controllers\Home.php(194): view('frontend/write-...', Array)
#4 D:\Projects\RealEstate\system\CodeIgniter.php(914): App\Controllers\Home->publicProfile()
#5 D:\Projects\RealEstate\system\CodeIgniter.php(400): CodeIgniter\CodeIgniter->runController(Object(App\Controllers\Home))
#6 D:\Projects\RealEstate\system\CodeIgniter.php(308): CodeIgniter\CodeIgniter->handleRequest(NULL, Object(Config\Cache), false)
#7 D:\Projects\RealEstate\public\index.php(45): CodeIgniter\CodeIgniter->run()
#8 D:\Projects\RealEstate\system\Commands\Server\rewrite.php(34): require_once('D:\\Projects\\Rea...')
#9 {main}
CRITICAL - 2020-09-08 02:27:09 --> Undefined offset: 5
#0 D:\Projects\RealEstate\app\Views\frontend\write-review.php(21): CodeIgniter\Debug\Exceptions->errorHandler(8, 'Undefined offse...', 'D:\\Projects\\Rea...', 21, Array)
#1 D:\Projects\RealEstate\system\View\View.php(246): include('D:\\Projects\\Rea...')
#2 D:\Projects\RealEstate\system\Common.php(1087): CodeIgniter\View\View->render('frontend/write-...', Array, true)
#3 D:\Projects\RealEstate\app\Controllers\Home.php(194): view('frontend/write-...', Array)
#4 D:\Projects\RealEstate\system\CodeIgniter.php(914): App\Controllers\Home->publicProfile()
#5 D:\Projects\RealEstate\system\CodeIgniter.php(400): CodeIgniter\CodeIgniter->runController(Object(App\Controllers\Home))
#6 D:\Projects\RealEstate\system\CodeIgniter.php(308): CodeIgniter\CodeIgniter->handleRequest(NULL, Object(Config\Cache), false)
#7 D:\Projects\RealEstate\public\index.php(45): CodeIgniter\CodeIgniter->run()
#8 D:\Projects\RealEstate\system\Commands\Server\rewrite.php(34): require_once('D:\\Projects\\Rea...')
#9 {main}
CRITICAL - 2020-09-08 02:27:09 --> Undefined offset: 5
#0 D:\Projects\RealEstate\app\Views\frontend\write-review.php(21): CodeIgniter\Debug\Exceptions->errorHandler(8, 'Undefined offse...', 'D:\\Projects\\Rea...', 21, Array)
#1 D:\Projects\RealEstate\system\View\View.php(246): include('D:\\Projects\\Rea...')
#2 D:\Projects\RealEstate\system\Common.php(1087): CodeIgniter\View\View->render('frontend/write-...', Array, true)
#3 D:\Projects\RealEstate\app\Controllers\Home.php(194): view('frontend/write-...', Array)
#4 D:\Projects\RealEstate\system\CodeIgniter.php(914): App\Controllers\Home->publicProfile()
#5 D:\Projects\RealEstate\system\CodeIgniter.php(400): CodeIgniter\CodeIgniter->runController(Object(App\Controllers\Home))
#6 D:\Projects\RealEstate\system\CodeIgniter.php(308): CodeIgniter\CodeIgniter->handleRequest(NULL, Object(Config\Cache), false)
#7 D:\Projects\RealEstate\public\index.php(45): CodeIgniter\CodeIgniter->run()
#8 D:\Projects\RealEstate\system\Commands\Server\rewrite.php(34): require_once('D:\\Projects\\Rea...')
#9 {main}
CRITICAL - 2020-09-08 02:30:42 --> Undefined offset: 5
#0 D:\Projects\RealEstate\app\Views\frontend\write-review.php(21): CodeIgniter\Debug\Exceptions->errorHandler(8, 'Undefined offse...', 'D:\\Projects\\Rea...', 21, Array)
#1 D:\Projects\RealEstate\system\View\View.php(246): include('D:\\Projects\\Rea...')
#2 D:\Projects\RealEstate\system\Common.php(1087): CodeIgniter\View\View->render('frontend/write-...', Array, true)
#3 D:\Projects\RealEstate\app\Controllers\Home.php(194): view('frontend/write-...', Array)
#4 D:\Projects\RealEstate\system\CodeIgniter.php(914): App\Controllers\Home->publicProfile()
#5 D:\Projects\RealEstate\system\CodeIgniter.php(400): CodeIgniter\CodeIgniter->runController(Object(App\Controllers\Home))
#6 D:\Projects\RealEstate\system\CodeIgniter.php(308): CodeIgniter\CodeIgniter->handleRequest(NULL, Object(Config\Cache), false)
#7 D:\Projects\RealEstate\public\index.php(45): CodeIgniter\CodeIgniter->run()
#8 D:\Projects\RealEstate\system\Commands\Server\rewrite.php(34): require_once('D:\\Projects\\Rea...')
#9 {main}
CRITICAL - 2020-09-08 02:31:19 --> Undefined offset: 5
#0 D:\Projects\RealEstate\app\Views\frontend\write-review.php(21): CodeIgniter\Debug\Exceptions->errorHandler(8, 'Undefined offse...', 'D:\\Projects\\Rea...', 21, Array)
#1 D:\Projects\RealEstate\system\View\View.php(246): include('D:\\Projects\\Rea...')
#2 D:\Projects\RealEstate\system\Common.php(1087): CodeIgniter\View\View->render('frontend/write-...', Array, true)
#3 D:\Projects\RealEstate\app\Controllers\Home.php(194): view('frontend/write-...', Array)
#4 D:\Projects\RealEstate\system\CodeIgniter.php(914): App\Controllers\Home->publicProfile()
#5 D:\Projects\RealEstate\system\CodeIgniter.php(400): CodeIgniter\CodeIgniter->runController(Object(App\Controllers\Home))
#6 D:\Projects\RealEstate\system\CodeIgniter.php(308): CodeIgniter\CodeIgniter->handleRequest(NULL, Object(Config\Cache), false)
#7 D:\Projects\RealEstate\public\index.php(45): CodeIgniter\CodeIgniter->run()
#8 D:\Projects\RealEstate\system\Commands\Server\rewrite.php(34): require_once('D:\\Projects\\Rea...')
#9 {main}
CRITICAL - 2020-09-08 03:40:35 --> Undefined variable: data
#0 D:\Projects\RealEstate\app\Models\UserModel.php(261): CodeIgniter\Debug\Exceptions->errorHandler(8, 'Undefined varia...', 'D:\\Projects\\Rea...', 261, Array)
#1 D:\Projects\RealEstate\app\Controllers\Home.php(190): App\Models\UserModel->getUserIdFromUsername('img')
#2 D:\Projects\RealEstate\system\CodeIgniter.php(914): App\Controllers\Home->publicProfile()
#3 D:\Projects\RealEstate\system\CodeIgniter.php(400): CodeIgniter\CodeIgniter->runController(Object(App\Controllers\Home))
#4 D:\Projects\RealEstate\system\CodeIgniter.php(308): CodeIgniter\CodeIgniter->handleRequest(NULL, Object(Config\Cache), false)
#5 D:\Projects\RealEstate\public\index.php(45): CodeIgniter\CodeIgniter->run()
#6 D:\Projects\RealEstate\system\Commands\Server\rewrite.php(34): require_once('D:\\Projects\\Rea...')
#7 {main}
CRITICAL - 2020-09-08 08:42:02 --> Undefined variable: comment
#0 D:\Projects\RealEstate\app\Controllers\Home.php(220): CodeIgniter\Debug\Exceptions->errorHandler(8, 'Undefined varia...', 'D:\\Projects\\Rea...', 220, Array)
#1 D:\Projects\RealEstate\system\CodeIgniter.php(914): App\Controllers\Home->publicProfile()
#2 D:\Projects\RealEstate\system\CodeIgniter.php(400): CodeIgniter\CodeIgniter->runController(Object(App\Controllers\Home))
#3 D:\Projects\RealEstate\system\CodeIgniter.php(308): CodeIgniter\CodeIgniter->handleRequest(NULL, Object(Config\Cache), false)
#4 D:\Projects\RealEstate\public\index.php(45): CodeIgniter\CodeIgniter->run()
#5 D:\Projects\RealEstate\system\Commands\Server\rewrite.php(34): require_once('D:\\Projects\\Rea...')
#6 {main}
CRITICAL - 2020-09-08 08:42:42 --> Unknown column 'property_link' in 'field list'
#0 D:\Projects\RealEstate\system\Database\MySQLi\Connection.php(331): mysqli->query('INSERT INTO `_r...')
#1 D:\Projects\RealEstate\system\Database\BaseConnection.php(738): CodeIgniter\Database\MySQLi\Connection->execute('INSERT INTO `_r...')
#2 D:\Projects\RealEstate\system\Database\BaseConnection.php(666): CodeIgniter\Database\BaseConnection->simpleQuery('INSERT INTO `_r...')
#3 D:\Projects\RealEstate\system\Database\BaseBuilder.php(2234): CodeIgniter\Database\BaseConnection->query('INSERT INTO `_r...', Array, false)
#4 D:\Projects\RealEstate\app\Models\CrudModel.php(19): CodeIgniter\Database\BaseBuilder->insert(Array)
#5 D:\Projects\RealEstate\app\Controllers\Home.php(224): App\Models\CrudModel->C('_reviews', Array)
#6 D:\Projects\RealEstate\system\CodeIgniter.php(914): App\Controllers\Home->publicProfile()
#7 D:\Projects\RealEstate\system\CodeIgniter.php(400): CodeIgniter\CodeIgniter->runController(Object(App\Controllers\Home))
#8 D:\Projects\RealEstate\system\CodeIgniter.php(308): CodeIgniter\CodeIgniter->handleRequest(NULL, Object(Config\Cache), false)
#9 D:\Projects\RealEstate\public\index.php(45): CodeIgniter\CodeIgniter->run()
#10 D:\Projects\RealEstate\system\Commands\Server\rewrite.php(34): require_once('D:\\Projects\\Rea...')
#11 {main}
CRITICAL - 2020-09-08 08:52:08 --> Undefined variable: propertyId
#0 D:\Projects\RealEstate\app\Controllers\Home.php(210): CodeIgniter\Debug\Exceptions->errorHandler(8, 'Undefined varia...', 'D:\\Projects\\Rea...', 210, Array)
#1 D:\Projects\RealEstate\system\CodeIgniter.php(914): App\Controllers\Home->publicProfile()
#2 D:\Projects\RealEstate\system\CodeIgniter.php(400): CodeIgniter\CodeIgniter->runController(Object(App\Controllers\Home))
#3 D:\Projects\RealEstate\system\CodeIgniter.php(308): CodeIgniter\CodeIgniter->handleRequest(NULL, Object(Config\Cache), false)
#4 D:\Projects\RealEstate\public\index.php(45): CodeIgniter\CodeIgniter->run()
#5 D:\Projects\RealEstate\system\Commands\Server\rewrite.php(34): require_once('D:\\Projects\\Rea...')
#6 {main}
CRITICAL - 2020-09-08 11:16:04 --> syntax error, unexpected '$this' (T_VARIABLE)
#0 D:\Projects\RealEstate\system\Router\Router.php(192): CodeIgniter\Router\Router->autoRoute('Ajax/submitRevi...')
#1 D:\Projects\RealEstate\system\CodeIgniter.php(789): CodeIgniter\Router\Router->handle('Ajax/submitRevi...')
#2 D:\Projects\RealEstate\system\CodeIgniter.php(360): CodeIgniter\CodeIgniter->tryToRouteIt(Object(CodeIgniter\Router\RouteCollection))
#3 D:\Projects\RealEstate\system\CodeIgniter.php(308): CodeIgniter\CodeIgniter->handleRequest(NULL, Object(Config\Cache), false)
#4 D:\Projects\RealEstate\public\index.php(45): CodeIgniter\CodeIgniter->run()
#5 D:\Projects\RealEstate\system\Commands\Server\rewrite.php(34): require_once('D:\\Projects\\Rea...')
#6 {main}
CRITICAL - 2020-09-08 11:17:06 --> syntax error, unexpected '$this' (T_VARIABLE)
#0 D:\Projects\RealEstate\system\Router\Router.php(192): CodeIgniter\Router\Router->autoRoute('Ajax/submitRevi...')
#1 D:\Projects\RealEstate\system\CodeIgniter.php(789): CodeIgniter\Router\Router->handle('Ajax/submitRevi...')
#2 D:\Projects\RealEstate\system\CodeIgniter.php(360): CodeIgniter\CodeIgniter->tryToRouteIt(Object(CodeIgniter\Router\RouteCollection))
#3 D:\Projects\RealEstate\system\CodeIgniter.php(308): CodeIgniter\CodeIgniter->handleRequest(NULL, Object(Config\Cache), false)
#4 D:\Projects\RealEstate\public\index.php(45): CodeIgniter\CodeIgniter->run()
#5 D:\Projects\RealEstate\system\Commands\Server\rewrite.php(34): require_once('D:\\Projects\\Rea...')
#6 {main}
CRITICAL - 2020-09-08 11:17:07 --> syntax error, unexpected '$this' (T_VARIABLE)
#0 D:\Projects\RealEstate\system\Router\Router.php(192): CodeIgniter\Router\Router->autoRoute('Ajax/submitRevi...')
#1 D:\Projects\RealEstate\system\CodeIgniter.php(789): CodeIgniter\Router\Router->handle('Ajax/submitRevi...')
#2 D:\Projects\RealEstate\system\CodeIgniter.php(360): CodeIgniter\CodeIgniter->tryToRouteIt(Object(CodeIgniter\Router\RouteCollection))
#3 D:\Projects\RealEstate\system\CodeIgniter.php(308): CodeIgniter\CodeIgniter->handleRequest(NULL, Object(Config\Cache), false)
#4 D:\Projects\RealEstate\public\index.php(45): CodeIgniter\CodeIgniter->run()
#5 D:\Projects\RealEstate\system\Commands\Server\rewrite.php(34): require_once('D:\\Projects\\Rea...')
#6 {main}
CRITICAL - 2020-09-08 11:17:08 --> syntax error, unexpected '$this' (T_VARIABLE)
#0 D:\Projects\RealEstate\system\Router\Router.php(192): CodeIgniter\Router\Router->autoRoute('Ajax/submitRevi...')
#1 D:\Projects\RealEstate\system\CodeIgniter.php(789): CodeIgniter\Router\Router->handle('Ajax/submitRevi...')
#2 D:\Projects\RealEstate\system\CodeIgniter.php(360): CodeIgniter\CodeIgniter->tryToRouteIt(Object(CodeIgniter\Router\RouteCollection))
#3 D:\Projects\RealEstate\system\CodeIgniter.php(308): CodeIgniter\CodeIgniter->handleRequest(NULL, Object(Config\Cache), false)
#4 D:\Projects\RealEstate\public\index.php(45): CodeIgniter\CodeIgniter->run()
#5 D:\Projects\RealEstate\system\Commands\Server\rewrite.php(34): require_once('D:\\Projects\\Rea...')
#6 {main}
CRITICAL - 2020-09-08 11:17:08 --> syntax error, unexpected '$this' (T_VARIABLE)
#0 D:\Projects\RealEstate\system\Router\Router.php(192): CodeIgniter\Router\Router->autoRoute('Ajax/submitRevi...')
#1 D:\Projects\RealEstate\system\CodeIgniter.php(789): CodeIgniter\Router\Router->handle('Ajax/submitRevi...')
#2 D:\Projects\RealEstate\system\CodeIgniter.php(360): CodeIgniter\CodeIgniter->tryToRouteIt(Object(CodeIgniter\Router\RouteCollection))
#3 D:\Projects\RealEstate\system\CodeIgniter.php(308): CodeIgniter\CodeIgniter->handleRequest(NULL, Object(Config\Cache), false)
#4 D:\Projects\RealEstate\public\index.php(45): CodeIgniter\CodeIgniter->run()
#5 D:\Projects\RealEstate\system\Commands\Server\rewrite.php(34): require_once('D:\\Projects\\Rea...')
#6 {main}
CRITICAL - 2020-09-08 11:17:11 --> syntax error, unexpected '$this' (T_VARIABLE)
#0 D:\Projects\RealEstate\system\Router\Router.php(192): CodeIgniter\Router\Router->autoRoute('Ajax/submitRevi...')
#1 D:\Projects\RealEstate\system\CodeIgniter.php(789): CodeIgniter\Router\Router->handle('Ajax/submitRevi...')
#2 D:\Projects\RealEstate\system\CodeIgniter.php(360): CodeIgniter\CodeIgniter->tryToRouteIt(Object(CodeIgniter\Router\RouteCollection))
#3 D:\Projects\RealEstate\system\CodeIgniter.php(308): CodeIgniter\CodeIgniter->handleRequest(NULL, Object(Config\Cache), false)
#4 D:\Projects\RealEstate\public\index.php(45): CodeIgniter\CodeIgniter->run()
#5 D:\Projects\RealEstate\system\Commands\Server\rewrite.php(34): require_once('D:\\Projects\\Rea...')
#6 {main}
CRITICAL - 2020-09-08 11:18:38 --> syntax error, unexpected 'echo' (T_ECHO)
#0 D:\Projects\RealEstate\system\Router\Router.php(192): CodeIgniter\Router\Router->autoRoute('Ajax/submitRevi...')
#1 D:\Projects\RealEstate\system\CodeIgniter.php(789): CodeIgniter\Router\Router->handle('Ajax/submitRevi...')
#2 D:\Projects\RealEstate\system\CodeIgniter.php(360): CodeIgniter\CodeIgniter->tryToRouteIt(Object(CodeIgniter\Router\RouteCollection))
#3 D:\Projects\RealEstate\system\CodeIgniter.php(308): CodeIgniter\CodeIgniter->handleRequest(NULL, Object(Config\Cache), false)
#4 D:\Projects\RealEstate\public\index.php(45): CodeIgniter\CodeIgniter->run()
#5 D:\Projects\RealEstate\system\Commands\Server\rewrite.php(34): require_once('D:\\Projects\\Rea...')
#6 {main}
CRITICAL - 2020-09-08 11:18:41 --> syntax error, unexpected 'echo' (T_ECHO)
#0 D:\Projects\RealEstate\system\Router\Router.php(192): CodeIgniter\Router\Router->autoRoute('Ajax/submitRevi...')
#1 D:\Projects\RealEstate\system\CodeIgniter.php(789): CodeIgniter\Router\Router->handle('Ajax/submitRevi...')
#2 D:\Projects\RealEstate\system\CodeIgniter.php(360): CodeIgniter\CodeIgniter->tryToRouteIt(Object(CodeIgniter\Router\RouteCollection))
#3 D:\Projects\RealEstate\system\CodeIgniter.php(308): CodeIgniter\CodeIgniter->handleRequest(NULL, Object(Config\Cache), false)
#4 D:\Projects\RealEstate\public\index.php(45): CodeIgniter\CodeIgniter->run()
#5 D:\Projects\RealEstate\system\Commands\Server\rewrite.php(34): require_once('D:\\Projects\\Rea...')
#6 {main}
CRITICAL - 2020-09-08 11:18:44 --> syntax error, unexpected 'echo' (T_ECHO)
#0 D:\Projects\RealEstate\system\Router\Router.php(192): CodeIgniter\Router\Router->autoRoute('Ajax/submitRevi...')
#1 D:\Projects\RealEstate\system\CodeIgniter.php(789): CodeIgniter\Router\Router->handle('Ajax/submitRevi...')
#2 D:\Projects\RealEstate\system\CodeIgniter.php(360): CodeIgniter\CodeIgniter->tryToRouteIt(Object(CodeIgniter\Router\RouteCollection))
#3 D:\Projects\RealEstate\system\CodeIgniter.php(308): CodeIgniter\CodeIgniter->handleRequest(NULL, Object(Config\Cache), false)
#4 D:\Projects\RealEstate\public\index.php(45): CodeIgniter\CodeIgniter->run()
#5 D:\Projects\RealEstate\system\Commands\Server\rewrite.php(34): require_once('D:\\Projects\\Rea...')
#6 {main}
CRITICAL - 2020-09-08 11:19:24 --> syntax error, unexpected 'echo' (T_ECHO)
#0 D:\Projects\RealEstate\system\Router\Router.php(192): CodeIgniter\Router\Router->autoRoute('Ajax/submitRevi...')
#1 D:\Projects\RealEstate\system\CodeIgniter.php(789): CodeIgniter\Router\Router->handle('Ajax/submitRevi...')
#2 D:\Projects\RealEstate\system\CodeIgniter.php(360): CodeIgniter\CodeIgniter->tryToRouteIt(Object(CodeIgniter\Router\RouteCollection))
#3 D:\Projects\RealEstate\system\CodeIgniter.php(308): CodeIgniter\CodeIgniter->handleRequest(NULL, Object(Config\Cache), false)
#4 D:\Projects\RealEstate\public\index.php(45): CodeIgniter\CodeIgniter->run()
#5 D:\Projects\RealEstate\system\Commands\Server\rewrite.php(34): require_once('D:\\Projects\\Rea...')
#6 {main}
CRITICAL - 2020-09-08 11:19:32 --> syntax error, unexpected 'echo' (T_ECHO)
#0 D:\Projects\RealEstate\system\Router\Router.php(192): CodeIgniter\Router\Router->autoRoute('Ajax/submitRevi...')
#1 D:\Projects\RealEstate\system\CodeIgniter.php(789): CodeIgniter\Router\Router->handle('Ajax/submitRevi...')
#2 D:\Projects\RealEstate\system\CodeIgniter.php(360): CodeIgniter\CodeIgniter->tryToRouteIt(Object(CodeIgniter\Router\RouteCollection))
#3 D:\Projects\RealEstate\system\CodeIgniter.php(308): CodeIgniter\CodeIgniter->handleRequest(NULL, Object(Config\Cache), false)
#4 D:\Projects\RealEstate\public\index.php(45): CodeIgniter\CodeIgniter->run()
#5 D:\Projects\RealEstate\system\Commands\Server\rewrite.php(34): require_once('D:\\Projects\\Rea...')
#6 {main}
CRITICAL - 2020-09-08 11:19:48 --> syntax error, unexpected 'print_r' (T_STRING)
#0 D:\Projects\RealEstate\system\Router\Router.php(192): CodeIgniter\Router\Router->autoRoute('Ajax/submitRevi...')
#1 D:\Projects\RealEstate\system\CodeIgniter.php(789): CodeIgniter\Router\Router->handle('Ajax/submitRevi...')
#2 D:\Projects\RealEstate\system\CodeIgniter.php(360): CodeIgniter\CodeIgniter->tryToRouteIt(Object(CodeIgniter\Router\RouteCollection))
#3 D:\Projects\RealEstate\system\CodeIgniter.php(308): CodeIgniter\CodeIgniter->handleRequest(NULL, Object(Config\Cache), false)
#4 D:\Projects\RealEstate\public\index.php(45): CodeIgniter\CodeIgniter->run()
#5 D:\Projects\RealEstate\system\Commands\Server\rewrite.php(34): require_once('D:\\Projects\\Rea...')
#6 {main}
CRITICAL - 2020-09-08 11:21:10 --> Undefined property: App\Controllers\Ajax::$CrudModel
#0 D:\Projects\RealEstate\app\Controllers\Ajax.php(170): CodeIgniter\Debug\Exceptions->errorHandler(8, 'Undefined prope...', 'D:\\Projects\\Rea...', 170, Array)
#1 D:\Projects\RealEstate\system\CodeIgniter.php(914): App\Controllers\Ajax->submitReviewFlag()
#2 D:\Projects\RealEstate\system\CodeIgniter.php(400): CodeIgniter\CodeIgniter->runController(Object(App\Controllers\Ajax))
#3 D:\Projects\RealEstate\system\CodeIgniter.php(308): CodeIgniter\CodeIgniter->handleRequest(NULL, Object(Config\Cache), false)
#4 D:\Projects\RealEstate\public\index.php(45): CodeIgniter\CodeIgniter->run()
#5 D:\Projects\RealEstate\system\Commands\Server\rewrite.php(34): require_once('D:\\Projects\\Rea...')
#6 {main}
CRITICAL - 2020-09-08 11:21:13 --> Undefined property: App\Controllers\Ajax::$CrudModel
#0 D:\Projects\RealEstate\app\Controllers\Ajax.php(170): CodeIgniter\Debug\Exceptions->errorHandler(8, 'Undefined prope...', 'D:\\Projects\\Rea...', 170, Array)
#1 D:\Projects\RealEstate\system\CodeIgniter.php(914): App\Controllers\Ajax->submitReviewFlag()
#2 D:\Projects\RealEstate\system\CodeIgniter.php(400): CodeIgniter\CodeIgniter->runController(Object(App\Controllers\Ajax))
#3 D:\Projects\RealEstate\system\CodeIgniter.php(308): CodeIgniter\CodeIgniter->handleRequest(NULL, Object(Config\Cache), false)
#4 D:\Projects\RealEstate\public\index.php(45): CodeIgniter\CodeIgniter->run()
#5 D:\Projects\RealEstate\system\Commands\Server\rewrite.php(34): require_once('D:\\Projects\\Rea...')
#6 {main}
CRITICAL - 2020-09-08 11:21:15 --> Undefined property: App\Controllers\Ajax::$CrudModel
#0 D:\Projects\RealEstate\app\Controllers\Ajax.php(170): CodeIgniter\Debug\Exceptions->errorHandler(8, 'Undefined prope...', 'D:\\Projects\\Rea...', 170, Array)
#1 D:\Projects\RealEstate\system\CodeIgniter.php(914): App\Controllers\Ajax->submitReviewFlag()
#2 D:\Projects\RealEstate\system\CodeIgniter.php(400): CodeIgniter\CodeIgniter->runController(Object(App\Controllers\Ajax))
#3 D:\Projects\RealEstate\system\CodeIgniter.php(308): CodeIgniter\CodeIgniter->handleRequest(NULL, Object(Config\Cache), false)
#4 D:\Projects\RealEstate\public\index.php(45): CodeIgniter\CodeIgniter->run()
#5 D:\Projects\RealEstate\system\Commands\Server\rewrite.php(34): require_once('D:\\Projects\\Rea...')
#6 {main}
CRITICAL - 2020-09-08 11:26:03 --> Undefined variable: sAgents
#0 D:\Projects\RealEstate\app\Views\frontend\find-agent.php(53): CodeIgniter\Debug\Exceptions->errorHandler(8, 'Undefined varia...', 'D:\\Projects\\Rea...', 53, Array)
#1 D:\Projects\RealEstate\system\View\View.php(246): include('D:\\Projects\\Rea...')
#2 D:\Projects\RealEstate\system\Common.php(1087): CodeIgniter\View\View->render('frontend/find-a...', Array, true)
#3 D:\Projects\RealEstate\app\Controllers\Home.php(182): view('frontend/find-a...', Array)
#4 D:\Projects\RealEstate\system\CodeIgniter.php(914): App\Controllers\Home->findAgent()
#5 D:\Projects\RealEstate\system\CodeIgniter.php(400): CodeIgniter\CodeIgniter->runController(Object(App\Controllers\Home))
#6 D:\Projects\RealEstate\system\CodeIgniter.php(308): CodeIgniter\CodeIgniter->handleRequest(NULL, Object(Config\Cache), false)
#7 D:\Projects\RealEstate\public\index.php(45): CodeIgniter\CodeIgniter->run()
#8 D:\Projects\RealEstate\system\Commands\Server\rewrite.php(34): require_once('D:\\Projects\\Rea...')
#9 {main}
CRITICAL - 2020-09-08 11:32:50 --> Undefined variable: sAgents
#0 D:\Projects\RealEstate\app\Views\frontend\find-agent.php(53): CodeIgniter\Debug\Exceptions->errorHandler(8, 'Undefined varia...', 'D:\\Projects\\Rea...', 53, Array)
#1 D:\Projects\RealEstate\system\View\View.php(246): include('D:\\Projects\\Rea...')
#2 D:\Projects\RealEstate\system\Common.php(1087): CodeIgniter\View\View->render('frontend/find-a...', Array, true)
#3 D:\Projects\RealEstate\app\Controllers\Home.php(182): view('frontend/find-a...', Array)
#4 D:\Projects\RealEstate\system\CodeIgniter.php(914): App\Controllers\Home->findAgent()
#5 D:\Projects\RealEstate\system\CodeIgniter.php(400): CodeIgniter\CodeIgniter->runController(Object(App\Controllers\Home))
#6 D:\Projects\RealEstate\system\CodeIgniter.php(308): CodeIgniter\CodeIgniter->handleRequest(NULL, Object(Config\Cache), false)
#7 D:\Projects\RealEstate\public\index.php(45): CodeIgniter\CodeIgniter->run()
#8 D:\Projects\RealEstate\system\Commands\Server\rewrite.php(34): require_once('D:\\Projects\\Rea...')
#9 {main}
CRITICAL - 2020-09-08 11:35:08 --> Undefined variable: sAgents
#0 D:\Projects\RealEstate\app\Views\frontend\find-agent.php(53): CodeIgniter\Debug\Exceptions->errorHandler(8, 'Undefined varia...', 'D:\\Projects\\Rea...', 53, Array)
#1 D:\Projects\RealEstate\system\View\View.php(246): include('D:\\Projects\\Rea...')
#2 D:\Projects\RealEstate\system\Common.php(1087): CodeIgniter\View\View->render('frontend/find-a...', Array, true)
#3 D:\Projects\RealEstate\app\Controllers\Home.php(182): view('frontend/find-a...', Array)
#4 D:\Projects\RealEstate\system\CodeIgniter.php(914): App\Controllers\Home->findAgent()
#5 D:\Projects\RealEstate\system\CodeIgniter.php(400): CodeIgniter\CodeIgniter->runController(Object(App\Controllers\Home))
#6 D:\Projects\RealEstate\system\CodeIgniter.php(308): CodeIgniter\CodeIgniter->handleRequest(NULL, Object(Config\Cache), false)
#7 D:\Projects\RealEstate\public\index.php(45): CodeIgniter\CodeIgniter->run()
#8 D:\Projects\RealEstate\system\Commands\Server\rewrite.php(34): require_once('D:\\Projects\\Rea...')
#9 {main}
CRITICAL - 2020-09-08 12:55:37 --> Undefined variable: sAgents
#0 D:\Projects\RealEstate\app\Views\frontend\find-agent.php(53): CodeIgniter\Debug\Exceptions->errorHandler(8, 'Undefined varia...', 'D:\\Projects\\Rea...', 53, Array)
#1 D:\Projects\RealEstate\system\View\View.php(246): include('D:\\Projects\\Rea...')
#2 D:\Projects\RealEstate\system\Common.php(1087): CodeIgniter\View\View->render('frontend/find-a...', Array, true)
#3 D:\Projects\RealEstate\app\Controllers\Home.php(182): view('frontend/find-a...', Array)
#4 D:\Projects\RealEstate\system\CodeIgniter.php(914): App\Controllers\Home->findAgent()
#5 D:\Projects\RealEstate\system\CodeIgniter.php(400): CodeIgniter\CodeIgniter->runController(Object(App\Controllers\Home))
#6 D:\Projects\RealEstate\system\CodeIgniter.php(308): CodeIgniter\CodeIgniter->handleRequest(NULL, Object(Config\Cache), false)
#7 D:\Projects\RealEstate\public\index.php(45): CodeIgniter\CodeIgniter->run()
#8 D:\Projects\RealEstate\system\Commands\Server\rewrite.php(34): require_once('D:\\Projects\\Rea...')
#9 {main}
CRITICAL - 2020-09-08 12:55:49 --> Undefined variable: sAgents
#0 D:\Projects\RealEstate\app\Views\frontend\find-agent.php(53): CodeIgniter\Debug\Exceptions->errorHandler(8, 'Undefined varia...', 'D:\\Projects\\Rea...', 53, Array)
#1 D:\Projects\RealEstate\system\View\View.php(246): include('D:\\Projects\\Rea...')
#2 D:\Projects\RealEstate\system\Common.php(1087): CodeIgniter\View\View->render('frontend/find-a...', Array, true)
#3 D:\Projects\RealEstate\app\Controllers\Home.php(182): view('frontend/find-a...', Array)
#4 D:\Projects\RealEstate\system\CodeIgniter.php(914): App\Controllers\Home->findAgent()
#5 D:\Projects\RealEstate\system\CodeIgniter.php(400): CodeIgniter\CodeIgniter->runController(Object(App\Controllers\Home))
#6 D:\Projects\RealEstate\system\CodeIgniter.php(308): CodeIgniter\CodeIgniter->handleRequest(NULL, Object(Config\Cache), false)
#7 D:\Projects\RealEstate\public\index.php(45): CodeIgniter\CodeIgniter->run()
#8 D:\Projects\RealEstate\system\Commands\Server\rewrite.php(34): require_once('D:\\Projects\\Rea...')
#9 {main}
CRITICAL - 2020-09-08 15:02:54 --> Invalid argument supplied for foreach()
#0 D:\Projects\RealEstate\app\Views\frontend\property.php(190): CodeIgniter\Debug\Exceptions->errorHandler(2, 'Invalid argumen...', 'D:\\Projects\\Rea...', 190, Array)
#1 D:\Projects\RealEstate\system\View\View.php(246): include('D:\\Projects\\Rea...')
#2 D:\Projects\RealEstate\system\Common.php(1087): CodeIgniter\View\View->render('frontend/proper...', Array, true)
#3 D:\Projects\RealEstate\app\Controllers\Property.php(55): view('frontend/proper...', Array)
#4 D:\Projects\RealEstate\system\CodeIgniter.php(914): App\Controllers\Property->index()
#5 D:\Projects\RealEstate\system\CodeIgniter.php(400): CodeIgniter\CodeIgniter->runController(Object(App\Controllers\Property))
#6 D:\Projects\RealEstate\system\CodeIgniter.php(308): CodeIgniter\CodeIgniter->handleRequest(NULL, Object(Config\Cache), false)
#7 D:\Projects\RealEstate\public\index.php(45): CodeIgniter\CodeIgniter->run()
#8 D:\Projects\RealEstate\system\Commands\Server\rewrite.php(34): require_once('D:\\Projects\\Rea...')
#9 {main}
CRITICAL - 2020-09-08 15:15:56 --> Call to undefined function humanize()
#0 D:\Projects\RealEstate\system\View\View.php(246): include()
#1 D:\Projects\RealEstate\system\Common.php(1087): CodeIgniter\View\View->render('frontend/browse', Array, true)
#2 D:\Projects\RealEstate\app\Controllers\Home.php(86): view('frontend/browse', Array)
#3 D:\Projects\RealEstate\system\CodeIgniter.php(914): App\Controllers\Home->browse()
#4 D:\Projects\RealEstate\system\CodeIgniter.php(400): CodeIgniter\CodeIgniter->runController(Object(App\Controllers\Home))
#5 D:\Projects\RealEstate\system\CodeIgniter.php(308): CodeIgniter\CodeIgniter->handleRequest(NULL, Object(Config\Cache), false)
#6 D:\Projects\RealEstate\public\index.php(45): CodeIgniter\CodeIgniter->run()
#7 D:\Projects\RealEstate\system\Commands\Server\rewrite.php(34): require_once('D:\\Projects\\Rea...')
#8 {main}
CRITICAL - 2020-09-08 15:21:53 --> Invalid argument supplied for foreach()
#0 D:\Projects\RealEstate\app\Views\frontend\property.php(198): CodeIgniter\Debug\Exceptions->errorHandler(2, 'Invalid argumen...', 'D:\\Projects\\Rea...', 198, Array)
#1 D:\Projects\RealEstate\system\View\View.php(246): include('D:\\Projects\\Rea...')
#2 D:\Projects\RealEstate\system\Common.php(1087): CodeIgniter\View\View->render('frontend/proper...', Array, true)
#3 D:\Projects\RealEstate\app\Controllers\Property.php(55): view('frontend/proper...', Array)
#4 D:\Projects\RealEstate\system\CodeIgniter.php(914): App\Controllers\Property->index()
#5 D:\Projects\RealEstate\system\CodeIgniter.php(400): CodeIgniter\CodeIgniter->runController(Object(App\Controllers\Property))
#6 D:\Projects\RealEstate\system\CodeIgniter.php(308): CodeIgniter\CodeIgniter->handleRequest(NULL, Object(Config\Cache), false)
#7 D:\Projects\RealEstate\public\index.php(45): CodeIgniter\CodeIgniter->run()
#8 D:\Projects\RealEstate\system\Commands\Server\rewrite.php(34): require_once('D:\\Projects\\Rea...')
#9 {main}
CRITICAL - 2020-09-08 15:24:41 --> Invalid argument supplied for foreach()
#0 D:\Projects\RealEstate\app\Views\frontend\property.php(200): CodeIgniter\Debug\Exceptions->errorHandler(2, 'Invalid argumen...', 'D:\\Projects\\Rea...', 200, Array)
#1 D:\Projects\RealEstate\system\View\View.php(246): include('D:\\Projects\\Rea...')
#2 D:\Projects\RealEstate\system\Common.php(1087): CodeIgniter\View\View->render('frontend/proper...', Array, true)
#3 D:\Projects\RealEstate\app\Controllers\Property.php(55): view('frontend/proper...', Array)
#4 D:\Projects\RealEstate\system\CodeIgniter.php(914): App\Controllers\Property->index()
#5 D:\Projects\RealEstate\system\CodeIgniter.php(400): CodeIgniter\CodeIgniter->runController(Object(App\Controllers\Property))
#6 D:\Projects\RealEstate\system\CodeIgniter.php(308): CodeIgniter\CodeIgniter->handleRequest(NULL, Object(Config\Cache), false)
#7 D:\Projects\RealEstate\public\index.php(45): CodeIgniter\CodeIgniter->run()
#8 D:\Projects\RealEstate\system\Commands\Server\rewrite.php(34): require_once('D:\\Projects\\Rea...')
#9 {main}
CRITICAL - 2020-09-08 15:29:42 --> unlink(D:\Projects\RealEstate\public\property-images/thumbnails/1599371372_d8de7a9ba0fa1f91db6e.png): No such file or directory
#0 [internal function]: CodeIgniter\Debug\Exceptions->errorHandler(2, 'unlink(D:\\Proje...', 'D:\\Projects\\Rea...', 364, Array)
#1 D:\Projects\RealEstate\app\Controllers\Backend\Properties.php(364): unlink('D:\\Projects\\Rea...')
#2 D:\Projects\RealEstate\system\CodeIgniter.php(914): App\Controllers\Backend\Properties->removePropertyImage()
#3 D:\Projects\RealEstate\system\CodeIgniter.php(400): CodeIgniter\CodeIgniter->runController(Object(App\Controllers\Backend\Properties))
#4 D:\Projects\RealEstate\system\CodeIgniter.php(308): CodeIgniter\CodeIgniter->handleRequest(NULL, Object(Config\Cache), false)
#5 D:\Projects\RealEstate\public\index.php(45): CodeIgniter\CodeIgniter->run()
#6 D:\Projects\RealEstate\system\Commands\Server\rewrite.php(34): require_once('D:\\Projects\\Rea...')
#7 {main}
CRITICAL - 2020-09-08 15:29:45 --> unlink(D:\Projects\RealEstate\public\property-images/thumbnails/1599371385_0b7544dffbe519499c61.png): No such file or directory
#0 [internal function]: CodeIgniter\Debug\Exceptions->errorHandler(2, 'unlink(D:\\Proje...', 'D:\\Projects\\Rea...', 364, Array)
#1 D:\Projects\RealEstate\app\Controllers\Backend\Properties.php(364): unlink('D:\\Projects\\Rea...')
#2 D:\Projects\RealEstate\system\CodeIgniter.php(914): App\Controllers\Backend\Properties->removePropertyImage()
#3 D:\Projects\RealEstate\system\CodeIgniter.php(400): CodeIgniter\CodeIgniter->runController(Object(App\Controllers\Backend\Properties))
#4 D:\Projects\RealEstate\system\CodeIgniter.php(308): CodeIgniter\CodeIgniter->handleRequest(NULL, Object(Config\Cache), false)
#5 D:\Projects\RealEstate\public\index.php(45): CodeIgniter\CodeIgniter->run()
#6 D:\Projects\RealEstate\system\Commands\Server\rewrite.php(34): require_once('D:\\Projects\\Rea...')
#7 {main}
CRITICAL - 2020-09-08 15:29:50 --> unlink(D:\Projects\RealEstate\public\property-images/1599371372_d8de7a9ba0fa1f91db6e.png): No such file or directory
#0 [internal function]: CodeIgniter\Debug\Exceptions->errorHandler(2, 'unlink(D:\\Proje...', 'D:\\Projects\\Rea...', 363, Array)
#1 D:\Projects\RealEstate\app\Controllers\Backend\Properties.php(363): unlink('D:\\Projects\\Rea...')
#2 D:\Projects\RealEstate\system\CodeIgniter.php(914): App\Controllers\Backend\Properties->removePropertyImage()
#3 D:\Projects\RealEstate\system\CodeIgniter.php(400): CodeIgniter\CodeIgniter->runController(Object(App\Controllers\Backend\Properties))
#4 D:\Projects\RealEstate\system\CodeIgniter.php(308): CodeIgniter\CodeIgniter->handleRequest(NULL, Object(Config\Cache), false)
#5 D:\Projects\RealEstate\public\index.php(45): CodeIgniter\CodeIgniter->run()
#6 D:\Projects\RealEstate\system\Commands\Server\rewrite.php(34): require_once('D:\\Projects\\Rea...')
#7 {main}
CRITICAL - 2020-09-08 15:29:54 --> unlink(D:\Projects\RealEstate\public\property-images/1599371372_d8de7a9ba0fa1f91db6e.png): No such file or directory
#0 [internal function]: CodeIgniter\Debug\Exceptions->errorHandler(2, 'unlink(D:\\Proje...', 'D:\\Projects\\Rea...', 363, Array)
#1 D:\Projects\RealEstate\app\Controllers\Backend\Properties.php(363): unlink('D:\\Projects\\Rea...')
#2 D:\Projects\RealEstate\system\CodeIgniter.php(914): App\Controllers\Backend\Properties->removePropertyImage()
#3 D:\Projects\RealEstate\system\CodeIgniter.php(400): CodeIgniter\CodeIgniter->runController(Object(App\Controllers\Backend\Properties))
#4 D:\Projects\RealEstate\system\CodeIgniter.php(308): CodeIgniter\CodeIgniter->handleRequest(NULL, Object(Config\Cache), false)
#5 D:\Projects\RealEstate\public\index.php(45): CodeIgniter\CodeIgniter->run()
#6 D:\Projects\RealEstate\system\Commands\Server\rewrite.php(34): require_once('D:\\Projects\\Rea...')
#7 {main}
CRITICAL - 2020-09-08 15:29:57 --> unlink(D:\Projects\RealEstate\public\property-images/1599371372_d8de7a9ba0fa1f91db6e.png): No such file or directory
#0 [internal function]: CodeIgniter\Debug\Exceptions->errorHandler(2, 'unlink(D:\\Proje...', 'D:\\Projects\\Rea...', 363, Array)
#1 D:\Projects\RealEstate\app\Controllers\Backend\Properties.php(363): unlink('D:\\Projects\\Rea...')
#2 D:\Projects\RealEstate\system\CodeIgniter.php(914): App\Controllers\Backend\Properties->removePropertyImage()
#3 D:\Projects\RealEstate\system\CodeIgniter.php(400): CodeIgniter\CodeIgniter->runController(Object(App\Controllers\Backend\Properties))
#4 D:\Projects\RealEstate\system\CodeIgniter.php(308): CodeIgniter\CodeIgniter->handleRequest(NULL, Object(Config\Cache), false)
#5 D:\Projects\RealEstate\public\index.php(45): CodeIgniter\CodeIgniter->run()
#6 D:\Projects\RealEstate\system\Commands\Server\rewrite.php(34): require_once('D:\\Projects\\Rea...')
#7 {main}
CRITICAL - 2020-09-08 15:29:59 --> unlink(D:\Projects\RealEstate\public\property-images/1599371385_0b7544dffbe519499c61.png): No such file or directory
#0 [internal function]: CodeIgniter\Debug\Exceptions->errorHandler(2, 'unlink(D:\\Proje...', 'D:\\Projects\\Rea...', 363, Array)
#1 D:\Projects\RealEstate\app\Controllers\Backend\Properties.php(363): unlink('D:\\Projects\\Rea...')
#2 D:\Projects\RealEstate\system\CodeIgniter.php(914): App\Controllers\Backend\Properties->removePropertyImage()
#3 D:\Projects\RealEstate\system\CodeIgniter.php(400): CodeIgniter\CodeIgniter->runController(Object(App\Controllers\Backend\Properties))
#4 D:\Projects\RealEstate\system\CodeIgniter.php(308): CodeIgniter\CodeIgniter->handleRequest(NULL, Object(Config\Cache), false)
#5 D:\Projects\RealEstate\public\index.php(45): CodeIgniter\CodeIgniter->run()
#6 D:\Projects\RealEstate\system\Commands\Server\rewrite.php(34): require_once('D:\\Projects\\Rea...')
#7 {main}
CRITICAL - 2020-09-08 15:30:01 --> unlink(D:\Projects\RealEstate\public\property-images/1599371372_d8de7a9ba0fa1f91db6e.png): No such file or directory
#0 [internal function]: CodeIgniter\Debug\Exceptions->errorHandler(2, 'unlink(D:\\Proje...', 'D:\\Projects\\Rea...', 363, Array)
#1 D:\Projects\RealEstate\app\Controllers\Backend\Properties.php(363): unlink('D:\\Projects\\Rea...')
#2 D:\Projects\RealEstate\system\CodeIgniter.php(914): App\Controllers\Backend\Properties->removePropertyImage()
#3 D:\Projects\RealEstate\system\CodeIgniter.php(400): CodeIgniter\CodeIgniter->runController(Object(App\Controllers\Backend\Properties))
#4 D:\Projects\RealEstate\system\CodeIgniter.php(308): CodeIgniter\CodeIgniter->handleRequest(NULL, Object(Config\Cache), false)
#5 D:\Projects\RealEstate\public\index.php(45): CodeIgniter\CodeIgniter->run()
#6 D:\Projects\RealEstate\system\Commands\Server\rewrite.php(34): require_once('D:\\Projects\\Rea...')
#7 {main}
CRITICAL - 2020-09-08 15:30:02 --> unlink(D:\Projects\RealEstate\public\property-images/1599371385_0b7544dffbe519499c61.png): No such file or directory
#0 [internal function]: CodeIgniter\Debug\Exceptions->errorHandler(2, 'unlink(D:\\Proje...', 'D:\\Projects\\Rea...', 363, Array)
#1 D:\Projects\RealEstate\app\Controllers\Backend\Properties.php(363): unlink('D:\\Projects\\Rea...')
#2 D:\Projects\RealEstate\system\CodeIgniter.php(914): App\Controllers\Backend\Properties->removePropertyImage()
#3 D:\Projects\RealEstate\system\CodeIgniter.php(400): CodeIgniter\CodeIgniter->runController(Object(App\Controllers\Backend\Properties))
#4 D:\Projects\RealEstate\system\CodeIgniter.php(308): CodeIgniter\CodeIgniter->handleRequest(NULL, Object(Config\Cache), false)
#5 D:\Projects\RealEstate\public\index.php(45): CodeIgniter\CodeIgniter->run()
#6 D:\Projects\RealEstate\system\Commands\Server\rewrite.php(34): require_once('D:\\Projects\\Rea...')
#7 {main}
CRITICAL - 2020-09-08 15:30:04 --> unlink(D:\Projects\RealEstate\public\property-images/1599371372_d8de7a9ba0fa1f91db6e.png): No such file or directory
#0 [internal function]: CodeIgniter\Debug\Exceptions->errorHandler(2, 'unlink(D:\\Proje...', 'D:\\Projects\\Rea...', 363, Array)
#1 D:\Projects\RealEstate\app\Controllers\Backend\Properties.php(363): unlink('D:\\Projects\\Rea...')
#2 D:\Projects\RealEstate\system\CodeIgniter.php(914): App\Controllers\Backend\Properties->removePropertyImage()
#3 D:\Projects\RealEstate\system\CodeIgniter.php(400): CodeIgniter\CodeIgniter->runController(Object(App\Controllers\Backend\Properties))
#4 D:\Projects\RealEstate\system\CodeIgniter.php(308): CodeIgniter\CodeIgniter->handleRequest(NULL, Object(Config\Cache), false)
#5 D:\Projects\RealEstate\public\index.php(45): CodeIgniter\CodeIgniter->run()
#6 D:\Projects\RealEstate\system\Commands\Server\rewrite.php(34): require_once('D:\\Projects\\Rea...')
#7 {main}
CRITICAL - 2020-09-08 15:30:06 --> unlink(D:\Projects\RealEstate\public\property-images/1599371385_0b7544dffbe519499c61.png): No such file or directory
#0 [internal function]: CodeIgniter\Debug\Exceptions->errorHandler(2, 'unlink(D:\\Proje...', 'D:\\Projects\\Rea...', 363, Array)
#1 D:\Projects\RealEstate\app\Controllers\Backend\Properties.php(363): unlink('D:\\Projects\\Rea...')
#2 D:\Projects\RealEstate\system\CodeIgniter.php(914): App\Controllers\Backend\Properties->removePropertyImage()
#3 D:\Projects\RealEstate\system\CodeIgniter.php(400): CodeIgniter\CodeIgniter->runController(Object(App\Controllers\Backend\Properties))
#4 D:\Projects\RealEstate\system\CodeIgniter.php(308): CodeIgniter\CodeIgniter->handleRequest(NULL, Object(Config\Cache), false)
#5 D:\Projects\RealEstate\public\index.php(45): CodeIgniter\CodeIgniter->run()
#6 D:\Projects\RealEstate\system\Commands\Server\rewrite.php(34): require_once('D:\\Projects\\Rea...')
#7 {main}
CRITICAL - 2020-09-08 15:36:28 --> Invalid argument supplied for foreach()
#0 D:\Projects\RealEstate\app\Views\frontend\property.php(200): CodeIgniter\Debug\Exceptions->errorHandler(2, 'Invalid argumen...', 'D:\\Projects\\Rea...', 200, Array)
#1 D:\Projects\RealEstate\system\View\View.php(246): include('D:\\Projects\\Rea...')
#2 D:\Projects\RealEstate\system\Common.php(1087): CodeIgniter\View\View->render('frontend/proper...', Array, true)
#3 D:\Projects\RealEstate\app\Controllers\Property.php(55): view('frontend/proper...', Array)
#4 D:\Projects\RealEstate\system\CodeIgniter.php(914): App\Controllers\Property->index()
#5 D:\Projects\RealEstate\system\CodeIgniter.php(400): CodeIgniter\CodeIgniter->runController(Object(App\Controllers\Property))
#6 D:\Projects\RealEstate\system\CodeIgniter.php(308): CodeIgniter\CodeIgniter->handleRequest(NULL, Object(Config\Cache), false)
#7 D:\Projects\RealEstate\public\index.php(45): CodeIgniter\CodeIgniter->run()
#8 D:\Projects\RealEstate\system\Commands\Server\rewrite.php(34): require_once('D:\\Projects\\Rea...')
#9 {main}
CRITICAL - 2020-09-08 15:44:06 --> Call to undefined function isImageExists()
#0 D:\Projects\RealEstate\system\View\View.php(246): include()
#1 D:\Projects\RealEstate\system\Common.php(1087): CodeIgniter\View\View->render('landing', Array, true)
#2 D:\Projects\RealEstate\app\Controllers\Home.php(24): view('landing', Array)
#3 D:\Projects\RealEstate\system\CodeIgniter.php(914): App\Controllers\Home->index()
#4 D:\Projects\RealEstate\system\CodeIgniter.php(400): CodeIgniter\CodeIgniter->runController(Object(App\Controllers\Home))
#5 D:\Projects\RealEstate\system\CodeIgniter.php(308): CodeIgniter\CodeIgniter->handleRequest(NULL, Object(Config\Cache), false)
#6 D:\Projects\RealEstate\public\index.php(45): CodeIgniter\CodeIgniter->run()
#7 D:\Projects\RealEstate\system\Commands\Server\rewrite.php(34): require_once('D:\\Projects\\Rea...')
#8 {main}
CRITICAL - 2020-09-08 15:44:56 --> Call to undefined function isImageExists()
#0 D:\Projects\RealEstate\system\View\View.php(246): include()
#1 D:\Projects\RealEstate\system\Common.php(1087): CodeIgniter\View\View->render('landing', Array, true)
#2 D:\Projects\RealEstate\app\Controllers\Home.php(25): view('landing', Array)
#3 D:\Projects\RealEstate\system\CodeIgniter.php(914): App\Controllers\Home->index()
#4 D:\Projects\RealEstate\system\CodeIgniter.php(400): CodeIgniter\CodeIgniter->runController(Object(App\Controllers\Home))
#5 D:\Projects\RealEstate\system\CodeIgniter.php(308): CodeIgniter\CodeIgniter->handleRequest(NULL, Object(Config\Cache), false)
#6 D:\Projects\RealEstate\public\index.php(45): CodeIgniter\CodeIgniter->run()
#7 D:\Projects\RealEstate\system\Commands\Server\rewrite.php(34): require_once('D:\\Projects\\Rea...')
#8 {main}
