CRITICAL - 2020-10-05 12:34:32 --> Invalid argument supplied for foreach()
#0 D:\Projects\RealEstate\app\Views\backend\properties.php(530): CodeIgniter\Debug\Exceptions->errorHandler(2, 'Invalid argumen...', 'D:\\Projects\\Rea...', 530, Array)
#1 D:\Projects\RealEstate\system\View\View.php(246): include('D:\\Projects\\Rea...')
#2 D:\Projects\RealEstate\system\Common.php(1087): CodeIgniter\View\View->render('backend/propert...', Array, true)
#3 D:\Projects\RealEstate\app\Controllers\Backend\Properties.php(32): view('backend/propert...', Array)
#4 D:\Projects\RealEstate\system\CodeIgniter.php(914): App\Controllers\Backend\Properties->view('21')
#5 D:\Projects\RealEstate\system\CodeIgniter.php(400): CodeIgniter\CodeIgniter->runController(Object(App\Controllers\Backend\Properties))
#6 D:\Projects\RealEstate\system\CodeIgniter.php(308): CodeIgniter\CodeIgniter->handleRequest(NULL, Object(Config\Cache), false)
#7 D:\Projects\RealEstate\public\index.php(45): CodeIgniter\CodeIgniter->run()
#8 D:\Projects\RealEstate\system\Commands\Server\rewrite.php(34): require_once('D:\\Projects\\Rea...')
#9 {main}
CRITICAL - 2020-10-05 12:34:47 --> Invalid argument supplied for foreach()
#0 D:\Projects\RealEstate\app\Views\backend\properties.php(530): CodeIgniter\Debug\Exceptions->errorHandler(2, 'Invalid argumen...', 'D:\\Projects\\Rea...', 530, Array)
#1 D:\Projects\RealEstate\system\View\View.php(246): include('D:\\Projects\\Rea...')
#2 D:\Projects\RealEstate\system\Common.php(1087): CodeIgniter\View\View->render('backend/propert...', Array, true)
#3 D:\Projects\RealEstate\app\Controllers\Backend\Properties.php(32): view('backend/propert...', Array)
#4 D:\Projects\RealEstate\system\CodeIgniter.php(914): App\Controllers\Backend\Properties->view('20')
#5 D:\Projects\RealEstate\system\CodeIgniter.php(400): CodeIgniter\CodeIgniter->runController(Object(App\Controllers\Backend\Properties))
#6 D:\Projects\RealEstate\system\CodeIgniter.php(308): CodeIgniter\CodeIgniter->handleRequest(NULL, Object(Config\Cache), false)
#7 D:\Projects\RealEstate\public\index.php(45): CodeIgniter\CodeIgniter->run()
#8 D:\Projects\RealEstate\system\Commands\Server\rewrite.php(34): require_once('D:\\Projects\\Rea...')
#9 {main}
CRITICAL - 2020-10-05 12:38:56 --> count(): Parameter must be an array or an object that implements Countable
#0 D:\Projects\RealEstate\app\Helpers\common_helper.php(491): CodeIgniter\Debug\Exceptions->errorHandler(2, 'count(): Parame...', 'D:\\Projects\\Rea...', 491, Array)
#1 D:\Projects\RealEstate\app\Views\backend\common\sidebar.php(11): adminSCounter()
#2 D:\Projects\RealEstate\system\View\View.php(246): include('D:\\Projects\\Rea...')
#3 D:\Projects\RealEstate\system\View\View.php(525): CodeIgniter\View\View->render('backend/common/...', NULL, true)
#4 D:\Projects\RealEstate\app\Views\backend\properties.php(21): CodeIgniter\View\View->include('backend/common/...')
#5 D:\Projects\RealEstate\system\View\View.php(246): include('D:\\Projects\\Rea...')
#6 D:\Projects\RealEstate\system\Common.php(1087): CodeIgniter\View\View->render('backend/propert...', Array, true)
#7 D:\Projects\RealEstate\app\Controllers\Backend\Properties.php(24): view('backend/propert...', Array)
#8 D:\Projects\RealEstate\system\CodeIgniter.php(914): App\Controllers\Backend\Properties->index()
#9 D:\Projects\RealEstate\system\CodeIgniter.php(400): CodeIgniter\CodeIgniter->runController(Object(App\Controllers\Backend\Properties))
#10 D:\Projects\RealEstate\system\CodeIgniter.php(308): CodeIgniter\CodeIgniter->handleRequest(NULL, Object(Config\Cache), false)
#11 D:\Projects\RealEstate\public\index.php(45): CodeIgniter\CodeIgniter->run()
#12 D:\Projects\RealEstate\system\Commands\Server\rewrite.php(34): require_once('D:\\Projects\\Rea...')
#13 {main}
CRITICAL - 2020-10-05 12:39:08 --> count(): Parameter must be an array or an object that implements Countable
#0 [internal function]: CodeIgniter\Debug\Exceptions->errorHandler(2, 'count(): Parame...', 'D:\\Projects\\Rea...', 23, Array)
#1 D:\Projects\RealEstate\app\Controllers\Backend\Dashboard.php(23): count(NULL)
#2 D:\Projects\RealEstate\system\CodeIgniter.php(914): App\Controllers\Backend\Dashboard->index()
#3 D:\Projects\RealEstate\system\CodeIgniter.php(400): CodeIgniter\CodeIgniter->runController(Object(App\Controllers\Backend\Dashboard))
#4 D:\Projects\RealEstate\system\CodeIgniter.php(308): CodeIgniter\CodeIgniter->handleRequest(NULL, Object(Config\Cache), false)
#5 D:\Projects\RealEstate\public\index.php(45): CodeIgniter\CodeIgniter->run()
#6 D:\Projects\RealEstate\system\Commands\Server\rewrite.php(34): require_once('D:\\Projects\\Rea...')
#7 {main}
