CRITICAL - 2020-08-15 00:59:30 --> syntax error, unexpected ';', expecting ')'
#0 D:\Projects\RealEstate\system\Autoloader\Autoloader.php(296): CodeIgniter\Autoloader\Autoloader->requireFile('D:\\Projects\\Rea...')
#1 D:\Projects\RealEstate\system\Autoloader\Autoloader.php(258): CodeIgniter\Autoloader\Autoloader->loadInNamespace('App\\Controllers...')
#2 [internal function]: CodeIgniter\Autoloader\Autoloader->loadClass('App\\Controllers...')
#3 [internal function]: spl_autoload_call('App\\Controllers...')
#4 D:\Projects\RealEstate\system\CodeIgniter.php(865): class_exists('\\App\\Controller...', true)
#5 D:\Projects\RealEstate\system\CodeIgniter.php(390): CodeIgniter\CodeIgniter->startController()
#6 D:\Projects\RealEstate\system\CodeIgniter.php(308): CodeIgniter\CodeIgniter->handleRequest(NULL, Object(Config\Cache), false)
#7 D:\Projects\RealEstate\public\index.php(45): CodeIgniter\CodeIgniter->run()
#8 D:\Projects\RealEstate\system\Commands\Server\rewrite.php(34): require_once('D:\\Projects\\Rea...')
#9 {main}
CRITICAL - 2020-08-15 01:30:02 --> Argument 1 passed to CodeIgniter\View\Parser::setData() must be of the type array, int given, called in D:\Projects\RealEstate\app\Controllers\Auth.php on line 488
#0 D:\Projects\RealEstate\app\Controllers\Auth.php(488): CodeIgniter\View\Parser->setData(1597473002)
#1 D:\Projects\RealEstate\app\Controllers\Auth.php(369): App\Controllers\Auth->sendSms(1597473002, '8800580884', 'Welcome to Prop...')
#2 D:\Projects\RealEstate\system\CodeIgniter.php(914): App\Controllers\Auth->forgot_password()
#3 D:\Projects\RealEstate\system\CodeIgniter.php(400): CodeIgniter\CodeIgniter->runController(Object(App\Controllers\Auth))
#4 D:\Projects\RealEstate\system\CodeIgniter.php(308): CodeIgniter\CodeIgniter->handleRequest(NULL, Object(Config\Cache), false)
#5 D:\Projects\RealEstate\public\index.php(45): CodeIgniter\CodeIgniter->run()
#6 D:\Projects\RealEstate\system\Commands\Server\rewrite.php(34): require_once('D:\\Projects\\Rea...')
#7 {main}
CRITICAL - 2020-08-15 01:32:14 --> Argument 1 passed to CodeIgniter\View\Parser::setData() must be of the type array, int given, called in D:\Projects\RealEstate\app\Controllers\Auth.php on line 488
#0 D:\Projects\RealEstate\app\Controllers\Auth.php(488): CodeIgniter\View\Parser->setData(1597473134)
#1 D:\Projects\RealEstate\app\Controllers\Auth.php(369): App\Controllers\Auth->sendSms(1597473134, '8800580884', 'Welcome to Prop...')
#2 D:\Projects\RealEstate\system\CodeIgniter.php(914): App\Controllers\Auth->forgot_password()
#3 D:\Projects\RealEstate\system\CodeIgniter.php(400): CodeIgniter\CodeIgniter->runController(Object(App\Controllers\Auth))
#4 D:\Projects\RealEstate\system\CodeIgniter.php(308): CodeIgniter\CodeIgniter->handleRequest(NULL, Object(Config\Cache), false)
#5 D:\Projects\RealEstate\public\index.php(45): CodeIgniter\CodeIgniter->run()
#6 D:\Projects\RealEstate\system\Commands\Server\rewrite.php(34): require_once('D:\\Projects\\Rea...')
#7 {main}
CRITICAL - 2020-08-15 01:34:28 --> Argument 1 passed to CodeIgniter\View\Parser::setData() must be of the type array, int given, called in D:\Projects\RealEstate\app\Controllers\Auth.php on line 488
#0 D:\Projects\RealEstate\app\Controllers\Auth.php(488): CodeIgniter\View\Parser->setData(1597473268)
#1 D:\Projects\RealEstate\app\Controllers\Auth.php(369): App\Controllers\Auth->sendSms(1597473268, '8800580884', 'Welcome to Prop...')
#2 D:\Projects\RealEstate\system\CodeIgniter.php(914): App\Controllers\Auth->forgot_password()
#3 D:\Projects\RealEstate\system\CodeIgniter.php(400): CodeIgniter\CodeIgniter->runController(Object(App\Controllers\Auth))
#4 D:\Projects\RealEstate\system\CodeIgniter.php(308): CodeIgniter\CodeIgniter->handleRequest(NULL, Object(Config\Cache), false)
#5 D:\Projects\RealEstate\public\index.php(45): CodeIgniter\CodeIgniter->run()
#6 D:\Projects\RealEstate\system\Commands\Server\rewrite.php(34): require_once('D:\\Projects\\Rea...')
#7 {main}
CRITICAL - 2020-08-15 01:39:05 --> trim() expects parameter 1 to be string, array given
#0 [internal function]: CodeIgniter\Debug\Exceptions->errorHandler(2, 'trim() expects ...', 'D:\\Projects\\Rea...', 483, Array)
#1 D:\Projects\RealEstate\app\Controllers\Auth.php(483): trim(Array)
#2 D:\Projects\RealEstate\app\Controllers\Auth.php(370): App\Controllers\Auth->sendSms(1597473545, Array, 'otp')
#3 D:\Projects\RealEstate\system\CodeIgniter.php(914): App\Controllers\Auth->forgot_password()
#4 D:\Projects\RealEstate\system\CodeIgniter.php(400): CodeIgniter\CodeIgniter->runController(Object(App\Controllers\Auth))
#5 D:\Projects\RealEstate\system\CodeIgniter.php(308): CodeIgniter\CodeIgniter->handleRequest(NULL, Object(Config\Cache), false)
#6 D:\Projects\RealEstate\public\index.php(45): CodeIgniter\CodeIgniter->run()
#7 D:\Projects\RealEstate\system\Commands\Server\rewrite.php(34): require_once('D:\\Projects\\Rea...')
#8 {main}
CRITICAL - 2020-08-15 01:40:34 --> Undefined variable: link
#0 D:\Projects\RealEstate\app\Controllers\Auth.php(377): CodeIgniter\Debug\Exceptions->errorHandler(8, 'Undefined varia...', 'D:\\Projects\\Rea...', 377, Array)
#1 D:\Projects\RealEstate\system\CodeIgniter.php(914): App\Controllers\Auth->forgot_password()
#2 D:\Projects\RealEstate\system\CodeIgniter.php(400): CodeIgniter\CodeIgniter->runController(Object(App\Controllers\Auth))
#3 D:\Projects\RealEstate\system\CodeIgniter.php(308): CodeIgniter\CodeIgniter->handleRequest(NULL, Object(Config\Cache), false)
#4 D:\Projects\RealEstate\public\index.php(45): CodeIgniter\CodeIgniter->run()
#5 D:\Projects\RealEstate\system\Commands\Server\rewrite.php(34): require_once('D:\\Projects\\Rea...')
#6 {main}
CRITICAL - 2020-08-15 01:48:42 --> Undefined variable: link
#0 D:\Projects\RealEstate\app\Controllers\Auth.php(377): CodeIgniter\Debug\Exceptions->errorHandler(8, 'Undefined varia...', 'D:\\Projects\\Rea...', 377, Array)
#1 D:\Projects\RealEstate\system\CodeIgniter.php(914): App\Controllers\Auth->forgot_password()
#2 D:\Projects\RealEstate\system\CodeIgniter.php(400): CodeIgniter\CodeIgniter->runController(Object(App\Controllers\Auth))
#3 D:\Projects\RealEstate\system\CodeIgniter.php(308): CodeIgniter\CodeIgniter->handleRequest(NULL, Object(Config\Cache), false)
#4 D:\Projects\RealEstate\public\index.php(45): CodeIgniter\CodeIgniter->run()
#5 D:\Projects\RealEstate\system\Commands\Server\rewrite.php(34): require_once('D:\\Projects\\Rea...')
#6 {main}
CRITICAL - 2020-08-15 01:49:00 --> Undefined variable: link
#0 D:\Projects\RealEstate\app\Controllers\Auth.php(377): CodeIgniter\Debug\Exceptions->errorHandler(8, 'Undefined varia...', 'D:\\Projects\\Rea...', 377, Array)
#1 D:\Projects\RealEstate\system\CodeIgniter.php(914): App\Controllers\Auth->forgot_password()
#2 D:\Projects\RealEstate\system\CodeIgniter.php(400): CodeIgniter\CodeIgniter->runController(Object(App\Controllers\Auth))
#3 D:\Projects\RealEstate\system\CodeIgniter.php(308): CodeIgniter\CodeIgniter->handleRequest(NULL, Object(Config\Cache), false)
#4 D:\Projects\RealEstate\public\index.php(45): CodeIgniter\CodeIgniter->run()
#5 D:\Projects\RealEstate\system\Commands\Server\rewrite.php(34): require_once('D:\\Projects\\Rea...')
#6 {main}
CRITICAL - 2020-08-15 02:37:05 --> Argument 1 passed to CodeIgniter\View\Parser::renderString() must be of the type string, null given, called in D:\Projects\RealEstate\app\Controllers\Auth.php on line 521
#0 D:\Projects\RealEstate\app\Controllers\Auth.php(521): CodeIgniter\View\Parser->renderString(NULL, Array)
#1 D:\Projects\RealEstate\app\Controllers\Auth.php(379): App\Controllers\Auth->sendEmail('25', Array, 'algobasket@gmai...', 'forgot-password')
#2 D:\Projects\RealEstate\system\CodeIgniter.php(914): App\Controllers\Auth->forgot_password()
#3 D:\Projects\RealEstate\system\CodeIgniter.php(400): CodeIgniter\CodeIgniter->runController(Object(App\Controllers\Auth))
#4 D:\Projects\RealEstate\system\CodeIgniter.php(308): CodeIgniter\CodeIgniter->handleRequest(NULL, Object(Config\Cache), false)
#5 D:\Projects\RealEstate\public\index.php(45): CodeIgniter\CodeIgniter->run()
#6 D:\Projects\RealEstate\system\Commands\Server\rewrite.php(34): require_once('D:\\Projects\\Rea...')
#7 {main}
CRITICAL - 2020-08-15 03:13:56 --> Argument 1 passed to CodeIgniter\View\Parser::renderString() must be of the type string, null given, called in D:\Projects\RealEstate\app\Controllers\Auth.php on line 521
#0 D:\Projects\RealEstate\app\Controllers\Auth.php(521): CodeIgniter\View\Parser->renderString(NULL, Array)
#1 D:\Projects\RealEstate\app\Controllers\Auth.php(379): App\Controllers\Auth->sendEmail('25', Array, 'algobasket@gmai...', 'forgot-password')
#2 D:\Projects\RealEstate\system\CodeIgniter.php(914): App\Controllers\Auth->forgot_password()
#3 D:\Projects\RealEstate\system\CodeIgniter.php(400): CodeIgniter\CodeIgniter->runController(Object(App\Controllers\Auth))
#4 D:\Projects\RealEstate\system\CodeIgniter.php(308): CodeIgniter\CodeIgniter->handleRequest(NULL, Object(Config\Cache), false)
#5 D:\Projects\RealEstate\public\index.php(45): CodeIgniter\CodeIgniter->run()
#6 D:\Projects\RealEstate\system\Commands\Server\rewrite.php(34): require_once('D:\\Projects\\Rea...')
#7 {main}
CRITICAL - 2020-08-15 03:35:27 --> Argument 1 passed to CodeIgniter\View\Parser::renderString() must be of the type string, null given, called in D:\Projects\RealEstate\app\Controllers\Auth.php on line 523
#0 D:\Projects\RealEstate\app\Controllers\Auth.php(523): CodeIgniter\View\Parser->renderString(NULL, Array)
#1 D:\Projects\RealEstate\app\Controllers\Auth.php(380): App\Controllers\Auth->sendEmail('25', Array, 'algobasket@gmai...', 'forgot-password')
#2 D:\Projects\RealEstate\system\CodeIgniter.php(914): App\Controllers\Auth->forgot_password()
#3 D:\Projects\RealEstate\system\CodeIgniter.php(400): CodeIgniter\CodeIgniter->runController(Object(App\Controllers\Auth))
#4 D:\Projects\RealEstate\system\CodeIgniter.php(308): CodeIgniter\CodeIgniter->handleRequest(NULL, Object(Config\Cache), false)
#5 D:\Projects\RealEstate\public\index.php(45): CodeIgniter\CodeIgniter->run()
#6 D:\Projects\RealEstate\system\Commands\Server\rewrite.php(34): require_once('D:\\Projects\\Rea...')
#7 {main}
CRITICAL - 2020-08-15 03:38:20 --> Undefined variable: isLoggedIn
#0 D:\Projects\RealEstate\app\Controllers\Auth.php(381): CodeIgniter\Debug\Exceptions->errorHandler(8, 'Undefined varia...', 'D:\\Projects\\Rea...', 381, Array)
#1 D:\Projects\RealEstate\system\CodeIgniter.php(914): App\Controllers\Auth->forgot_password()
#2 D:\Projects\RealEstate\system\CodeIgniter.php(400): CodeIgniter\CodeIgniter->runController(Object(App\Controllers\Auth))
#3 D:\Projects\RealEstate\system\CodeIgniter.php(308): CodeIgniter\CodeIgniter->handleRequest(NULL, Object(Config\Cache), false)
#4 D:\Projects\RealEstate\public\index.php(45): CodeIgniter\CodeIgniter->run()
#5 D:\Projects\RealEstate\system\Commands\Server\rewrite.php(34): require_once('D:\\Projects\\Rea...')
#6 {main}
CRITICAL - 2020-08-15 03:39:37 --> Undefined index: hash
#0 D:\Projects\RealEstate\app\Views\frontend\forgot-password.php(21): CodeIgniter\Debug\Exceptions->errorHandler(8, 'Undefined index...', 'D:\\Projects\\Rea...', 21, Array)
#1 D:\Projects\RealEstate\system\View\View.php(246): include('D:\\Projects\\Rea...')
#2 D:\Projects\RealEstate\system\Common.php(1087): CodeIgniter\View\View->render('frontend/forgot...', Array, true)
#3 D:\Projects\RealEstate\app\Controllers\Auth.php(417): view('frontend/forgot...', Array)
#4 D:\Projects\RealEstate\system\CodeIgniter.php(914): App\Controllers\Auth->forgot_password()
#5 D:\Projects\RealEstate\system\CodeIgniter.php(400): CodeIgniter\CodeIgniter->runController(Object(App\Controllers\Auth))
#6 D:\Projects\RealEstate\system\CodeIgniter.php(308): CodeIgniter\CodeIgniter->handleRequest(NULL, Object(Config\Cache), false)
#7 D:\Projects\RealEstate\public\index.php(45): CodeIgniter\CodeIgniter->run()
#8 D:\Projects\RealEstate\system\Commands\Server\rewrite.php(34): require_once('D:\\Projects\\Rea...')
#9 {main}
CRITICAL - 2020-08-15 03:41:10 --> Undefined index: hash
#0 D:\Projects\RealEstate\app\Views\frontend\forgot-password.php(21): CodeIgniter\Debug\Exceptions->errorHandler(8, 'Undefined index...', 'D:\\Projects\\Rea...', 21, Array)
#1 D:\Projects\RealEstate\system\View\View.php(246): include('D:\\Projects\\Rea...')
#2 D:\Projects\RealEstate\system\Common.php(1087): CodeIgniter\View\View->render('frontend/forgot...', Array, true)
#3 D:\Projects\RealEstate\app\Controllers\Auth.php(417): view('frontend/forgot...', Array)
#4 D:\Projects\RealEstate\system\CodeIgniter.php(914): App\Controllers\Auth->forgot_password()
#5 D:\Projects\RealEstate\system\CodeIgniter.php(400): CodeIgniter\CodeIgniter->runController(Object(App\Controllers\Auth))
#6 D:\Projects\RealEstate\system\CodeIgniter.php(308): CodeIgniter\CodeIgniter->handleRequest(NULL, Object(Config\Cache), false)
#7 D:\Projects\RealEstate\public\index.php(45): CodeIgniter\CodeIgniter->run()
#8 D:\Projects\RealEstate\system\Commands\Server\rewrite.php(34): require_once('D:\\Projects\\Rea...')
#9 {main}
CRITICAL - 2020-08-15 06:24:43 --> Argument 1 passed to CodeIgniter\View\Parser::setData() must be of the type array, int given, called in D:\Projects\RealEstate\app\Controllers\Auth.php on line 496
#0 D:\Projects\RealEstate\app\Controllers\Auth.php(496): CodeIgniter\View\Parser->setData(1597490683)
#1 D:\Projects\RealEstate\app\Controllers\Auth.php(68): App\Controllers\Auth->sendSms(1597490683, '8800580884', 'Welcome to Prop...')
#2 D:\Projects\RealEstate\system\CodeIgniter.php(914): App\Controllers\Auth->login()
#3 D:\Projects\RealEstate\system\CodeIgniter.php(400): CodeIgniter\CodeIgniter->runController(Object(App\Controllers\Auth))
#4 D:\Projects\RealEstate\system\CodeIgniter.php(308): CodeIgniter\CodeIgniter->handleRequest(NULL, Object(Config\Cache), false)
#5 D:\Projects\RealEstate\public\index.php(45): CodeIgniter\CodeIgniter->run()
#6 D:\Projects\RealEstate\system\Commands\Server\rewrite.php(34): require_once('D:\\Projects\\Rea...')
#7 {main}
CRITICAL - 2020-08-15 06:28:34 --> syntax error, unexpected 'return' (T_RETURN), expecting variable (T_VARIABLE) or '{' or '$'
#0 D:\Projects\RealEstate\system\Autoloader\Autoloader.php(296): CodeIgniter\Autoloader\Autoloader->requireFile('D:\\Projects\\Rea...')
#1 D:\Projects\RealEstate\system\Autoloader\Autoloader.php(258): CodeIgniter\Autoloader\Autoloader->loadInNamespace('App\\Controllers...')
#2 [internal function]: CodeIgniter\Autoloader\Autoloader->loadClass('App\\Controllers...')
#3 [internal function]: spl_autoload_call('App\\Controllers...')
#4 D:\Projects\RealEstate\system\CodeIgniter.php(865): class_exists('\\App\\Controller...', true)
#5 D:\Projects\RealEstate\system\CodeIgniter.php(390): CodeIgniter\CodeIgniter->startController()
#6 D:\Projects\RealEstate\system\CodeIgniter.php(308): CodeIgniter\CodeIgniter->handleRequest(NULL, Object(Config\Cache), false)
#7 D:\Projects\RealEstate\public\index.php(45): CodeIgniter\CodeIgniter->run()
#8 D:\Projects\RealEstate\system\Commands\Server\rewrite.php(34): require_once('D:\\Projects\\Rea...')
#9 {main}
CRITICAL - 2020-08-15 06:28:36 --> syntax error, unexpected 'return' (T_RETURN), expecting variable (T_VARIABLE) or '{' or '$'
#0 D:\Projects\RealEstate\system\Autoloader\Autoloader.php(296): CodeIgniter\Autoloader\Autoloader->requireFile('D:\\Projects\\Rea...')
#1 D:\Projects\RealEstate\system\Autoloader\Autoloader.php(258): CodeIgniter\Autoloader\Autoloader->loadInNamespace('App\\Controllers...')
#2 [internal function]: CodeIgniter\Autoloader\Autoloader->loadClass('App\\Controllers...')
#3 [internal function]: spl_autoload_call('App\\Controllers...')
#4 D:\Projects\RealEstate\system\CodeIgniter.php(865): class_exists('\\App\\Controller...', true)
#5 D:\Projects\RealEstate\system\CodeIgniter.php(390): CodeIgniter\CodeIgniter->startController()
#6 D:\Projects\RealEstate\system\CodeIgniter.php(308): CodeIgniter\CodeIgniter->handleRequest(NULL, Object(Config\Cache), false)
#7 D:\Projects\RealEstate\public\index.php(45): CodeIgniter\CodeIgniter->run()
#8 D:\Projects\RealEstate\system\Commands\Server\rewrite.php(34): require_once('D:\\Projects\\Rea...')
#9 {main}
CRITICAL - 2020-08-15 06:28:37 --> syntax error, unexpected 'return' (T_RETURN), expecting variable (T_VARIABLE) or '{' or '$'
#0 D:\Projects\RealEstate\system\Autoloader\Autoloader.php(296): CodeIgniter\Autoloader\Autoloader->requireFile('D:\\Projects\\Rea...')
#1 D:\Projects\RealEstate\system\Autoloader\Autoloader.php(258): CodeIgniter\Autoloader\Autoloader->loadInNamespace('App\\Controllers...')
#2 [internal function]: CodeIgniter\Autoloader\Autoloader->loadClass('App\\Controllers...')
#3 [internal function]: spl_autoload_call('App\\Controllers...')
#4 D:\Projects\RealEstate\system\CodeIgniter.php(865): class_exists('\\App\\Controller...', true)
#5 D:\Projects\RealEstate\system\CodeIgniter.php(390): CodeIgniter\CodeIgniter->startController()
#6 D:\Projects\RealEstate\system\CodeIgniter.php(308): CodeIgniter\CodeIgniter->handleRequest(NULL, Object(Config\Cache), false)
#7 D:\Projects\RealEstate\public\index.php(45): CodeIgniter\CodeIgniter->run()
#8 D:\Projects\RealEstate\system\Commands\Server\rewrite.php(34): require_once('D:\\Projects\\Rea...')
#9 {main}
CRITICAL - 2020-08-15 06:29:31 --> Argument 1 passed to CodeIgniter\View\Parser::setData() must be of the type array, int given, called in D:\Projects\RealEstate\app\Controllers\Auth.php on line 496
#0 D:\Projects\RealEstate\app\Controllers\Auth.php(496): CodeIgniter\View\Parser->setData(1597490971)
#1 D:\Projects\RealEstate\app\Controllers\Auth.php(68): App\Controllers\Auth->sendSms(1597490971, '8800580884', 'Welcome to Prop...')
#2 D:\Projects\RealEstate\system\CodeIgniter.php(914): App\Controllers\Auth->login()
#3 D:\Projects\RealEstate\system\CodeIgniter.php(400): CodeIgniter\CodeIgniter->runController(Object(App\Controllers\Auth))
#4 D:\Projects\RealEstate\system\CodeIgniter.php(308): CodeIgniter\CodeIgniter->handleRequest(NULL, Object(Config\Cache), false)
#5 D:\Projects\RealEstate\public\index.php(45): CodeIgniter\CodeIgniter->run()
#6 D:\Projects\RealEstate\system\Commands\Server\rewrite.php(34): require_once('D:\\Projects\\Rea...')
#7 {main}
CRITICAL - 2020-08-15 06:32:43 --> Argument 1 passed to CodeIgniter\View\Parser::setData() must be of the type array, int given, called in D:\Projects\RealEstate\app\Controllers\Auth.php on line 496
#0 D:\Projects\RealEstate\app\Controllers\Auth.php(496): CodeIgniter\View\Parser->setData(1597491163)
#1 D:\Projects\RealEstate\app\Controllers\Auth.php(68): App\Controllers\Auth->sendSms(1597491163, '8800580884', 'Welcome to Prop...')
#2 D:\Projects\RealEstate\system\CodeIgniter.php(914): App\Controllers\Auth->login()
#3 D:\Projects\RealEstate\system\CodeIgniter.php(400): CodeIgniter\CodeIgniter->runController(Object(App\Controllers\Auth))
#4 D:\Projects\RealEstate\system\CodeIgniter.php(308): CodeIgniter\CodeIgniter->handleRequest(NULL, Object(Config\Cache), false)
#5 D:\Projects\RealEstate\public\index.php(45): CodeIgniter\CodeIgniter->run()
#6 D:\Projects\RealEstate\system\Commands\Server\rewrite.php(34): require_once('D:\\Projects\\Rea...')
#7 {main}
CRITICAL - 2020-08-15 06:33:22 --> Argument 1 passed to CodeIgniter\View\Parser::setData() must be of the type array, int given, called in D:\Projects\RealEstate\app\Controllers\Auth.php on line 496
#0 D:\Projects\RealEstate\app\Controllers\Auth.php(496): CodeIgniter\View\Parser->setData(1597491202)
#1 D:\Projects\RealEstate\app\Controllers\Auth.php(68): App\Controllers\Auth->sendSms(1597491202, '8800580884', 'Welcome to Prop...')
#2 D:\Projects\RealEstate\system\CodeIgniter.php(914): App\Controllers\Auth->login()
#3 D:\Projects\RealEstate\system\CodeIgniter.php(400): CodeIgniter\CodeIgniter->runController(Object(App\Controllers\Auth))
#4 D:\Projects\RealEstate\system\CodeIgniter.php(308): CodeIgniter\CodeIgniter->handleRequest(NULL, Object(Config\Cache), false)
#5 D:\Projects\RealEstate\public\index.php(45): CodeIgniter\CodeIgniter->run()
#6 D:\Projects\RealEstate\system\Commands\Server\rewrite.php(34): require_once('D:\\Projects\\Rea...')
#7 {main}
CRITICAL - 2020-08-15 10:58:53 --> syntax error, unexpected 'test' (T_STRING), expecting function (T_FUNCTION) or const (T_CONST)
#0 D:\Projects\RealEstate\system\Router\Router.php(192): CodeIgniter\Router\Router->autoRoute('Home/test')
#1 D:\Projects\RealEstate\system\CodeIgniter.php(789): CodeIgniter\Router\Router->handle('Home/test')
#2 D:\Projects\RealEstate\system\CodeIgniter.php(360): CodeIgniter\CodeIgniter->tryToRouteIt(Object(CodeIgniter\Router\RouteCollection))
#3 D:\Projects\RealEstate\system\CodeIgniter.php(308): CodeIgniter\CodeIgniter->handleRequest(NULL, Object(Config\Cache), false)
#4 D:\Projects\RealEstate\public\index.php(45): CodeIgniter\CodeIgniter->run()
#5 D:\Projects\RealEstate\system\Commands\Server\rewrite.php(34): require_once('D:\\Projects\\Rea...')
#6 {main}
CRITICAL - 2020-08-15 11:01:31 --> Invalid file: frontend/test.php
#0 D:\Projects\RealEstate\system\View\View.php(228): CodeIgniter\Exceptions\FrameworkException::forInvalidFile('frontend/test.p...')
#1 D:\Projects\RealEstate\system\Common.php(1087): CodeIgniter\View\View->render('frontend/test', Array, true)
#2 D:\Projects\RealEstate\app\Controllers\Home.php(150): view('frontend/test')
#3 D:\Projects\RealEstate\system\CodeIgniter.php(914): App\Controllers\Home->test()
#4 D:\Projects\RealEstate\system\CodeIgniter.php(400): CodeIgniter\CodeIgniter->runController(Object(App\Controllers\Home))
#5 D:\Projects\RealEstate\system\CodeIgniter.php(308): CodeIgniter\CodeIgniter->handleRequest(NULL, Object(Config\Cache), false)
#6 D:\Projects\RealEstate\public\index.php(45): CodeIgniter\CodeIgniter->run()
#7 D:\Projects\RealEstate\system\Commands\Server\rewrite.php(34): require_once('D:\\Projects\\Rea...')
#8 {main}
CRITICAL - 2020-08-15 14:15:37 --> Call to undefined function number_to_currency()
#0 D:\Projects\RealEstate\system\View\View.php(246): include()
#1 D:\Projects\RealEstate\system\Common.php(1087): CodeIgniter\View\View->render('frontend/browse', Array, true)
#2 D:\Projects\RealEstate\app\Controllers\Home.php(82): view('frontend/browse', Array)
#3 D:\Projects\RealEstate\system\CodeIgniter.php(914): App\Controllers\Home->browse()
#4 D:\Projects\RealEstate\system\CodeIgniter.php(400): CodeIgniter\CodeIgniter->runController(Object(App\Controllers\Home))
#5 D:\Projects\RealEstate\system\CodeIgniter.php(308): CodeIgniter\CodeIgniter->handleRequest(NULL, Object(Config\Cache), false)
#6 D:\Projects\RealEstate\public\index.php(45): CodeIgniter\CodeIgniter->run()
#7 D:\Projects\RealEstate\system\Commands\Server\rewrite.php(34): require_once('D:\\Projects\\Rea...')
#8 {main}
CRITICAL - 2020-08-15 14:28:41 --> Call to undefined function App\Controllers\number_to_currency()
#0 D:\Projects\RealEstate\system\CodeIgniter.php(914): App\Controllers\Ajax->searchPropertyAjax()
#1 D:\Projects\RealEstate\system\CodeIgniter.php(400): CodeIgniter\CodeIgniter->runController(Object(App\Controllers\Ajax))
#2 D:\Projects\RealEstate\system\CodeIgniter.php(308): CodeIgniter\CodeIgniter->handleRequest(NULL, Object(Config\Cache), false)
#3 D:\Projects\RealEstate\public\index.php(45): CodeIgniter\CodeIgniter->run()
#4 D:\Projects\RealEstate\system\Commands\Server\rewrite.php(34): require_once('D:\\Projects\\Rea...')
#5 {main}
CRITICAL - 2020-08-15 14:28:41 --> Call to undefined function App\Controllers\number_to_currency()
#0 D:\Projects\RealEstate\system\CodeIgniter.php(914): App\Controllers\Ajax->searchPropertyAjax()
#1 D:\Projects\RealEstate\system\CodeIgniter.php(400): CodeIgniter\CodeIgniter->runController(Object(App\Controllers\Ajax))
#2 D:\Projects\RealEstate\system\CodeIgniter.php(308): CodeIgniter\CodeIgniter->handleRequest(NULL, Object(Config\Cache), false)
#3 D:\Projects\RealEstate\public\index.php(45): CodeIgniter\CodeIgniter->run()
#4 D:\Projects\RealEstate\system\Commands\Server\rewrite.php(34): require_once('D:\\Projects\\Rea...')
#5 {main}
CRITICAL - 2020-08-15 14:28:41 --> Call to undefined function App\Controllers\number_to_currency()
#0 D:\Projects\RealEstate\system\CodeIgniter.php(914): App\Controllers\Ajax->searchPropertyAjax()
#1 D:\Projects\RealEstate\system\CodeIgniter.php(400): CodeIgniter\CodeIgniter->runController(Object(App\Controllers\Ajax))
#2 D:\Projects\RealEstate\system\CodeIgniter.php(308): CodeIgniter\CodeIgniter->handleRequest(NULL, Object(Config\Cache), false)
#3 D:\Projects\RealEstate\public\index.php(45): CodeIgniter\CodeIgniter->run()
#4 D:\Projects\RealEstate\system\Commands\Server\rewrite.php(34): require_once('D:\\Projects\\Rea...')
#5 {main}
CRITICAL - 2020-08-15 14:28:45 --> Call to undefined function App\Controllers\number_to_currency()
#0 D:\Projects\RealEstate\system\CodeIgniter.php(914): App\Controllers\Ajax->searchPropertyAjax()
#1 D:\Projects\RealEstate\system\CodeIgniter.php(400): CodeIgniter\CodeIgniter->runController(Object(App\Controllers\Ajax))
#2 D:\Projects\RealEstate\system\CodeIgniter.php(308): CodeIgniter\CodeIgniter->handleRequest(NULL, Object(Config\Cache), false)
#3 D:\Projects\RealEstate\public\index.php(45): CodeIgniter\CodeIgniter->run()
#4 D:\Projects\RealEstate\system\Commands\Server\rewrite.php(34): require_once('D:\\Projects\\Rea...')
#5 {main}
CRITICAL - 2020-08-15 14:28:45 --> Call to undefined function App\Controllers\number_to_currency()
#0 D:\Projects\RealEstate\system\CodeIgniter.php(914): App\Controllers\Ajax->searchPropertyAjax()
#1 D:\Projects\RealEstate\system\CodeIgniter.php(400): CodeIgniter\CodeIgniter->runController(Object(App\Controllers\Ajax))
#2 D:\Projects\RealEstate\system\CodeIgniter.php(308): CodeIgniter\CodeIgniter->handleRequest(NULL, Object(Config\Cache), false)
#3 D:\Projects\RealEstate\public\index.php(45): CodeIgniter\CodeIgniter->run()
#4 D:\Projects\RealEstate\system\Commands\Server\rewrite.php(34): require_once('D:\\Projects\\Rea...')
#5 {main}
CRITICAL - 2020-08-15 14:28:46 --> Call to undefined function App\Controllers\number_to_currency()
#0 D:\Projects\RealEstate\system\CodeIgniter.php(914): App\Controllers\Ajax->searchPropertyAjax()
#1 D:\Projects\RealEstate\system\CodeIgniter.php(400): CodeIgniter\CodeIgniter->runController(Object(App\Controllers\Ajax))
#2 D:\Projects\RealEstate\system\CodeIgniter.php(308): CodeIgniter\CodeIgniter->handleRequest(NULL, Object(Config\Cache), false)
#3 D:\Projects\RealEstate\public\index.php(45): CodeIgniter\CodeIgniter->run()
#4 D:\Projects\RealEstate\system\Commands\Server\rewrite.php(34): require_once('D:\\Projects\\Rea...')
#5 {main}
CRITICAL - 2020-08-15 14:28:46 --> Call to undefined function App\Controllers\number_to_currency()
#0 D:\Projects\RealEstate\system\CodeIgniter.php(914): App\Controllers\Ajax->searchPropertyAjax()
#1 D:\Projects\RealEstate\system\CodeIgniter.php(400): CodeIgniter\CodeIgniter->runController(Object(App\Controllers\Ajax))
#2 D:\Projects\RealEstate\system\CodeIgniter.php(308): CodeIgniter\CodeIgniter->handleRequest(NULL, Object(Config\Cache), false)
#3 D:\Projects\RealEstate\public\index.php(45): CodeIgniter\CodeIgniter->run()
#4 D:\Projects\RealEstate\system\Commands\Server\rewrite.php(34): require_once('D:\\Projects\\Rea...')
#5 {main}
CRITICAL - 2020-08-15 14:28:47 --> Call to undefined function App\Controllers\number_to_currency()
#0 D:\Projects\RealEstate\system\CodeIgniter.php(914): App\Controllers\Ajax->searchPropertyAjax()
#1 D:\Projects\RealEstate\system\CodeIgniter.php(400): CodeIgniter\CodeIgniter->runController(Object(App\Controllers\Ajax))
#2 D:\Projects\RealEstate\system\CodeIgniter.php(308): CodeIgniter\CodeIgniter->handleRequest(NULL, Object(Config\Cache), false)
#3 D:\Projects\RealEstate\public\index.php(45): CodeIgniter\CodeIgniter->run()
#4 D:\Projects\RealEstate\system\Commands\Server\rewrite.php(34): require_once('D:\\Projects\\Rea...')
#5 {main}
CRITICAL - 2020-08-15 14:28:47 --> Call to undefined function App\Controllers\number_to_currency()
#0 D:\Projects\RealEstate\system\CodeIgniter.php(914): App\Controllers\Ajax->searchPropertyAjax()
#1 D:\Projects\RealEstate\system\CodeIgniter.php(400): CodeIgniter\CodeIgniter->runController(Object(App\Controllers\Ajax))
#2 D:\Projects\RealEstate\system\CodeIgniter.php(308): CodeIgniter\CodeIgniter->handleRequest(NULL, Object(Config\Cache), false)
#3 D:\Projects\RealEstate\public\index.php(45): CodeIgniter\CodeIgniter->run()
#4 D:\Projects\RealEstate\system\Commands\Server\rewrite.php(34): require_once('D:\\Projects\\Rea...')
#5 {main}
CRITICAL - 2020-08-15 14:28:48 --> Call to undefined function App\Controllers\number_to_currency()
#0 D:\Projects\RealEstate\system\CodeIgniter.php(914): App\Controllers\Ajax->searchPropertyAjax()
#1 D:\Projects\RealEstate\system\CodeIgniter.php(400): CodeIgniter\CodeIgniter->runController(Object(App\Controllers\Ajax))
#2 D:\Projects\RealEstate\system\CodeIgniter.php(308): CodeIgniter\CodeIgniter->handleRequest(NULL, Object(Config\Cache), false)
#3 D:\Projects\RealEstate\public\index.php(45): CodeIgniter\CodeIgniter->run()
#4 D:\Projects\RealEstate\system\Commands\Server\rewrite.php(34): require_once('D:\\Projects\\Rea...')
#5 {main}
CRITICAL - 2020-08-15 14:28:48 --> Call to undefined function App\Controllers\number_to_currency()
#0 D:\Projects\RealEstate\system\CodeIgniter.php(914): App\Controllers\Ajax->searchPropertyAjax()
#1 D:\Projects\RealEstate\system\CodeIgniter.php(400): CodeIgniter\CodeIgniter->runController(Object(App\Controllers\Ajax))
#2 D:\Projects\RealEstate\system\CodeIgniter.php(308): CodeIgniter\CodeIgniter->handleRequest(NULL, Object(Config\Cache), false)
#3 D:\Projects\RealEstate\public\index.php(45): CodeIgniter\CodeIgniter->run()
#4 D:\Projects\RealEstate\system\Commands\Server\rewrite.php(34): require_once('D:\\Projects\\Rea...')
#5 {main}
CRITICAL - 2020-08-15 14:28:49 --> Call to undefined function App\Controllers\number_to_currency()
#0 D:\Projects\RealEstate\system\CodeIgniter.php(914): App\Controllers\Ajax->searchPropertyAjax()
#1 D:\Projects\RealEstate\system\CodeIgniter.php(400): CodeIgniter\CodeIgniter->runController(Object(App\Controllers\Ajax))
#2 D:\Projects\RealEstate\system\CodeIgniter.php(308): CodeIgniter\CodeIgniter->handleRequest(NULL, Object(Config\Cache), false)
#3 D:\Projects\RealEstate\public\index.php(45): CodeIgniter\CodeIgniter->run()
#4 D:\Projects\RealEstate\system\Commands\Server\rewrite.php(34): require_once('D:\\Projects\\Rea...')
#5 {main}
CRITICAL - 2020-08-15 14:28:50 --> Call to undefined function App\Controllers\number_to_currency()
#0 D:\Projects\RealEstate\system\CodeIgniter.php(914): App\Controllers\Ajax->searchPropertyAjax()
#1 D:\Projects\RealEstate\system\CodeIgniter.php(400): CodeIgniter\CodeIgniter->runController(Object(App\Controllers\Ajax))
#2 D:\Projects\RealEstate\system\CodeIgniter.php(308): CodeIgniter\CodeIgniter->handleRequest(NULL, Object(Config\Cache), false)
#3 D:\Projects\RealEstate\public\index.php(45): CodeIgniter\CodeIgniter->run()
#4 D:\Projects\RealEstate\system\Commands\Server\rewrite.php(34): require_once('D:\\Projects\\Rea...')
#5 {main}
CRITICAL - 2020-08-15 14:28:50 --> Call to undefined function App\Controllers\number_to_currency()
#0 D:\Projects\RealEstate\system\CodeIgniter.php(914): App\Controllers\Ajax->searchPropertyAjax()
#1 D:\Projects\RealEstate\system\CodeIgniter.php(400): CodeIgniter\CodeIgniter->runController(Object(App\Controllers\Ajax))
#2 D:\Projects\RealEstate\system\CodeIgniter.php(308): CodeIgniter\CodeIgniter->handleRequest(NULL, Object(Config\Cache), false)
#3 D:\Projects\RealEstate\public\index.php(45): CodeIgniter\CodeIgniter->run()
#4 D:\Projects\RealEstate\system\Commands\Server\rewrite.php(34): require_once('D:\\Projects\\Rea...')
#5 {main}
CRITICAL - 2020-08-15 14:28:51 --> Call to undefined function App\Controllers\number_to_currency()
#0 D:\Projects\RealEstate\system\CodeIgniter.php(914): App\Controllers\Ajax->searchPropertyAjax()
#1 D:\Projects\RealEstate\system\CodeIgniter.php(400): CodeIgniter\CodeIgniter->runController(Object(App\Controllers\Ajax))
#2 D:\Projects\RealEstate\system\CodeIgniter.php(308): CodeIgniter\CodeIgniter->handleRequest(NULL, Object(Config\Cache), false)
#3 D:\Projects\RealEstate\public\index.php(45): CodeIgniter\CodeIgniter->run()
#4 D:\Projects\RealEstate\system\Commands\Server\rewrite.php(34): require_once('D:\\Projects\\Rea...')
#5 {main}
CRITICAL - 2020-08-15 14:28:52 --> Call to undefined function App\Controllers\number_to_currency()
#0 D:\Projects\RealEstate\system\CodeIgniter.php(914): App\Controllers\Ajax->searchPropertyAjax()
#1 D:\Projects\RealEstate\system\CodeIgniter.php(400): CodeIgniter\CodeIgniter->runController(Object(App\Controllers\Ajax))
#2 D:\Projects\RealEstate\system\CodeIgniter.php(308): CodeIgniter\CodeIgniter->handleRequest(NULL, Object(Config\Cache), false)
#3 D:\Projects\RealEstate\public\index.php(45): CodeIgniter\CodeIgniter->run()
#4 D:\Projects\RealEstate\system\Commands\Server\rewrite.php(34): require_once('D:\\Projects\\Rea...')
#5 {main}
CRITICAL - 2020-08-15 14:28:52 --> Call to undefined function App\Controllers\number_to_currency()
#0 D:\Projects\RealEstate\system\CodeIgniter.php(914): App\Controllers\Ajax->searchPropertyAjax()
#1 D:\Projects\RealEstate\system\CodeIgniter.php(400): CodeIgniter\CodeIgniter->runController(Object(App\Controllers\Ajax))
#2 D:\Projects\RealEstate\system\CodeIgniter.php(308): CodeIgniter\CodeIgniter->handleRequest(NULL, Object(Config\Cache), false)
#3 D:\Projects\RealEstate\public\index.php(45): CodeIgniter\CodeIgniter->run()
#4 D:\Projects\RealEstate\system\Commands\Server\rewrite.php(34): require_once('D:\\Projects\\Rea...')
#5 {main}
CRITICAL - 2020-08-15 14:28:53 --> Call to undefined function App\Controllers\number_to_currency()
#0 D:\Projects\RealEstate\system\CodeIgniter.php(914): App\Controllers\Ajax->searchPropertyAjax()
#1 D:\Projects\RealEstate\system\CodeIgniter.php(400): CodeIgniter\CodeIgniter->runController(Object(App\Controllers\Ajax))
#2 D:\Projects\RealEstate\system\CodeIgniter.php(308): CodeIgniter\CodeIgniter->handleRequest(NULL, Object(Config\Cache), false)
#3 D:\Projects\RealEstate\public\index.php(45): CodeIgniter\CodeIgniter->run()
#4 D:\Projects\RealEstate\system\Commands\Server\rewrite.php(34): require_once('D:\\Projects\\Rea...')
#5 {main}
CRITICAL - 2020-08-15 14:28:54 --> Call to undefined function App\Controllers\number_to_currency()
#0 D:\Projects\RealEstate\system\CodeIgniter.php(914): App\Controllers\Ajax->searchPropertyAjax()
#1 D:\Projects\RealEstate\system\CodeIgniter.php(400): CodeIgniter\CodeIgniter->runController(Object(App\Controllers\Ajax))
#2 D:\Projects\RealEstate\system\CodeIgniter.php(308): CodeIgniter\CodeIgniter->handleRequest(NULL, Object(Config\Cache), false)
#3 D:\Projects\RealEstate\public\index.php(45): CodeIgniter\CodeIgniter->run()
#4 D:\Projects\RealEstate\system\Commands\Server\rewrite.php(34): require_once('D:\\Projects\\Rea...')
#5 {main}
CRITICAL - 2020-08-15 14:28:54 --> Call to undefined function App\Controllers\number_to_currency()
#0 D:\Projects\RealEstate\system\CodeIgniter.php(914): App\Controllers\Ajax->searchPropertyAjax()
#1 D:\Projects\RealEstate\system\CodeIgniter.php(400): CodeIgniter\CodeIgniter->runController(Object(App\Controllers\Ajax))
#2 D:\Projects\RealEstate\system\CodeIgniter.php(308): CodeIgniter\CodeIgniter->handleRequest(NULL, Object(Config\Cache), false)
#3 D:\Projects\RealEstate\public\index.php(45): CodeIgniter\CodeIgniter->run()
#4 D:\Projects\RealEstate\system\Commands\Server\rewrite.php(34): require_once('D:\\Projects\\Rea...')
#5 {main}
CRITICAL - 2020-08-15 14:28:55 --> Call to undefined function App\Controllers\number_to_currency()
#0 D:\Projects\RealEstate\system\CodeIgniter.php(914): App\Controllers\Ajax->searchPropertyAjax()
#1 D:\Projects\RealEstate\system\CodeIgniter.php(400): CodeIgniter\CodeIgniter->runController(Object(App\Controllers\Ajax))
#2 D:\Projects\RealEstate\system\CodeIgniter.php(308): CodeIgniter\CodeIgniter->handleRequest(NULL, Object(Config\Cache), false)
#3 D:\Projects\RealEstate\public\index.php(45): CodeIgniter\CodeIgniter->run()
#4 D:\Projects\RealEstate\system\Commands\Server\rewrite.php(34): require_once('D:\\Projects\\Rea...')
#5 {main}
CRITICAL - 2020-08-15 14:28:55 --> Call to undefined function App\Controllers\number_to_currency()
#0 D:\Projects\RealEstate\system\CodeIgniter.php(914): App\Controllers\Ajax->searchPropertyAjax()
#1 D:\Projects\RealEstate\system\CodeIgniter.php(400): CodeIgniter\CodeIgniter->runController(Object(App\Controllers\Ajax))
#2 D:\Projects\RealEstate\system\CodeIgniter.php(308): CodeIgniter\CodeIgniter->handleRequest(NULL, Object(Config\Cache), false)
#3 D:\Projects\RealEstate\public\index.php(45): CodeIgniter\CodeIgniter->run()
#4 D:\Projects\RealEstate\system\Commands\Server\rewrite.php(34): require_once('D:\\Projects\\Rea...')
#5 {main}
CRITICAL - 2020-08-15 14:28:56 --> Call to undefined function App\Controllers\number_to_currency()
#0 D:\Projects\RealEstate\system\CodeIgniter.php(914): App\Controllers\Ajax->searchPropertyAjax()
#1 D:\Projects\RealEstate\system\CodeIgniter.php(400): CodeIgniter\CodeIgniter->runController(Object(App\Controllers\Ajax))
#2 D:\Projects\RealEstate\system\CodeIgniter.php(308): CodeIgniter\CodeIgniter->handleRequest(NULL, Object(Config\Cache), false)
#3 D:\Projects\RealEstate\public\index.php(45): CodeIgniter\CodeIgniter->run()
#4 D:\Projects\RealEstate\system\Commands\Server\rewrite.php(34): require_once('D:\\Projects\\Rea...')
#5 {main}
CRITICAL - 2020-08-15 14:28:56 --> Call to undefined function App\Controllers\number_to_currency()
#0 D:\Projects\RealEstate\system\CodeIgniter.php(914): App\Controllers\Ajax->searchPropertyAjax()
#1 D:\Projects\RealEstate\system\CodeIgniter.php(400): CodeIgniter\CodeIgniter->runController(Object(App\Controllers\Ajax))
#2 D:\Projects\RealEstate\system\CodeIgniter.php(308): CodeIgniter\CodeIgniter->handleRequest(NULL, Object(Config\Cache), false)
#3 D:\Projects\RealEstate\public\index.php(45): CodeIgniter\CodeIgniter->run()
#4 D:\Projects\RealEstate\system\Commands\Server\rewrite.php(34): require_once('D:\\Projects\\Rea...')
#5 {main}
CRITICAL - 2020-08-15 14:28:59 --> Call to undefined function App\Controllers\number_to_currency()
#0 D:\Projects\RealEstate\system\CodeIgniter.php(914): App\Controllers\Ajax->searchPropertyAjax()
#1 D:\Projects\RealEstate\system\CodeIgniter.php(400): CodeIgniter\CodeIgniter->runController(Object(App\Controllers\Ajax))
#2 D:\Projects\RealEstate\system\CodeIgniter.php(308): CodeIgniter\CodeIgniter->handleRequest(NULL, Object(Config\Cache), false)
#3 D:\Projects\RealEstate\public\index.php(45): CodeIgniter\CodeIgniter->run()
#4 D:\Projects\RealEstate\system\Commands\Server\rewrite.php(34): require_once('D:\\Projects\\Rea...')
#5 {main}
CRITICAL - 2020-08-15 14:28:59 --> Call to undefined function App\Controllers\number_to_currency()
#0 D:\Projects\RealEstate\system\CodeIgniter.php(914): App\Controllers\Ajax->searchPropertyAjax()
#1 D:\Projects\RealEstate\system\CodeIgniter.php(400): CodeIgniter\CodeIgniter->runController(Object(App\Controllers\Ajax))
#2 D:\Projects\RealEstate\system\CodeIgniter.php(308): CodeIgniter\CodeIgniter->handleRequest(NULL, Object(Config\Cache), false)
#3 D:\Projects\RealEstate\public\index.php(45): CodeIgniter\CodeIgniter->run()
#4 D:\Projects\RealEstate\system\Commands\Server\rewrite.php(34): require_once('D:\\Projects\\Rea...')
#5 {main}
CRITICAL - 2020-08-15 14:29:00 --> Call to undefined function App\Controllers\number_to_currency()
#0 D:\Projects\RealEstate\system\CodeIgniter.php(914): App\Controllers\Ajax->searchPropertyAjax()
#1 D:\Projects\RealEstate\system\CodeIgniter.php(400): CodeIgniter\CodeIgniter->runController(Object(App\Controllers\Ajax))
#2 D:\Projects\RealEstate\system\CodeIgniter.php(308): CodeIgniter\CodeIgniter->handleRequest(NULL, Object(Config\Cache), false)
#3 D:\Projects\RealEstate\public\index.php(45): CodeIgniter\CodeIgniter->run()
#4 D:\Projects\RealEstate\system\Commands\Server\rewrite.php(34): require_once('D:\\Projects\\Rea...')
#5 {main}
CRITICAL - 2020-08-15 14:29:01 --> Call to undefined function App\Controllers\number_to_currency()
#0 D:\Projects\RealEstate\system\CodeIgniter.php(914): App\Controllers\Ajax->searchPropertyAjax()
#1 D:\Projects\RealEstate\system\CodeIgniter.php(400): CodeIgniter\CodeIgniter->runController(Object(App\Controllers\Ajax))
#2 D:\Projects\RealEstate\system\CodeIgniter.php(308): CodeIgniter\CodeIgniter->handleRequest(NULL, Object(Config\Cache), false)
#3 D:\Projects\RealEstate\public\index.php(45): CodeIgniter\CodeIgniter->run()
#4 D:\Projects\RealEstate\system\Commands\Server\rewrite.php(34): require_once('D:\\Projects\\Rea...')
#5 {main}
CRITICAL - 2020-08-15 14:29:01 --> Call to undefined function App\Controllers\number_to_currency()
#0 D:\Projects\RealEstate\system\CodeIgniter.php(914): App\Controllers\Ajax->searchPropertyAjax()
#1 D:\Projects\RealEstate\system\CodeIgniter.php(400): CodeIgniter\CodeIgniter->runController(Object(App\Controllers\Ajax))
#2 D:\Projects\RealEstate\system\CodeIgniter.php(308): CodeIgniter\CodeIgniter->handleRequest(NULL, Object(Config\Cache), false)
#3 D:\Projects\RealEstate\public\index.php(45): CodeIgniter\CodeIgniter->run()
#4 D:\Projects\RealEstate\system\Commands\Server\rewrite.php(34): require_once('D:\\Projects\\Rea...')
#5 {main}
CRITICAL - 2020-08-15 14:29:02 --> Call to undefined function App\Controllers\number_to_currency()
#0 D:\Projects\RealEstate\system\CodeIgniter.php(914): App\Controllers\Ajax->searchPropertyAjax()
#1 D:\Projects\RealEstate\system\CodeIgniter.php(400): CodeIgniter\CodeIgniter->runController(Object(App\Controllers\Ajax))
#2 D:\Projects\RealEstate\system\CodeIgniter.php(308): CodeIgniter\CodeIgniter->handleRequest(NULL, Object(Config\Cache), false)
#3 D:\Projects\RealEstate\public\index.php(45): CodeIgniter\CodeIgniter->run()
#4 D:\Projects\RealEstate\system\Commands\Server\rewrite.php(34): require_once('D:\\Projects\\Rea...')
#5 {main}
CRITICAL - 2020-08-15 14:29:02 --> Call to undefined function App\Controllers\number_to_currency()
#0 D:\Projects\RealEstate\system\CodeIgniter.php(914): App\Controllers\Ajax->searchPropertyAjax()
#1 D:\Projects\RealEstate\system\CodeIgniter.php(400): CodeIgniter\CodeIgniter->runController(Object(App\Controllers\Ajax))
#2 D:\Projects\RealEstate\system\CodeIgniter.php(308): CodeIgniter\CodeIgniter->handleRequest(NULL, Object(Config\Cache), false)
#3 D:\Projects\RealEstate\public\index.php(45): CodeIgniter\CodeIgniter->run()
#4 D:\Projects\RealEstate\system\Commands\Server\rewrite.php(34): require_once('D:\\Projects\\Rea...')
#5 {main}
CRITICAL - 2020-08-15 14:29:03 --> Call to undefined function App\Controllers\number_to_currency()
#0 D:\Projects\RealEstate\system\CodeIgniter.php(914): App\Controllers\Ajax->searchPropertyAjax()
#1 D:\Projects\RealEstate\system\CodeIgniter.php(400): CodeIgniter\CodeIgniter->runController(Object(App\Controllers\Ajax))
#2 D:\Projects\RealEstate\system\CodeIgniter.php(308): CodeIgniter\CodeIgniter->handleRequest(NULL, Object(Config\Cache), false)
#3 D:\Projects\RealEstate\public\index.php(45): CodeIgniter\CodeIgniter->run()
#4 D:\Projects\RealEstate\system\Commands\Server\rewrite.php(34): require_once('D:\\Projects\\Rea...')
#5 {main}
CRITICAL - 2020-08-15 14:29:03 --> Call to undefined function App\Controllers\number_to_currency()
#0 D:\Projects\RealEstate\system\CodeIgniter.php(914): App\Controllers\Ajax->searchPropertyAjax()
#1 D:\Projects\RealEstate\system\CodeIgniter.php(400): CodeIgniter\CodeIgniter->runController(Object(App\Controllers\Ajax))
#2 D:\Projects\RealEstate\system\CodeIgniter.php(308): CodeIgniter\CodeIgniter->handleRequest(NULL, Object(Config\Cache), false)
#3 D:\Projects\RealEstate\public\index.php(45): CodeIgniter\CodeIgniter->run()
#4 D:\Projects\RealEstate\system\Commands\Server\rewrite.php(34): require_once('D:\\Projects\\Rea...')
#5 {main}
CRITICAL - 2020-08-15 14:29:03 --> Call to undefined function App\Controllers\number_to_currency()
#0 D:\Projects\RealEstate\system\CodeIgniter.php(914): App\Controllers\Ajax->searchPropertyAjax()
#1 D:\Projects\RealEstate\system\CodeIgniter.php(400): CodeIgniter\CodeIgniter->runController(Object(App\Controllers\Ajax))
#2 D:\Projects\RealEstate\system\CodeIgniter.php(308): CodeIgniter\CodeIgniter->handleRequest(NULL, Object(Config\Cache), false)
#3 D:\Projects\RealEstate\public\index.php(45): CodeIgniter\CodeIgniter->run()
#4 D:\Projects\RealEstate\system\Commands\Server\rewrite.php(34): require_once('D:\\Projects\\Rea...')
#5 {main}
CRITICAL - 2020-08-15 14:29:04 --> Call to undefined function App\Controllers\number_to_currency()
#0 D:\Projects\RealEstate\system\CodeIgniter.php(914): App\Controllers\Ajax->searchPropertyAjax()
#1 D:\Projects\RealEstate\system\CodeIgniter.php(400): CodeIgniter\CodeIgniter->runController(Object(App\Controllers\Ajax))
#2 D:\Projects\RealEstate\system\CodeIgniter.php(308): CodeIgniter\CodeIgniter->handleRequest(NULL, Object(Config\Cache), false)
#3 D:\Projects\RealEstate\public\index.php(45): CodeIgniter\CodeIgniter->run()
#4 D:\Projects\RealEstate\system\Commands\Server\rewrite.php(34): require_once('D:\\Projects\\Rea...')
#5 {main}
CRITICAL - 2020-08-15 14:29:04 --> Call to undefined function App\Controllers\number_to_currency()
#0 D:\Projects\RealEstate\system\CodeIgniter.php(914): App\Controllers\Ajax->searchPropertyAjax()
#1 D:\Projects\RealEstate\system\CodeIgniter.php(400): CodeIgniter\CodeIgniter->runController(Object(App\Controllers\Ajax))
#2 D:\Projects\RealEstate\system\CodeIgniter.php(308): CodeIgniter\CodeIgniter->handleRequest(NULL, Object(Config\Cache), false)
#3 D:\Projects\RealEstate\public\index.php(45): CodeIgniter\CodeIgniter->run()
#4 D:\Projects\RealEstate\system\Commands\Server\rewrite.php(34): require_once('D:\\Projects\\Rea...')
#5 {main}
CRITICAL - 2020-08-15 14:29:04 --> Call to undefined function App\Controllers\number_to_currency()
#0 D:\Projects\RealEstate\system\CodeIgniter.php(914): App\Controllers\Ajax->searchPropertyAjax()
#1 D:\Projects\RealEstate\system\CodeIgniter.php(400): CodeIgniter\CodeIgniter->runController(Object(App\Controllers\Ajax))
#2 D:\Projects\RealEstate\system\CodeIgniter.php(308): CodeIgniter\CodeIgniter->handleRequest(NULL, Object(Config\Cache), false)
#3 D:\Projects\RealEstate\public\index.php(45): CodeIgniter\CodeIgniter->run()
#4 D:\Projects\RealEstate\system\Commands\Server\rewrite.php(34): require_once('D:\\Projects\\Rea...')
#5 {main}
CRITICAL - 2020-08-15 14:29:05 --> Call to undefined function App\Controllers\number_to_currency()
#0 D:\Projects\RealEstate\system\CodeIgniter.php(914): App\Controllers\Ajax->searchPropertyAjax()
#1 D:\Projects\RealEstate\system\CodeIgniter.php(400): CodeIgniter\CodeIgniter->runController(Object(App\Controllers\Ajax))
#2 D:\Projects\RealEstate\system\CodeIgniter.php(308): CodeIgniter\CodeIgniter->handleRequest(NULL, Object(Config\Cache), false)
#3 D:\Projects\RealEstate\public\index.php(45): CodeIgniter\CodeIgniter->run()
#4 D:\Projects\RealEstate\system\Commands\Server\rewrite.php(34): require_once('D:\\Projects\\Rea...')
#5 {main}
CRITICAL - 2020-08-15 14:29:05 --> Call to undefined function App\Controllers\number_to_currency()
#0 D:\Projects\RealEstate\system\CodeIgniter.php(914): App\Controllers\Ajax->searchPropertyAjax()
#1 D:\Projects\RealEstate\system\CodeIgniter.php(400): CodeIgniter\CodeIgniter->runController(Object(App\Controllers\Ajax))
#2 D:\Projects\RealEstate\system\CodeIgniter.php(308): CodeIgniter\CodeIgniter->handleRequest(NULL, Object(Config\Cache), false)
#3 D:\Projects\RealEstate\public\index.php(45): CodeIgniter\CodeIgniter->run()
#4 D:\Projects\RealEstate\system\Commands\Server\rewrite.php(34): require_once('D:\\Projects\\Rea...')
#5 {main}
CRITICAL - 2020-08-15 14:29:06 --> Call to undefined function App\Controllers\number_to_currency()
#0 D:\Projects\RealEstate\system\CodeIgniter.php(914): App\Controllers\Ajax->searchPropertyAjax()
#1 D:\Projects\RealEstate\system\CodeIgniter.php(400): CodeIgniter\CodeIgniter->runController(Object(App\Controllers\Ajax))
#2 D:\Projects\RealEstate\system\CodeIgniter.php(308): CodeIgniter\CodeIgniter->handleRequest(NULL, Object(Config\Cache), false)
#3 D:\Projects\RealEstate\public\index.php(45): CodeIgniter\CodeIgniter->run()
#4 D:\Projects\RealEstate\system\Commands\Server\rewrite.php(34): require_once('D:\\Projects\\Rea...')
#5 {main}
CRITICAL - 2020-08-15 14:29:08 --> Call to undefined function App\Controllers\number_to_currency()
#0 D:\Projects\RealEstate\system\CodeIgniter.php(914): App\Controllers\Ajax->searchPropertyAjax()
#1 D:\Projects\RealEstate\system\CodeIgniter.php(400): CodeIgniter\CodeIgniter->runController(Object(App\Controllers\Ajax))
#2 D:\Projects\RealEstate\system\CodeIgniter.php(308): CodeIgniter\CodeIgniter->handleRequest(NULL, Object(Config\Cache), false)
#3 D:\Projects\RealEstate\public\index.php(45): CodeIgniter\CodeIgniter->run()
#4 D:\Projects\RealEstate\system\Commands\Server\rewrite.php(34): require_once('D:\\Projects\\Rea...')
#5 {main}
CRITICAL - 2020-08-15 14:29:08 --> Call to undefined function App\Controllers\number_to_currency()
#0 D:\Projects\RealEstate\system\CodeIgniter.php(914): App\Controllers\Ajax->searchPropertyAjax()
#1 D:\Projects\RealEstate\system\CodeIgniter.php(400): CodeIgniter\CodeIgniter->runController(Object(App\Controllers\Ajax))
#2 D:\Projects\RealEstate\system\CodeIgniter.php(308): CodeIgniter\CodeIgniter->handleRequest(NULL, Object(Config\Cache), false)
#3 D:\Projects\RealEstate\public\index.php(45): CodeIgniter\CodeIgniter->run()
#4 D:\Projects\RealEstate\system\Commands\Server\rewrite.php(34): require_once('D:\\Projects\\Rea...')
#5 {main}
CRITICAL - 2020-08-15 14:29:10 --> Call to undefined function App\Controllers\number_to_currency()
#0 D:\Projects\RealEstate\system\CodeIgniter.php(914): App\Controllers\Ajax->searchPropertyAjax()
#1 D:\Projects\RealEstate\system\CodeIgniter.php(400): CodeIgniter\CodeIgniter->runController(Object(App\Controllers\Ajax))
#2 D:\Projects\RealEstate\system\CodeIgniter.php(308): CodeIgniter\CodeIgniter->handleRequest(NULL, Object(Config\Cache), false)
#3 D:\Projects\RealEstate\public\index.php(45): CodeIgniter\CodeIgniter->run()
#4 D:\Projects\RealEstate\system\Commands\Server\rewrite.php(34): require_once('D:\\Projects\\Rea...')
#5 {main}
CRITICAL - 2020-08-15 14:29:10 --> Call to undefined function App\Controllers\number_to_currency()
#0 D:\Projects\RealEstate\system\CodeIgniter.php(914): App\Controllers\Ajax->searchPropertyAjax()
#1 D:\Projects\RealEstate\system\CodeIgniter.php(400): CodeIgniter\CodeIgniter->runController(Object(App\Controllers\Ajax))
#2 D:\Projects\RealEstate\system\CodeIgniter.php(308): CodeIgniter\CodeIgniter->handleRequest(NULL, Object(Config\Cache), false)
#3 D:\Projects\RealEstate\public\index.php(45): CodeIgniter\CodeIgniter->run()
#4 D:\Projects\RealEstate\system\Commands\Server\rewrite.php(34): require_once('D:\\Projects\\Rea...')
#5 {main}
CRITICAL - 2020-08-15 14:57:01 --> Undefined variable: data
#0 D:\Projects\RealEstate\app\Controllers\Dashboard.php(108): CodeIgniter\Debug\Exceptions->errorHandler(8, 'Undefined varia...', 'D:\\Projects\\Rea...', 108, Array)
#1 D:\Projects\RealEstate\system\CodeIgniter.php(914): App\Controllers\Dashboard->notifications()
#2 D:\Projects\RealEstate\system\CodeIgniter.php(400): CodeIgniter\CodeIgniter->runController(Object(App\Controllers\Dashboard))
#3 D:\Projects\RealEstate\system\CodeIgniter.php(308): CodeIgniter\CodeIgniter->handleRequest(NULL, Object(Config\Cache), false)
#4 D:\Projects\RealEstate\public\index.php(45): CodeIgniter\CodeIgniter->run()
#5 D:\Projects\RealEstate\system\Commands\Server\rewrite.php(34): require_once('D:\\Projects\\Rea...')
#6 {main}
CRITICAL - 2020-08-15 15:01:33 --> Undefined variable: data
#0 D:\Projects\RealEstate\app\Controllers\Dashboard.php(84): CodeIgniter\Debug\Exceptions->errorHandler(8, 'Undefined varia...', 'D:\\Projects\\Rea...', 84, Array)
#1 D:\Projects\RealEstate\system\CodeIgniter.php(914): App\Controllers\Dashboard->messages()
#2 D:\Projects\RealEstate\system\CodeIgniter.php(400): CodeIgniter\CodeIgniter->runController(Object(App\Controllers\Dashboard))
#3 D:\Projects\RealEstate\system\CodeIgniter.php(308): CodeIgniter\CodeIgniter->handleRequest(NULL, Object(Config\Cache), false)
#4 D:\Projects\RealEstate\public\index.php(45): CodeIgniter\CodeIgniter->run()
#5 D:\Projects\RealEstate\system\Commands\Server\rewrite.php(34): require_once('D:\\Projects\\Rea...')
#6 {main}
CRITICAL - 2020-08-15 15:13:12 --> Undefined variable: listings
#0 D:\Projects\RealEstate\app\Views\frontend\dashboard\tabs.php(8): CodeIgniter\Debug\Exceptions->errorHandler(8, 'Undefined varia...', 'D:\\Projects\\Rea...', 8, Array)
#1 D:\Projects\RealEstate\system\View\View.php(246): include('D:\\Projects\\Rea...')
#2 D:\Projects\RealEstate\system\View\View.php(525): CodeIgniter\View\View->render('frontend/dashbo...', NULL, true)
#3 D:\Projects\RealEstate\app\Views\frontend\dashboard\dashboard.php(13): CodeIgniter\View\View->include('frontend/dashbo...')
#4 D:\Projects\RealEstate\system\View\View.php(246): include('D:\\Projects\\Rea...')
#5 D:\Projects\RealEstate\system\Common.php(1087): CodeIgniter\View\View->render('frontend/dashbo...', Array, true)
#6 D:\Projects\RealEstate\app\Controllers\Dashboard.php(18): view('frontend/dashbo...', Array)
#7 D:\Projects\RealEstate\system\CodeIgniter.php(914): App\Controllers\Dashboard->index()
#8 D:\Projects\RealEstate\system\CodeIgniter.php(400): CodeIgniter\CodeIgniter->runController(Object(App\Controllers\Dashboard))
#9 D:\Projects\RealEstate\system\CodeIgniter.php(308): CodeIgniter\CodeIgniter->handleRequest(NULL, Object(Config\Cache), false)
#10 D:\Projects\RealEstate\public\index.php(45): CodeIgniter\CodeIgniter->run()
#11 D:\Projects\RealEstate\system\Commands\Server\rewrite.php(34): require_once('D:\\Projects\\Rea...')
#12 {main}
CRITICAL - 2020-08-15 15:18:41 --> Undefined variable: listings
#0 D:\Projects\RealEstate\app\Views\frontend\dashboard\tabs.php(8): CodeIgniter\Debug\Exceptions->errorHandler(8, 'Undefined varia...', 'D:\\Projects\\Rea...', 8, Array)
#1 D:\Projects\RealEstate\system\View\View.php(246): include('D:\\Projects\\Rea...')
#2 D:\Projects\RealEstate\system\View\View.php(525): CodeIgniter\View\View->render('frontend/dashbo...', NULL, true)
#3 D:\Projects\RealEstate\app\Views\frontend\dashboard\dashboard.php(13): CodeIgniter\View\View->include('frontend/dashbo...')
#4 D:\Projects\RealEstate\system\View\View.php(246): include('D:\\Projects\\Rea...')
#5 D:\Projects\RealEstate\system\Common.php(1087): CodeIgniter\View\View->render('frontend/dashbo...', Array, true)
#6 D:\Projects\RealEstate\app\Controllers\Dashboard.php(18): view('frontend/dashbo...', Array)
#7 D:\Projects\RealEstate\system\CodeIgniter.php(914): App\Controllers\Dashboard->index()
#8 D:\Projects\RealEstate\system\CodeIgniter.php(400): CodeIgniter\CodeIgniter->runController(Object(App\Controllers\Dashboard))
#9 D:\Projects\RealEstate\system\CodeIgniter.php(308): CodeIgniter\CodeIgniter->handleRequest(NULL, Object(Config\Cache), false)
#10 D:\Projects\RealEstate\public\index.php(45): CodeIgniter\CodeIgniter->run()
#11 D:\Projects\RealEstate\system\Commands\Server\rewrite.php(34): require_once('D:\\Projects\\Rea...')
#12 {main}
CRITICAL - 2020-08-15 15:18:52 --> Undefined variable: listings
#0 D:\Projects\RealEstate\app\Views\frontend\dashboard\tabs.php(8): CodeIgniter\Debug\Exceptions->errorHandler(8, 'Undefined varia...', 'D:\\Projects\\Rea...', 8, Array)
#1 D:\Projects\RealEstate\system\View\View.php(246): include('D:\\Projects\\Rea...')
#2 D:\Projects\RealEstate\system\View\View.php(525): CodeIgniter\View\View->render('frontend/dashbo...', NULL, true)
#3 D:\Projects\RealEstate\app\Views\frontend\dashboard\appointments.php(13): CodeIgniter\View\View->include('frontend/dashbo...')
#4 D:\Projects\RealEstate\system\View\View.php(246): include('D:\\Projects\\Rea...')
#5 D:\Projects\RealEstate\system\Common.php(1087): CodeIgniter\View\View->render('frontend/dashbo...', Array, true)
#6 D:\Projects\RealEstate\app\Controllers\Dashboard.php(42): view('frontend/dashbo...', Array)
#7 D:\Projects\RealEstate\system\CodeIgniter.php(914): App\Controllers\Dashboard->appointments()
#8 D:\Projects\RealEstate\system\CodeIgniter.php(400): CodeIgniter\CodeIgniter->runController(Object(App\Controllers\Dashboard))
#9 D:\Projects\RealEstate\system\CodeIgniter.php(308): CodeIgniter\CodeIgniter->handleRequest(NULL, Object(Config\Cache), false)
#10 D:\Projects\RealEstate\public\index.php(45): CodeIgniter\CodeIgniter->run()
#11 D:\Projects\RealEstate\system\Commands\Server\rewrite.php(34): require_once('D:\\Projects\\Rea...')
#12 {main}
CRITICAL - 2020-08-15 15:23:01 --> Undefined variable: listings
#0 D:\Projects\RealEstate\app\Views\frontend\dashboard\tabs.php(8): CodeIgniter\Debug\Exceptions->errorHandler(8, 'Undefined varia...', 'D:\\Projects\\Rea...', 8, Array)
#1 D:\Projects\RealEstate\system\View\View.php(246): include('D:\\Projects\\Rea...')
#2 D:\Projects\RealEstate\system\View\View.php(525): CodeIgniter\View\View->render('frontend/dashbo...', NULL, true)
#3 D:\Projects\RealEstate\app\Views\frontend\dashboard\appointments.php(13): CodeIgniter\View\View->include('frontend/dashbo...')
#4 D:\Projects\RealEstate\system\View\View.php(246): include('D:\\Projects\\Rea...')
#5 D:\Projects\RealEstate\system\Common.php(1087): CodeIgniter\View\View->render('frontend/dashbo...', Array, true)
#6 D:\Projects\RealEstate\app\Controllers\Dashboard.php(42): view('frontend/dashbo...', Array)
#7 D:\Projects\RealEstate\system\CodeIgniter.php(914): App\Controllers\Dashboard->appointments()
#8 D:\Projects\RealEstate\system\CodeIgniter.php(400): CodeIgniter\CodeIgniter->runController(Object(App\Controllers\Dashboard))
#9 D:\Projects\RealEstate\system\CodeIgniter.php(308): CodeIgniter\CodeIgniter->handleRequest(NULL, Object(Config\Cache), false)
#10 D:\Projects\RealEstate\public\index.php(45): CodeIgniter\CodeIgniter->run()
#11 D:\Projects\RealEstate\system\Commands\Server\rewrite.php(34): require_once('D:\\Projects\\Rea...')
#12 {main}
CRITICAL - 2020-08-15 15:26:03 --> Undefined variable: listings
#0 D:\Projects\RealEstate\app\Views\frontend\dashboard\tabs.php(8): CodeIgniter\Debug\Exceptions->errorHandler(8, 'Undefined varia...', 'D:\\Projects\\Rea...', 8, Array)
#1 D:\Projects\RealEstate\system\View\View.php(246): include('D:\\Projects\\Rea...')
#2 D:\Projects\RealEstate\system\View\View.php(525): CodeIgniter\View\View->render('frontend/dashbo...', NULL, true)
#3 D:\Projects\RealEstate\app\Views\frontend\dashboard\appointments.php(13): CodeIgniter\View\View->include('frontend/dashbo...')
#4 D:\Projects\RealEstate\system\View\View.php(246): include('D:\\Projects\\Rea...')
#5 D:\Projects\RealEstate\system\Common.php(1087): CodeIgniter\View\View->render('frontend/dashbo...', Array, true)
#6 D:\Projects\RealEstate\app\Controllers\Dashboard.php(42): view('frontend/dashbo...', Array)
#7 D:\Projects\RealEstate\system\CodeIgniter.php(914): App\Controllers\Dashboard->appointments()
#8 D:\Projects\RealEstate\system\CodeIgniter.php(400): CodeIgniter\CodeIgniter->runController(Object(App\Controllers\Dashboard))
#9 D:\Projects\RealEstate\system\CodeIgniter.php(308): CodeIgniter\CodeIgniter->handleRequest(NULL, Object(Config\Cache), false)
#10 D:\Projects\RealEstate\public\index.php(45): CodeIgniter\CodeIgniter->run()
#11 D:\Projects\RealEstate\system\Commands\Server\rewrite.php(34): require_once('D:\\Projects\\Rea...')
#12 {main}
CRITICAL - 2020-08-15 15:26:11 --> Undefined variable: data
#0 D:\Projects\RealEstate\app\Controllers\Dashboard.php(60): CodeIgniter\Debug\Exceptions->errorHandler(8, 'Undefined varia...', 'D:\\Projects\\Rea...', 60, Array)
#1 D:\Projects\RealEstate\system\CodeIgniter.php(914): App\Controllers\Dashboard->sales()
#2 D:\Projects\RealEstate\system\CodeIgniter.php(400): CodeIgniter\CodeIgniter->runController(Object(App\Controllers\Dashboard))
#3 D:\Projects\RealEstate\system\CodeIgniter.php(308): CodeIgniter\CodeIgniter->handleRequest(NULL, Object(Config\Cache), false)
#4 D:\Projects\RealEstate\public\index.php(45): CodeIgniter\CodeIgniter->run()
#5 D:\Projects\RealEstate\system\Commands\Server\rewrite.php(34): require_once('D:\\Projects\\Rea...')
#6 {main}
CRITICAL - 2020-08-15 15:31:12 --> Undefined variable: data
#0 D:\Projects\RealEstate\app\Controllers\Dashboard.php(60): CodeIgniter\Debug\Exceptions->errorHandler(8, 'Undefined varia...', 'D:\\Projects\\Rea...', 60, Array)
#1 D:\Projects\RealEstate\system\CodeIgniter.php(914): App\Controllers\Dashboard->sales()
#2 D:\Projects\RealEstate\system\CodeIgniter.php(400): CodeIgniter\CodeIgniter->runController(Object(App\Controllers\Dashboard))
#3 D:\Projects\RealEstate\system\CodeIgniter.php(308): CodeIgniter\CodeIgniter->handleRequest(NULL, Object(Config\Cache), false)
#4 D:\Projects\RealEstate\public\index.php(45): CodeIgniter\CodeIgniter->run()
#5 D:\Projects\RealEstate\system\Commands\Server\rewrite.php(34): require_once('D:\\Projects\\Rea...')
#6 {main}
CRITICAL - 2020-08-15 15:31:36 --> Undefined variable: data
#0 D:\Projects\RealEstate\app\Controllers\Dashboard.php(108): CodeIgniter\Debug\Exceptions->errorHandler(8, 'Undefined varia...', 'D:\\Projects\\Rea...', 108, Array)
#1 D:\Projects\RealEstate\system\CodeIgniter.php(914): App\Controllers\Dashboard->notifications()
#2 D:\Projects\RealEstate\system\CodeIgniter.php(400): CodeIgniter\CodeIgniter->runController(Object(App\Controllers\Dashboard))
#3 D:\Projects\RealEstate\system\CodeIgniter.php(308): CodeIgniter\CodeIgniter->handleRequest(NULL, Object(Config\Cache), false)
#4 D:\Projects\RealEstate\public\index.php(45): CodeIgniter\CodeIgniter->run()
#5 D:\Projects\RealEstate\system\Commands\Server\rewrite.php(34): require_once('D:\\Projects\\Rea...')
#6 {main}
CRITICAL - 2020-08-15 15:36:28 --> Undefined variable: listings
#0 D:\Projects\RealEstate\app\Views\frontend\dashboard\tabs.php(8): CodeIgniter\Debug\Exceptions->errorHandler(8, 'Undefined varia...', 'D:\\Projects\\Rea...', 8, Array)
#1 D:\Projects\RealEstate\system\View\View.php(246): include('D:\\Projects\\Rea...')
#2 D:\Projects\RealEstate\system\View\View.php(525): CodeIgniter\View\View->render('frontend/dashbo...', NULL, true)
#3 D:\Projects\RealEstate\app\Views\frontend\dashboard\dashboard.php(13): CodeIgniter\View\View->include('frontend/dashbo...')
#4 D:\Projects\RealEstate\system\View\View.php(246): include('D:\\Projects\\Rea...')
#5 D:\Projects\RealEstate\system\Common.php(1087): CodeIgniter\View\View->render('frontend/dashbo...', Array, true)
#6 D:\Projects\RealEstate\app\Controllers\Dashboard.php(18): view('frontend/dashbo...', Array)
#7 D:\Projects\RealEstate\system\CodeIgniter.php(914): App\Controllers\Dashboard->index()
#8 D:\Projects\RealEstate\system\CodeIgniter.php(400): CodeIgniter\CodeIgniter->runController(Object(App\Controllers\Dashboard))
#9 D:\Projects\RealEstate\system\CodeIgniter.php(308): CodeIgniter\CodeIgniter->handleRequest(NULL, Object(Config\Cache), false)
#10 D:\Projects\RealEstate\public\index.php(45): CodeIgniter\CodeIgniter->run()
#11 D:\Projects\RealEstate\system\Commands\Server\rewrite.php(34): require_once('D:\\Projects\\Rea...')
#12 {main}
CRITICAL - 2020-08-15 15:58:29 --> Undefined variable: data
#0 D:\Projects\RealEstate\app\Controllers\Dashboard.php(76): CodeIgniter\Debug\Exceptions->errorHandler(8, 'Undefined varia...', 'D:\\Projects\\Rea...', 76, Array)
#1 D:\Projects\RealEstate\system\CodeIgniter.php(914): App\Controllers\Dashboard->contacts()
#2 D:\Projects\RealEstate\system\CodeIgniter.php(400): CodeIgniter\CodeIgniter->runController(Object(App\Controllers\Dashboard))
#3 D:\Projects\RealEstate\system\CodeIgniter.php(308): CodeIgniter\CodeIgniter->handleRequest(NULL, Object(Config\Cache), false)
#4 D:\Projects\RealEstate\public\index.php(45): CodeIgniter\CodeIgniter->run()
#5 D:\Projects\RealEstate\system\Commands\Server\rewrite.php(34): require_once('D:\\Projects\\Rea...')
#6 {main}
CRITICAL - 2020-08-15 16:27:13 --> Unknown column '_users.to_user_id' in 'where clause'
#0 D:\Projects\RealEstate\system\Database\MySQLi\Connection.php(331): mysqli->query('SELECT DISTINCT...')
#1 D:\Projects\RealEstate\system\Database\BaseConnection.php(738): CodeIgniter\Database\MySQLi\Connection->execute('SELECT DISTINCT...')
#2 D:\Projects\RealEstate\system\Database\BaseConnection.php(666): CodeIgniter\Database\BaseConnection->simpleQuery('SELECT DISTINCT...')
#3 D:\Projects\RealEstate\system\Database\BaseBuilder.php(1845): CodeIgniter\Database\BaseConnection->query('SELECT DISTINCT...', Array, false)
#4 D:\Projects\RealEstate\app\Models\MessageModel.php(33): CodeIgniter\Database\BaseBuilder->get()
#5 D:\Projects\RealEstate\app\Controllers\Home.php(152): App\Models\MessageModel->getAllUserContacts(21)
#6 D:\Projects\RealEstate\system\CodeIgniter.php(914): App\Controllers\Home->test()
#7 D:\Projects\RealEstate\system\CodeIgniter.php(400): CodeIgniter\CodeIgniter->runController(Object(App\Controllers\Home))
#8 D:\Projects\RealEstate\system\CodeIgniter.php(308): CodeIgniter\CodeIgniter->handleRequest(NULL, Object(Config\Cache), false)
#9 D:\Projects\RealEstate\public\index.php(45): CodeIgniter\CodeIgniter->run()
#10 D:\Projects\RealEstate\system\Commands\Server\rewrite.php(34): require_once('D:\\Projects\\Rea...')
#11 {main}
CRITICAL - 2020-08-15 16:36:42 --> Undefined variable: listings
#0 D:\Projects\RealEstate\app\Views\frontend\dashboard\tabs.php(8): CodeIgniter\Debug\Exceptions->errorHandler(8, 'Undefined varia...', 'D:\\Projects\\Rea...', 8, Array)
#1 D:\Projects\RealEstate\system\View\View.php(246): include('D:\\Projects\\Rea...')
#2 D:\Projects\RealEstate\system\View\View.php(525): CodeIgniter\View\View->render('frontend/dashbo...', NULL, true)
#3 D:\Projects\RealEstate\app\Views\frontend\dashboard\dashboard.php(13): CodeIgniter\View\View->include('frontend/dashbo...')
#4 D:\Projects\RealEstate\system\View\View.php(246): include('D:\\Projects\\Rea...')
#5 D:\Projects\RealEstate\system\Common.php(1087): CodeIgniter\View\View->render('frontend/dashbo...', Array, true)
#6 D:\Projects\RealEstate\app\Controllers\Dashboard.php(18): view('frontend/dashbo...', Array)
#7 D:\Projects\RealEstate\system\CodeIgniter.php(914): App\Controllers\Dashboard->index()
#8 D:\Projects\RealEstate\system\CodeIgniter.php(400): CodeIgniter\CodeIgniter->runController(Object(App\Controllers\Dashboard))
#9 D:\Projects\RealEstate\system\CodeIgniter.php(308): CodeIgniter\CodeIgniter->handleRequest(NULL, Object(Config\Cache), false)
#10 D:\Projects\RealEstate\public\index.php(45): CodeIgniter\CodeIgniter->run()
#11 D:\Projects\RealEstate\system\Commands\Server\rewrite.php(34): require_once('D:\\Projects\\Rea...')
#12 {main}
CRITICAL - 2020-08-15 16:36:58 --> Undefined variable: listings
#0 D:\Projects\RealEstate\app\Views\frontend\dashboard\tabs.php(8): CodeIgniter\Debug\Exceptions->errorHandler(8, 'Undefined varia...', 'D:\\Projects\\Rea...', 8, Array)
#1 D:\Projects\RealEstate\system\View\View.php(246): include('D:\\Projects\\Rea...')
#2 D:\Projects\RealEstate\system\View\View.php(525): CodeIgniter\View\View->render('frontend/dashbo...', NULL, true)
#3 D:\Projects\RealEstate\app\Views\frontend\dashboard\dashboard.php(13): CodeIgniter\View\View->include('frontend/dashbo...')
#4 D:\Projects\RealEstate\system\View\View.php(246): include('D:\\Projects\\Rea...')
#5 D:\Projects\RealEstate\system\Common.php(1087): CodeIgniter\View\View->render('frontend/dashbo...', Array, true)
#6 D:\Projects\RealEstate\app\Controllers\Dashboard.php(18): view('frontend/dashbo...', Array)
#7 D:\Projects\RealEstate\system\CodeIgniter.php(914): App\Controllers\Dashboard->index()
#8 D:\Projects\RealEstate\system\CodeIgniter.php(400): CodeIgniter\CodeIgniter->runController(Object(App\Controllers\Dashboard))
#9 D:\Projects\RealEstate\system\CodeIgniter.php(308): CodeIgniter\CodeIgniter->handleRequest(NULL, Object(Config\Cache), false)
#10 D:\Projects\RealEstate\public\index.php(45): CodeIgniter\CodeIgniter->run()
#11 D:\Projects\RealEstate\system\Commands\Server\rewrite.php(34): require_once('D:\\Projects\\Rea...')
#12 {main}
CRITICAL - 2020-08-15 16:37:29 --> Undefined variable: data
#0 D:\Projects\RealEstate\app\Controllers\Dashboard.php(84): CodeIgniter\Debug\Exceptions->errorHandler(8, 'Undefined varia...', 'D:\\Projects\\Rea...', 84, Array)
#1 D:\Projects\RealEstate\system\CodeIgniter.php(914): App\Controllers\Dashboard->messages()
#2 D:\Projects\RealEstate\system\CodeIgniter.php(400): CodeIgniter\CodeIgniter->runController(Object(App\Controllers\Dashboard))
#3 D:\Projects\RealEstate\system\CodeIgniter.php(308): CodeIgniter\CodeIgniter->handleRequest(NULL, Object(Config\Cache), false)
#4 D:\Projects\RealEstate\public\index.php(45): CodeIgniter\CodeIgniter->run()
#5 D:\Projects\RealEstate\system\Commands\Server\rewrite.php(34): require_once('D:\\Projects\\Rea...')
#6 {main}
CRITICAL - 2020-08-15 17:40:33 --> Undefined variable: data
#0 D:\Projects\RealEstate\app\Controllers\Dashboard.php(60): CodeIgniter\Debug\Exceptions->errorHandler(8, 'Undefined varia...', 'D:\\Projects\\Rea...', 60, Array)
#1 D:\Projects\RealEstate\system\CodeIgniter.php(914): App\Controllers\Dashboard->sales()
#2 D:\Projects\RealEstate\system\CodeIgniter.php(400): CodeIgniter\CodeIgniter->runController(Object(App\Controllers\Dashboard))
#3 D:\Projects\RealEstate\system\CodeIgniter.php(308): CodeIgniter\CodeIgniter->handleRequest(NULL, Object(Config\Cache), false)
#4 D:\Projects\RealEstate\public\index.php(45): CodeIgniter\CodeIgniter->run()
#5 D:\Projects\RealEstate\system\Commands\Server\rewrite.php(34): require_once('D:\\Projects\\Rea...')
#6 {main}
CRITICAL - 2020-08-15 17:40:36 --> Undefined variable: data
#0 D:\Projects\RealEstate\app\Controllers\Dashboard.php(76): CodeIgniter\Debug\Exceptions->errorHandler(8, 'Undefined varia...', 'D:\\Projects\\Rea...', 76, Array)
#1 D:\Projects\RealEstate\system\CodeIgniter.php(914): App\Controllers\Dashboard->contacts()
#2 D:\Projects\RealEstate\system\CodeIgniter.php(400): CodeIgniter\CodeIgniter->runController(Object(App\Controllers\Dashboard))
#3 D:\Projects\RealEstate\system\CodeIgniter.php(308): CodeIgniter\CodeIgniter->handleRequest(NULL, Object(Config\Cache), false)
#4 D:\Projects\RealEstate\public\index.php(45): CodeIgniter\CodeIgniter->run()
#5 D:\Projects\RealEstate\system\Commands\Server\rewrite.php(34): require_once('D:\\Projects\\Rea...')
#6 {main}
CRITICAL - 2020-08-15 17:40:39 --> Undefined variable: data
#0 D:\Projects\RealEstate\app\Controllers\Dashboard.php(100): CodeIgniter\Debug\Exceptions->errorHandler(8, 'Undefined varia...', 'D:\\Projects\\Rea...', 100, Array)
#1 D:\Projects\RealEstate\system\CodeIgniter.php(914): App\Controllers\Dashboard->credits()
#2 D:\Projects\RealEstate\system\CodeIgniter.php(400): CodeIgniter\CodeIgniter->runController(Object(App\Controllers\Dashboard))
#3 D:\Projects\RealEstate\system\CodeIgniter.php(308): CodeIgniter\CodeIgniter->handleRequest(NULL, Object(Config\Cache), false)
#4 D:\Projects\RealEstate\public\index.php(45): CodeIgniter\CodeIgniter->run()
#5 D:\Projects\RealEstate\system\Commands\Server\rewrite.php(34): require_once('D:\\Projects\\Rea...')
#6 {main}
CRITICAL - 2020-08-15 17:40:41 --> Undefined variable: data
#0 D:\Projects\RealEstate\app\Controllers\Dashboard.php(108): CodeIgniter\Debug\Exceptions->errorHandler(8, 'Undefined varia...', 'D:\\Projects\\Rea...', 108, Array)
#1 D:\Projects\RealEstate\system\CodeIgniter.php(914): App\Controllers\Dashboard->notifications()
#2 D:\Projects\RealEstate\system\CodeIgniter.php(400): CodeIgniter\CodeIgniter->runController(Object(App\Controllers\Dashboard))
#3 D:\Projects\RealEstate\system\CodeIgniter.php(308): CodeIgniter\CodeIgniter->handleRequest(NULL, Object(Config\Cache), false)
#4 D:\Projects\RealEstate\public\index.php(45): CodeIgniter\CodeIgniter->run()
#5 D:\Projects\RealEstate\system\Commands\Server\rewrite.php(34): require_once('D:\\Projects\\Rea...')
#6 {main}
CRITICAL - 2020-08-15 23:27:44 --> Undefined variable: data
#0 D:\Projects\RealEstate\app\Controllers\Dashboard.php(108): CodeIgniter\Debug\Exceptions->errorHandler(8, 'Undefined varia...', 'D:\\Projects\\Rea...', 108, Array)
#1 D:\Projects\RealEstate\system\CodeIgniter.php(914): App\Controllers\Dashboard->notifications()
#2 D:\Projects\RealEstate\system\CodeIgniter.php(400): CodeIgniter\CodeIgniter->runController(Object(App\Controllers\Dashboard))
#3 D:\Projects\RealEstate\system\CodeIgniter.php(308): CodeIgniter\CodeIgniter->handleRequest(NULL, Object(Config\Cache), false)
#4 D:\Projects\RealEstate\public\index.php(45): CodeIgniter\CodeIgniter->run()
#5 D:\Projects\RealEstate\system\Commands\Server\rewrite.php(34): require_once('D:\\Projects\\Rea...')
#6 {main}
