CRITICAL - 2020-08-23 05:13:25 --> syntax error, unexpected ':', expecting ',' or ';'
#0 D:\Projects\RealEstate\system\Common.php(1087): CodeIgniter\View\View->render('backend/propert...', Array, true)
#1 D:\Projects\RealEstate\app\Controllers\Backend\Properties.php(429): view('backend/propert...', Array)
#2 D:\Projects\RealEstate\system\CodeIgniter.php(914): App\Controllers\Backend\Properties->edit('20')
#3 D:\Projects\RealEstate\system\CodeIgniter.php(400): CodeIgniter\CodeIgniter->runController(Object(App\Controllers\Backend\Properties))
#4 D:\Projects\RealEstate\system\CodeIgniter.php(308): CodeIgniter\CodeIgniter->handleRequest(NULL, Object(Config\Cache), false)
#5 D:\Projects\RealEstate\public\index.php(45): CodeIgniter\CodeIgniter->run()
#6 D:\Projects\RealEstate\system\Commands\Server\rewrite.php(34): require_once('D:\\Projects\\Rea...')
#7 {main}
CRITICAL - 2020-08-23 06:03:32 --> unlink(D:\Projects\RealEstate\public\property-images/thumbnails/1595568354_7d76660f2ac795883b80.jpg): No such file or directory
#0 [internal function]: CodeIgniter\Debug\Exceptions->errorHandler(2, 'unlink(D:\\Proje...', 'D:\\Projects\\Rea...', 364, Array)
#1 D:\Projects\RealEstate\app\Controllers\Backend\Properties.php(364): unlink('D:\\Projects\\Rea...')
#2 D:\Projects\RealEstate\system\CodeIgniter.php(914): App\Controllers\Backend\Properties->removePropertyImage()
#3 D:\Projects\RealEstate\system\CodeIgniter.php(400): CodeIgniter\CodeIgniter->runController(Object(App\Controllers\Backend\Properties))
#4 D:\Projects\RealEstate\system\CodeIgniter.php(308): CodeIgniter\CodeIgniter->handleRequest(NULL, Object(Config\Cache), false)
#5 D:\Projects\RealEstate\public\index.php(45): CodeIgniter\CodeIgniter->run()
#6 D:\Projects\RealEstate\system\Commands\Server\rewrite.php(34): require_once('D:\\Projects\\Rea...')
#7 {main}
CRITICAL - 2020-08-23 06:03:45 --> unlink(D:\Projects\RealEstate\public\property-images/1595568354_7d76660f2ac795883b80.jpg): No such file or directory
#0 [internal function]: CodeIgniter\Debug\Exceptions->errorHandler(2, 'unlink(D:\\Proje...', 'D:\\Projects\\Rea...', 363, Array)
#1 D:\Projects\RealEstate\app\Controllers\Backend\Properties.php(363): unlink('D:\\Projects\\Rea...')
#2 D:\Projects\RealEstate\system\CodeIgniter.php(914): App\Controllers\Backend\Properties->removePropertyImage()
#3 D:\Projects\RealEstate\system\CodeIgniter.php(400): CodeIgniter\CodeIgniter->runController(Object(App\Controllers\Backend\Properties))
#4 D:\Projects\RealEstate\system\CodeIgniter.php(308): CodeIgniter\CodeIgniter->handleRequest(NULL, Object(Config\Cache), false)
#5 D:\Projects\RealEstate\public\index.php(45): CodeIgniter\CodeIgniter->run()
#6 D:\Projects\RealEstate\system\Commands\Server\rewrite.php(34): require_once('D:\\Projects\\Rea...')
#7 {main}
CRITICAL - 2020-08-23 06:03:51 --> unlink(D:\Projects\RealEstate\public\property-images/thumbnails/1595568439_3153300ccbce97bf2137.png): No such file or directory
#0 [internal function]: CodeIgniter\Debug\Exceptions->errorHandler(2, 'unlink(D:\\Proje...', 'D:\\Projects\\Rea...', 364, Array)
#1 D:\Projects\RealEstate\app\Controllers\Backend\Properties.php(364): unlink('D:\\Projects\\Rea...')
#2 D:\Projects\RealEstate\system\CodeIgniter.php(914): App\Controllers\Backend\Properties->removePropertyImage()
#3 D:\Projects\RealEstate\system\CodeIgniter.php(400): CodeIgniter\CodeIgniter->runController(Object(App\Controllers\Backend\Properties))
#4 D:\Projects\RealEstate\system\CodeIgniter.php(308): CodeIgniter\CodeIgniter->handleRequest(NULL, Object(Config\Cache), false)
#5 D:\Projects\RealEstate\public\index.php(45): CodeIgniter\CodeIgniter->run()
#6 D:\Projects\RealEstate\system\Commands\Server\rewrite.php(34): require_once('D:\\Projects\\Rea...')
#7 {main}
CRITICAL - 2020-08-23 06:21:53 --> Invalid argument supplied for foreach()
#0 D:\Projects\RealEstate\app\Views\backend\properties.php(35): CodeIgniter\Debug\Exceptions->errorHandler(2, 'Invalid argumen...', 'D:\\Projects\\Rea...', 35, Array)
#1 D:\Projects\RealEstate\system\View\View.php(246): include('D:\\Projects\\Rea...')
#2 D:\Projects\RealEstate\system\Common.php(1087): CodeIgniter\View\View->render('backend/propert...', Array, true)
#3 D:\Projects\RealEstate\app\Controllers\Backend\Properties.php(499): view('backend/propert...', Array)
#4 D:\Projects\RealEstate\system\CodeIgniter.php(914): App\Controllers\Backend\Properties->edit('20')
#5 D:\Projects\RealEstate\system\CodeIgniter.php(400): CodeIgniter\CodeIgniter->runController(Object(App\Controllers\Backend\Properties))
#6 D:\Projects\RealEstate\system\CodeIgniter.php(308): CodeIgniter\CodeIgniter->handleRequest(NULL, Object(Config\Cache), false)
#7 D:\Projects\RealEstate\public\index.php(45): CodeIgniter\CodeIgniter->run()
#8 D:\Projects\RealEstate\system\Commands\Server\rewrite.php(34): require_once('D:\\Projects\\Rea...')
#9 {main}
CRITICAL - 2020-08-23 06:27:12 --> syntax error, unexpected '<'
#0 D:\Projects\RealEstate\system\Common.php(1087): CodeIgniter\View\View->render('backend/propert...', Array, true)
#1 D:\Projects\RealEstate\app\Controllers\Backend\Properties.php(499): view('backend/propert...', Array)
#2 D:\Projects\RealEstate\system\CodeIgniter.php(914): App\Controllers\Backend\Properties->edit('20')
#3 D:\Projects\RealEstate\system\CodeIgniter.php(400): CodeIgniter\CodeIgniter->runController(Object(App\Controllers\Backend\Properties))
#4 D:\Projects\RealEstate\system\CodeIgniter.php(308): CodeIgniter\CodeIgniter->handleRequest(NULL, Object(Config\Cache), false)
#5 D:\Projects\RealEstate\public\index.php(45): CodeIgniter\CodeIgniter->run()
#6 D:\Projects\RealEstate\system\Commands\Server\rewrite.php(34): require_once('D:\\Projects\\Rea...')
#7 {main}
CRITICAL - 2020-08-23 06:34:50 --> Invalid argument supplied for foreach()
#0 D:\Projects\RealEstate\app\Views\backend\properties.php(604): CodeIgniter\Debug\Exceptions->errorHandler(2, 'Invalid argumen...', 'D:\\Projects\\Rea...', 604, Array)
#1 D:\Projects\RealEstate\system\View\View.php(246): include('D:\\Projects\\Rea...')
#2 D:\Projects\RealEstate\system\Common.php(1087): CodeIgniter\View\View->render('backend/propert...', Array, true)
#3 D:\Projects\RealEstate\app\Controllers\Backend\Properties.php(24): view('backend/propert...', Array)
#4 D:\Projects\RealEstate\system\CodeIgniter.php(914): App\Controllers\Backend\Properties->index()
#5 D:\Projects\RealEstate\system\CodeIgniter.php(400): CodeIgniter\CodeIgniter->runController(Object(App\Controllers\Backend\Properties))
#6 D:\Projects\RealEstate\system\CodeIgniter.php(308): CodeIgniter\CodeIgniter->handleRequest(NULL, Object(Config\Cache), false)
#7 D:\Projects\RealEstate\public\index.php(45): CodeIgniter\CodeIgniter->run()
#8 D:\Projects\RealEstate\system\Commands\Server\rewrite.php(34): require_once('D:\\Projects\\Rea...')
#9 {main}
CRITICAL - 2020-08-23 06:34:54 --> Invalid argument supplied for foreach()
#0 D:\Projects\RealEstate\app\Views\backend\properties.php(604): CodeIgniter\Debug\Exceptions->errorHandler(2, 'Invalid argumen...', 'D:\\Projects\\Rea...', 604, Array)
#1 D:\Projects\RealEstate\system\View\View.php(246): include('D:\\Projects\\Rea...')
#2 D:\Projects\RealEstate\system\Common.php(1087): CodeIgniter\View\View->render('backend/propert...', Array, true)
#3 D:\Projects\RealEstate\app\Controllers\Backend\Properties.php(24): view('backend/propert...', Array)
#4 D:\Projects\RealEstate\system\CodeIgniter.php(914): App\Controllers\Backend\Properties->index()
#5 D:\Projects\RealEstate\system\CodeIgniter.php(400): CodeIgniter\CodeIgniter->runController(Object(App\Controllers\Backend\Properties))
#6 D:\Projects\RealEstate\system\CodeIgniter.php(308): CodeIgniter\CodeIgniter->handleRequest(NULL, Object(Config\Cache), false)
#7 D:\Projects\RealEstate\public\index.php(45): CodeIgniter\CodeIgniter->run()
#8 D:\Projects\RealEstate\system\Commands\Server\rewrite.php(34): require_once('D:\\Projects\\Rea...')
#9 {main}
CRITICAL - 2020-08-23 07:48:26 --> Invalid argument supplied for foreach()
#0 D:\Projects\RealEstate\app\Views\frontend\property.php(83): CodeIgniter\Debug\Exceptions->errorHandler(2, 'Invalid argumen...', 'D:\\Projects\\Rea...', 83, Array)
#1 D:\Projects\RealEstate\system\View\View.php(246): include('D:\\Projects\\Rea...')
#2 D:\Projects\RealEstate\system\Common.php(1087): CodeIgniter\View\View->render('frontend/proper...', Array, true)
#3 D:\Projects\RealEstate\app\Controllers\Property.php(54): view('frontend/proper...', Array)
#4 D:\Projects\RealEstate\system\CodeIgniter.php(914): App\Controllers\Property->index()
#5 D:\Projects\RealEstate\system\CodeIgniter.php(400): CodeIgniter\CodeIgniter->runController(Object(App\Controllers\Property))
#6 D:\Projects\RealEstate\system\CodeIgniter.php(308): CodeIgniter\CodeIgniter->handleRequest(NULL, Object(Config\Cache), false)
#7 D:\Projects\RealEstate\public\index.php(45): CodeIgniter\CodeIgniter->run()
#8 D:\Projects\RealEstate\system\Commands\Server\rewrite.php(34): require_once('D:\\Projects\\Rea...')
#9 {main}
CRITICAL - 2020-08-23 07:48:35 --> Invalid argument supplied for foreach()
#0 D:\Projects\RealEstate\app\Views\landing.php(98): CodeIgniter\Debug\Exceptions->errorHandler(2, 'Invalid argumen...', 'D:\\Projects\\Rea...', 98, Array)
#1 D:\Projects\RealEstate\system\View\View.php(246): include('D:\\Projects\\Rea...')
#2 D:\Projects\RealEstate\system\Common.php(1087): CodeIgniter\View\View->render('landing', Array, true)
#3 D:\Projects\RealEstate\app\Controllers\Home.php(22): view('landing', Array)
#4 D:\Projects\RealEstate\system\CodeIgniter.php(914): App\Controllers\Home->index()
#5 D:\Projects\RealEstate\system\CodeIgniter.php(400): CodeIgniter\CodeIgniter->runController(Object(App\Controllers\Home))
#6 D:\Projects\RealEstate\system\CodeIgniter.php(308): CodeIgniter\CodeIgniter->handleRequest(NULL, Object(Config\Cache), false)
#7 D:\Projects\RealEstate\public\index.php(45): CodeIgniter\CodeIgniter->run()
#8 D:\Projects\RealEstate\system\Commands\Server\rewrite.php(34): require_once('D:\\Projects\\Rea...')
#9 {main}
CRITICAL - 2020-08-23 07:48:40 --> Invalid argument supplied for foreach()
#0 D:\Projects\RealEstate\app\Views\landing.php(98): CodeIgniter\Debug\Exceptions->errorHandler(2, 'Invalid argumen...', 'D:\\Projects\\Rea...', 98, Array)
#1 D:\Projects\RealEstate\system\View\View.php(246): include('D:\\Projects\\Rea...')
#2 D:\Projects\RealEstate\system\Common.php(1087): CodeIgniter\View\View->render('landing', Array, true)
#3 D:\Projects\RealEstate\app\Controllers\Home.php(22): view('landing', Array)
#4 D:\Projects\RealEstate\system\CodeIgniter.php(914): App\Controllers\Home->index()
#5 D:\Projects\RealEstate\system\CodeIgniter.php(400): CodeIgniter\CodeIgniter->runController(Object(App\Controllers\Home))
#6 D:\Projects\RealEstate\system\CodeIgniter.php(308): CodeIgniter\CodeIgniter->handleRequest(NULL, Object(Config\Cache), false)
#7 D:\Projects\RealEstate\public\index.php(45): CodeIgniter\CodeIgniter->run()
#8 D:\Projects\RealEstate\system\Commands\Server\rewrite.php(34): require_once('D:\\Projects\\Rea...')
#9 {main}
CRITICAL - 2020-08-23 07:56:06 --> Undefined variable: active
#0 D:\Projects\RealEstate\app\Views\landing.php(107): CodeIgniter\Debug\Exceptions->errorHandler(8, 'Undefined varia...', 'D:\\Projects\\Rea...', 107, Array)
#1 D:\Projects\RealEstate\system\View\View.php(246): include('D:\\Projects\\Rea...')
#2 D:\Projects\RealEstate\system\Common.php(1087): CodeIgniter\View\View->render('landing', Array, true)
#3 D:\Projects\RealEstate\app\Controllers\Home.php(22): view('landing', Array)
#4 D:\Projects\RealEstate\system\CodeIgniter.php(914): App\Controllers\Home->index()
#5 D:\Projects\RealEstate\system\CodeIgniter.php(400): CodeIgniter\CodeIgniter->runController(Object(App\Controllers\Home))
#6 D:\Projects\RealEstate\system\CodeIgniter.php(308): CodeIgniter\CodeIgniter->handleRequest(NULL, Object(Config\Cache), false)
#7 D:\Projects\RealEstate\public\index.php(45): CodeIgniter\CodeIgniter->run()
#8 D:\Projects\RealEstate\system\Commands\Server\rewrite.php(34): require_once('D:\\Projects\\Rea...')
#9 {main}
CRITICAL - 2020-08-23 07:57:24 --> Invalid argument supplied for foreach()
#0 D:\Projects\RealEstate\app\Views\frontend\property.php(83): CodeIgniter\Debug\Exceptions->errorHandler(2, 'Invalid argumen...', 'D:\\Projects\\Rea...', 83, Array)
#1 D:\Projects\RealEstate\system\View\View.php(246): include('D:\\Projects\\Rea...')
#2 D:\Projects\RealEstate\system\Common.php(1087): CodeIgniter\View\View->render('frontend/proper...', Array, true)
#3 D:\Projects\RealEstate\app\Controllers\Property.php(54): view('frontend/proper...', Array)
#4 D:\Projects\RealEstate\system\CodeIgniter.php(914): App\Controllers\Property->index()
#5 D:\Projects\RealEstate\system\CodeIgniter.php(400): CodeIgniter\CodeIgniter->runController(Object(App\Controllers\Property))
#6 D:\Projects\RealEstate\system\CodeIgniter.php(308): CodeIgniter\CodeIgniter->handleRequest(NULL, Object(Config\Cache), false)
#7 D:\Projects\RealEstate\public\index.php(45): CodeIgniter\CodeIgniter->run()
#8 D:\Projects\RealEstate\system\Commands\Server\rewrite.php(34): require_once('D:\\Projects\\Rea...')
#9 {main}
CRITICAL - 2020-08-23 07:59:58 --> Invalid argument supplied for foreach()
#0 D:\Projects\RealEstate\app\Views\frontend\browse.php(118): CodeIgniter\Debug\Exceptions->errorHandler(2, 'Invalid argumen...', 'D:\\Projects\\Rea...', 118, Array)
#1 D:\Projects\RealEstate\system\View\View.php(246): include('D:\\Projects\\Rea...')
#2 D:\Projects\RealEstate\system\Common.php(1087): CodeIgniter\View\View->render('frontend/browse', Array, true)
#3 D:\Projects\RealEstate\app\Controllers\Home.php(85): view('frontend/browse', Array)
#4 D:\Projects\RealEstate\system\CodeIgniter.php(914): App\Controllers\Home->browse()
#5 D:\Projects\RealEstate\system\CodeIgniter.php(400): CodeIgniter\CodeIgniter->runController(Object(App\Controllers\Home))
#6 D:\Projects\RealEstate\system\CodeIgniter.php(308): CodeIgniter\CodeIgniter->handleRequest(NULL, Object(Config\Cache), false)
#7 D:\Projects\RealEstate\public\index.php(45): CodeIgniter\CodeIgniter->run()
#8 D:\Projects\RealEstate\system\Commands\Server\rewrite.php(34): require_once('D:\\Projects\\Rea...')
#9 {main}
CRITICAL - 2020-08-23 08:00:14 --> Invalid argument supplied for foreach()
#0 D:\Projects\RealEstate\app\Views\frontend\browse.php(118): CodeIgniter\Debug\Exceptions->errorHandler(2, 'Invalid argumen...', 'D:\\Projects\\Rea...', 118, Array)
#1 D:\Projects\RealEstate\system\View\View.php(246): include('D:\\Projects\\Rea...')
#2 D:\Projects\RealEstate\system\Common.php(1087): CodeIgniter\View\View->render('frontend/browse', Array, true)
#3 D:\Projects\RealEstate\app\Controllers\Home.php(85): view('frontend/browse', Array)
#4 D:\Projects\RealEstate\system\CodeIgniter.php(914): App\Controllers\Home->browse()
#5 D:\Projects\RealEstate\system\CodeIgniter.php(400): CodeIgniter\CodeIgniter->runController(Object(App\Controllers\Home))
#6 D:\Projects\RealEstate\system\CodeIgniter.php(308): CodeIgniter\CodeIgniter->handleRequest(NULL, Object(Config\Cache), false)
#7 D:\Projects\RealEstate\public\index.php(45): CodeIgniter\CodeIgniter->run()
#8 D:\Projects\RealEstate\system\Commands\Server\rewrite.php(34): require_once('D:\\Projects\\Rea...')
#9 {main}
CRITICAL - 2020-08-23 08:09:43 --> Invalid argument supplied for foreach()
#0 D:\Projects\RealEstate\app\Views\frontend\property.php(83): CodeIgniter\Debug\Exceptions->errorHandler(2, 'Invalid argumen...', 'D:\\Projects\\Rea...', 83, Array)
#1 D:\Projects\RealEstate\system\View\View.php(246): include('D:\\Projects\\Rea...')
#2 D:\Projects\RealEstate\system\Common.php(1087): CodeIgniter\View\View->render('frontend/proper...', Array, true)
#3 D:\Projects\RealEstate\app\Controllers\Property.php(54): view('frontend/proper...', Array)
#4 D:\Projects\RealEstate\system\CodeIgniter.php(914): App\Controllers\Property->index()
#5 D:\Projects\RealEstate\system\CodeIgniter.php(400): CodeIgniter\CodeIgniter->runController(Object(App\Controllers\Property))
#6 D:\Projects\RealEstate\system\CodeIgniter.php(308): CodeIgniter\CodeIgniter->handleRequest(NULL, Object(Config\Cache), false)
#7 D:\Projects\RealEstate\public\index.php(45): CodeIgniter\CodeIgniter->run()
#8 D:\Projects\RealEstate\system\Commands\Server\rewrite.php(34): require_once('D:\\Projects\\Rea...')
#9 {main}
CRITICAL - 2020-08-23 08:31:28 --> Invalid argument supplied for foreach()
#0 D:\Projects\RealEstate\app\Views\frontend\property.php(83): CodeIgniter\Debug\Exceptions->errorHandler(2, 'Invalid argumen...', 'D:\\Projects\\Rea...', 83, Array)
#1 D:\Projects\RealEstate\system\View\View.php(246): include('D:\\Projects\\Rea...')
#2 D:\Projects\RealEstate\system\Common.php(1087): CodeIgniter\View\View->render('frontend/proper...', Array, true)
#3 D:\Projects\RealEstate\app\Controllers\Property.php(54): view('frontend/proper...', Array)
#4 D:\Projects\RealEstate\system\CodeIgniter.php(914): App\Controllers\Property->index()
#5 D:\Projects\RealEstate\system\CodeIgniter.php(400): CodeIgniter\CodeIgniter->runController(Object(App\Controllers\Property))
#6 D:\Projects\RealEstate\system\CodeIgniter.php(308): CodeIgniter\CodeIgniter->handleRequest(NULL, Object(Config\Cache), false)
#7 D:\Projects\RealEstate\public\index.php(45): CodeIgniter\CodeIgniter->run()
#8 D:\Projects\RealEstate\system\Commands\Server\rewrite.php(34): require_once('D:\\Projects\\Rea...')
#9 {main}
CRITICAL - 2020-08-23 08:35:40 --> Undefined variable: active
#0 D:\Projects\RealEstate\app\Views\frontend\property.php(90): CodeIgniter\Debug\Exceptions->errorHandler(8, 'Undefined varia...', 'D:\\Projects\\Rea...', 90, Array)
#1 D:\Projects\RealEstate\system\View\View.php(246): include('D:\\Projects\\Rea...')
#2 D:\Projects\RealEstate\system\Common.php(1087): CodeIgniter\View\View->render('frontend/proper...', Array, true)
#3 D:\Projects\RealEstate\app\Controllers\Property.php(54): view('frontend/proper...', Array)
#4 D:\Projects\RealEstate\system\CodeIgniter.php(914): App\Controllers\Property->index()
#5 D:\Projects\RealEstate\system\CodeIgniter.php(400): CodeIgniter\CodeIgniter->runController(Object(App\Controllers\Property))
#6 D:\Projects\RealEstate\system\CodeIgniter.php(308): CodeIgniter\CodeIgniter->handleRequest(NULL, Object(Config\Cache), false)
#7 D:\Projects\RealEstate\public\index.php(45): CodeIgniter\CodeIgniter->run()
#8 D:\Projects\RealEstate\system\Commands\Server\rewrite.php(34): require_once('D:\\Projects\\Rea...')
#9 {main}
CRITICAL - 2020-08-23 08:40:29 --> Invalid argument supplied for foreach()
#0 D:\Projects\RealEstate\app\Views\frontend\browse.php(118): CodeIgniter\Debug\Exceptions->errorHandler(2, 'Invalid argumen...', 'D:\\Projects\\Rea...', 118, Array)
#1 D:\Projects\RealEstate\system\View\View.php(246): include('D:\\Projects\\Rea...')
#2 D:\Projects\RealEstate\system\Common.php(1087): CodeIgniter\View\View->render('frontend/browse', Array, true)
#3 D:\Projects\RealEstate\app\Controllers\Home.php(85): view('frontend/browse', Array)
#4 D:\Projects\RealEstate\system\CodeIgniter.php(914): App\Controllers\Home->browse()
#5 D:\Projects\RealEstate\system\CodeIgniter.php(400): CodeIgniter\CodeIgniter->runController(Object(App\Controllers\Home))
#6 D:\Projects\RealEstate\system\CodeIgniter.php(308): CodeIgniter\CodeIgniter->handleRequest(NULL, Object(Config\Cache), false)
#7 D:\Projects\RealEstate\public\index.php(45): CodeIgniter\CodeIgniter->run()
#8 D:\Projects\RealEstate\system\Commands\Server\rewrite.php(34): require_once('D:\\Projects\\Rea...')
#9 {main}
CRITICAL - 2020-08-23 08:41:44 --> count(): Parameter must be an array or an object that implements Countable
#0 D:\Projects\RealEstate\app\Views\frontend\browse.php(127): CodeIgniter\Debug\Exceptions->errorHandler(2, 'count(): Parame...', 'D:\\Projects\\Rea...', 127, Array)
#1 D:\Projects\RealEstate\system\View\View.php(246): include('D:\\Projects\\Rea...')
#2 D:\Projects\RealEstate\system\Common.php(1087): CodeIgniter\View\View->render('frontend/browse', Array, true)
#3 D:\Projects\RealEstate\app\Controllers\Home.php(85): view('frontend/browse', Array)
#4 D:\Projects\RealEstate\system\CodeIgniter.php(914): App\Controllers\Home->browse()
#5 D:\Projects\RealEstate\system\CodeIgniter.php(400): CodeIgniter\CodeIgniter->runController(Object(App\Controllers\Home))
#6 D:\Projects\RealEstate\system\CodeIgniter.php(308): CodeIgniter\CodeIgniter->handleRequest(NULL, Object(Config\Cache), false)
#7 D:\Projects\RealEstate\public\index.php(45): CodeIgniter\CodeIgniter->run()
#8 D:\Projects\RealEstate\system\Commands\Server\rewrite.php(34): require_once('D:\\Projects\\Rea...')
#9 {main}
CRITICAL - 2020-08-23 09:30:14 --> Undefined index: status_badge
#0 D:\Projects\RealEstate\app\Views\backend\templates.php(159): CodeIgniter\Debug\Exceptions->errorHandler(8, 'Undefined index...', 'D:\\Projects\\Rea...', 159, Array)
#1 D:\Projects\RealEstate\system\View\View.php(246): include('D:\\Projects\\Rea...')
#2 D:\Projects\RealEstate\system\Common.php(1087): CodeIgniter\View\View->render('backend/templat...', Array, true)
#3 D:\Projects\RealEstate\app\Controllers\Backend\Templates.php(69): view('backend/templat...', Array)
#4 D:\Projects\RealEstate\system\CodeIgniter.php(914): App\Controllers\Backend\Templates->index()
#5 D:\Projects\RealEstate\system\CodeIgniter.php(400): CodeIgniter\CodeIgniter->runController(Object(App\Controllers\Backend\Templates))
#6 D:\Projects\RealEstate\system\CodeIgniter.php(308): CodeIgniter\CodeIgniter->handleRequest(NULL, Object(Config\Cache), false)
#7 D:\Projects\RealEstate\public\index.php(45): CodeIgniter\CodeIgniter->run()
#8 D:\Projects\RealEstate\system\Commands\Server\rewrite.php(34): require_once('D:\\Projects\\Rea...')
#9 {main}
