CRITICAL - 2020-08-25 00:28:04 --> You must set the database table to be used with your query.
#0 D:\Projects\RealEstate\system\Model.php(1206): CodeIgniter\Database\BaseConnection->table(NULL)
#1 D:\Projects\RealEstate\system\Model.php(1714): CodeIgniter\Model->builder()
#2 D:\Projects\RealEstate\app\Controllers\Backend\Dashboard.php(23): CodeIgniter\Model->__call('getAllUsersByRo...', Array)
#3 D:\Projects\RealEstate\system\CodeIgniter.php(914): App\Controllers\Backend\Dashboard->index()
#4 D:\Projects\RealEstate\system\CodeIgniter.php(400): CodeIgniter\CodeIgniter->runController(Object(App\Controllers\Backend\Dashboard))
#5 D:\Projects\RealEstate\system\CodeIgniter.php(308): CodeIgniter\CodeIgniter->handleRequest(NULL, Object(Config\Cache), false)
#6 D:\Projects\RealEstate\public\index.php(45): CodeIgniter\CodeIgniter->run()
#7 D:\Projects\RealEstate\system\Commands\Server\rewrite.php(34): require_once('D:\\Projects\\Rea...')
#8 {main}
CRITICAL - 2020-08-25 00:28:19 --> You must set the database table to be used with your query.
#0 D:\Projects\RealEstate\system\Model.php(1206): CodeIgniter\Database\BaseConnection->table(NULL)
#1 D:\Projects\RealEstate\system\Model.php(1714): CodeIgniter\Model->builder()
#2 D:\Projects\RealEstate\app\Controllers\Backend\Dashboard.php(23): CodeIgniter\Model->__call('getAllUsersByRo...', Array)
#3 D:\Projects\RealEstate\system\CodeIgniter.php(914): App\Controllers\Backend\Dashboard->index()
#4 D:\Projects\RealEstate\system\CodeIgniter.php(400): CodeIgniter\CodeIgniter->runController(Object(App\Controllers\Backend\Dashboard))
#5 D:\Projects\RealEstate\system\CodeIgniter.php(308): CodeIgniter\CodeIgniter->handleRequest(NULL, Object(Config\Cache), false)
#6 D:\Projects\RealEstate\public\index.php(45): CodeIgniter\CodeIgniter->run()
#7 D:\Projects\RealEstate\system\Commands\Server\rewrite.php(34): require_once('D:\\Projects\\Rea...')
#8 {main}
CRITICAL - 2020-08-25 00:28:40 --> You must set the database table to be used with your query.
#0 D:\Projects\RealEstate\system\Model.php(1206): CodeIgniter\Database\BaseConnection->table(NULL)
#1 D:\Projects\RealEstate\system\Model.php(1714): CodeIgniter\Model->builder()
#2 D:\Projects\RealEstate\app\Controllers\Backend\Dashboard.php(23): CodeIgniter\Model->__call('getAllUsersByRo...', Array)
#3 D:\Projects\RealEstate\system\CodeIgniter.php(914): App\Controllers\Backend\Dashboard->index()
#4 D:\Projects\RealEstate\system\CodeIgniter.php(400): CodeIgniter\CodeIgniter->runController(Object(App\Controllers\Backend\Dashboard))
#5 D:\Projects\RealEstate\system\CodeIgniter.php(308): CodeIgniter\CodeIgniter->handleRequest(NULL, Object(Config\Cache), false)
#6 D:\Projects\RealEstate\public\index.php(45): CodeIgniter\CodeIgniter->run()
#7 D:\Projects\RealEstate\system\Commands\Server\rewrite.php(34): require_once('D:\\Projects\\Rea...')
#8 {main}
CRITICAL - 2020-08-25 00:28:41 --> You must set the database table to be used with your query.
#0 D:\Projects\RealEstate\system\Model.php(1206): CodeIgniter\Database\BaseConnection->table(NULL)
#1 D:\Projects\RealEstate\system\Model.php(1714): CodeIgniter\Model->builder()
#2 D:\Projects\RealEstate\app\Controllers\Backend\Dashboard.php(23): CodeIgniter\Model->__call('getAllUsersByRo...', Array)
#3 D:\Projects\RealEstate\system\CodeIgniter.php(914): App\Controllers\Backend\Dashboard->index()
#4 D:\Projects\RealEstate\system\CodeIgniter.php(400): CodeIgniter\CodeIgniter->runController(Object(App\Controllers\Backend\Dashboard))
#5 D:\Projects\RealEstate\system\CodeIgniter.php(308): CodeIgniter\CodeIgniter->handleRequest(NULL, Object(Config\Cache), false)
#6 D:\Projects\RealEstate\public\index.php(45): CodeIgniter\CodeIgniter->run()
#7 D:\Projects\RealEstate\system\Commands\Server\rewrite.php(34): require_once('D:\\Projects\\Rea...')
#8 {main}
CRITICAL - 2020-08-25 00:29:40 --> You must set the database table to be used with your query.
#0 D:\Projects\RealEstate\system\Model.php(1206): CodeIgniter\Database\BaseConnection->table(NULL)
#1 D:\Projects\RealEstate\system\Model.php(1714): CodeIgniter\Model->builder()
#2 D:\Projects\RealEstate\app\Controllers\Backend\Dashboard.php(23): CodeIgniter\Model->__call('getAllUsersByRo...', Array)
#3 D:\Projects\RealEstate\system\CodeIgniter.php(914): App\Controllers\Backend\Dashboard->index()
#4 D:\Projects\RealEstate\system\CodeIgniter.php(400): CodeIgniter\CodeIgniter->runController(Object(App\Controllers\Backend\Dashboard))
#5 D:\Projects\RealEstate\system\CodeIgniter.php(308): CodeIgniter\CodeIgniter->handleRequest(NULL, Object(Config\Cache), false)
#6 D:\Projects\RealEstate\public\index.php(45): CodeIgniter\CodeIgniter->run()
#7 D:\Projects\RealEstate\system\Commands\Server\rewrite.php(34): require_once('D:\\Projects\\Rea...')
#8 {main}
CRITICAL - 2020-08-25 00:30:18 --> You must set the database table to be used with your query.
#0 D:\Projects\RealEstate\system\Model.php(1206): CodeIgniter\Database\BaseConnection->table(NULL)
#1 D:\Projects\RealEstate\system\Model.php(1714): CodeIgniter\Model->builder()
#2 D:\Projects\RealEstate\app\Controllers\Backend\Dashboard.php(23): CodeIgniter\Model->__call('getAllUsersByRo...', Array)
#3 D:\Projects\RealEstate\system\CodeIgniter.php(914): App\Controllers\Backend\Dashboard->index()
#4 D:\Projects\RealEstate\system\CodeIgniter.php(400): CodeIgniter\CodeIgniter->runController(Object(App\Controllers\Backend\Dashboard))
#5 D:\Projects\RealEstate\system\CodeIgniter.php(308): CodeIgniter\CodeIgniter->handleRequest(NULL, Object(Config\Cache), false)
#6 D:\Projects\RealEstate\public\index.php(45): CodeIgniter\CodeIgniter->run()
#7 D:\Projects\RealEstate\system\Commands\Server\rewrite.php(34): require_once('D:\\Projects\\Rea...')
#8 {main}
CRITICAL - 2020-08-25 00:31:16 --> You must set the database table to be used with your query.
#0 D:\Projects\RealEstate\system\Model.php(1206): CodeIgniter\Database\BaseConnection->table(NULL)
#1 D:\Projects\RealEstate\system\Model.php(1714): CodeIgniter\Model->builder()
#2 D:\Projects\RealEstate\app\Controllers\Backend\Dashboard.php(23): CodeIgniter\Model->__call('getAllUsersByRo...', Array)
#3 D:\Projects\RealEstate\system\CodeIgniter.php(914): App\Controllers\Backend\Dashboard->index()
#4 D:\Projects\RealEstate\system\CodeIgniter.php(400): CodeIgniter\CodeIgniter->runController(Object(App\Controllers\Backend\Dashboard))
#5 D:\Projects\RealEstate\system\CodeIgniter.php(308): CodeIgniter\CodeIgniter->handleRequest(NULL, Object(Config\Cache), false)
#6 D:\Projects\RealEstate\public\index.php(45): CodeIgniter\CodeIgniter->run()
#7 D:\Projects\RealEstate\system\Commands\Server\rewrite.php(34): require_once('D:\\Projects\\Rea...')
#8 {main}
CRITICAL - 2020-08-25 00:31:17 --> You must set the database table to be used with your query.
#0 D:\Projects\RealEstate\system\Model.php(1206): CodeIgniter\Database\BaseConnection->table(NULL)
#1 D:\Projects\RealEstate\system\Model.php(1714): CodeIgniter\Model->builder()
#2 D:\Projects\RealEstate\app\Controllers\Backend\Dashboard.php(23): CodeIgniter\Model->__call('getAllUsersByRo...', Array)
#3 D:\Projects\RealEstate\system\CodeIgniter.php(914): App\Controllers\Backend\Dashboard->index()
#4 D:\Projects\RealEstate\system\CodeIgniter.php(400): CodeIgniter\CodeIgniter->runController(Object(App\Controllers\Backend\Dashboard))
#5 D:\Projects\RealEstate\system\CodeIgniter.php(308): CodeIgniter\CodeIgniter->handleRequest(NULL, Object(Config\Cache), false)
#6 D:\Projects\RealEstate\public\index.php(45): CodeIgniter\CodeIgniter->run()
#7 D:\Projects\RealEstate\system\Commands\Server\rewrite.php(34): require_once('D:\\Projects\\Rea...')
#8 {main}
CRITICAL - 2020-08-25 00:32:33 --> You must set the database table to be used with your query.
#0 D:\Projects\RealEstate\system\Model.php(1206): CodeIgniter\Database\BaseConnection->table(NULL)
#1 D:\Projects\RealEstate\system\Model.php(1714): CodeIgniter\Model->builder()
#2 D:\Projects\RealEstate\app\Controllers\Backend\Dashboard.php(23): CodeIgniter\Model->__call('getAllUsersByRo...', Array)
#3 D:\Projects\RealEstate\system\CodeIgniter.php(914): App\Controllers\Backend\Dashboard->index()
#4 D:\Projects\RealEstate\system\CodeIgniter.php(400): CodeIgniter\CodeIgniter->runController(Object(App\Controllers\Backend\Dashboard))
#5 D:\Projects\RealEstate\system\CodeIgniter.php(308): CodeIgniter\CodeIgniter->handleRequest(NULL, Object(Config\Cache), false)
#6 D:\Projects\RealEstate\public\index.php(45): CodeIgniter\CodeIgniter->run()
#7 D:\Projects\RealEstate\system\Commands\Server\rewrite.php(34): require_once('D:\\Projects\\Rea...')
#8 {main}
CRITICAL - 2020-08-25 01:15:07 --> Undefined variable: role
#0 D:\Projects\RealEstate\app\Models\UserModel.php(139): CodeIgniter\Debug\Exceptions->errorHandler(8, 'Undefined varia...', 'D:\\Projects\\Rea...', 139, Array)
#1 D:\Projects\RealEstate\app\Helpers\common_helper.php(471): App\Models\UserModel->getAllUsersByRoleType('staff')
#2 D:\Projects\RealEstate\app\Views\backend\common\sidebar.php(11): adminSCounter()
#3 D:\Projects\RealEstate\system\View\View.php(246): include('D:\\Projects\\Rea...')
#4 D:\Projects\RealEstate\system\View\View.php(525): CodeIgniter\View\View->render('backend/common/...', NULL, true)
#5 D:\Projects\RealEstate\app\Views\backend\staff-members.php(53): CodeIgniter\View\View->include('backend/common/...')
#6 D:\Projects\RealEstate\system\View\View.php(246): include('D:\\Projects\\Rea...')
#7 D:\Projects\RealEstate\system\Common.php(1087): CodeIgniter\View\View->render('backend/staff-m...', Array, true)
#8 D:\Projects\RealEstate\app\Controllers\Backend\User.php(625): view('backend/staff-m...', Array)
#9 D:\Projects\RealEstate\system\CodeIgniter.php(914): App\Controllers\Backend\User->staff()
#10 D:\Projects\RealEstate\system\CodeIgniter.php(400): CodeIgniter\CodeIgniter->runController(Object(App\Controllers\Backend\User))
#11 D:\Projects\RealEstate\system\CodeIgniter.php(308): CodeIgniter\CodeIgniter->handleRequest(NULL, Object(Config\Cache), false)
#12 D:\Projects\RealEstate\public\index.php(45): CodeIgniter\CodeIgniter->run()
#13 D:\Projects\RealEstate\system\Commands\Server\rewrite.php(34): require_once('D:\\Projects\\Rea...')
#14 {main}
CRITICAL - 2020-08-25 02:44:21 --> Undefined variable: cRole
#0 D:\Projects\RealEstate\app\Views\backend\staff-members.php(494): CodeIgniter\Debug\Exceptions->errorHandler(8, 'Undefined varia...', 'D:\\Projects\\Rea...', 494, Array)
#1 D:\Projects\RealEstate\system\View\View.php(246): include('D:\\Projects\\Rea...')
#2 D:\Projects\RealEstate\system\Common.php(1087): CodeIgniter\View\View->render('backend/staff-m...', Array, true)
#3 D:\Projects\RealEstate\app\Controllers\Backend\User.php(627): view('backend/staff-m...', Array)
#4 D:\Projects\RealEstate\system\CodeIgniter.php(914): App\Controllers\Backend\User->staff('add')
#5 D:\Projects\RealEstate\system\CodeIgniter.php(400): CodeIgniter\CodeIgniter->runController(Object(App\Controllers\Backend\User))
#6 D:\Projects\RealEstate\system\CodeIgniter.php(308): CodeIgniter\CodeIgniter->handleRequest(NULL, Object(Config\Cache), false)
#7 D:\Projects\RealEstate\public\index.php(45): CodeIgniter\CodeIgniter->run()
#8 D:\Projects\RealEstate\system\Commands\Server\rewrite.php(34): require_once('D:\\Projects\\Rea...')
#9 {main}
CRITICAL - 2020-08-25 02:44:41 --> Undefined variable: cRole
#0 D:\Projects\RealEstate\app\Views\backend\staff-members.php(494): CodeIgniter\Debug\Exceptions->errorHandler(8, 'Undefined varia...', 'D:\\Projects\\Rea...', 494, Array)
#1 D:\Projects\RealEstate\system\View\View.php(246): include('D:\\Projects\\Rea...')
#2 D:\Projects\RealEstate\system\Common.php(1087): CodeIgniter\View\View->render('backend/staff-m...', Array, true)
#3 D:\Projects\RealEstate\app\Controllers\Backend\User.php(627): view('backend/staff-m...', Array)
#4 D:\Projects\RealEstate\system\CodeIgniter.php(914): App\Controllers\Backend\User->staff('add')
#5 D:\Projects\RealEstate\system\CodeIgniter.php(400): CodeIgniter\CodeIgniter->runController(Object(App\Controllers\Backend\User))
#6 D:\Projects\RealEstate\system\CodeIgniter.php(308): CodeIgniter\CodeIgniter->handleRequest(NULL, Object(Config\Cache), false)
#7 D:\Projects\RealEstate\public\index.php(45): CodeIgniter\CodeIgniter->run()
#8 D:\Projects\RealEstate\system\Commands\Server\rewrite.php(34): require_once('D:\\Projects\\Rea...')
#9 {main}
CRITICAL - 2020-08-25 02:44:45 --> Undefined variable: cRole
#0 D:\Projects\RealEstate\app\Views\backend\staff-members.php(494): CodeIgniter\Debug\Exceptions->errorHandler(8, 'Undefined varia...', 'D:\\Projects\\Rea...', 494, Array)
#1 D:\Projects\RealEstate\system\View\View.php(246): include('D:\\Projects\\Rea...')
#2 D:\Projects\RealEstate\system\Common.php(1087): CodeIgniter\View\View->render('backend/staff-m...', Array, true)
#3 D:\Projects\RealEstate\app\Controllers\Backend\User.php(627): view('backend/staff-m...', Array)
#4 D:\Projects\RealEstate\system\CodeIgniter.php(914): App\Controllers\Backend\User->staff('add')
#5 D:\Projects\RealEstate\system\CodeIgniter.php(400): CodeIgniter\CodeIgniter->runController(Object(App\Controllers\Backend\User))
#6 D:\Projects\RealEstate\system\CodeIgniter.php(308): CodeIgniter\CodeIgniter->handleRequest(NULL, Object(Config\Cache), false)
#7 D:\Projects\RealEstate\public\index.php(45): CodeIgniter\CodeIgniter->run()
#8 D:\Projects\RealEstate\system\Commands\Server\rewrite.php(34): require_once('D:\\Projects\\Rea...')
#9 {main}
CRITICAL - 2020-08-25 02:51:04 --> Undefined variable: profile
#0 D:\Projects\RealEstate\app\Views\backend\staff-members.php(494): CodeIgniter\Debug\Exceptions->errorHandler(8, 'Undefined varia...', 'D:\\Projects\\Rea...', 494, Array)
#1 D:\Projects\RealEstate\system\View\View.php(246): include('D:\\Projects\\Rea...')
#2 D:\Projects\RealEstate\system\Common.php(1087): CodeIgniter\View\View->render('backend/staff-m...', Array, true)
#3 D:\Projects\RealEstate\app\Controllers\Backend\User.php(627): view('backend/staff-m...', Array)
#4 D:\Projects\RealEstate\system\CodeIgniter.php(914): App\Controllers\Backend\User->staff('add')
#5 D:\Projects\RealEstate\system\CodeIgniter.php(400): CodeIgniter\CodeIgniter->runController(Object(App\Controllers\Backend\User))
#6 D:\Projects\RealEstate\system\CodeIgniter.php(308): CodeIgniter\CodeIgniter->handleRequest(NULL, Object(Config\Cache), false)
#7 D:\Projects\RealEstate\public\index.php(45): CodeIgniter\CodeIgniter->run()
#8 D:\Projects\RealEstate\system\Commands\Server\rewrite.php(34): require_once('D:\\Projects\\Rea...')
#9 {main}
CRITICAL - 2020-08-25 02:55:05 --> Undefined variable: profile
#0 D:\Projects\RealEstate\app\Views\backend\staff-members.php(554): CodeIgniter\Debug\Exceptions->errorHandler(8, 'Undefined varia...', 'D:\\Projects\\Rea...', 554, Array)
#1 D:\Projects\RealEstate\system\View\View.php(246): include('D:\\Projects\\Rea...')
#2 D:\Projects\RealEstate\system\Common.php(1087): CodeIgniter\View\View->render('backend/staff-m...', Array, true)
#3 D:\Projects\RealEstate\app\Controllers\Backend\User.php(627): view('backend/staff-m...', Array)
#4 D:\Projects\RealEstate\system\CodeIgniter.php(914): App\Controllers\Backend\User->staff('add')
#5 D:\Projects\RealEstate\system\CodeIgniter.php(400): CodeIgniter\CodeIgniter->runController(Object(App\Controllers\Backend\User))
#6 D:\Projects\RealEstate\system\CodeIgniter.php(308): CodeIgniter\CodeIgniter->handleRequest(NULL, Object(Config\Cache), false)
#7 D:\Projects\RealEstate\public\index.php(45): CodeIgniter\CodeIgniter->run()
#8 D:\Projects\RealEstate\system\Commands\Server\rewrite.php(34): require_once('D:\\Projects\\Rea...')
#9 {main}
CRITICAL - 2020-08-25 02:55:28 --> Undefined variable: countries
#0 D:\Projects\RealEstate\app\Views\backend\staff-members.php(600): CodeIgniter\Debug\Exceptions->errorHandler(8, 'Undefined varia...', 'D:\\Projects\\Rea...', 600, Array)
#1 D:\Projects\RealEstate\system\View\View.php(246): include('D:\\Projects\\Rea...')
#2 D:\Projects\RealEstate\system\Common.php(1087): CodeIgniter\View\View->render('backend/staff-m...', Array, true)
#3 D:\Projects\RealEstate\app\Controllers\Backend\User.php(627): view('backend/staff-m...', Array)
#4 D:\Projects\RealEstate\system\CodeIgniter.php(914): App\Controllers\Backend\User->staff('add')
#5 D:\Projects\RealEstate\system\CodeIgniter.php(400): CodeIgniter\CodeIgniter->runController(Object(App\Controllers\Backend\User))
#6 D:\Projects\RealEstate\system\CodeIgniter.php(308): CodeIgniter\CodeIgniter->handleRequest(NULL, Object(Config\Cache), false)
#7 D:\Projects\RealEstate\public\index.php(45): CodeIgniter\CodeIgniter->run()
#8 D:\Projects\RealEstate\system\Commands\Server\rewrite.php(34): require_once('D:\\Projects\\Rea...')
#9 {main}
CRITICAL - 2020-08-25 02:55:29 --> Undefined variable: countries
#0 D:\Projects\RealEstate\app\Views\backend\staff-members.php(600): CodeIgniter\Debug\Exceptions->errorHandler(8, 'Undefined varia...', 'D:\\Projects\\Rea...', 600, Array)
#1 D:\Projects\RealEstate\system\View\View.php(246): include('D:\\Projects\\Rea...')
#2 D:\Projects\RealEstate\system\Common.php(1087): CodeIgniter\View\View->render('backend/staff-m...', Array, true)
#3 D:\Projects\RealEstate\app\Controllers\Backend\User.php(627): view('backend/staff-m...', Array)
#4 D:\Projects\RealEstate\system\CodeIgniter.php(914): App\Controllers\Backend\User->staff('add')
#5 D:\Projects\RealEstate\system\CodeIgniter.php(400): CodeIgniter\CodeIgniter->runController(Object(App\Controllers\Backend\User))
#6 D:\Projects\RealEstate\system\CodeIgniter.php(308): CodeIgniter\CodeIgniter->handleRequest(NULL, Object(Config\Cache), false)
#7 D:\Projects\RealEstate\public\index.php(45): CodeIgniter\CodeIgniter->run()
#8 D:\Projects\RealEstate\system\Commands\Server\rewrite.php(34): require_once('D:\\Projects\\Rea...')
#9 {main}
