CRITICAL - 2020-09-09 04:06:17 --> filesize(): stat failed for http://localhost:8080/property-images/thumbnails/1598183248_369647024b57fa18927e.jpg
#0 [internal function]: CodeIgniter\Debug\Exceptions->errorHandler(2, 'filesize(): sta...', 'D:\\Projects\\Rea...', 103, Array)
#1 D:\Projects\RealEstate\app\Views\landing.php(103): filesize('http://localhos...')
#2 D:\Projects\RealEstate\system\View\View.php(246): include('D:\\Projects\\Rea...')
#3 D:\Projects\RealEstate\system\Common.php(1087): CodeIgniter\View\View->render('landing', Array, true)
#4 D:\Projects\RealEstate\app\Controllers\Home.php(24): view('landing', Array)
#5 D:\Projects\RealEstate\system\CodeIgniter.php(914): App\Controllers\Home->index()
#6 D:\Projects\RealEstate\system\CodeIgniter.php(400): CodeIgniter\CodeIgniter->runController(Object(App\Controllers\Home))
#7 D:\Projects\RealEstate\system\CodeIgniter.php(308): CodeIgniter\CodeIgniter->handleRequest(NULL, Object(Config\Cache), false)
#8 D:\Projects\RealEstate\public\index.php(45): CodeIgniter\CodeIgniter->run()
#9 D:\Projects\RealEstate\system\Commands\Server\rewrite.php(34): require_once('D:\\Projects\\Rea...')
#10 {main}
CRITICAL - 2020-09-09 04:12:08 --> Maximum execution time of 60 seconds exceeded
#0 [internal function]: CodeIgniter\Debug\Exceptions->shutdownHandler()
#1 {main}
CRITICAL - 2020-09-09 04:13:38 --> Maximum execution time of 60 seconds exceeded
#0 [internal function]: CodeIgniter\Debug\Exceptions->shutdownHandler()
#1 {main}
CRITICAL - 2020-09-09 04:20:05 --> syntax error, unexpected 'if' (T_IF)
#0 D:\Projects\RealEstate\system\Controller.php(175): helper(Array)
#1 D:\Projects\RealEstate\system\Controller.php(126): CodeIgniter\Controller->loadHelpers()
#2 D:\Projects\RealEstate\app\Controllers\BaseController.php(37): CodeIgniter\Controller->initController(Object(CodeIgniter\HTTP\IncomingRequest), Object(CodeIgniter\HTTP\Response), Object(CodeIgniter\Log\Logger))
#3 D:\Projects\RealEstate\system\CodeIgniter.php(887): App\Controllers\BaseController->initController(Object(CodeIgniter\HTTP\IncomingRequest), Object(CodeIgniter\HTTP\Response), Object(CodeIgniter\Log\Logger))
#4 D:\Projects\RealEstate\system\CodeIgniter.php(395): CodeIgniter\CodeIgniter->createController()
#5 D:\Projects\RealEstate\system\CodeIgniter.php(308): CodeIgniter\CodeIgniter->handleRequest(NULL, Object(Config\Cache), false)
#6 D:\Projects\RealEstate\public\index.php(45): CodeIgniter\CodeIgniter->run()
#7 D:\Projects\RealEstate\system\Commands\Server\rewrite.php(34): require_once('D:\\Projects\\Rea...')
#8 {main}
CRITICAL - 2020-09-09 04:20:07 --> syntax error, unexpected 'if' (T_IF)
#0 D:\Projects\RealEstate\system\Controller.php(175): helper(Array)
#1 D:\Projects\RealEstate\system\Controller.php(126): CodeIgniter\Controller->loadHelpers()
#2 D:\Projects\RealEstate\app\Controllers\BaseController.php(37): CodeIgniter\Controller->initController(Object(CodeIgniter\HTTP\IncomingRequest), Object(CodeIgniter\HTTP\Response), Object(CodeIgniter\Log\Logger))
#3 D:\Projects\RealEstate\system\CodeIgniter.php(887): App\Controllers\BaseController->initController(Object(CodeIgniter\HTTP\IncomingRequest), Object(CodeIgniter\HTTP\Response), Object(CodeIgniter\Log\Logger))
#4 D:\Projects\RealEstate\system\CodeIgniter.php(395): CodeIgniter\CodeIgniter->createController()
#5 D:\Projects\RealEstate\system\CodeIgniter.php(308): CodeIgniter\CodeIgniter->handleRequest(NULL, Object(Config\Cache), false)
#6 D:\Projects\RealEstate\public\index.php(45): CodeIgniter\CodeIgniter->run()
#7 D:\Projects\RealEstate\system\Commands\Server\rewrite.php(34): require_once('D:\\Projects\\Rea...')
#8 {main}
CRITICAL - 2020-09-09 04:20:08 --> syntax error, unexpected 'if' (T_IF)
#0 D:\Projects\RealEstate\system\Controller.php(175): helper(Array)
#1 D:\Projects\RealEstate\system\Controller.php(126): CodeIgniter\Controller->loadHelpers()
#2 D:\Projects\RealEstate\app\Controllers\BaseController.php(37): CodeIgniter\Controller->initController(Object(CodeIgniter\HTTP\IncomingRequest), Object(CodeIgniter\HTTP\Response), Object(CodeIgniter\Log\Logger))
#3 D:\Projects\RealEstate\system\CodeIgniter.php(887): App\Controllers\BaseController->initController(Object(CodeIgniter\HTTP\IncomingRequest), Object(CodeIgniter\HTTP\Response), Object(CodeIgniter\Log\Logger))
#4 D:\Projects\RealEstate\system\CodeIgniter.php(395): CodeIgniter\CodeIgniter->createController()
#5 D:\Projects\RealEstate\system\CodeIgniter.php(308): CodeIgniter\CodeIgniter->handleRequest(NULL, Object(Config\Cache), false)
#6 D:\Projects\RealEstate\public\index.php(45): CodeIgniter\CodeIgniter->run()
#7 D:\Projects\RealEstate\system\Commands\Server\rewrite.php(34): require_once('D:\\Projects\\Rea...')
#8 {main}
CRITICAL - 2020-09-09 04:24:23 --> Invalid argument supplied for foreach()
#0 D:\Projects\RealEstate\app\Views\frontend\property.php(200): CodeIgniter\Debug\Exceptions->errorHandler(2, 'Invalid argumen...', 'D:\\Projects\\Rea...', 200, Array)
#1 D:\Projects\RealEstate\system\View\View.php(246): include('D:\\Projects\\Rea...')
#2 D:\Projects\RealEstate\system\Common.php(1087): CodeIgniter\View\View->render('frontend/proper...', Array, true)
#3 D:\Projects\RealEstate\app\Controllers\Property.php(55): view('frontend/proper...', Array)
#4 D:\Projects\RealEstate\system\CodeIgniter.php(914): App\Controllers\Property->index()
#5 D:\Projects\RealEstate\system\CodeIgniter.php(400): CodeIgniter\CodeIgniter->runController(Object(App\Controllers\Property))
#6 D:\Projects\RealEstate\system\CodeIgniter.php(308): CodeIgniter\CodeIgniter->handleRequest(NULL, Object(Config\Cache), false)
#7 D:\Projects\RealEstate\public\index.php(45): CodeIgniter\CodeIgniter->run()
#8 D:\Projects\RealEstate\system\Commands\Server\rewrite.php(34): require_once('D:\\Projects\\Rea...')
#9 {main}
CRITICAL - 2020-09-09 04:26:22 --> Invalid argument supplied for foreach()
#0 D:\Projects\RealEstate\app\Views\frontend\property.php(200): CodeIgniter\Debug\Exceptions->errorHandler(2, 'Invalid argumen...', 'D:\\Projects\\Rea...', 200, Array)
#1 D:\Projects\RealEstate\system\View\View.php(246): include('D:\\Projects\\Rea...')
#2 D:\Projects\RealEstate\system\Common.php(1087): CodeIgniter\View\View->render('frontend/proper...', Array, true)
#3 D:\Projects\RealEstate\app\Controllers\Property.php(55): view('frontend/proper...', Array)
#4 D:\Projects\RealEstate\system\CodeIgniter.php(914): App\Controllers\Property->index()
#5 D:\Projects\RealEstate\system\CodeIgniter.php(400): CodeIgniter\CodeIgniter->runController(Object(App\Controllers\Property))
#6 D:\Projects\RealEstate\system\CodeIgniter.php(308): CodeIgniter\CodeIgniter->handleRequest(NULL, Object(Config\Cache), false)
#7 D:\Projects\RealEstate\public\index.php(45): CodeIgniter\CodeIgniter->run()
#8 D:\Projects\RealEstate\system\Commands\Server\rewrite.php(34): require_once('D:\\Projects\\Rea...')
#9 {main}
CRITICAL - 2020-09-09 04:39:26 --> Invalid argument supplied for foreach()
#0 D:\Projects\RealEstate\app\Views\frontend\property.php(206): CodeIgniter\Debug\Exceptions->errorHandler(2, 'Invalid argumen...', 'D:\\Projects\\Rea...', 206, Array)
#1 D:\Projects\RealEstate\system\View\View.php(246): include('D:\\Projects\\Rea...')
#2 D:\Projects\RealEstate\system\Common.php(1087): CodeIgniter\View\View->render('frontend/proper...', Array, true)
#3 D:\Projects\RealEstate\app\Controllers\Property.php(55): view('frontend/proper...', Array)
#4 D:\Projects\RealEstate\system\CodeIgniter.php(914): App\Controllers\Property->index()
#5 D:\Projects\RealEstate\system\CodeIgniter.php(400): CodeIgniter\CodeIgniter->runController(Object(App\Controllers\Property))
#6 D:\Projects\RealEstate\system\CodeIgniter.php(308): CodeIgniter\CodeIgniter->handleRequest(NULL, Object(Config\Cache), false)
#7 D:\Projects\RealEstate\public\index.php(45): CodeIgniter\CodeIgniter->run()
#8 D:\Projects\RealEstate\system\Commands\Server\rewrite.php(34): require_once('D:\\Projects\\Rea...')
#9 {main}
CRITICAL - 2020-09-09 04:46:12 --> Call to undefined function totalUserReviews()
#0 D:\Projects\RealEstate\system\View\View.php(246): include()
#1 D:\Projects\RealEstate\system\Common.php(1087): CodeIgniter\View\View->render('frontend/proper...', Array, true)
#2 D:\Projects\RealEstate\app\Controllers\Property.php(55): view('frontend/proper...', Array)
#3 D:\Projects\RealEstate\system\CodeIgniter.php(914): App\Controllers\Property->index()
#4 D:\Projects\RealEstate\system\CodeIgniter.php(400): CodeIgniter\CodeIgniter->runController(Object(App\Controllers\Property))
#5 D:\Projects\RealEstate\system\CodeIgniter.php(308): CodeIgniter\CodeIgniter->handleRequest(NULL, Object(Config\Cache), false)
#6 D:\Projects\RealEstate\public\index.php(45): CodeIgniter\CodeIgniter->run()
#7 D:\Projects\RealEstate\system\Commands\Server\rewrite.php(34): require_once('D:\\Projects\\Rea...')
#8 {main}
CRITICAL - 2020-09-09 04:55:23 --> Undefined variable: img
#0 D:\Projects\RealEstate\app\Views\frontend\property.php(233): CodeIgniter\Debug\Exceptions->errorHandler(8, 'Undefined varia...', 'D:\\Projects\\Rea...', 233, Array)
#1 D:\Projects\RealEstate\system\View\View.php(246): include('D:\\Projects\\Rea...')
#2 D:\Projects\RealEstate\system\Common.php(1087): CodeIgniter\View\View->render('frontend/proper...', Array, true)
#3 D:\Projects\RealEstate\app\Controllers\Property.php(56): view('frontend/proper...', Array)
#4 D:\Projects\RealEstate\system\CodeIgniter.php(914): App\Controllers\Property->index()
#5 D:\Projects\RealEstate\system\CodeIgniter.php(400): CodeIgniter\CodeIgniter->runController(Object(App\Controllers\Property))
#6 D:\Projects\RealEstate\system\CodeIgniter.php(308): CodeIgniter\CodeIgniter->handleRequest(NULL, Object(Config\Cache), false)
#7 D:\Projects\RealEstate\public\index.php(45): CodeIgniter\CodeIgniter->run()
#8 D:\Projects\RealEstate\system\Commands\Server\rewrite.php(34): require_once('D:\\Projects\\Rea...')
#9 {main}
CRITICAL - 2020-09-09 04:56:08 --> Undefined variable: img
#0 D:\Projects\RealEstate\app\Views\frontend\property.php(233): CodeIgniter\Debug\Exceptions->errorHandler(8, 'Undefined varia...', 'D:\\Projects\\Rea...', 233, Array)
#1 D:\Projects\RealEstate\system\View\View.php(246): include('D:\\Projects\\Rea...')
#2 D:\Projects\RealEstate\system\Common.php(1087): CodeIgniter\View\View->render('frontend/proper...', Array, true)
#3 D:\Projects\RealEstate\app\Controllers\Property.php(56): view('frontend/proper...', Array)
#4 D:\Projects\RealEstate\system\CodeIgniter.php(914): App\Controllers\Property->index()
#5 D:\Projects\RealEstate\system\CodeIgniter.php(400): CodeIgniter\CodeIgniter->runController(Object(App\Controllers\Property))
#6 D:\Projects\RealEstate\system\CodeIgniter.php(308): CodeIgniter\CodeIgniter->handleRequest(NULL, Object(Config\Cache), false)
#7 D:\Projects\RealEstate\public\index.php(45): CodeIgniter\CodeIgniter->run()
#8 D:\Projects\RealEstate\system\Commands\Server\rewrite.php(34): require_once('D:\\Projects\\Rea...')
#9 {main}
CRITICAL - 2020-09-09 04:56:09 --> Undefined variable: img
#0 D:\Projects\RealEstate\app\Views\frontend\property.php(233): CodeIgniter\Debug\Exceptions->errorHandler(8, 'Undefined varia...', 'D:\\Projects\\Rea...', 233, Array)
#1 D:\Projects\RealEstate\system\View\View.php(246): include('D:\\Projects\\Rea...')
#2 D:\Projects\RealEstate\system\Common.php(1087): CodeIgniter\View\View->render('frontend/proper...', Array, true)
#3 D:\Projects\RealEstate\app\Controllers\Property.php(56): view('frontend/proper...', Array)
#4 D:\Projects\RealEstate\system\CodeIgniter.php(914): App\Controllers\Property->index()
#5 D:\Projects\RealEstate\system\CodeIgniter.php(400): CodeIgniter\CodeIgniter->runController(Object(App\Controllers\Property))
#6 D:\Projects\RealEstate\system\CodeIgniter.php(308): CodeIgniter\CodeIgniter->handleRequest(NULL, Object(Config\Cache), false)
#7 D:\Projects\RealEstate\public\index.php(45): CodeIgniter\CodeIgniter->run()
#8 D:\Projects\RealEstate\system\Commands\Server\rewrite.php(34): require_once('D:\\Projects\\Rea...')
#9 {main}
CRITICAL - 2020-09-09 04:56:10 --> Undefined variable: img
#0 D:\Projects\RealEstate\app\Views\frontend\property.php(233): CodeIgniter\Debug\Exceptions->errorHandler(8, 'Undefined varia...', 'D:\\Projects\\Rea...', 233, Array)
#1 D:\Projects\RealEstate\system\View\View.php(246): include('D:\\Projects\\Rea...')
#2 D:\Projects\RealEstate\system\Common.php(1087): CodeIgniter\View\View->render('frontend/proper...', Array, true)
#3 D:\Projects\RealEstate\app\Controllers\Property.php(56): view('frontend/proper...', Array)
#4 D:\Projects\RealEstate\system\CodeIgniter.php(914): App\Controllers\Property->index()
#5 D:\Projects\RealEstate\system\CodeIgniter.php(400): CodeIgniter\CodeIgniter->runController(Object(App\Controllers\Property))
#6 D:\Projects\RealEstate\system\CodeIgniter.php(308): CodeIgniter\CodeIgniter->handleRequest(NULL, Object(Config\Cache), false)
#7 D:\Projects\RealEstate\public\index.php(45): CodeIgniter\CodeIgniter->run()
#8 D:\Projects\RealEstate\system\Commands\Server\rewrite.php(34): require_once('D:\\Projects\\Rea...')
#9 {main}
CRITICAL - 2020-09-09 06:32:41 --> Undefined variable: total
#0 D:\Projects\RealEstate\app\Models\StatisticModel.php(87): CodeIgniter\Debug\Exceptions->errorHandler(8, 'Undefined varia...', 'D:\\Projects\\Rea...', 87, Array)
#1 D:\Projects\RealEstate\app\Controllers\Dashboard.php(22): App\Models\StatisticModel->totalTargetAmountByUser('42')
#2 D:\Projects\RealEstate\system\CodeIgniter.php(914): App\Controllers\Dashboard->index()
#3 D:\Projects\RealEstate\system\CodeIgniter.php(400): CodeIgniter\CodeIgniter->runController(Object(App\Controllers\Dashboard))
#4 D:\Projects\RealEstate\system\CodeIgniter.php(308): CodeIgniter\CodeIgniter->handleRequest(NULL, Object(Config\Cache), false)
#5 D:\Projects\RealEstate\public\index.php(45): CodeIgniter\CodeIgniter->run()
#6 D:\Projects\RealEstate\system\Commands\Server\rewrite.php(34): require_once('D:\\Projects\\Rea...')
#7 {main}
CRITICAL - 2020-09-09 06:32:55 --> Undefined variable: total
#0 D:\Projects\RealEstate\app\Models\StatisticModel.php(87): CodeIgniter\Debug\Exceptions->errorHandler(8, 'Undefined varia...', 'D:\\Projects\\Rea...', 87, Array)
#1 D:\Projects\RealEstate\app\Controllers\Dashboard.php(22): App\Models\StatisticModel->totalTargetAmountByUser('42')
#2 D:\Projects\RealEstate\system\CodeIgniter.php(914): App\Controllers\Dashboard->index()
#3 D:\Projects\RealEstate\system\CodeIgniter.php(400): CodeIgniter\CodeIgniter->runController(Object(App\Controllers\Dashboard))
#4 D:\Projects\RealEstate\system\CodeIgniter.php(308): CodeIgniter\CodeIgniter->handleRequest(NULL, Object(Config\Cache), false)
#5 D:\Projects\RealEstate\public\index.php(45): CodeIgniter\CodeIgniter->run()
#6 D:\Projects\RealEstate\system\Commands\Server\rewrite.php(34): require_once('D:\\Projects\\Rea...')
#7 {main}
CRITICAL - 2020-09-09 06:32:56 --> Undefined variable: total
#0 D:\Projects\RealEstate\app\Models\StatisticModel.php(87): CodeIgniter\Debug\Exceptions->errorHandler(8, 'Undefined varia...', 'D:\\Projects\\Rea...', 87, Array)
#1 D:\Projects\RealEstate\app\Controllers\Dashboard.php(22): App\Models\StatisticModel->totalTargetAmountByUser('42')
#2 D:\Projects\RealEstate\system\CodeIgniter.php(914): App\Controllers\Dashboard->index()
#3 D:\Projects\RealEstate\system\CodeIgniter.php(400): CodeIgniter\CodeIgniter->runController(Object(App\Controllers\Dashboard))
#4 D:\Projects\RealEstate\system\CodeIgniter.php(308): CodeIgniter\CodeIgniter->handleRequest(NULL, Object(Config\Cache), false)
#5 D:\Projects\RealEstate\public\index.php(45): CodeIgniter\CodeIgniter->run()
#6 D:\Projects\RealEstate\system\Commands\Server\rewrite.php(34): require_once('D:\\Projects\\Rea...')
#7 {main}
CRITICAL - 2020-09-09 06:33:30 --> whereIn() expects $values to be of type array or closure
#0 D:\Projects\RealEstate\system\Database\BaseBuilder.php(838): CodeIgniter\Database\BaseBuilder->_whereIn('_properties.id', NULL, false, 'AND ', NULL)
#1 D:\Projects\RealEstate\app\Models\MessageModel.php(53): CodeIgniter\Database\BaseBuilder->whereIn('_properties.id', NULL)
#2 D:\Projects\RealEstate\app\Helpers\common_helper.php(444): App\Models\MessageModel->getChatUsers('42')
#3 D:\Projects\RealEstate\app\Views\frontend\dashboard\tabs.php(8): tabNotificationCount()
#4 D:\Projects\RealEstate\system\View\View.php(246): include('D:\\Projects\\Rea...')
#5 D:\Projects\RealEstate\system\View\View.php(525): CodeIgniter\View\View->render('frontend/dashbo...', NULL, true)
#6 D:\Projects\RealEstate\app\Views\frontend\dashboard\dashboard.php(18): CodeIgniter\View\View->include('frontend/dashbo...')
#7 D:\Projects\RealEstate\system\View\View.php(246): include('D:\\Projects\\Rea...')
#8 D:\Projects\RealEstate\system\Common.php(1087): CodeIgniter\View\View->render('frontend/dashbo...', Array, true)
#9 D:\Projects\RealEstate\app\Controllers\Dashboard.php(23): view('frontend/dashbo...', Array)
#10 D:\Projects\RealEstate\system\CodeIgniter.php(914): App\Controllers\Dashboard->index()
#11 D:\Projects\RealEstate\system\CodeIgniter.php(400): CodeIgniter\CodeIgniter->runController(Object(App\Controllers\Dashboard))
#12 D:\Projects\RealEstate\system\CodeIgniter.php(308): CodeIgniter\CodeIgniter->handleRequest(NULL, Object(Config\Cache), false)
#13 D:\Projects\RealEstate\public\index.php(45): CodeIgniter\CodeIgniter->run()
#14 D:\Projects\RealEstate\system\Commands\Server\rewrite.php(34): require_once('D:\\Projects\\Rea...')
#15 {main}
CRITICAL - 2020-09-09 06:36:23 --> whereIn() expects $values to be of type array or closure
#0 D:\Projects\RealEstate\system\Database\BaseBuilder.php(838): CodeIgniter\Database\BaseBuilder->_whereIn('_properties.id', NULL, false, 'AND ', NULL)
#1 D:\Projects\RealEstate\app\Models\MessageModel.php(54): CodeIgniter\Database\BaseBuilder->whereIn('_properties.id', NULL)
#2 D:\Projects\RealEstate\app\Helpers\common_helper.php(444): App\Models\MessageModel->getChatUsers('42')
#3 D:\Projects\RealEstate\app\Views\frontend\dashboard\tabs.php(8): tabNotificationCount()
#4 D:\Projects\RealEstate\system\View\View.php(246): include('D:\\Projects\\Rea...')
#5 D:\Projects\RealEstate\system\View\View.php(525): CodeIgniter\View\View->render('frontend/dashbo...', NULL, true)
#6 D:\Projects\RealEstate\app\Views\frontend\dashboard\dashboard.php(18): CodeIgniter\View\View->include('frontend/dashbo...')
#7 D:\Projects\RealEstate\system\View\View.php(246): include('D:\\Projects\\Rea...')
#8 D:\Projects\RealEstate\system\Common.php(1087): CodeIgniter\View\View->render('frontend/dashbo...', Array, true)
#9 D:\Projects\RealEstate\app\Controllers\Dashboard.php(23): view('frontend/dashbo...', Array)
#10 D:\Projects\RealEstate\system\CodeIgniter.php(914): App\Controllers\Dashboard->index()
#11 D:\Projects\RealEstate\system\CodeIgniter.php(400): CodeIgniter\CodeIgniter->runController(Object(App\Controllers\Dashboard))
#12 D:\Projects\RealEstate\system\CodeIgniter.php(308): CodeIgniter\CodeIgniter->handleRequest(NULL, Object(Config\Cache), false)
#13 D:\Projects\RealEstate\public\index.php(45): CodeIgniter\CodeIgniter->run()
#14 D:\Projects\RealEstate\system\Commands\Server\rewrite.php(34): require_once('D:\\Projects\\Rea...')
#15 {main}
CRITICAL - 2020-09-09 06:37:17 --> You have an error in your SQL syntax; check the manual that corresponds to your MariaDB server version for the right syntax to use near ')' at line 6
#0 D:\Projects\RealEstate\system\Database\MySQLi\Connection.php(331): mysqli->query('SELECT *\nFROM `...')
#1 D:\Projects\RealEstate\system\Database\BaseConnection.php(738): CodeIgniter\Database\MySQLi\Connection->execute('SELECT *\nFROM `...')
#2 D:\Projects\RealEstate\system\Database\BaseConnection.php(666): CodeIgniter\Database\BaseConnection->simpleQuery('SELECT *\nFROM `...')
#3 D:\Projects\RealEstate\system\Database\BaseBuilder.php(1845): CodeIgniter\Database\BaseConnection->query('SELECT *\nFROM `...', Array, false)
#4 D:\Projects\RealEstate\app\Models\MessageModel.php(59): CodeIgniter\Database\BaseBuilder->get()
#5 D:\Projects\RealEstate\app\Helpers\common_helper.php(444): App\Models\MessageModel->getChatUsers('42')
#6 D:\Projects\RealEstate\app\Views\frontend\dashboard\tabs.php(8): tabNotificationCount()
#7 D:\Projects\RealEstate\system\View\View.php(246): include('D:\\Projects\\Rea...')
#8 D:\Projects\RealEstate\system\View\View.php(525): CodeIgniter\View\View->render('frontend/dashbo...', NULL, true)
#9 D:\Projects\RealEstate\app\Views\frontend\dashboard\dashboard.php(18): CodeIgniter\View\View->include('frontend/dashbo...')
#10 D:\Projects\RealEstate\system\View\View.php(246): include('D:\\Projects\\Rea...')
#11 D:\Projects\RealEstate\system\Common.php(1087): CodeIgniter\View\View->render('frontend/dashbo...', Array, true)
#12 D:\Projects\RealEstate\app\Controllers\Dashboard.php(23): view('frontend/dashbo...', Array)
#13 D:\Projects\RealEstate\system\CodeIgniter.php(914): App\Controllers\Dashboard->index()
#14 D:\Projects\RealEstate\system\CodeIgniter.php(400): CodeIgniter\CodeIgniter->runController(Object(App\Controllers\Dashboard))
#15 D:\Projects\RealEstate\system\CodeIgniter.php(308): CodeIgniter\CodeIgniter->handleRequest(NULL, Object(Config\Cache), false)
#16 D:\Projects\RealEstate\public\index.php(45): CodeIgniter\CodeIgniter->run()
#17 D:\Projects\RealEstate\system\Commands\Server\rewrite.php(34): require_once('D:\\Projects\\Rea...')
#18 {main}
CRITICAL - 2020-09-09 06:37:18 --> You have an error in your SQL syntax; check the manual that corresponds to your MariaDB server version for the right syntax to use near ')' at line 6
#0 D:\Projects\RealEstate\system\Database\MySQLi\Connection.php(331): mysqli->query('SELECT *\nFROM `...')
#1 D:\Projects\RealEstate\system\Database\BaseConnection.php(738): CodeIgniter\Database\MySQLi\Connection->execute('SELECT *\nFROM `...')
#2 D:\Projects\RealEstate\system\Database\BaseConnection.php(666): CodeIgniter\Database\BaseConnection->simpleQuery('SELECT *\nFROM `...')
#3 D:\Projects\RealEstate\system\Database\BaseBuilder.php(1845): CodeIgniter\Database\BaseConnection->query('SELECT *\nFROM `...', Array, false)
#4 D:\Projects\RealEstate\app\Models\MessageModel.php(59): CodeIgniter\Database\BaseBuilder->get()
#5 D:\Projects\RealEstate\app\Helpers\common_helper.php(444): App\Models\MessageModel->getChatUsers('42')
#6 D:\Projects\RealEstate\app\Views\frontend\dashboard\tabs.php(8): tabNotificationCount()
#7 D:\Projects\RealEstate\system\View\View.php(246): include('D:\\Projects\\Rea...')
#8 D:\Projects\RealEstate\system\View\View.php(525): CodeIgniter\View\View->render('frontend/dashbo...', NULL, true)
#9 D:\Projects\RealEstate\app\Views\frontend\dashboard\dashboard.php(18): CodeIgniter\View\View->include('frontend/dashbo...')
#10 D:\Projects\RealEstate\system\View\View.php(246): include('D:\\Projects\\Rea...')
#11 D:\Projects\RealEstate\system\Common.php(1087): CodeIgniter\View\View->render('frontend/dashbo...', Array, true)
#12 D:\Projects\RealEstate\app\Controllers\Dashboard.php(23): view('frontend/dashbo...', Array)
#13 D:\Projects\RealEstate\system\CodeIgniter.php(914): App\Controllers\Dashboard->index()
#14 D:\Projects\RealEstate\system\CodeIgniter.php(400): CodeIgniter\CodeIgniter->runController(Object(App\Controllers\Dashboard))
#15 D:\Projects\RealEstate\system\CodeIgniter.php(308): CodeIgniter\CodeIgniter->handleRequest(NULL, Object(Config\Cache), false)
#16 D:\Projects\RealEstate\public\index.php(45): CodeIgniter\CodeIgniter->run()
#17 D:\Projects\RealEstate\system\Commands\Server\rewrite.php(34): require_once('D:\\Projects\\Rea...')
#18 {main}
CRITICAL - 2020-09-09 06:37:19 --> You have an error in your SQL syntax; check the manual that corresponds to your MariaDB server version for the right syntax to use near ')' at line 6
#0 D:\Projects\RealEstate\system\Database\MySQLi\Connection.php(331): mysqli->query('SELECT *\nFROM `...')
#1 D:\Projects\RealEstate\system\Database\BaseConnection.php(738): CodeIgniter\Database\MySQLi\Connection->execute('SELECT *\nFROM `...')
#2 D:\Projects\RealEstate\system\Database\BaseConnection.php(666): CodeIgniter\Database\BaseConnection->simpleQuery('SELECT *\nFROM `...')
#3 D:\Projects\RealEstate\system\Database\BaseBuilder.php(1845): CodeIgniter\Database\BaseConnection->query('SELECT *\nFROM `...', Array, false)
#4 D:\Projects\RealEstate\app\Models\MessageModel.php(59): CodeIgniter\Database\BaseBuilder->get()
#5 D:\Projects\RealEstate\app\Helpers\common_helper.php(444): App\Models\MessageModel->getChatUsers('42')
#6 D:\Projects\RealEstate\app\Views\frontend\dashboard\tabs.php(8): tabNotificationCount()
#7 D:\Projects\RealEstate\system\View\View.php(246): include('D:\\Projects\\Rea...')
#8 D:\Projects\RealEstate\system\View\View.php(525): CodeIgniter\View\View->render('frontend/dashbo...', NULL, true)
#9 D:\Projects\RealEstate\app\Views\frontend\dashboard\dashboard.php(18): CodeIgniter\View\View->include('frontend/dashbo...')
#10 D:\Projects\RealEstate\system\View\View.php(246): include('D:\\Projects\\Rea...')
#11 D:\Projects\RealEstate\system\Common.php(1087): CodeIgniter\View\View->render('frontend/dashbo...', Array, true)
#12 D:\Projects\RealEstate\app\Controllers\Dashboard.php(23): view('frontend/dashbo...', Array)
#13 D:\Projects\RealEstate\system\CodeIgniter.php(914): App\Controllers\Dashboard->index()
#14 D:\Projects\RealEstate\system\CodeIgniter.php(400): CodeIgniter\CodeIgniter->runController(Object(App\Controllers\Dashboard))
#15 D:\Projects\RealEstate\system\CodeIgniter.php(308): CodeIgniter\CodeIgniter->handleRequest(NULL, Object(Config\Cache), false)
#16 D:\Projects\RealEstate\public\index.php(45): CodeIgniter\CodeIgniter->run()
#17 D:\Projects\RealEstate\system\Commands\Server\rewrite.php(34): require_once('D:\\Projects\\Rea...')
#18 {main}
CRITICAL - 2020-09-09 06:37:19 --> You have an error in your SQL syntax; check the manual that corresponds to your MariaDB server version for the right syntax to use near ')' at line 6
#0 D:\Projects\RealEstate\system\Database\MySQLi\Connection.php(331): mysqli->query('SELECT *\nFROM `...')
#1 D:\Projects\RealEstate\system\Database\BaseConnection.php(738): CodeIgniter\Database\MySQLi\Connection->execute('SELECT *\nFROM `...')
#2 D:\Projects\RealEstate\system\Database\BaseConnection.php(666): CodeIgniter\Database\BaseConnection->simpleQuery('SELECT *\nFROM `...')
#3 D:\Projects\RealEstate\system\Database\BaseBuilder.php(1845): CodeIgniter\Database\BaseConnection->query('SELECT *\nFROM `...', Array, false)
#4 D:\Projects\RealEstate\app\Models\MessageModel.php(59): CodeIgniter\Database\BaseBuilder->get()
#5 D:\Projects\RealEstate\app\Helpers\common_helper.php(444): App\Models\MessageModel->getChatUsers('42')
#6 D:\Projects\RealEstate\app\Views\frontend\dashboard\tabs.php(8): tabNotificationCount()
#7 D:\Projects\RealEstate\system\View\View.php(246): include('D:\\Projects\\Rea...')
#8 D:\Projects\RealEstate\system\View\View.php(525): CodeIgniter\View\View->render('frontend/dashbo...', NULL, true)
#9 D:\Projects\RealEstate\app\Views\frontend\dashboard\dashboard.php(18): CodeIgniter\View\View->include('frontend/dashbo...')
#10 D:\Projects\RealEstate\system\View\View.php(246): include('D:\\Projects\\Rea...')
#11 D:\Projects\RealEstate\system\Common.php(1087): CodeIgniter\View\View->render('frontend/dashbo...', Array, true)
#12 D:\Projects\RealEstate\app\Controllers\Dashboard.php(23): view('frontend/dashbo...', Array)
#13 D:\Projects\RealEstate\system\CodeIgniter.php(914): App\Controllers\Dashboard->index()
#14 D:\Projects\RealEstate\system\CodeIgniter.php(400): CodeIgniter\CodeIgniter->runController(Object(App\Controllers\Dashboard))
#15 D:\Projects\RealEstate\system\CodeIgniter.php(308): CodeIgniter\CodeIgniter->handleRequest(NULL, Object(Config\Cache), false)
#16 D:\Projects\RealEstate\public\index.php(45): CodeIgniter\CodeIgniter->run()
#17 D:\Projects\RealEstate\system\Commands\Server\rewrite.php(34): require_once('D:\\Projects\\Rea...')
#18 {main}
CRITICAL - 2020-09-09 06:37:19 --> You have an error in your SQL syntax; check the manual that corresponds to your MariaDB server version for the right syntax to use near ')' at line 6
#0 D:\Projects\RealEstate\system\Database\MySQLi\Connection.php(331): mysqli->query('SELECT *\nFROM `...')
#1 D:\Projects\RealEstate\system\Database\BaseConnection.php(738): CodeIgniter\Database\MySQLi\Connection->execute('SELECT *\nFROM `...')
#2 D:\Projects\RealEstate\system\Database\BaseConnection.php(666): CodeIgniter\Database\BaseConnection->simpleQuery('SELECT *\nFROM `...')
#3 D:\Projects\RealEstate\system\Database\BaseBuilder.php(1845): CodeIgniter\Database\BaseConnection->query('SELECT *\nFROM `...', Array, false)
#4 D:\Projects\RealEstate\app\Models\MessageModel.php(59): CodeIgniter\Database\BaseBuilder->get()
#5 D:\Projects\RealEstate\app\Helpers\common_helper.php(444): App\Models\MessageModel->getChatUsers('42')
#6 D:\Projects\RealEstate\app\Views\frontend\dashboard\tabs.php(8): tabNotificationCount()
#7 D:\Projects\RealEstate\system\View\View.php(246): include('D:\\Projects\\Rea...')
#8 D:\Projects\RealEstate\system\View\View.php(525): CodeIgniter\View\View->render('frontend/dashbo...', NULL, true)
#9 D:\Projects\RealEstate\app\Views\frontend\dashboard\dashboard.php(18): CodeIgniter\View\View->include('frontend/dashbo...')
#10 D:\Projects\RealEstate\system\View\View.php(246): include('D:\\Projects\\Rea...')
#11 D:\Projects\RealEstate\system\Common.php(1087): CodeIgniter\View\View->render('frontend/dashbo...', Array, true)
#12 D:\Projects\RealEstate\app\Controllers\Dashboard.php(23): view('frontend/dashbo...', Array)
#13 D:\Projects\RealEstate\system\CodeIgniter.php(914): App\Controllers\Dashboard->index()
#14 D:\Projects\RealEstate\system\CodeIgniter.php(400): CodeIgniter\CodeIgniter->runController(Object(App\Controllers\Dashboard))
#15 D:\Projects\RealEstate\system\CodeIgniter.php(308): CodeIgniter\CodeIgniter->handleRequest(NULL, Object(Config\Cache), false)
#16 D:\Projects\RealEstate\public\index.php(45): CodeIgniter\CodeIgniter->run()
#17 D:\Projects\RealEstate\system\Commands\Server\rewrite.php(34): require_once('D:\\Projects\\Rea...')
#18 {main}
CRITICAL - 2020-09-09 06:40:05 --> You have an error in your SQL syntax; check the manual that corresponds to your MariaDB server version for the right syntax to use near ')' at line 6
#0 D:\Projects\RealEstate\system\Database\MySQLi\Connection.php(331): mysqli->query('SELECT *\nFROM `...')
#1 D:\Projects\RealEstate\system\Database\BaseConnection.php(738): CodeIgniter\Database\MySQLi\Connection->execute('SELECT *\nFROM `...')
#2 D:\Projects\RealEstate\system\Database\BaseConnection.php(666): CodeIgniter\Database\BaseConnection->simpleQuery('SELECT *\nFROM `...')
#3 D:\Projects\RealEstate\system\Database\BaseBuilder.php(1845): CodeIgniter\Database\BaseConnection->query('SELECT *\nFROM `...', Array, false)
#4 D:\Projects\RealEstate\app\Models\MessageModel.php(59): CodeIgniter\Database\BaseBuilder->get()
#5 D:\Projects\RealEstate\app\Helpers\common_helper.php(444): App\Models\MessageModel->getChatUsers('42')
#6 D:\Projects\RealEstate\app\Views\frontend\dashboard\tabs.php(8): tabNotificationCount()
#7 D:\Projects\RealEstate\system\View\View.php(246): include('D:\\Projects\\Rea...')
#8 D:\Projects\RealEstate\system\View\View.php(525): CodeIgniter\View\View->render('frontend/dashbo...', NULL, true)
#9 D:\Projects\RealEstate\app\Views\frontend\dashboard\dashboard.php(18): CodeIgniter\View\View->include('frontend/dashbo...')
#10 D:\Projects\RealEstate\system\View\View.php(246): include('D:\\Projects\\Rea...')
#11 D:\Projects\RealEstate\system\Common.php(1087): CodeIgniter\View\View->render('frontend/dashbo...', Array, true)
#12 D:\Projects\RealEstate\app\Controllers\Dashboard.php(23): view('frontend/dashbo...', Array)
#13 D:\Projects\RealEstate\system\CodeIgniter.php(914): App\Controllers\Dashboard->index()
#14 D:\Projects\RealEstate\system\CodeIgniter.php(400): CodeIgniter\CodeIgniter->runController(Object(App\Controllers\Dashboard))
#15 D:\Projects\RealEstate\system\CodeIgniter.php(308): CodeIgniter\CodeIgniter->handleRequest(NULL, Object(Config\Cache), false)
#16 D:\Projects\RealEstate\public\index.php(45): CodeIgniter\CodeIgniter->run()
#17 D:\Projects\RealEstate\system\Commands\Server\rewrite.php(34): require_once('D:\\Projects\\Rea...')
#18 {main}
CRITICAL - 2020-09-09 06:40:06 --> You have an error in your SQL syntax; check the manual that corresponds to your MariaDB server version for the right syntax to use near ')' at line 6
#0 D:\Projects\RealEstate\system\Database\MySQLi\Connection.php(331): mysqli->query('SELECT *\nFROM `...')
#1 D:\Projects\RealEstate\system\Database\BaseConnection.php(738): CodeIgniter\Database\MySQLi\Connection->execute('SELECT *\nFROM `...')
#2 D:\Projects\RealEstate\system\Database\BaseConnection.php(666): CodeIgniter\Database\BaseConnection->simpleQuery('SELECT *\nFROM `...')
#3 D:\Projects\RealEstate\system\Database\BaseBuilder.php(1845): CodeIgniter\Database\BaseConnection->query('SELECT *\nFROM `...', Array, false)
#4 D:\Projects\RealEstate\app\Models\MessageModel.php(59): CodeIgniter\Database\BaseBuilder->get()
#5 D:\Projects\RealEstate\app\Helpers\common_helper.php(444): App\Models\MessageModel->getChatUsers('42')
#6 D:\Projects\RealEstate\app\Views\frontend\dashboard\tabs.php(8): tabNotificationCount()
#7 D:\Projects\RealEstate\system\View\View.php(246): include('D:\\Projects\\Rea...')
#8 D:\Projects\RealEstate\system\View\View.php(525): CodeIgniter\View\View->render('frontend/dashbo...', NULL, true)
#9 D:\Projects\RealEstate\app\Views\frontend\dashboard\dashboard.php(18): CodeIgniter\View\View->include('frontend/dashbo...')
#10 D:\Projects\RealEstate\system\View\View.php(246): include('D:\\Projects\\Rea...')
#11 D:\Projects\RealEstate\system\Common.php(1087): CodeIgniter\View\View->render('frontend/dashbo...', Array, true)
#12 D:\Projects\RealEstate\app\Controllers\Dashboard.php(23): view('frontend/dashbo...', Array)
#13 D:\Projects\RealEstate\system\CodeIgniter.php(914): App\Controllers\Dashboard->index()
#14 D:\Projects\RealEstate\system\CodeIgniter.php(400): CodeIgniter\CodeIgniter->runController(Object(App\Controllers\Dashboard))
#15 D:\Projects\RealEstate\system\CodeIgniter.php(308): CodeIgniter\CodeIgniter->handleRequest(NULL, Object(Config\Cache), false)
#16 D:\Projects\RealEstate\public\index.php(45): CodeIgniter\CodeIgniter->run()
#17 D:\Projects\RealEstate\system\Commands\Server\rewrite.php(34): require_once('D:\\Projects\\Rea...')
#18 {main}
CRITICAL - 2020-09-09 06:40:07 --> You have an error in your SQL syntax; check the manual that corresponds to your MariaDB server version for the right syntax to use near ')' at line 6
#0 D:\Projects\RealEstate\system\Database\MySQLi\Connection.php(331): mysqli->query('SELECT *\nFROM `...')
#1 D:\Projects\RealEstate\system\Database\BaseConnection.php(738): CodeIgniter\Database\MySQLi\Connection->execute('SELECT *\nFROM `...')
#2 D:\Projects\RealEstate\system\Database\BaseConnection.php(666): CodeIgniter\Database\BaseConnection->simpleQuery('SELECT *\nFROM `...')
#3 D:\Projects\RealEstate\system\Database\BaseBuilder.php(1845): CodeIgniter\Database\BaseConnection->query('SELECT *\nFROM `...', Array, false)
#4 D:\Projects\RealEstate\app\Models\MessageModel.php(59): CodeIgniter\Database\BaseBuilder->get()
#5 D:\Projects\RealEstate\app\Helpers\common_helper.php(444): App\Models\MessageModel->getChatUsers('42')
#6 D:\Projects\RealEstate\app\Views\frontend\dashboard\tabs.php(8): tabNotificationCount()
#7 D:\Projects\RealEstate\system\View\View.php(246): include('D:\\Projects\\Rea...')
#8 D:\Projects\RealEstate\system\View\View.php(525): CodeIgniter\View\View->render('frontend/dashbo...', NULL, true)
#9 D:\Projects\RealEstate\app\Views\frontend\dashboard\dashboard.php(18): CodeIgniter\View\View->include('frontend/dashbo...')
#10 D:\Projects\RealEstate\system\View\View.php(246): include('D:\\Projects\\Rea...')
#11 D:\Projects\RealEstate\system\Common.php(1087): CodeIgniter\View\View->render('frontend/dashbo...', Array, true)
#12 D:\Projects\RealEstate\app\Controllers\Dashboard.php(23): view('frontend/dashbo...', Array)
#13 D:\Projects\RealEstate\system\CodeIgniter.php(914): App\Controllers\Dashboard->index()
#14 D:\Projects\RealEstate\system\CodeIgniter.php(400): CodeIgniter\CodeIgniter->runController(Object(App\Controllers\Dashboard))
#15 D:\Projects\RealEstate\system\CodeIgniter.php(308): CodeIgniter\CodeIgniter->handleRequest(NULL, Object(Config\Cache), false)
#16 D:\Projects\RealEstate\public\index.php(45): CodeIgniter\CodeIgniter->run()
#17 D:\Projects\RealEstate\system\Commands\Server\rewrite.php(34): require_once('D:\\Projects\\Rea...')
#18 {main}
CRITICAL - 2020-09-09 06:40:07 --> You have an error in your SQL syntax; check the manual that corresponds to your MariaDB server version for the right syntax to use near ')' at line 6
#0 D:\Projects\RealEstate\system\Database\MySQLi\Connection.php(331): mysqli->query('SELECT *\nFROM `...')
#1 D:\Projects\RealEstate\system\Database\BaseConnection.php(738): CodeIgniter\Database\MySQLi\Connection->execute('SELECT *\nFROM `...')
#2 D:\Projects\RealEstate\system\Database\BaseConnection.php(666): CodeIgniter\Database\BaseConnection->simpleQuery('SELECT *\nFROM `...')
#3 D:\Projects\RealEstate\system\Database\BaseBuilder.php(1845): CodeIgniter\Database\BaseConnection->query('SELECT *\nFROM `...', Array, false)
#4 D:\Projects\RealEstate\app\Models\MessageModel.php(59): CodeIgniter\Database\BaseBuilder->get()
#5 D:\Projects\RealEstate\app\Helpers\common_helper.php(444): App\Models\MessageModel->getChatUsers('42')
#6 D:\Projects\RealEstate\app\Views\frontend\dashboard\tabs.php(8): tabNotificationCount()
#7 D:\Projects\RealEstate\system\View\View.php(246): include('D:\\Projects\\Rea...')
#8 D:\Projects\RealEstate\system\View\View.php(525): CodeIgniter\View\View->render('frontend/dashbo...', NULL, true)
#9 D:\Projects\RealEstate\app\Views\frontend\dashboard\dashboard.php(18): CodeIgniter\View\View->include('frontend/dashbo...')
#10 D:\Projects\RealEstate\system\View\View.php(246): include('D:\\Projects\\Rea...')
#11 D:\Projects\RealEstate\system\Common.php(1087): CodeIgniter\View\View->render('frontend/dashbo...', Array, true)
#12 D:\Projects\RealEstate\app\Controllers\Dashboard.php(23): view('frontend/dashbo...', Array)
#13 D:\Projects\RealEstate\system\CodeIgniter.php(914): App\Controllers\Dashboard->index()
#14 D:\Projects\RealEstate\system\CodeIgniter.php(400): CodeIgniter\CodeIgniter->runController(Object(App\Controllers\Dashboard))
#15 D:\Projects\RealEstate\system\CodeIgniter.php(308): CodeIgniter\CodeIgniter->handleRequest(NULL, Object(Config\Cache), false)
#16 D:\Projects\RealEstate\public\index.php(45): CodeIgniter\CodeIgniter->run()
#17 D:\Projects\RealEstate\system\Commands\Server\rewrite.php(34): require_once('D:\\Projects\\Rea...')
#18 {main}
CRITICAL - 2020-09-09 06:40:07 --> You have an error in your SQL syntax; check the manual that corresponds to your MariaDB server version for the right syntax to use near ')' at line 6
#0 D:\Projects\RealEstate\system\Database\MySQLi\Connection.php(331): mysqli->query('SELECT *\nFROM `...')
#1 D:\Projects\RealEstate\system\Database\BaseConnection.php(738): CodeIgniter\Database\MySQLi\Connection->execute('SELECT *\nFROM `...')
#2 D:\Projects\RealEstate\system\Database\BaseConnection.php(666): CodeIgniter\Database\BaseConnection->simpleQuery('SELECT *\nFROM `...')
#3 D:\Projects\RealEstate\system\Database\BaseBuilder.php(1845): CodeIgniter\Database\BaseConnection->query('SELECT *\nFROM `...', Array, false)
#4 D:\Projects\RealEstate\app\Models\MessageModel.php(59): CodeIgniter\Database\BaseBuilder->get()
#5 D:\Projects\RealEstate\app\Helpers\common_helper.php(444): App\Models\MessageModel->getChatUsers('42')
#6 D:\Projects\RealEstate\app\Views\frontend\dashboard\tabs.php(8): tabNotificationCount()
#7 D:\Projects\RealEstate\system\View\View.php(246): include('D:\\Projects\\Rea...')
#8 D:\Projects\RealEstate\system\View\View.php(525): CodeIgniter\View\View->render('frontend/dashbo...', NULL, true)
#9 D:\Projects\RealEstate\app\Views\frontend\dashboard\dashboard.php(18): CodeIgniter\View\View->include('frontend/dashbo...')
#10 D:\Projects\RealEstate\system\View\View.php(246): include('D:\\Projects\\Rea...')
#11 D:\Projects\RealEstate\system\Common.php(1087): CodeIgniter\View\View->render('frontend/dashbo...', Array, true)
#12 D:\Projects\RealEstate\app\Controllers\Dashboard.php(23): view('frontend/dashbo...', Array)
#13 D:\Projects\RealEstate\system\CodeIgniter.php(914): App\Controllers\Dashboard->index()
#14 D:\Projects\RealEstate\system\CodeIgniter.php(400): CodeIgniter\CodeIgniter->runController(Object(App\Controllers\Dashboard))
#15 D:\Projects\RealEstate\system\CodeIgniter.php(308): CodeIgniter\CodeIgniter->handleRequest(NULL, Object(Config\Cache), false)
#16 D:\Projects\RealEstate\public\index.php(45): CodeIgniter\CodeIgniter->run()
#17 D:\Projects\RealEstate\system\Commands\Server\rewrite.php(34): require_once('D:\\Projects\\Rea...')
#18 {main}
CRITICAL - 2020-09-09 06:40:07 --> You have an error in your SQL syntax; check the manual that corresponds to your MariaDB server version for the right syntax to use near ')' at line 6
#0 D:\Projects\RealEstate\system\Database\MySQLi\Connection.php(331): mysqli->query('SELECT *\nFROM `...')
#1 D:\Projects\RealEstate\system\Database\BaseConnection.php(738): CodeIgniter\Database\MySQLi\Connection->execute('SELECT *\nFROM `...')
#2 D:\Projects\RealEstate\system\Database\BaseConnection.php(666): CodeIgniter\Database\BaseConnection->simpleQuery('SELECT *\nFROM `...')
#3 D:\Projects\RealEstate\system\Database\BaseBuilder.php(1845): CodeIgniter\Database\BaseConnection->query('SELECT *\nFROM `...', Array, false)
#4 D:\Projects\RealEstate\app\Models\MessageModel.php(59): CodeIgniter\Database\BaseBuilder->get()
#5 D:\Projects\RealEstate\app\Helpers\common_helper.php(444): App\Models\MessageModel->getChatUsers('42')
#6 D:\Projects\RealEstate\app\Views\frontend\dashboard\tabs.php(8): tabNotificationCount()
#7 D:\Projects\RealEstate\system\View\View.php(246): include('D:\\Projects\\Rea...')
#8 D:\Projects\RealEstate\system\View\View.php(525): CodeIgniter\View\View->render('frontend/dashbo...', NULL, true)
#9 D:\Projects\RealEstate\app\Views\frontend\dashboard\dashboard.php(18): CodeIgniter\View\View->include('frontend/dashbo...')
#10 D:\Projects\RealEstate\system\View\View.php(246): include('D:\\Projects\\Rea...')
#11 D:\Projects\RealEstate\system\Common.php(1087): CodeIgniter\View\View->render('frontend/dashbo...', Array, true)
#12 D:\Projects\RealEstate\app\Controllers\Dashboard.php(23): view('frontend/dashbo...', Array)
#13 D:\Projects\RealEstate\system\CodeIgniter.php(914): App\Controllers\Dashboard->index()
#14 D:\Projects\RealEstate\system\CodeIgniter.php(400): CodeIgniter\CodeIgniter->runController(Object(App\Controllers\Dashboard))
#15 D:\Projects\RealEstate\system\CodeIgniter.php(308): CodeIgniter\CodeIgniter->handleRequest(NULL, Object(Config\Cache), false)
#16 D:\Projects\RealEstate\public\index.php(45): CodeIgniter\CodeIgniter->run()
#17 D:\Projects\RealEstate\system\Commands\Server\rewrite.php(34): require_once('D:\\Projects\\Rea...')
#18 {main}
CRITICAL - 2020-09-09 06:40:08 --> You have an error in your SQL syntax; check the manual that corresponds to your MariaDB server version for the right syntax to use near ')' at line 6
#0 D:\Projects\RealEstate\system\Database\MySQLi\Connection.php(331): mysqli->query('SELECT *\nFROM `...')
#1 D:\Projects\RealEstate\system\Database\BaseConnection.php(738): CodeIgniter\Database\MySQLi\Connection->execute('SELECT *\nFROM `...')
#2 D:\Projects\RealEstate\system\Database\BaseConnection.php(666): CodeIgniter\Database\BaseConnection->simpleQuery('SELECT *\nFROM `...')
#3 D:\Projects\RealEstate\system\Database\BaseBuilder.php(1845): CodeIgniter\Database\BaseConnection->query('SELECT *\nFROM `...', Array, false)
#4 D:\Projects\RealEstate\app\Models\MessageModel.php(59): CodeIgniter\Database\BaseBuilder->get()
#5 D:\Projects\RealEstate\app\Helpers\common_helper.php(444): App\Models\MessageModel->getChatUsers('42')
#6 D:\Projects\RealEstate\app\Views\frontend\dashboard\tabs.php(8): tabNotificationCount()
#7 D:\Projects\RealEstate\system\View\View.php(246): include('D:\\Projects\\Rea...')
#8 D:\Projects\RealEstate\system\View\View.php(525): CodeIgniter\View\View->render('frontend/dashbo...', NULL, true)
#9 D:\Projects\RealEstate\app\Views\frontend\dashboard\dashboard.php(18): CodeIgniter\View\View->include('frontend/dashbo...')
#10 D:\Projects\RealEstate\system\View\View.php(246): include('D:\\Projects\\Rea...')
#11 D:\Projects\RealEstate\system\Common.php(1087): CodeIgniter\View\View->render('frontend/dashbo...', Array, true)
#12 D:\Projects\RealEstate\app\Controllers\Dashboard.php(23): view('frontend/dashbo...', Array)
#13 D:\Projects\RealEstate\system\CodeIgniter.php(914): App\Controllers\Dashboard->index()
#14 D:\Projects\RealEstate\system\CodeIgniter.php(400): CodeIgniter\CodeIgniter->runController(Object(App\Controllers\Dashboard))
#15 D:\Projects\RealEstate\system\CodeIgniter.php(308): CodeIgniter\CodeIgniter->handleRequest(NULL, Object(Config\Cache), false)
#16 D:\Projects\RealEstate\public\index.php(45): CodeIgniter\CodeIgniter->run()
#17 D:\Projects\RealEstate\system\Commands\Server\rewrite.php(34): require_once('D:\\Projects\\Rea...')
#18 {main}
CRITICAL - 2020-09-09 06:40:52 --> You have an error in your SQL syntax; check the manual that corresponds to your MariaDB server version for the right syntax to use near ')' at line 6
#0 D:\Projects\RealEstate\system\Database\MySQLi\Connection.php(331): mysqli->query('SELECT *\nFROM `...')
#1 D:\Projects\RealEstate\system\Database\BaseConnection.php(738): CodeIgniter\Database\MySQLi\Connection->execute('SELECT *\nFROM `...')
#2 D:\Projects\RealEstate\system\Database\BaseConnection.php(666): CodeIgniter\Database\BaseConnection->simpleQuery('SELECT *\nFROM `...')
#3 D:\Projects\RealEstate\system\Database\BaseBuilder.php(1845): CodeIgniter\Database\BaseConnection->query('SELECT *\nFROM `...', Array, false)
#4 D:\Projects\RealEstate\app\Models\MessageModel.php(62): CodeIgniter\Database\BaseBuilder->get()
#5 D:\Projects\RealEstate\app\Helpers\common_helper.php(444): App\Models\MessageModel->getChatUsers('42')
#6 D:\Projects\RealEstate\app\Views\frontend\dashboard\tabs.php(8): tabNotificationCount()
#7 D:\Projects\RealEstate\system\View\View.php(246): include('D:\\Projects\\Rea...')
#8 D:\Projects\RealEstate\system\View\View.php(525): CodeIgniter\View\View->render('frontend/dashbo...', NULL, true)
#9 D:\Projects\RealEstate\app\Views\frontend\dashboard\dashboard.php(18): CodeIgniter\View\View->include('frontend/dashbo...')
#10 D:\Projects\RealEstate\system\View\View.php(246): include('D:\\Projects\\Rea...')
#11 D:\Projects\RealEstate\system\Common.php(1087): CodeIgniter\View\View->render('frontend/dashbo...', Array, true)
#12 D:\Projects\RealEstate\app\Controllers\Dashboard.php(23): view('frontend/dashbo...', Array)
#13 D:\Projects\RealEstate\system\CodeIgniter.php(914): App\Controllers\Dashboard->index()
#14 D:\Projects\RealEstate\system\CodeIgniter.php(400): CodeIgniter\CodeIgniter->runController(Object(App\Controllers\Dashboard))
#15 D:\Projects\RealEstate\system\CodeIgniter.php(308): CodeIgniter\CodeIgniter->handleRequest(NULL, Object(Config\Cache), false)
#16 D:\Projects\RealEstate\public\index.php(45): CodeIgniter\CodeIgniter->run()
#17 D:\Projects\RealEstate\system\Commands\Server\rewrite.php(34): require_once('D:\\Projects\\Rea...')
#18 {main}
CRITICAL - 2020-09-09 06:40:53 --> You have an error in your SQL syntax; check the manual that corresponds to your MariaDB server version for the right syntax to use near ')' at line 6
#0 D:\Projects\RealEstate\system\Database\MySQLi\Connection.php(331): mysqli->query('SELECT *\nFROM `...')
#1 D:\Projects\RealEstate\system\Database\BaseConnection.php(738): CodeIgniter\Database\MySQLi\Connection->execute('SELECT *\nFROM `...')
#2 D:\Projects\RealEstate\system\Database\BaseConnection.php(666): CodeIgniter\Database\BaseConnection->simpleQuery('SELECT *\nFROM `...')
#3 D:\Projects\RealEstate\system\Database\BaseBuilder.php(1845): CodeIgniter\Database\BaseConnection->query('SELECT *\nFROM `...', Array, false)
#4 D:\Projects\RealEstate\app\Models\MessageModel.php(62): CodeIgniter\Database\BaseBuilder->get()
#5 D:\Projects\RealEstate\app\Helpers\common_helper.php(444): App\Models\MessageModel->getChatUsers('42')
#6 D:\Projects\RealEstate\app\Views\frontend\dashboard\tabs.php(8): tabNotificationCount()
#7 D:\Projects\RealEstate\system\View\View.php(246): include('D:\\Projects\\Rea...')
#8 D:\Projects\RealEstate\system\View\View.php(525): CodeIgniter\View\View->render('frontend/dashbo...', NULL, true)
#9 D:\Projects\RealEstate\app\Views\frontend\dashboard\dashboard.php(18): CodeIgniter\View\View->include('frontend/dashbo...')
#10 D:\Projects\RealEstate\system\View\View.php(246): include('D:\\Projects\\Rea...')
#11 D:\Projects\RealEstate\system\Common.php(1087): CodeIgniter\View\View->render('frontend/dashbo...', Array, true)
#12 D:\Projects\RealEstate\app\Controllers\Dashboard.php(23): view('frontend/dashbo...', Array)
#13 D:\Projects\RealEstate\system\CodeIgniter.php(914): App\Controllers\Dashboard->index()
#14 D:\Projects\RealEstate\system\CodeIgniter.php(400): CodeIgniter\CodeIgniter->runController(Object(App\Controllers\Dashboard))
#15 D:\Projects\RealEstate\system\CodeIgniter.php(308): CodeIgniter\CodeIgniter->handleRequest(NULL, Object(Config\Cache), false)
#16 D:\Projects\RealEstate\public\index.php(45): CodeIgniter\CodeIgniter->run()
#17 D:\Projects\RealEstate\system\Commands\Server\rewrite.php(34): require_once('D:\\Projects\\Rea...')
#18 {main}
CRITICAL - 2020-09-09 06:40:54 --> You have an error in your SQL syntax; check the manual that corresponds to your MariaDB server version for the right syntax to use near ')' at line 6
#0 D:\Projects\RealEstate\system\Database\MySQLi\Connection.php(331): mysqli->query('SELECT *\nFROM `...')
#1 D:\Projects\RealEstate\system\Database\BaseConnection.php(738): CodeIgniter\Database\MySQLi\Connection->execute('SELECT *\nFROM `...')
#2 D:\Projects\RealEstate\system\Database\BaseConnection.php(666): CodeIgniter\Database\BaseConnection->simpleQuery('SELECT *\nFROM `...')
#3 D:\Projects\RealEstate\system\Database\BaseBuilder.php(1845): CodeIgniter\Database\BaseConnection->query('SELECT *\nFROM `...', Array, false)
#4 D:\Projects\RealEstate\app\Models\MessageModel.php(62): CodeIgniter\Database\BaseBuilder->get()
#5 D:\Projects\RealEstate\app\Helpers\common_helper.php(444): App\Models\MessageModel->getChatUsers('42')
#6 D:\Projects\RealEstate\app\Views\frontend\dashboard\tabs.php(8): tabNotificationCount()
#7 D:\Projects\RealEstate\system\View\View.php(246): include('D:\\Projects\\Rea...')
#8 D:\Projects\RealEstate\system\View\View.php(525): CodeIgniter\View\View->render('frontend/dashbo...', NULL, true)
#9 D:\Projects\RealEstate\app\Views\frontend\dashboard\dashboard.php(18): CodeIgniter\View\View->include('frontend/dashbo...')
#10 D:\Projects\RealEstate\system\View\View.php(246): include('D:\\Projects\\Rea...')
#11 D:\Projects\RealEstate\system\Common.php(1087): CodeIgniter\View\View->render('frontend/dashbo...', Array, true)
#12 D:\Projects\RealEstate\app\Controllers\Dashboard.php(23): view('frontend/dashbo...', Array)
#13 D:\Projects\RealEstate\system\CodeIgniter.php(914): App\Controllers\Dashboard->index()
#14 D:\Projects\RealEstate\system\CodeIgniter.php(400): CodeIgniter\CodeIgniter->runController(Object(App\Controllers\Dashboard))
#15 D:\Projects\RealEstate\system\CodeIgniter.php(308): CodeIgniter\CodeIgniter->handleRequest(NULL, Object(Config\Cache), false)
#16 D:\Projects\RealEstate\public\index.php(45): CodeIgniter\CodeIgniter->run()
#17 D:\Projects\RealEstate\system\Commands\Server\rewrite.php(34): require_once('D:\\Projects\\Rea...')
#18 {main}
CRITICAL - 2020-09-09 06:40:54 --> You have an error in your SQL syntax; check the manual that corresponds to your MariaDB server version for the right syntax to use near ')' at line 6
#0 D:\Projects\RealEstate\system\Database\MySQLi\Connection.php(331): mysqli->query('SELECT *\nFROM `...')
#1 D:\Projects\RealEstate\system\Database\BaseConnection.php(738): CodeIgniter\Database\MySQLi\Connection->execute('SELECT *\nFROM `...')
#2 D:\Projects\RealEstate\system\Database\BaseConnection.php(666): CodeIgniter\Database\BaseConnection->simpleQuery('SELECT *\nFROM `...')
#3 D:\Projects\RealEstate\system\Database\BaseBuilder.php(1845): CodeIgniter\Database\BaseConnection->query('SELECT *\nFROM `...', Array, false)
#4 D:\Projects\RealEstate\app\Models\MessageModel.php(62): CodeIgniter\Database\BaseBuilder->get()
#5 D:\Projects\RealEstate\app\Helpers\common_helper.php(444): App\Models\MessageModel->getChatUsers('42')
#6 D:\Projects\RealEstate\app\Views\frontend\dashboard\tabs.php(8): tabNotificationCount()
#7 D:\Projects\RealEstate\system\View\View.php(246): include('D:\\Projects\\Rea...')
#8 D:\Projects\RealEstate\system\View\View.php(525): CodeIgniter\View\View->render('frontend/dashbo...', NULL, true)
#9 D:\Projects\RealEstate\app\Views\frontend\dashboard\dashboard.php(18): CodeIgniter\View\View->include('frontend/dashbo...')
#10 D:\Projects\RealEstate\system\View\View.php(246): include('D:\\Projects\\Rea...')
#11 D:\Projects\RealEstate\system\Common.php(1087): CodeIgniter\View\View->render('frontend/dashbo...', Array, true)
#12 D:\Projects\RealEstate\app\Controllers\Dashboard.php(23): view('frontend/dashbo...', Array)
#13 D:\Projects\RealEstate\system\CodeIgniter.php(914): App\Controllers\Dashboard->index()
#14 D:\Projects\RealEstate\system\CodeIgniter.php(400): CodeIgniter\CodeIgniter->runController(Object(App\Controllers\Dashboard))
#15 D:\Projects\RealEstate\system\CodeIgniter.php(308): CodeIgniter\CodeIgniter->handleRequest(NULL, Object(Config\Cache), false)
#16 D:\Projects\RealEstate\public\index.php(45): CodeIgniter\CodeIgniter->run()
#17 D:\Projects\RealEstate\system\Commands\Server\rewrite.php(34): require_once('D:\\Projects\\Rea...')
#18 {main}
CRITICAL - 2020-09-09 07:03:00 --> Invalid argument supplied for foreach()
#0 D:\Projects\RealEstate\app\Views\frontend\dashboard\listings.php(42): CodeIgniter\Debug\Exceptions->errorHandler(2, 'Invalid argumen...', 'D:\\Projects\\Rea...', 42, Array)
#1 D:\Projects\RealEstate\system\View\View.php(246): include('D:\\Projects\\Rea...')
#2 D:\Projects\RealEstate\system\Common.php(1087): CodeIgniter\View\View->render('frontend/dashbo...', Array, true)
#3 D:\Projects\RealEstate\app\Controllers\Dashboard.php(31): view('frontend/dashbo...', Array)
#4 D:\Projects\RealEstate\system\CodeIgniter.php(914): App\Controllers\Dashboard->listings()
#5 D:\Projects\RealEstate\system\CodeIgniter.php(400): CodeIgniter\CodeIgniter->runController(Object(App\Controllers\Dashboard))
#6 D:\Projects\RealEstate\system\CodeIgniter.php(308): CodeIgniter\CodeIgniter->handleRequest(NULL, Object(Config\Cache), false)
#7 D:\Projects\RealEstate\public\index.php(45): CodeIgniter\CodeIgniter->run()
#8 D:\Projects\RealEstate\system\Commands\Server\rewrite.php(34): require_once('D:\\Projects\\Rea...')
#9 {main}
CRITICAL - 2020-09-09 07:03:13 --> Undefined variable: data
#0 D:\Projects\RealEstate\app\Controllers\Dashboard.php(64): CodeIgniter\Debug\Exceptions->errorHandler(8, 'Undefined varia...', 'D:\\Projects\\Rea...', 64, Array)
#1 D:\Projects\RealEstate\system\CodeIgniter.php(914): App\Controllers\Dashboard->sales()
#2 D:\Projects\RealEstate\system\CodeIgniter.php(400): CodeIgniter\CodeIgniter->runController(Object(App\Controllers\Dashboard))
#3 D:\Projects\RealEstate\system\CodeIgniter.php(308): CodeIgniter\CodeIgniter->handleRequest(NULL, Object(Config\Cache), false)
#4 D:\Projects\RealEstate\public\index.php(45): CodeIgniter\CodeIgniter->run()
#5 D:\Projects\RealEstate\system\Commands\Server\rewrite.php(34): require_once('D:\\Projects\\Rea...')
#6 {main}
CRITICAL - 2020-09-09 07:03:21 --> Invalid argument supplied for foreach()
#0 D:\Projects\RealEstate\app\Views\frontend\dashboard\listings.php(42): CodeIgniter\Debug\Exceptions->errorHandler(2, 'Invalid argumen...', 'D:\\Projects\\Rea...', 42, Array)
#1 D:\Projects\RealEstate\system\View\View.php(246): include('D:\\Projects\\Rea...')
#2 D:\Projects\RealEstate\system\Common.php(1087): CodeIgniter\View\View->render('frontend/dashbo...', Array, true)
#3 D:\Projects\RealEstate\app\Controllers\Dashboard.php(31): view('frontend/dashbo...', Array)
#4 D:\Projects\RealEstate\system\CodeIgniter.php(914): App\Controllers\Dashboard->listings()
#5 D:\Projects\RealEstate\system\CodeIgniter.php(400): CodeIgniter\CodeIgniter->runController(Object(App\Controllers\Dashboard))
#6 D:\Projects\RealEstate\system\CodeIgniter.php(308): CodeIgniter\CodeIgniter->handleRequest(NULL, Object(Config\Cache), false)
#7 D:\Projects\RealEstate\public\index.php(45): CodeIgniter\CodeIgniter->run()
#8 D:\Projects\RealEstate\system\Commands\Server\rewrite.php(34): require_once('D:\\Projects\\Rea...')
#9 {main}
CRITICAL - 2020-09-09 07:10:53 --> Too few arguments to function isImageExists(), 1 passed in D:\Projects\RealEstate\app\Views\frontend\browse.php on line 123 and exactly 2 expected
#0 D:\Projects\RealEstate\app\Views\frontend\browse.php(123): isImageExists('http://localhos...')
#1 D:\Projects\RealEstate\system\View\View.php(246): include('D:\\Projects\\Rea...')
#2 D:\Projects\RealEstate\system\Common.php(1087): CodeIgniter\View\View->render('frontend/browse', Array, true)
#3 D:\Projects\RealEstate\app\Controllers\Home.php(87): view('frontend/browse', Array)
#4 D:\Projects\RealEstate\system\CodeIgniter.php(914): App\Controllers\Home->browse()
#5 D:\Projects\RealEstate\system\CodeIgniter.php(400): CodeIgniter\CodeIgniter->runController(Object(App\Controllers\Home))
#6 D:\Projects\RealEstate\system\CodeIgniter.php(308): CodeIgniter\CodeIgniter->handleRequest(NULL, Object(Config\Cache), false)
#7 D:\Projects\RealEstate\public\index.php(45): CodeIgniter\CodeIgniter->run()
#8 D:\Projects\RealEstate\system\Commands\Server\rewrite.php(34): require_once('D:\\Projects\\Rea...')
#9 {main}
CRITICAL - 2020-09-09 07:11:25 --> Undefined variable: data
#0 D:\Projects\RealEstate\app\Controllers\Dashboard.php(96): CodeIgniter\Debug\Exceptions->errorHandler(8, 'Undefined varia...', 'D:\\Projects\\Rea...', 96, Array)
#1 D:\Projects\RealEstate\system\CodeIgniter.php(914): App\Controllers\Dashboard->reviews()
#2 D:\Projects\RealEstate\system\CodeIgniter.php(400): CodeIgniter\CodeIgniter->runController(Object(App\Controllers\Dashboard))
#3 D:\Projects\RealEstate\system\CodeIgniter.php(308): CodeIgniter\CodeIgniter->handleRequest(NULL, Object(Config\Cache), false)
#4 D:\Projects\RealEstate\public\index.php(45): CodeIgniter\CodeIgniter->run()
#5 D:\Projects\RealEstate\system\Commands\Server\rewrite.php(34): require_once('D:\\Projects\\Rea...')
#6 {main}
CRITICAL - 2020-09-09 07:13:10 --> Too few arguments to function isImageExists(), 1 passed in D:\Projects\RealEstate\app\Views\frontend\browse.php on line 123 and exactly 2 expected
#0 D:\Projects\RealEstate\app\Views\frontend\browse.php(123): isImageExists('http://localhos...')
#1 D:\Projects\RealEstate\system\View\View.php(246): include('D:\\Projects\\Rea...')
#2 D:\Projects\RealEstate\system\Common.php(1087): CodeIgniter\View\View->render('frontend/browse', Array, true)
#3 D:\Projects\RealEstate\app\Controllers\Home.php(87): view('frontend/browse', Array)
#4 D:\Projects\RealEstate\system\CodeIgniter.php(914): App\Controllers\Home->browse()
#5 D:\Projects\RealEstate\system\CodeIgniter.php(400): CodeIgniter\CodeIgniter->runController(Object(App\Controllers\Home))
#6 D:\Projects\RealEstate\system\CodeIgniter.php(308): CodeIgniter\CodeIgniter->handleRequest(NULL, Object(Config\Cache), false)
#7 D:\Projects\RealEstate\public\index.php(45): CodeIgniter\CodeIgniter->run()
#8 D:\Projects\RealEstate\system\Commands\Server\rewrite.php(34): require_once('D:\\Projects\\Rea...')
#9 {main}
CRITICAL - 2020-09-09 07:26:31 --> Undefined index: status_name
#0 D:\Projects\RealEstate\app\Views\frontend\dashboard\listings.php(115): CodeIgniter\Debug\Exceptions->errorHandler(8, 'Undefined index...', 'D:\\Projects\\Rea...', 115, Array)
#1 D:\Projects\RealEstate\system\View\View.php(246): include('D:\\Projects\\Rea...')
#2 D:\Projects\RealEstate\system\Common.php(1087): CodeIgniter\View\View->render('frontend/dashbo...', Array, true)
#3 D:\Projects\RealEstate\app\Controllers\Dashboard.php(31): view('frontend/dashbo...', Array)
#4 D:\Projects\RealEstate\system\CodeIgniter.php(914): App\Controllers\Dashboard->listings()
#5 D:\Projects\RealEstate\system\CodeIgniter.php(400): CodeIgniter\CodeIgniter->runController(Object(App\Controllers\Dashboard))
#6 D:\Projects\RealEstate\system\CodeIgniter.php(308): CodeIgniter\CodeIgniter->handleRequest(NULL, Object(Config\Cache), false)
#7 D:\Projects\RealEstate\public\index.php(45): CodeIgniter\CodeIgniter->run()
#8 D:\Projects\RealEstate\system\Commands\Server\rewrite.php(34): require_once('D:\\Projects\\Rea...')
#9 {main}
CRITICAL - 2020-09-09 07:44:29 --> file_get_contents(): php_network_getaddresses: getaddrinfo failed: No such host is known. 
#0 [internal function]: CodeIgniter\Debug\Exceptions->errorHandler(2, 'file_get_conten...', 'D:\\Projects\\Rea...', 41, Array)
#1 D:\Projects\RealEstate\app\Helpers\geography_helper.php(41): file_get_contents('http://ipinfo.i...')
#2 D:\Projects\RealEstate\app\Views\landing.php(69): currentLocation()
#3 D:\Projects\RealEstate\system\View\View.php(246): include('D:\\Projects\\Rea...')
#4 D:\Projects\RealEstate\system\Common.php(1087): CodeIgniter\View\View->render('landing', Array, true)
#5 D:\Projects\RealEstate\app\Controllers\Home.php(24): view('landing', Array)
#6 D:\Projects\RealEstate\system\CodeIgniter.php(914): App\Controllers\Home->index()
#7 D:\Projects\RealEstate\system\CodeIgniter.php(400): CodeIgniter\CodeIgniter->runController(Object(App\Controllers\Home))
#8 D:\Projects\RealEstate\system\CodeIgniter.php(308): CodeIgniter\CodeIgniter->handleRequest(NULL, Object(Config\Cache), false)
#9 D:\Projects\RealEstate\public\index.php(45): CodeIgniter\CodeIgniter->run()
#10 D:\Projects\RealEstate\system\Commands\Server\rewrite.php(34): require_once('D:\\Projects\\Rea...')
#11 {main}
CRITICAL - 2020-09-09 07:45:01 --> file_get_contents(): php_network_getaddresses: getaddrinfo failed: No such host is known. 
#0 [internal function]: CodeIgniter\Debug\Exceptions->errorHandler(2, 'file_get_conten...', 'D:\\Projects\\Rea...', 41, Array)
#1 D:\Projects\RealEstate\app\Helpers\geography_helper.php(41): file_get_contents('http://ipinfo.i...')
#2 D:\Projects\RealEstate\app\Views\landing.php(69): currentLocation()
#3 D:\Projects\RealEstate\system\View\View.php(246): include('D:\\Projects\\Rea...')
#4 D:\Projects\RealEstate\system\Common.php(1087): CodeIgniter\View\View->render('landing', Array, true)
#5 D:\Projects\RealEstate\app\Controllers\Home.php(24): view('landing', Array)
#6 D:\Projects\RealEstate\system\CodeIgniter.php(914): App\Controllers\Home->index()
#7 D:\Projects\RealEstate\system\CodeIgniter.php(400): CodeIgniter\CodeIgniter->runController(Object(App\Controllers\Home))
#8 D:\Projects\RealEstate\system\CodeIgniter.php(308): CodeIgniter\CodeIgniter->handleRequest(NULL, Object(Config\Cache), false)
#9 D:\Projects\RealEstate\public\index.php(45): CodeIgniter\CodeIgniter->run()
#10 D:\Projects\RealEstate\system\Commands\Server\rewrite.php(34): require_once('D:\\Projects\\Rea...')
#11 {main}
CRITICAL - 2020-09-09 07:45:13 --> file_get_contents(): php_network_getaddresses: getaddrinfo failed: No such host is known. 
#0 [internal function]: CodeIgniter\Debug\Exceptions->errorHandler(2, 'file_get_conten...', 'D:\\Projects\\Rea...', 41, Array)
#1 D:\Projects\RealEstate\app\Helpers\geography_helper.php(41): file_get_contents('http://ipinfo.i...')
#2 D:\Projects\RealEstate\app\Views\landing.php(69): currentLocation()
#3 D:\Projects\RealEstate\system\View\View.php(246): include('D:\\Projects\\Rea...')
#4 D:\Projects\RealEstate\system\Common.php(1087): CodeIgniter\View\View->render('landing', Array, true)
#5 D:\Projects\RealEstate\app\Controllers\Home.php(24): view('landing', Array)
#6 D:\Projects\RealEstate\system\CodeIgniter.php(914): App\Controllers\Home->index()
#7 D:\Projects\RealEstate\system\CodeIgniter.php(400): CodeIgniter\CodeIgniter->runController(Object(App\Controllers\Home))
#8 D:\Projects\RealEstate\system\CodeIgniter.php(308): CodeIgniter\CodeIgniter->handleRequest(NULL, Object(Config\Cache), false)
#9 D:\Projects\RealEstate\public\index.php(45): CodeIgniter\CodeIgniter->run()
#10 D:\Projects\RealEstate\system\Commands\Server\rewrite.php(34): require_once('D:\\Projects\\Rea...')
#11 {main}
CRITICAL - 2020-09-09 07:45:26 --> file_get_contents(): php_network_getaddresses: getaddrinfo failed: No such host is known. 
#0 [internal function]: CodeIgniter\Debug\Exceptions->errorHandler(2, 'file_get_conten...', 'D:\\Projects\\Rea...', 41, Array)
#1 D:\Projects\RealEstate\app\Helpers\geography_helper.php(41): file_get_contents('http://ipinfo.i...')
#2 D:\Projects\RealEstate\app\Views\landing.php(69): currentLocation()
#3 D:\Projects\RealEstate\system\View\View.php(246): include('D:\\Projects\\Rea...')
#4 D:\Projects\RealEstate\system\Common.php(1087): CodeIgniter\View\View->render('landing', Array, true)
#5 D:\Projects\RealEstate\app\Controllers\Home.php(24): view('landing', Array)
#6 D:\Projects\RealEstate\system\CodeIgniter.php(914): App\Controllers\Home->index()
#7 D:\Projects\RealEstate\system\CodeIgniter.php(400): CodeIgniter\CodeIgniter->runController(Object(App\Controllers\Home))
#8 D:\Projects\RealEstate\system\CodeIgniter.php(308): CodeIgniter\CodeIgniter->handleRequest(NULL, Object(Config\Cache), false)
#9 D:\Projects\RealEstate\public\index.php(45): CodeIgniter\CodeIgniter->run()
#10 D:\Projects\RealEstate\system\Commands\Server\rewrite.php(34): require_once('D:\\Projects\\Rea...')
#11 {main}
CRITICAL - 2020-09-09 07:45:38 --> file_get_contents(): php_network_getaddresses: getaddrinfo failed: No such host is known. 
#0 [internal function]: CodeIgniter\Debug\Exceptions->errorHandler(2, 'file_get_conten...', 'D:\\Projects\\Rea...', 41, Array)
#1 D:\Projects\RealEstate\app\Helpers\geography_helper.php(41): file_get_contents('http://ipinfo.i...')
#2 D:\Projects\RealEstate\app\Views\landing.php(69): currentLocation()
#3 D:\Projects\RealEstate\system\View\View.php(246): include('D:\\Projects\\Rea...')
#4 D:\Projects\RealEstate\system\Common.php(1087): CodeIgniter\View\View->render('landing', Array, true)
#5 D:\Projects\RealEstate\app\Controllers\Home.php(24): view('landing', Array)
#6 D:\Projects\RealEstate\system\CodeIgniter.php(914): App\Controllers\Home->index()
#7 D:\Projects\RealEstate\system\CodeIgniter.php(400): CodeIgniter\CodeIgniter->runController(Object(App\Controllers\Home))
#8 D:\Projects\RealEstate\system\CodeIgniter.php(308): CodeIgniter\CodeIgniter->handleRequest(NULL, Object(Config\Cache), false)
#9 D:\Projects\RealEstate\public\index.php(45): CodeIgniter\CodeIgniter->run()
#10 D:\Projects\RealEstate\system\Commands\Server\rewrite.php(34): require_once('D:\\Projects\\Rea...')
#11 {main}
CRITICAL - 2020-09-09 07:45:50 --> file_get_contents(): php_network_getaddresses: getaddrinfo failed: No such host is known. 
#0 [internal function]: CodeIgniter\Debug\Exceptions->errorHandler(2, 'file_get_conten...', 'D:\\Projects\\Rea...', 41, Array)
#1 D:\Projects\RealEstate\app\Helpers\geography_helper.php(41): file_get_contents('http://ipinfo.i...')
#2 D:\Projects\RealEstate\app\Views\landing.php(69): currentLocation()
#3 D:\Projects\RealEstate\system\View\View.php(246): include('D:\\Projects\\Rea...')
#4 D:\Projects\RealEstate\system\Common.php(1087): CodeIgniter\View\View->render('landing', Array, true)
#5 D:\Projects\RealEstate\app\Controllers\Home.php(24): view('landing', Array)
#6 D:\Projects\RealEstate\system\CodeIgniter.php(914): App\Controllers\Home->index()
#7 D:\Projects\RealEstate\system\CodeIgniter.php(400): CodeIgniter\CodeIgniter->runController(Object(App\Controllers\Home))
#8 D:\Projects\RealEstate\system\CodeIgniter.php(308): CodeIgniter\CodeIgniter->handleRequest(NULL, Object(Config\Cache), false)
#9 D:\Projects\RealEstate\public\index.php(45): CodeIgniter\CodeIgniter->run()
#10 D:\Projects\RealEstate\system\Commands\Server\rewrite.php(34): require_once('D:\\Projects\\Rea...')
#11 {main}
CRITICAL - 2020-09-09 07:46:20 --> file_get_contents(): php_network_getaddresses: getaddrinfo failed: No such host is known. 
#0 [internal function]: CodeIgniter\Debug\Exceptions->errorHandler(2, 'file_get_conten...', 'D:\\Projects\\Rea...', 41, Array)
#1 D:\Projects\RealEstate\app\Helpers\geography_helper.php(41): file_get_contents('http://ipinfo.i...')
#2 D:\Projects\RealEstate\app\Views\landing.php(69): currentLocation()
#3 D:\Projects\RealEstate\system\View\View.php(246): include('D:\\Projects\\Rea...')
#4 D:\Projects\RealEstate\system\Common.php(1087): CodeIgniter\View\View->render('landing', Array, true)
#5 D:\Projects\RealEstate\app\Controllers\Home.php(24): view('landing', Array)
#6 D:\Projects\RealEstate\system\CodeIgniter.php(914): App\Controllers\Home->index()
#7 D:\Projects\RealEstate\system\CodeIgniter.php(400): CodeIgniter\CodeIgniter->runController(Object(App\Controllers\Home))
#8 D:\Projects\RealEstate\system\CodeIgniter.php(308): CodeIgniter\CodeIgniter->handleRequest(NULL, Object(Config\Cache), false)
#9 D:\Projects\RealEstate\public\index.php(45): CodeIgniter\CodeIgniter->run()
#10 D:\Projects\RealEstate\system\Commands\Server\rewrite.php(34): require_once('D:\\Projects\\Rea...')
#11 {main}
CRITICAL - 2020-09-09 07:46:32 --> file_get_contents(): php_network_getaddresses: getaddrinfo failed: No such host is known. 
#0 [internal function]: CodeIgniter\Debug\Exceptions->errorHandler(2, 'file_get_conten...', 'D:\\Projects\\Rea...', 41, Array)
#1 D:\Projects\RealEstate\app\Helpers\geography_helper.php(41): file_get_contents('http://ipinfo.i...')
#2 D:\Projects\RealEstate\app\Views\landing.php(69): currentLocation()
#3 D:\Projects\RealEstate\system\View\View.php(246): include('D:\\Projects\\Rea...')
#4 D:\Projects\RealEstate\system\Common.php(1087): CodeIgniter\View\View->render('landing', Array, true)
#5 D:\Projects\RealEstate\app\Controllers\Home.php(24): view('landing', Array)
#6 D:\Projects\RealEstate\system\CodeIgniter.php(914): App\Controllers\Home->index()
#7 D:\Projects\RealEstate\system\CodeIgniter.php(400): CodeIgniter\CodeIgniter->runController(Object(App\Controllers\Home))
#8 D:\Projects\RealEstate\system\CodeIgniter.php(308): CodeIgniter\CodeIgniter->handleRequest(NULL, Object(Config\Cache), false)
#9 D:\Projects\RealEstate\public\index.php(45): CodeIgniter\CodeIgniter->run()
#10 D:\Projects\RealEstate\system\Commands\Server\rewrite.php(34): require_once('D:\\Projects\\Rea...')
#11 {main}
CRITICAL - 2020-09-09 07:57:41 --> file_get_contents(): php_network_getaddresses: getaddrinfo failed: No such host is known. 
#0 [internal function]: CodeIgniter\Debug\Exceptions->errorHandler(2, 'file_get_conten...', 'D:\\Projects\\Rea...', 41, Array)
#1 D:\Projects\RealEstate\app\Helpers\geography_helper.php(41): file_get_contents('http://ipinfo.i...')
#2 D:\Projects\RealEstate\app\Views\landing.php(69): currentLocation()
#3 D:\Projects\RealEstate\system\View\View.php(246): include('D:\\Projects\\Rea...')
#4 D:\Projects\RealEstate\system\Common.php(1087): CodeIgniter\View\View->render('landing', Array, true)
#5 D:\Projects\RealEstate\app\Controllers\Home.php(24): view('landing', Array)
#6 D:\Projects\RealEstate\system\CodeIgniter.php(914): App\Controllers\Home->index()
#7 D:\Projects\RealEstate\system\CodeIgniter.php(400): CodeIgniter\CodeIgniter->runController(Object(App\Controllers\Home))
#8 D:\Projects\RealEstate\system\CodeIgniter.php(308): CodeIgniter\CodeIgniter->handleRequest(NULL, Object(Config\Cache), false)
#9 D:\Projects\RealEstate\public\index.php(45): CodeIgniter\CodeIgniter->run()
#10 D:\Projects\RealEstate\system\Commands\Server\rewrite.php(34): require_once('D:\\Projects\\Rea...')
#11 {main}
CRITICAL - 2020-09-09 07:58:40 --> file_get_contents(): php_network_getaddresses: getaddrinfo failed: No such host is known. 
#0 [internal function]: CodeIgniter\Debug\Exceptions->errorHandler(2, 'file_get_conten...', 'D:\\Projects\\Rea...', 41, Array)
#1 D:\Projects\RealEstate\app\Helpers\geography_helper.php(41): file_get_contents('http://ipinfo.i...')
#2 D:\Projects\RealEstate\app\Views\landing.php(69): currentLocation()
#3 D:\Projects\RealEstate\system\View\View.php(246): include('D:\\Projects\\Rea...')
#4 D:\Projects\RealEstate\system\Common.php(1087): CodeIgniter\View\View->render('landing', Array, true)
#5 D:\Projects\RealEstate\app\Controllers\Home.php(24): view('landing', Array)
#6 D:\Projects\RealEstate\system\CodeIgniter.php(914): App\Controllers\Home->index()
#7 D:\Projects\RealEstate\system\CodeIgniter.php(400): CodeIgniter\CodeIgniter->runController(Object(App\Controllers\Home))
#8 D:\Projects\RealEstate\system\CodeIgniter.php(308): CodeIgniter\CodeIgniter->handleRequest(NULL, Object(Config\Cache), false)
#9 D:\Projects\RealEstate\public\index.php(45): CodeIgniter\CodeIgniter->run()
#10 D:\Projects\RealEstate\system\Commands\Server\rewrite.php(34): require_once('D:\\Projects\\Rea...')
#11 {main}
CRITICAL - 2020-09-09 08:05:58 --> file_get_contents(): php_network_getaddresses: getaddrinfo failed: No such host is known. 
#0 [internal function]: CodeIgniter\Debug\Exceptions->errorHandler(2, 'file_get_conten...', 'D:\\Projects\\Rea...', 41, Array)
#1 D:\Projects\RealEstate\app\Helpers\geography_helper.php(41): file_get_contents('http://ipinfo.i...')
#2 D:\Projects\RealEstate\app\Views\landing.php(69): currentLocation()
#3 D:\Projects\RealEstate\system\View\View.php(246): include('D:\\Projects\\Rea...')
#4 D:\Projects\RealEstate\system\Common.php(1087): CodeIgniter\View\View->render('landing', Array, true)
#5 D:\Projects\RealEstate\app\Controllers\Home.php(24): view('landing', Array)
#6 D:\Projects\RealEstate\system\CodeIgniter.php(914): App\Controllers\Home->index()
#7 D:\Projects\RealEstate\system\CodeIgniter.php(400): CodeIgniter\CodeIgniter->runController(Object(App\Controllers\Home))
#8 D:\Projects\RealEstate\system\CodeIgniter.php(308): CodeIgniter\CodeIgniter->handleRequest(NULL, Object(Config\Cache), false)
#9 D:\Projects\RealEstate\public\index.php(45): CodeIgniter\CodeIgniter->run()
#10 D:\Projects\RealEstate\system\Commands\Server\rewrite.php(34): require_once('D:\\Projects\\Rea...')
#11 {main}
