CRITICAL - 2020-09-13 10:41:10 --> Undefined variable: data
#0 D:\Projects\RealEstate\app\Controllers\Dashboard.php(201): CodeIgniter\Debug\Exceptions->errorHandler(8, 'Undefined varia...', 'D:\\Projects\\Rea...', 201, Array)
#1 D:\Projects\RealEstate\system\CodeIgniter.php(914): App\Controllers\Dashboard->contacts()
#2 D:\Projects\RealEstate\system\CodeIgniter.php(400): CodeIgniter\CodeIgniter->runController(Object(App\Controllers\Dashboard))
#3 D:\Projects\RealEstate\system\CodeIgniter.php(308): CodeIgniter\CodeIgniter->handleRequest(NULL, Object(Config\Cache), false)
#4 D:\Projects\RealEstate\public\index.php(45): CodeIgniter\CodeIgniter->run()
#5 D:\Projects\RealEstate\system\Commands\Server\rewrite.php(34): require_once('D:\\Projects\\Rea...')
#6 {main}
CRITICAL - 2020-09-13 10:41:20 --> Undefined variable: data
#0 D:\Projects\RealEstate\app\Controllers\Dashboard.php(228): CodeIgniter\Debug\Exceptions->errorHandler(8, 'Undefined varia...', 'D:\\Projects\\Rea...', 228, Array)
#1 D:\Projects\RealEstate\system\CodeIgniter.php(914): App\Controllers\Dashboard->credits()
#2 D:\Projects\RealEstate\system\CodeIgniter.php(400): CodeIgniter\CodeIgniter->runController(Object(App\Controllers\Dashboard))
#3 D:\Projects\RealEstate\system\CodeIgniter.php(308): CodeIgniter\CodeIgniter->handleRequest(NULL, Object(Config\Cache), false)
#4 D:\Projects\RealEstate\public\index.php(45): CodeIgniter\CodeIgniter->run()
#5 D:\Projects\RealEstate\system\Commands\Server\rewrite.php(34): require_once('D:\\Projects\\Rea...')
#6 {main}
CRITICAL - 2020-09-13 11:12:30 --> Undefined property: App\Controllers\Auth::$StatisticModel
#0 D:\Projects\RealEstate\app\Controllers\Auth.php(559): CodeIgniter\Debug\Exceptions->errorHandler(8, 'Undefined prope...', 'D:\\Projects\\Rea...', 559, Array)
#1 D:\Projects\RealEstate\system\CodeIgniter.php(914): App\Controllers\Auth->test()
#2 D:\Projects\RealEstate\system\CodeIgniter.php(400): CodeIgniter\CodeIgniter->runController(Object(App\Controllers\Auth))
#3 D:\Projects\RealEstate\system\CodeIgniter.php(308): CodeIgniter\CodeIgniter->handleRequest(NULL, Object(Config\Cache), false)
#4 D:\Projects\RealEstate\public\index.php(45): CodeIgniter\CodeIgniter->run()
#5 D:\Projects\RealEstate\system\Commands\Server\rewrite.php(34): require_once('D:\\Projects\\Rea...')
#6 {main}
CRITICAL - 2020-09-13 11:13:32 --> Undefined property: App\Controllers\Auth::$StatisticModel
#0 D:\Projects\RealEstate\app\Controllers\Auth.php(560): CodeIgniter\Debug\Exceptions->errorHandler(8, 'Undefined prope...', 'D:\\Projects\\Rea...', 560, Array)
#1 D:\Projects\RealEstate\system\CodeIgniter.php(914): App\Controllers\Auth->test()
#2 D:\Projects\RealEstate\system\CodeIgniter.php(400): CodeIgniter\CodeIgniter->runController(Object(App\Controllers\Auth))
#3 D:\Projects\RealEstate\system\CodeIgniter.php(308): CodeIgniter\CodeIgniter->handleRequest(NULL, Object(Config\Cache), false)
#4 D:\Projects\RealEstate\public\index.php(45): CodeIgniter\CodeIgniter->run()
#5 D:\Projects\RealEstate\system\Commands\Server\rewrite.php(34): require_once('D:\\Projects\\Rea...')
#6 {main}
CRITICAL - 2020-09-13 11:13:33 --> Undefined property: App\Controllers\Auth::$StatisticModel
#0 D:\Projects\RealEstate\app\Controllers\Auth.php(560): CodeIgniter\Debug\Exceptions->errorHandler(8, 'Undefined prope...', 'D:\\Projects\\Rea...', 560, Array)
#1 D:\Projects\RealEstate\system\CodeIgniter.php(914): App\Controllers\Auth->test()
#2 D:\Projects\RealEstate\system\CodeIgniter.php(400): CodeIgniter\CodeIgniter->runController(Object(App\Controllers\Auth))
#3 D:\Projects\RealEstate\system\CodeIgniter.php(308): CodeIgniter\CodeIgniter->handleRequest(NULL, Object(Config\Cache), false)
#4 D:\Projects\RealEstate\public\index.php(45): CodeIgniter\CodeIgniter->run()
#5 D:\Projects\RealEstate\system\Commands\Server\rewrite.php(34): require_once('D:\\Projects\\Rea...')
#6 {main}
CRITICAL - 2020-09-13 11:13:33 --> Undefined property: App\Controllers\Auth::$StatisticModel
#0 D:\Projects\RealEstate\app\Controllers\Auth.php(560): CodeIgniter\Debug\Exceptions->errorHandler(8, 'Undefined prope...', 'D:\\Projects\\Rea...', 560, Array)
#1 D:\Projects\RealEstate\system\CodeIgniter.php(914): App\Controllers\Auth->test()
#2 D:\Projects\RealEstate\system\CodeIgniter.php(400): CodeIgniter\CodeIgniter->runController(Object(App\Controllers\Auth))
#3 D:\Projects\RealEstate\system\CodeIgniter.php(308): CodeIgniter\CodeIgniter->handleRequest(NULL, Object(Config\Cache), false)
#4 D:\Projects\RealEstate\public\index.php(45): CodeIgniter\CodeIgniter->run()
#5 D:\Projects\RealEstate\system\Commands\Server\rewrite.php(34): require_once('D:\\Projects\\Rea...')
#6 {main}
CRITICAL - 2020-09-13 11:13:33 --> Undefined property: App\Controllers\Auth::$StatisticModel
#0 D:\Projects\RealEstate\app\Controllers\Auth.php(560): CodeIgniter\Debug\Exceptions->errorHandler(8, 'Undefined prope...', 'D:\\Projects\\Rea...', 560, Array)
#1 D:\Projects\RealEstate\system\CodeIgniter.php(914): App\Controllers\Auth->test()
#2 D:\Projects\RealEstate\system\CodeIgniter.php(400): CodeIgniter\CodeIgniter->runController(Object(App\Controllers\Auth))
#3 D:\Projects\RealEstate\system\CodeIgniter.php(308): CodeIgniter\CodeIgniter->handleRequest(NULL, Object(Config\Cache), false)
#4 D:\Projects\RealEstate\public\index.php(45): CodeIgniter\CodeIgniter->run()
#5 D:\Projects\RealEstate\system\Commands\Server\rewrite.php(34): require_once('D:\\Projects\\Rea...')
#6 {main}
CRITICAL - 2020-09-13 11:13:34 --> Undefined property: App\Controllers\Auth::$StatisticModel
#0 D:\Projects\RealEstate\app\Controllers\Auth.php(560): CodeIgniter\Debug\Exceptions->errorHandler(8, 'Undefined prope...', 'D:\\Projects\\Rea...', 560, Array)
#1 D:\Projects\RealEstate\system\CodeIgniter.php(914): App\Controllers\Auth->test()
#2 D:\Projects\RealEstate\system\CodeIgniter.php(400): CodeIgniter\CodeIgniter->runController(Object(App\Controllers\Auth))
#3 D:\Projects\RealEstate\system\CodeIgniter.php(308): CodeIgniter\CodeIgniter->handleRequest(NULL, Object(Config\Cache), false)
#4 D:\Projects\RealEstate\public\index.php(45): CodeIgniter\CodeIgniter->run()
#5 D:\Projects\RealEstate\system\Commands\Server\rewrite.php(34): require_once('D:\\Projects\\Rea...')
#6 {main}
CRITICAL - 2020-09-13 14:12:06 --> You have an error in your SQL syntax; check the manual that corresponds to your MariaDB server version for the right syntax to use near 'year), `B`.`status_name`, `B`.`status_badge`
FROM `_sales` as `A`
LEFT JOIN `_st' at line 1
#0 D:\Projects\RealEstate\system\Database\MySQLi\Connection.php(331): mysqli->query('SELECT MONTHNAM...')
#1 D:\Projects\RealEstate\system\Database\BaseConnection.php(738): CodeIgniter\Database\MySQLi\Connection->execute('SELECT MONTHNAM...')
#2 D:\Projects\RealEstate\system\Database\BaseConnection.php(666): CodeIgniter\Database\BaseConnection->simpleQuery('SELECT MONTHNAM...')
#3 D:\Projects\RealEstate\system\Database\BaseBuilder.php(1845): CodeIgniter\Database\BaseConnection->query('SELECT MONTHNAM...', Array, false)
#4 D:\Projects\RealEstate\app\Models\StatisticModel.php(111): CodeIgniter\Database\BaseBuilder->get()
#5 D:\Projects\RealEstate\app\Controllers\Auth.php(560): App\Models\StatisticModel->monthlySalesdata()
#6 D:\Projects\RealEstate\system\CodeIgniter.php(914): App\Controllers\Auth->test()
#7 D:\Projects\RealEstate\system\CodeIgniter.php(400): CodeIgniter\CodeIgniter->runController(Object(App\Controllers\Auth))
#8 D:\Projects\RealEstate\system\CodeIgniter.php(308): CodeIgniter\CodeIgniter->handleRequest(NULL, Object(Config\Cache), false)
#9 D:\Projects\RealEstate\public\index.php(45): CodeIgniter\CodeIgniter->run()
#10 D:\Projects\RealEstate\system\Commands\Server\rewrite.php(34): require_once('D:\\Projects\\Rea...')
#11 {main}
CRITICAL - 2020-09-13 14:13:03 --> Unknown column 'month' in 'field list'
#0 D:\Projects\RealEstate\system\Database\MySQLi\Connection.php(331): mysqli->query('SELECT MONTHNAM...')
#1 D:\Projects\RealEstate\system\Database\BaseConnection.php(738): CodeIgniter\Database\MySQLi\Connection->execute('SELECT MONTHNAM...')
#2 D:\Projects\RealEstate\system\Database\BaseConnection.php(666): CodeIgniter\Database\BaseConnection->simpleQuery('SELECT MONTHNAM...')
#3 D:\Projects\RealEstate\system\Database\BaseBuilder.php(1845): CodeIgniter\Database\BaseConnection->query('SELECT MONTHNAM...', Array, false)
#4 D:\Projects\RealEstate\app\Models\StatisticModel.php(113): CodeIgniter\Database\BaseBuilder->get()
#5 D:\Projects\RealEstate\app\Controllers\Auth.php(560): App\Models\StatisticModel->monthlySalesdata()
#6 D:\Projects\RealEstate\system\CodeIgniter.php(914): App\Controllers\Auth->test()
#7 D:\Projects\RealEstate\system\CodeIgniter.php(400): CodeIgniter\CodeIgniter->runController(Object(App\Controllers\Auth))
#8 D:\Projects\RealEstate\system\CodeIgniter.php(308): CodeIgniter\CodeIgniter->handleRequest(NULL, Object(Config\Cache), false)
#9 D:\Projects\RealEstate\public\index.php(45): CodeIgniter\CodeIgniter->run()
#10 D:\Projects\RealEstate\system\Commands\Server\rewrite.php(34): require_once('D:\\Projects\\Rea...')
#11 {main}
CRITICAL - 2020-09-13 14:13:20 --> Unknown column 'month' in 'field list'
#0 D:\Projects\RealEstate\system\Database\MySQLi\Connection.php(331): mysqli->query('SELECT MONTHNAM...')
#1 D:\Projects\RealEstate\system\Database\BaseConnection.php(738): CodeIgniter\Database\MySQLi\Connection->execute('SELECT MONTHNAM...')
#2 D:\Projects\RealEstate\system\Database\BaseConnection.php(666): CodeIgniter\Database\BaseConnection->simpleQuery('SELECT MONTHNAM...')
#3 D:\Projects\RealEstate\system\Database\BaseBuilder.php(1845): CodeIgniter\Database\BaseConnection->query('SELECT MONTHNAM...', Array, false)
#4 D:\Projects\RealEstate\app\Models\StatisticModel.php(113): CodeIgniter\Database\BaseBuilder->get()
#5 D:\Projects\RealEstate\app\Controllers\Auth.php(560): App\Models\StatisticModel->monthlySalesdata()
#6 D:\Projects\RealEstate\system\CodeIgniter.php(914): App\Controllers\Auth->test()
#7 D:\Projects\RealEstate\system\CodeIgniter.php(400): CodeIgniter\CodeIgniter->runController(Object(App\Controllers\Auth))
#8 D:\Projects\RealEstate\system\CodeIgniter.php(308): CodeIgniter\CodeIgniter->handleRequest(NULL, Object(Config\Cache), false)
#9 D:\Projects\RealEstate\public\index.php(45): CodeIgniter\CodeIgniter->run()
#10 D:\Projects\RealEstate\system\Commands\Server\rewrite.php(34): require_once('D:\\Projects\\Rea...')
#11 {main}
CRITICAL - 2020-09-13 14:13:21 --> Unknown column 'month' in 'field list'
#0 D:\Projects\RealEstate\system\Database\MySQLi\Connection.php(331): mysqli->query('SELECT MONTHNAM...')
#1 D:\Projects\RealEstate\system\Database\BaseConnection.php(738): CodeIgniter\Database\MySQLi\Connection->execute('SELECT MONTHNAM...')
#2 D:\Projects\RealEstate\system\Database\BaseConnection.php(666): CodeIgniter\Database\BaseConnection->simpleQuery('SELECT MONTHNAM...')
#3 D:\Projects\RealEstate\system\Database\BaseBuilder.php(1845): CodeIgniter\Database\BaseConnection->query('SELECT MONTHNAM...', Array, false)
#4 D:\Projects\RealEstate\app\Models\StatisticModel.php(113): CodeIgniter\Database\BaseBuilder->get()
#5 D:\Projects\RealEstate\app\Controllers\Auth.php(560): App\Models\StatisticModel->monthlySalesdata()
#6 D:\Projects\RealEstate\system\CodeIgniter.php(914): App\Controllers\Auth->test()
#7 D:\Projects\RealEstate\system\CodeIgniter.php(400): CodeIgniter\CodeIgniter->runController(Object(App\Controllers\Auth))
#8 D:\Projects\RealEstate\system\CodeIgniter.php(308): CodeIgniter\CodeIgniter->handleRequest(NULL, Object(Config\Cache), false)
#9 D:\Projects\RealEstate\public\index.php(45): CodeIgniter\CodeIgniter->run()
#10 D:\Projects\RealEstate\system\Commands\Server\rewrite.php(34): require_once('D:\\Projects\\Rea...')
#11 {main}
CRITICAL - 2020-09-13 14:13:22 --> Unknown column 'month' in 'field list'
#0 D:\Projects\RealEstate\system\Database\MySQLi\Connection.php(331): mysqli->query('SELECT MONTHNAM...')
#1 D:\Projects\RealEstate\system\Database\BaseConnection.php(738): CodeIgniter\Database\MySQLi\Connection->execute('SELECT MONTHNAM...')
#2 D:\Projects\RealEstate\system\Database\BaseConnection.php(666): CodeIgniter\Database\BaseConnection->simpleQuery('SELECT MONTHNAM...')
#3 D:\Projects\RealEstate\system\Database\BaseBuilder.php(1845): CodeIgniter\Database\BaseConnection->query('SELECT MONTHNAM...', Array, false)
#4 D:\Projects\RealEstate\app\Models\StatisticModel.php(113): CodeIgniter\Database\BaseBuilder->get()
#5 D:\Projects\RealEstate\app\Controllers\Auth.php(560): App\Models\StatisticModel->monthlySalesdata()
#6 D:\Projects\RealEstate\system\CodeIgniter.php(914): App\Controllers\Auth->test()
#7 D:\Projects\RealEstate\system\CodeIgniter.php(400): CodeIgniter\CodeIgniter->runController(Object(App\Controllers\Auth))
#8 D:\Projects\RealEstate\system\CodeIgniter.php(308): CodeIgniter\CodeIgniter->handleRequest(NULL, Object(Config\Cache), false)
#9 D:\Projects\RealEstate\public\index.php(45): CodeIgniter\CodeIgniter->run()
#10 D:\Projects\RealEstate\system\Commands\Server\rewrite.php(34): require_once('D:\\Projects\\Rea...')
#11 {main}
CRITICAL - 2020-09-13 14:13:22 --> Unknown column 'month' in 'field list'
#0 D:\Projects\RealEstate\system\Database\MySQLi\Connection.php(331): mysqli->query('SELECT MONTHNAM...')
#1 D:\Projects\RealEstate\system\Database\BaseConnection.php(738): CodeIgniter\Database\MySQLi\Connection->execute('SELECT MONTHNAM...')
#2 D:\Projects\RealEstate\system\Database\BaseConnection.php(666): CodeIgniter\Database\BaseConnection->simpleQuery('SELECT MONTHNAM...')
#3 D:\Projects\RealEstate\system\Database\BaseBuilder.php(1845): CodeIgniter\Database\BaseConnection->query('SELECT MONTHNAM...', Array, false)
#4 D:\Projects\RealEstate\app\Models\StatisticModel.php(113): CodeIgniter\Database\BaseBuilder->get()
#5 D:\Projects\RealEstate\app\Controllers\Auth.php(560): App\Models\StatisticModel->monthlySalesdata()
#6 D:\Projects\RealEstate\system\CodeIgniter.php(914): App\Controllers\Auth->test()
#7 D:\Projects\RealEstate\system\CodeIgniter.php(400): CodeIgniter\CodeIgniter->runController(Object(App\Controllers\Auth))
#8 D:\Projects\RealEstate\system\CodeIgniter.php(308): CodeIgniter\CodeIgniter->handleRequest(NULL, Object(Config\Cache), false)
#9 D:\Projects\RealEstate\public\index.php(45): CodeIgniter\CodeIgniter->run()
#10 D:\Projects\RealEstate\system\Commands\Server\rewrite.php(34): require_once('D:\\Projects\\Rea...')
#11 {main}
CRITICAL - 2020-09-13 14:18:24 --> Undefined index: 
#0 D:\Projects\RealEstate\app\Models\StatisticModel.php(122): CodeIgniter\Debug\Exceptions->errorHandler(8, 'Undefined index...', 'D:\\Projects\\Rea...', 122, Array)
#1 D:\Projects\RealEstate\app\Controllers\Auth.php(560): App\Models\StatisticModel->monthlySalesdata()
#2 D:\Projects\RealEstate\system\CodeIgniter.php(914): App\Controllers\Auth->test()
#3 D:\Projects\RealEstate\system\CodeIgniter.php(400): CodeIgniter\CodeIgniter->runController(Object(App\Controllers\Auth))
#4 D:\Projects\RealEstate\system\CodeIgniter.php(308): CodeIgniter\CodeIgniter->handleRequest(NULL, Object(Config\Cache), false)
#5 D:\Projects\RealEstate\public\index.php(45): CodeIgniter\CodeIgniter->run()
#6 D:\Projects\RealEstate\system\Commands\Server\rewrite.php(34): require_once('D:\\Projects\\Rea...')
#7 {main}
CRITICAL - 2020-09-13 14:18:25 --> Undefined index: 
#0 D:\Projects\RealEstate\app\Models\StatisticModel.php(122): CodeIgniter\Debug\Exceptions->errorHandler(8, 'Undefined index...', 'D:\\Projects\\Rea...', 122, Array)
#1 D:\Projects\RealEstate\app\Controllers\Auth.php(560): App\Models\StatisticModel->monthlySalesdata()
#2 D:\Projects\RealEstate\system\CodeIgniter.php(914): App\Controllers\Auth->test()
#3 D:\Projects\RealEstate\system\CodeIgniter.php(400): CodeIgniter\CodeIgniter->runController(Object(App\Controllers\Auth))
#4 D:\Projects\RealEstate\system\CodeIgniter.php(308): CodeIgniter\CodeIgniter->handleRequest(NULL, Object(Config\Cache), false)
#5 D:\Projects\RealEstate\public\index.php(45): CodeIgniter\CodeIgniter->run()
#6 D:\Projects\RealEstate\system\Commands\Server\rewrite.php(34): require_once('D:\\Projects\\Rea...')
#7 {main}
CRITICAL - 2020-09-13 14:19:13 --> Undefined index: 
#0 D:\Projects\RealEstate\app\Models\StatisticModel.php(124): CodeIgniter\Debug\Exceptions->errorHandler(8, 'Undefined index...', 'D:\\Projects\\Rea...', 124, Array)
#1 D:\Projects\RealEstate\app\Controllers\Auth.php(560): App\Models\StatisticModel->monthlySalesdata()
#2 D:\Projects\RealEstate\system\CodeIgniter.php(914): App\Controllers\Auth->test()
#3 D:\Projects\RealEstate\system\CodeIgniter.php(400): CodeIgniter\CodeIgniter->runController(Object(App\Controllers\Auth))
#4 D:\Projects\RealEstate\system\CodeIgniter.php(308): CodeIgniter\CodeIgniter->handleRequest(NULL, Object(Config\Cache), false)
#5 D:\Projects\RealEstate\public\index.php(45): CodeIgniter\CodeIgniter->run()
#6 D:\Projects\RealEstate\system\Commands\Server\rewrite.php(34): require_once('D:\\Projects\\Rea...')
#7 {main}
CRITICAL - 2020-09-13 14:20:24 --> Undefined index: 
#0 D:\Projects\RealEstate\app\Models\StatisticModel.php(123): CodeIgniter\Debug\Exceptions->errorHandler(8, 'Undefined index...', 'D:\\Projects\\Rea...', 123, Array)
#1 D:\Projects\RealEstate\app\Controllers\Auth.php(560): App\Models\StatisticModel->monthlySalesdata()
#2 D:\Projects\RealEstate\system\CodeIgniter.php(914): App\Controllers\Auth->test()
#3 D:\Projects\RealEstate\system\CodeIgniter.php(400): CodeIgniter\CodeIgniter->runController(Object(App\Controllers\Auth))
#4 D:\Projects\RealEstate\system\CodeIgniter.php(308): CodeIgniter\CodeIgniter->handleRequest(NULL, Object(Config\Cache), false)
#5 D:\Projects\RealEstate\public\index.php(45): CodeIgniter\CodeIgniter->run()
#6 D:\Projects\RealEstate\system\Commands\Server\rewrite.php(34): require_once('D:\\Projects\\Rea...')
#7 {main}
CRITICAL - 2020-09-13 14:21:01 --> Undefined index: 
#0 D:\Projects\RealEstate\app\Models\StatisticModel.php(124): CodeIgniter\Debug\Exceptions->errorHandler(8, 'Undefined index...', 'D:\\Projects\\Rea...', 124, Array)
#1 D:\Projects\RealEstate\app\Controllers\Auth.php(560): App\Models\StatisticModel->monthlySalesdata()
#2 D:\Projects\RealEstate\system\CodeIgniter.php(914): App\Controllers\Auth->test()
#3 D:\Projects\RealEstate\system\CodeIgniter.php(400): CodeIgniter\CodeIgniter->runController(Object(App\Controllers\Auth))
#4 D:\Projects\RealEstate\system\CodeIgniter.php(308): CodeIgniter\CodeIgniter->handleRequest(NULL, Object(Config\Cache), false)
#5 D:\Projects\RealEstate\public\index.php(45): CodeIgniter\CodeIgniter->run()
#6 D:\Projects\RealEstate\system\Commands\Server\rewrite.php(34): require_once('D:\\Projects\\Rea...')
#7 {main}
CRITICAL - 2020-09-13 14:25:17 --> Unknown column 'month' in 'where clause'
#0 D:\Projects\RealEstate\system\Database\MySQLi\Connection.php(331): mysqli->query('SELECT MONTHNAM...')
#1 D:\Projects\RealEstate\system\Database\BaseConnection.php(738): CodeIgniter\Database\MySQLi\Connection->execute('SELECT MONTHNAM...')
#2 D:\Projects\RealEstate\system\Database\BaseConnection.php(666): CodeIgniter\Database\BaseConnection->simpleQuery('SELECT MONTHNAM...')
#3 D:\Projects\RealEstate\system\Database\BaseBuilder.php(1845): CodeIgniter\Database\BaseConnection->query('SELECT MONTHNAM...', Array, false)
#4 D:\Projects\RealEstate\app\Models\StatisticModel.php(118): CodeIgniter\Database\BaseBuilder->get()
#5 D:\Projects\RealEstate\app\Controllers\Auth.php(560): App\Models\StatisticModel->monthlySalesdata()
#6 D:\Projects\RealEstate\system\CodeIgniter.php(914): App\Controllers\Auth->test()
#7 D:\Projects\RealEstate\system\CodeIgniter.php(400): CodeIgniter\CodeIgniter->runController(Object(App\Controllers\Auth))
#8 D:\Projects\RealEstate\system\CodeIgniter.php(308): CodeIgniter\CodeIgniter->handleRequest(NULL, Object(Config\Cache), false)
#9 D:\Projects\RealEstate\public\index.php(45): CodeIgniter\CodeIgniter->run()
#10 D:\Projects\RealEstate\system\Commands\Server\rewrite.php(34): require_once('D:\\Projects\\Rea...')
#11 {main}
CRITICAL - 2020-09-13 14:44:19 --> syntax error, unexpected ')'
#0 D:\Projects\RealEstate\system\Autoloader\Autoloader.php(340): CodeIgniter\Autoloader\Autoloader->requireFile('D:\\Projects\\Rea...')
#1 D:\Projects\RealEstate\system\Autoloader\Autoloader.php(264): CodeIgniter\Autoloader\Autoloader->loadLegacy('StatisticModel....')
#2 [internal function]: CodeIgniter\Autoloader\Autoloader->loadClass('StatisticModel')
#3 [internal function]: spl_autoload_call('StatisticModel')
#4 D:\Projects\RealEstate\system\Database\ModelFactory.php(74): class_exists('StatisticModel')
#5 D:\Projects\RealEstate\system\Database\ModelFactory.php(40): CodeIgniter\Database\ModelFactory::createClass('StatisticModel', NULL)
#6 D:\Projects\RealEstate\system\Common.php(742): CodeIgniter\Database\ModelFactory::get('StatisticModel', true, NULL)
#7 D:\Projects\RealEstate\app\Controllers\Dashboard.php(12): model('StatisticModel')
#8 D:\Projects\RealEstate\system\CodeIgniter.php(886): App\Controllers\Dashboard->__construct()
#9 D:\Projects\RealEstate\system\CodeIgniter.php(395): CodeIgniter\CodeIgniter->createController()
#10 D:\Projects\RealEstate\system\CodeIgniter.php(308): CodeIgniter\CodeIgniter->handleRequest(NULL, Object(Config\Cache), false)
#11 D:\Projects\RealEstate\public\index.php(45): CodeIgniter\CodeIgniter->run()
#12 D:\Projects\RealEstate\system\Commands\Server\rewrite.php(34): require_once('D:\\Projects\\Rea...')
#13 {main}
CRITICAL - 2020-09-13 17:28:21 --> syntax error, unexpected '}'
#0 D:\Projects\RealEstate\system\Autoloader\Autoloader.php(340): CodeIgniter\Autoloader\Autoloader->requireFile('D:\\Projects\\Rea...')
#1 D:\Projects\RealEstate\system\Autoloader\Autoloader.php(264): CodeIgniter\Autoloader\Autoloader->loadLegacy('StatisticModel....')
#2 [internal function]: CodeIgniter\Autoloader\Autoloader->loadClass('StatisticModel')
#3 [internal function]: spl_autoload_call('StatisticModel')
#4 D:\Projects\RealEstate\system\Database\ModelFactory.php(74): class_exists('StatisticModel')
#5 D:\Projects\RealEstate\system\Database\ModelFactory.php(40): CodeIgniter\Database\ModelFactory::createClass('StatisticModel', NULL)
#6 D:\Projects\RealEstate\system\Common.php(742): CodeIgniter\Database\ModelFactory::get('StatisticModel', true, NULL)
#7 D:\Projects\RealEstate\app\Controllers\Auth.php(559): model('StatisticModel')
#8 D:\Projects\RealEstate\system\CodeIgniter.php(914): App\Controllers\Auth->test()
#9 D:\Projects\RealEstate\system\CodeIgniter.php(400): CodeIgniter\CodeIgniter->runController(Object(App\Controllers\Auth))
#10 D:\Projects\RealEstate\system\CodeIgniter.php(308): CodeIgniter\CodeIgniter->handleRequest(NULL, Object(Config\Cache), false)
#11 D:\Projects\RealEstate\public\index.php(45): CodeIgniter\CodeIgniter->run()
#12 D:\Projects\RealEstate\system\Commands\Server\rewrite.php(34): require_once('D:\\Projects\\Rea...')
#13 {main}
CRITICAL - 2020-09-13 17:28:40 --> syntax error, unexpected '$pastMonth' (T_VARIABLE), expecting ';'
#0 D:\Projects\RealEstate\system\Autoloader\Autoloader.php(340): CodeIgniter\Autoloader\Autoloader->requireFile('D:\\Projects\\Rea...')
#1 D:\Projects\RealEstate\system\Autoloader\Autoloader.php(264): CodeIgniter\Autoloader\Autoloader->loadLegacy('StatisticModel....')
#2 [internal function]: CodeIgniter\Autoloader\Autoloader->loadClass('StatisticModel')
#3 [internal function]: spl_autoload_call('StatisticModel')
#4 D:\Projects\RealEstate\system\Database\ModelFactory.php(74): class_exists('StatisticModel')
#5 D:\Projects\RealEstate\system\Database\ModelFactory.php(40): CodeIgniter\Database\ModelFactory::createClass('StatisticModel', NULL)
#6 D:\Projects\RealEstate\system\Common.php(742): CodeIgniter\Database\ModelFactory::get('StatisticModel', true, NULL)
#7 D:\Projects\RealEstate\app\Controllers\Auth.php(559): model('StatisticModel')
#8 D:\Projects\RealEstate\system\CodeIgniter.php(914): App\Controllers\Auth->test()
#9 D:\Projects\RealEstate\system\CodeIgniter.php(400): CodeIgniter\CodeIgniter->runController(Object(App\Controllers\Auth))
#10 D:\Projects\RealEstate\system\CodeIgniter.php(308): CodeIgniter\CodeIgniter->handleRequest(NULL, Object(Config\Cache), false)
#11 D:\Projects\RealEstate\public\index.php(45): CodeIgniter\CodeIgniter->run()
#12 D:\Projects\RealEstate\system\Commands\Server\rewrite.php(34): require_once('D:\\Projects\\Rea...')
#13 {main}
CRITICAL - 2020-09-13 17:28:41 --> syntax error, unexpected '$pastMonth' (T_VARIABLE), expecting ';'
#0 D:\Projects\RealEstate\system\Autoloader\Autoloader.php(340): CodeIgniter\Autoloader\Autoloader->requireFile('D:\\Projects\\Rea...')
#1 D:\Projects\RealEstate\system\Autoloader\Autoloader.php(264): CodeIgniter\Autoloader\Autoloader->loadLegacy('StatisticModel....')
#2 [internal function]: CodeIgniter\Autoloader\Autoloader->loadClass('StatisticModel')
#3 [internal function]: spl_autoload_call('StatisticModel')
#4 D:\Projects\RealEstate\system\Database\ModelFactory.php(74): class_exists('StatisticModel')
#5 D:\Projects\RealEstate\system\Database\ModelFactory.php(40): CodeIgniter\Database\ModelFactory::createClass('StatisticModel', NULL)
#6 D:\Projects\RealEstate\system\Common.php(742): CodeIgniter\Database\ModelFactory::get('StatisticModel', true, NULL)
#7 D:\Projects\RealEstate\app\Controllers\Auth.php(559): model('StatisticModel')
#8 D:\Projects\RealEstate\system\CodeIgniter.php(914): App\Controllers\Auth->test()
#9 D:\Projects\RealEstate\system\CodeIgniter.php(400): CodeIgniter\CodeIgniter->runController(Object(App\Controllers\Auth))
#10 D:\Projects\RealEstate\system\CodeIgniter.php(308): CodeIgniter\CodeIgniter->handleRequest(NULL, Object(Config\Cache), false)
#11 D:\Projects\RealEstate\public\index.php(45): CodeIgniter\CodeIgniter->run()
#12 D:\Projects\RealEstate\system\Commands\Server\rewrite.php(34): require_once('D:\\Projects\\Rea...')
#13 {main}
CRITICAL - 2020-09-13 17:56:53 --> Undefined variable: row
#0 D:\Projects\RealEstate\app\Models\StatisticModel.php(119): CodeIgniter\Debug\Exceptions->errorHandler(8, 'Undefined varia...', 'D:\\Projects\\Rea...', 119, Array)
#1 D:\Projects\RealEstate\app\Controllers\Auth.php(560): App\Models\StatisticModel->monthlySalesData()
#2 D:\Projects\RealEstate\system\CodeIgniter.php(914): App\Controllers\Auth->test()
#3 D:\Projects\RealEstate\system\CodeIgniter.php(400): CodeIgniter\CodeIgniter->runController(Object(App\Controllers\Auth))
#4 D:\Projects\RealEstate\system\CodeIgniter.php(308): CodeIgniter\CodeIgniter->handleRequest(NULL, Object(Config\Cache), false)
#5 D:\Projects\RealEstate\public\index.php(45): CodeIgniter\CodeIgniter->run()
#6 D:\Projects\RealEstate\system\Commands\Server\rewrite.php(34): require_once('D:\\Projects\\Rea...')
#7 {main}
CRITICAL - 2020-09-13 17:59:44 --> Undefined variable: row
#0 D:\Projects\RealEstate\app\Models\StatisticModel.php(121): CodeIgniter\Debug\Exceptions->errorHandler(8, 'Undefined varia...', 'D:\\Projects\\Rea...', 121, Array)
#1 D:\Projects\RealEstate\app\Controllers\Auth.php(560): App\Models\StatisticModel->monthlySalesData()
#2 D:\Projects\RealEstate\system\CodeIgniter.php(914): App\Controllers\Auth->test()
#3 D:\Projects\RealEstate\system\CodeIgniter.php(400): CodeIgniter\CodeIgniter->runController(Object(App\Controllers\Auth))
#4 D:\Projects\RealEstate\system\CodeIgniter.php(308): CodeIgniter\CodeIgniter->handleRequest(NULL, Object(Config\Cache), false)
#5 D:\Projects\RealEstate\public\index.php(45): CodeIgniter\CodeIgniter->run()
#6 D:\Projects\RealEstate\system\Commands\Server\rewrite.php(34): require_once('D:\\Projects\\Rea...')
#7 {main}
CRITICAL - 2020-09-13 18:00:39 --> Undefined variable: row
#0 D:\Projects\RealEstate\app\Models\StatisticModel.php(121): CodeIgniter\Debug\Exceptions->errorHandler(8, 'Undefined varia...', 'D:\\Projects\\Rea...', 121, Array)
#1 D:\Projects\RealEstate\app\Controllers\Auth.php(560): App\Models\StatisticModel->monthlySalesData()
#2 D:\Projects\RealEstate\system\CodeIgniter.php(914): App\Controllers\Auth->test()
#3 D:\Projects\RealEstate\system\CodeIgniter.php(400): CodeIgniter\CodeIgniter->runController(Object(App\Controllers\Auth))
#4 D:\Projects\RealEstate\system\CodeIgniter.php(308): CodeIgniter\CodeIgniter->handleRequest(NULL, Object(Config\Cache), false)
#5 D:\Projects\RealEstate\public\index.php(45): CodeIgniter\CodeIgniter->run()
#6 D:\Projects\RealEstate\system\Commands\Server\rewrite.php(34): require_once('D:\\Projects\\Rea...')
#7 {main}
CRITICAL - 2020-09-13 18:00:40 --> Undefined variable: row
#0 D:\Projects\RealEstate\app\Models\StatisticModel.php(121): CodeIgniter\Debug\Exceptions->errorHandler(8, 'Undefined varia...', 'D:\\Projects\\Rea...', 121, Array)
#1 D:\Projects\RealEstate\app\Controllers\Auth.php(560): App\Models\StatisticModel->monthlySalesData()
#2 D:\Projects\RealEstate\system\CodeIgniter.php(914): App\Controllers\Auth->test()
#3 D:\Projects\RealEstate\system\CodeIgniter.php(400): CodeIgniter\CodeIgniter->runController(Object(App\Controllers\Auth))
#4 D:\Projects\RealEstate\system\CodeIgniter.php(308): CodeIgniter\CodeIgniter->handleRequest(NULL, Object(Config\Cache), false)
#5 D:\Projects\RealEstate\public\index.php(45): CodeIgniter\CodeIgniter->run()
#6 D:\Projects\RealEstate\system\Commands\Server\rewrite.php(34): require_once('D:\\Projects\\Rea...')
#7 {main}
CRITICAL - 2020-09-13 18:00:45 --> Undefined variable: row
#0 D:\Projects\RealEstate\app\Models\StatisticModel.php(121): CodeIgniter\Debug\Exceptions->errorHandler(8, 'Undefined varia...', 'D:\\Projects\\Rea...', 121, Array)
#1 D:\Projects\RealEstate\app\Controllers\Auth.php(560): App\Models\StatisticModel->monthlySalesData()
#2 D:\Projects\RealEstate\system\CodeIgniter.php(914): App\Controllers\Auth->test()
#3 D:\Projects\RealEstate\system\CodeIgniter.php(400): CodeIgniter\CodeIgniter->runController(Object(App\Controllers\Auth))
#4 D:\Projects\RealEstate\system\CodeIgniter.php(308): CodeIgniter\CodeIgniter->handleRequest(NULL, Object(Config\Cache), false)
#5 D:\Projects\RealEstate\public\index.php(45): CodeIgniter\CodeIgniter->run()
#6 D:\Projects\RealEstate\system\Commands\Server\rewrite.php(34): require_once('D:\\Projects\\Rea...')
#7 {main}
CRITICAL - 2020-09-13 18:00:47 --> Undefined variable: row
#0 D:\Projects\RealEstate\app\Models\StatisticModel.php(121): CodeIgniter\Debug\Exceptions->errorHandler(8, 'Undefined varia...', 'D:\\Projects\\Rea...', 121, Array)
#1 D:\Projects\RealEstate\app\Controllers\Auth.php(560): App\Models\StatisticModel->monthlySalesData()
#2 D:\Projects\RealEstate\system\CodeIgniter.php(914): App\Controllers\Auth->test()
#3 D:\Projects\RealEstate\system\CodeIgniter.php(400): CodeIgniter\CodeIgniter->runController(Object(App\Controllers\Auth))
#4 D:\Projects\RealEstate\system\CodeIgniter.php(308): CodeIgniter\CodeIgniter->handleRequest(NULL, Object(Config\Cache), false)
#5 D:\Projects\RealEstate\public\index.php(45): CodeIgniter\CodeIgniter->run()
#6 D:\Projects\RealEstate\system\Commands\Server\rewrite.php(34): require_once('D:\\Projects\\Rea...')
#7 {main}
CRITICAL - 2020-09-13 18:00:47 --> Undefined variable: row
#0 D:\Projects\RealEstate\app\Models\StatisticModel.php(121): CodeIgniter\Debug\Exceptions->errorHandler(8, 'Undefined varia...', 'D:\\Projects\\Rea...', 121, Array)
#1 D:\Projects\RealEstate\app\Controllers\Auth.php(560): App\Models\StatisticModel->monthlySalesData()
#2 D:\Projects\RealEstate\system\CodeIgniter.php(914): App\Controllers\Auth->test()
#3 D:\Projects\RealEstate\system\CodeIgniter.php(400): CodeIgniter\CodeIgniter->runController(Object(App\Controllers\Auth))
#4 D:\Projects\RealEstate\system\CodeIgniter.php(308): CodeIgniter\CodeIgniter->handleRequest(NULL, Object(Config\Cache), false)
#5 D:\Projects\RealEstate\public\index.php(45): CodeIgniter\CodeIgniter->run()
#6 D:\Projects\RealEstate\system\Commands\Server\rewrite.php(34): require_once('D:\\Projects\\Rea...')
#7 {main}
CRITICAL - 2020-09-13 18:00:48 --> Undefined variable: row
#0 D:\Projects\RealEstate\app\Models\StatisticModel.php(121): CodeIgniter\Debug\Exceptions->errorHandler(8, 'Undefined varia...', 'D:\\Projects\\Rea...', 121, Array)
#1 D:\Projects\RealEstate\app\Controllers\Auth.php(560): App\Models\StatisticModel->monthlySalesData()
#2 D:\Projects\RealEstate\system\CodeIgniter.php(914): App\Controllers\Auth->test()
#3 D:\Projects\RealEstate\system\CodeIgniter.php(400): CodeIgniter\CodeIgniter->runController(Object(App\Controllers\Auth))
#4 D:\Projects\RealEstate\system\CodeIgniter.php(308): CodeIgniter\CodeIgniter->handleRequest(NULL, Object(Config\Cache), false)
#5 D:\Projects\RealEstate\public\index.php(45): CodeIgniter\CodeIgniter->run()
#6 D:\Projects\RealEstate\system\Commands\Server\rewrite.php(34): require_once('D:\\Projects\\Rea...')
#7 {main}
CRITICAL - 2020-09-13 18:00:48 --> Undefined variable: row
#0 D:\Projects\RealEstate\app\Models\StatisticModel.php(121): CodeIgniter\Debug\Exceptions->errorHandler(8, 'Undefined varia...', 'D:\\Projects\\Rea...', 121, Array)
#1 D:\Projects\RealEstate\app\Controllers\Auth.php(560): App\Models\StatisticModel->monthlySalesData()
#2 D:\Projects\RealEstate\system\CodeIgniter.php(914): App\Controllers\Auth->test()
#3 D:\Projects\RealEstate\system\CodeIgniter.php(400): CodeIgniter\CodeIgniter->runController(Object(App\Controllers\Auth))
#4 D:\Projects\RealEstate\system\CodeIgniter.php(308): CodeIgniter\CodeIgniter->handleRequest(NULL, Object(Config\Cache), false)
#5 D:\Projects\RealEstate\public\index.php(45): CodeIgniter\CodeIgniter->run()
#6 D:\Projects\RealEstate\system\Commands\Server\rewrite.php(34): require_once('D:\\Projects\\Rea...')
#7 {main}
CRITICAL - 2020-09-13 18:00:48 --> Undefined variable: row
#0 D:\Projects\RealEstate\app\Models\StatisticModel.php(121): CodeIgniter\Debug\Exceptions->errorHandler(8, 'Undefined varia...', 'D:\\Projects\\Rea...', 121, Array)
#1 D:\Projects\RealEstate\app\Controllers\Auth.php(560): App\Models\StatisticModel->monthlySalesData()
#2 D:\Projects\RealEstate\system\CodeIgniter.php(914): App\Controllers\Auth->test()
#3 D:\Projects\RealEstate\system\CodeIgniter.php(400): CodeIgniter\CodeIgniter->runController(Object(App\Controllers\Auth))
#4 D:\Projects\RealEstate\system\CodeIgniter.php(308): CodeIgniter\CodeIgniter->handleRequest(NULL, Object(Config\Cache), false)
#5 D:\Projects\RealEstate\public\index.php(45): CodeIgniter\CodeIgniter->run()
#6 D:\Projects\RealEstate\system\Commands\Server\rewrite.php(34): require_once('D:\\Projects\\Rea...')
#7 {main}
CRITICAL - 2020-09-13 18:04:24 --> Undefined index: rent_per_mon
#0 D:\Projects\RealEstate\app\Models\StatisticModel.php(126): CodeIgniter\Debug\Exceptions->errorHandler(8, 'Undefined index...', 'D:\\Projects\\Rea...', 126, Array)
#1 D:\Projects\RealEstate\app\Controllers\Auth.php(560): App\Models\StatisticModel->monthlySalesData()
#2 D:\Projects\RealEstate\system\CodeIgniter.php(914): App\Controllers\Auth->test()
#3 D:\Projects\RealEstate\system\CodeIgniter.php(400): CodeIgniter\CodeIgniter->runController(Object(App\Controllers\Auth))
#4 D:\Projects\RealEstate\system\CodeIgniter.php(308): CodeIgniter\CodeIgniter->handleRequest(NULL, Object(Config\Cache), false)
#5 D:\Projects\RealEstate\public\index.php(45): CodeIgniter\CodeIgniter->run()
#6 D:\Projects\RealEstate\system\Commands\Server\rewrite.php(34): require_once('D:\\Projects\\Rea...')
#7 {main}
CRITICAL - 2020-09-13 18:10:01 --> array_sum() expects parameter 1 to be array, null given
#0 [internal function]: CodeIgniter\Debug\Exceptions->errorHandler(2, 'array_sum() exp...', 'D:\\Projects\\Rea...', 131, Array)
#1 D:\Projects\RealEstate\app\Models\StatisticModel.php(131): array_sum(NULL)
#2 D:\Projects\RealEstate\app\Controllers\Auth.php(560): App\Models\StatisticModel->monthlySalesData()
#3 D:\Projects\RealEstate\system\CodeIgniter.php(914): App\Controllers\Auth->test()
#4 D:\Projects\RealEstate\system\CodeIgniter.php(400): CodeIgniter\CodeIgniter->runController(Object(App\Controllers\Auth))
#5 D:\Projects\RealEstate\system\CodeIgniter.php(308): CodeIgniter\CodeIgniter->handleRequest(NULL, Object(Config\Cache), false)
#6 D:\Projects\RealEstate\public\index.php(45): CodeIgniter\CodeIgniter->run()
#7 D:\Projects\RealEstate\system\Commands\Server\rewrite.php(34): require_once('D:\\Projects\\Rea...')
#8 {main}
CRITICAL - 2020-09-13 18:12:41 --> array_sum() expects parameter 1 to be array, null given
#0 [internal function]: CodeIgniter\Debug\Exceptions->errorHandler(2, 'array_sum() exp...', 'D:\\Projects\\Rea...', 131, Array)
#1 D:\Projects\RealEstate\app\Models\StatisticModel.php(131): array_sum(NULL)
#2 D:\Projects\RealEstate\app\Controllers\Auth.php(560): App\Models\StatisticModel->monthlySalesData()
#3 D:\Projects\RealEstate\system\CodeIgniter.php(914): App\Controllers\Auth->test()
#4 D:\Projects\RealEstate\system\CodeIgniter.php(400): CodeIgniter\CodeIgniter->runController(Object(App\Controllers\Auth))
#5 D:\Projects\RealEstate\system\CodeIgniter.php(308): CodeIgniter\CodeIgniter->handleRequest(NULL, Object(Config\Cache), false)
#6 D:\Projects\RealEstate\public\index.php(45): CodeIgniter\CodeIgniter->run()
#7 D:\Projects\RealEstate\system\Commands\Server\rewrite.php(34): require_once('D:\\Projects\\Rea...')
#8 {main}
CRITICAL - 2020-09-13 18:27:05 --> Class 'App\Models\Date' not found
#0 D:\Projects\RealEstate\app\Controllers\Auth.php(560): App\Models\StatisticModel->monthlySalesData()
#1 D:\Projects\RealEstate\system\CodeIgniter.php(914): App\Controllers\Auth->test()
#2 D:\Projects\RealEstate\system\CodeIgniter.php(400): CodeIgniter\CodeIgniter->runController(Object(App\Controllers\Auth))
#3 D:\Projects\RealEstate\system\CodeIgniter.php(308): CodeIgniter\CodeIgniter->handleRequest(NULL, Object(Config\Cache), false)
#4 D:\Projects\RealEstate\public\index.php(45): CodeIgniter\CodeIgniter->run()
#5 D:\Projects\RealEstate\system\Commands\Server\rewrite.php(34): require_once('D:\\Projects\\Rea...')
#6 {main}
CRITICAL - 2020-09-13 18:48:17 --> Call to undefined function App\Controllers\actualSales()
#0 D:\Projects\RealEstate\system\CodeIgniter.php(914): App\Controllers\Auth->test()
#1 D:\Projects\RealEstate\system\CodeIgniter.php(400): CodeIgniter\CodeIgniter->runController(Object(App\Controllers\Auth))
#2 D:\Projects\RealEstate\system\CodeIgniter.php(308): CodeIgniter\CodeIgniter->handleRequest(NULL, Object(Config\Cache), false)
#3 D:\Projects\RealEstate\public\index.php(45): CodeIgniter\CodeIgniter->run()
#4 D:\Projects\RealEstate\system\Commands\Server\rewrite.php(34): require_once('D:\\Projects\\Rea...')
#5 {main}
CRITICAL - 2020-09-13 19:04:03 --> syntax error, unexpected '{'
#0 D:\Projects\RealEstate\system\Autoloader\Autoloader.php(340): CodeIgniter\Autoloader\Autoloader->requireFile('D:\\Projects\\Rea...')
#1 D:\Projects\RealEstate\system\Autoloader\Autoloader.php(264): CodeIgniter\Autoloader\Autoloader->loadLegacy('StatisticModel....')
#2 [internal function]: CodeIgniter\Autoloader\Autoloader->loadClass('StatisticModel')
#3 [internal function]: spl_autoload_call('StatisticModel')
#4 D:\Projects\RealEstate\system\Database\ModelFactory.php(74): class_exists('StatisticModel')
#5 D:\Projects\RealEstate\system\Database\ModelFactory.php(40): CodeIgniter\Database\ModelFactory::createClass('StatisticModel', NULL)
#6 D:\Projects\RealEstate\system\Common.php(742): CodeIgniter\Database\ModelFactory::get('StatisticModel', true, NULL)
#7 D:\Projects\RealEstate\app\Helpers\property_helper.php(121): model('StatisticModel')
#8 D:\Projects\RealEstate\app\Controllers\Auth.php(559): actualSales()
#9 D:\Projects\RealEstate\system\CodeIgniter.php(914): App\Controllers\Auth->test()
#10 D:\Projects\RealEstate\system\CodeIgniter.php(400): CodeIgniter\CodeIgniter->runController(Object(App\Controllers\Auth))
#11 D:\Projects\RealEstate\system\CodeIgniter.php(308): CodeIgniter\CodeIgniter->handleRequest(NULL, Object(Config\Cache), false)
#12 D:\Projects\RealEstate\public\index.php(45): CodeIgniter\CodeIgniter->run()
#13 D:\Projects\RealEstate\system\Commands\Server\rewrite.php(34): require_once('D:\\Projects\\Rea...')
#14 {main}
CRITICAL - 2020-09-13 19:15:54 --> syntax error, unexpected 'echo' (T_ECHO)
#0 D:\Projects\RealEstate\system\View\View.php(257): CodeIgniter\View\View->render('common/layout', Array, true)
#1 D:\Projects\RealEstate\system\Common.php(1087): CodeIgniter\View\View->render('frontend/dashbo...', Array, true)
#2 D:\Projects\RealEstate\app\Controllers\Dashboard.php(30): view('frontend/dashbo...', Array)
#3 D:\Projects\RealEstate\system\CodeIgniter.php(914): App\Controllers\Dashboard->index()
#4 D:\Projects\RealEstate\system\CodeIgniter.php(400): CodeIgniter\CodeIgniter->runController(Object(App\Controllers\Dashboard))
#5 D:\Projects\RealEstate\system\CodeIgniter.php(308): CodeIgniter\CodeIgniter->handleRequest(NULL, Object(Config\Cache), false)
#6 D:\Projects\RealEstate\public\index.php(45): CodeIgniter\CodeIgniter->run()
#7 D:\Projects\RealEstate\system\Commands\Server\rewrite.php(34): require_once('D:\\Projects\\Rea...')
#8 {main}
CRITICAL - 2020-09-13 19:33:17 --> syntax error, unexpected '$pastYear' (T_VARIABLE), expecting ']'
#0 D:\Projects\RealEstate\system\Autoloader\Autoloader.php(340): CodeIgniter\Autoloader\Autoloader->requireFile('D:\\Projects\\Rea...')
#1 D:\Projects\RealEstate\system\Autoloader\Autoloader.php(264): CodeIgniter\Autoloader\Autoloader->loadLegacy('StatisticModel....')
#2 [internal function]: CodeIgniter\Autoloader\Autoloader->loadClass('StatisticModel')
#3 [internal function]: spl_autoload_call('StatisticModel')
#4 D:\Projects\RealEstate\system\Database\ModelFactory.php(74): class_exists('StatisticModel')
#5 D:\Projects\RealEstate\system\Database\ModelFactory.php(40): CodeIgniter\Database\ModelFactory::createClass('StatisticModel', NULL)
#6 D:\Projects\RealEstate\system\Common.php(742): CodeIgniter\Database\ModelFactory::get('StatisticModel', true, NULL)
#7 D:\Projects\RealEstate\app\Controllers\Dashboard.php(12): model('StatisticModel')
#8 D:\Projects\RealEstate\system\CodeIgniter.php(886): App\Controllers\Dashboard->__construct()
#9 D:\Projects\RealEstate\system\CodeIgniter.php(395): CodeIgniter\CodeIgniter->createController()
#10 D:\Projects\RealEstate\system\CodeIgniter.php(308): CodeIgniter\CodeIgniter->handleRequest(NULL, Object(Config\Cache), false)
#11 D:\Projects\RealEstate\public\index.php(45): CodeIgniter\CodeIgniter->run()
#12 D:\Projects\RealEstate\system\Commands\Server\rewrite.php(34): require_once('D:\\Projects\\Rea...')
#13 {main}
CRITICAL - 2020-09-13 20:15:25 --> Undefined variable: data
#0 D:\Projects\RealEstate\app\Controllers\Dashboard.php(228): CodeIgniter\Debug\Exceptions->errorHandler(8, 'Undefined varia...', 'D:\\Projects\\Rea...', 228, Array)
#1 D:\Projects\RealEstate\system\CodeIgniter.php(914): App\Controllers\Dashboard->credits()
#2 D:\Projects\RealEstate\system\CodeIgniter.php(400): CodeIgniter\CodeIgniter->runController(Object(App\Controllers\Dashboard))
#3 D:\Projects\RealEstate\system\CodeIgniter.php(308): CodeIgniter\CodeIgniter->handleRequest(NULL, Object(Config\Cache), false)
#4 D:\Projects\RealEstate\public\index.php(45): CodeIgniter\CodeIgniter->run()
#5 D:\Projects\RealEstate\system\Commands\Server\rewrite.php(34): require_once('D:\\Projects\\Rea...')
#6 {main}
CRITICAL - 2020-09-13 20:35:34 --> Call to undefined function currentLocation()
#0 D:\Projects\RealEstate\app\Controllers\Property.php(23): pageView('property')
#1 D:\Projects\RealEstate\system\CodeIgniter.php(914): App\Controllers\Property->index()
#2 D:\Projects\RealEstate\system\CodeIgniter.php(400): CodeIgniter\CodeIgniter->runController(Object(App\Controllers\Property))
#3 D:\Projects\RealEstate\system\CodeIgniter.php(308): CodeIgniter\CodeIgniter->handleRequest(NULL, Object(Config\Cache), false)
#4 D:\Projects\RealEstate\public\index.php(45): CodeIgniter\CodeIgniter->run()
#5 D:\Projects\RealEstate\system\Commands\Server\rewrite.php(34): require_once('D:\\Projects\\Rea...')
#6 {main}
CRITICAL - 2020-09-13 20:36:24 --> Unknown column 'created_at' in 'field list'
#0 D:\Projects\RealEstate\system\Database\MySQLi\Connection.php(331): mysqli->query('INSERT INTO `_p...')
#1 D:\Projects\RealEstate\system\Database\BaseConnection.php(738): CodeIgniter\Database\MySQLi\Connection->execute('INSERT INTO `_p...')
#2 D:\Projects\RealEstate\system\Database\BaseConnection.php(666): CodeIgniter\Database\BaseConnection->simpleQuery('INSERT INTO `_p...')
#3 D:\Projects\RealEstate\system\Database\BaseBuilder.php(2234): CodeIgniter\Database\BaseConnection->query('INSERT INTO `_p...', Array, false)
#4 D:\Projects\RealEstate\app\Models\CrudModel.php(19): CodeIgniter\Database\BaseBuilder->insert(Array)
#5 D:\Projects\RealEstate\app\Helpers\common_helper.php(682): App\Models\CrudModel->C('_property_view_...', Array)
#6 D:\Projects\RealEstate\app\Controllers\Property.php(23): pageView('property')
#7 D:\Projects\RealEstate\system\CodeIgniter.php(914): App\Controllers\Property->index()
#8 D:\Projects\RealEstate\system\CodeIgniter.php(400): CodeIgniter\CodeIgniter->runController(Object(App\Controllers\Property))
#9 D:\Projects\RealEstate\system\CodeIgniter.php(308): CodeIgniter\CodeIgniter->handleRequest(NULL, Object(Config\Cache), false)
#10 D:\Projects\RealEstate\public\index.php(45): CodeIgniter\CodeIgniter->run()
#11 D:\Projects\RealEstate\system\Commands\Server\rewrite.php(34): require_once('D:\\Projects\\Rea...')
#12 {main}
CRITICAL - 2020-09-13 20:55:06 --> Call to undefined function actualSales()
#0 D:\Projects\RealEstate\system\View\View.php(246): include()
#1 D:\Projects\RealEstate\system\View\View.php(257): CodeIgniter\View\View->render('common/layout', Array, true)
#2 D:\Projects\RealEstate\system\Common.php(1087): CodeIgniter\View\View->render('frontend/login-...', Array, true)
#3 D:\Projects\RealEstate\app\Controllers\Auth.php(98): view('frontend/login-...', Array)
#4 D:\Projects\RealEstate\system\CodeIgniter.php(914): App\Controllers\Auth->login()
#5 D:\Projects\RealEstate\system\CodeIgniter.php(400): CodeIgniter\CodeIgniter->runController(Object(App\Controllers\Auth))
#6 D:\Projects\RealEstate\system\CodeIgniter.php(308): CodeIgniter\CodeIgniter->handleRequest(NULL, Object(Config\Cache), false)
#7 D:\Projects\RealEstate\public\index.php(45): CodeIgniter\CodeIgniter->run()
#8 D:\Projects\RealEstate\system\Commands\Server\rewrite.php(34): require_once('D:\\Projects\\Rea...')
#9 {main}
CRITICAL - 2020-09-13 21:45:19 --> No connection could be made because the target machine actively refused it.

#0 D:\Projects\RealEstate\system\Database\BaseConnection.php(377): CodeIgniter\Database\MySQLi\Connection->connect(false)
#1 D:\Projects\RealEstate\system\Database\BaseConnection.php(643): CodeIgniter\Database\BaseConnection->initialize()
#2 D:\Projects\RealEstate\system\Database\BaseBuilder.php(1845): CodeIgniter\Database\BaseConnection->query('SELECT *\nFROM `...', Array, false)
#3 D:\Projects\RealEstate\app\Models\PropertyModel.php(184): CodeIgniter\Database\BaseBuilder->get()
#4 D:\Projects\RealEstate\app\Controllers\Home.php(22): App\Models\PropertyModel->getAllFeaturedProperties(1)
#5 D:\Projects\RealEstate\system\CodeIgniter.php(914): App\Controllers\Home->index()
#6 D:\Projects\RealEstate\system\CodeIgniter.php(400): CodeIgniter\CodeIgniter->runController(Object(App\Controllers\Home))
#7 D:\Projects\RealEstate\system\CodeIgniter.php(308): CodeIgniter\CodeIgniter->handleRequest(NULL, Object(Config\Cache), false)
#8 D:\Projects\RealEstate\public\index.php(45): CodeIgniter\CodeIgniter->run()
#9 D:\Projects\RealEstate\system\Commands\Server\rewrite.php(34): require_once('D:\\Projects\\Rea...')
#10 {main}
CRITICAL - 2020-09-13 21:45:20 --> Uncaught ErrorException: print_r(): Property access is not allowed yet in D:\Projects\RealEstate\app\Views\errors\html\error_exception.php:100
Stack trace:
#0 [internal function]: CodeIgniter\Debug\Exceptions->errorHandler(2, 'print_r(): Prop...', 'D:\\Projects\\Rea...', 100, Array)
#1 D:\Projects\RealEstate\app\Views\errors\html\error_exception.php(100): print_r(Object(App\Controllers\Home), true)
#2 D:\Projects\RealEstate\system\Debug\Exceptions.php(299): include('D:\\Projects\\Rea...')
#3 D:\Projects\RealEstate\system\Debug\Exceptions.php(172): CodeIgniter\Debug\Exceptions->render(Object(mysqli_sql_exception), 500)
#4 [internal function]: CodeIgniter\Debug\Exceptions->exceptionHandler(Object(mysqli_sql_exception))
#5 {main}
  thrown
#0 [internal function]: CodeIgniter\Debug\Exceptions->shutdownHandler()
#1 {main}
CRITICAL - 2020-09-13 21:45:29 --> Call to undefined function actualSales()
#0 D:\Projects\RealEstate\system\View\View.php(246): include()
#1 D:\Projects\RealEstate\system\View\View.php(257): CodeIgniter\View\View->render('common/layout', Array, true)
#2 D:\Projects\RealEstate\system\Common.php(1087): CodeIgniter\View\View->render('landing', Array, true)
#3 D:\Projects\RealEstate\app\Controllers\Home.php(25): view('landing', Array)
#4 D:\Projects\RealEstate\system\CodeIgniter.php(914): App\Controllers\Home->index()
#5 D:\Projects\RealEstate\system\CodeIgniter.php(400): CodeIgniter\CodeIgniter->runController(Object(App\Controllers\Home))
#6 D:\Projects\RealEstate\system\CodeIgniter.php(308): CodeIgniter\CodeIgniter->handleRequest(NULL, Object(Config\Cache), false)
#7 D:\Projects\RealEstate\public\index.php(45): CodeIgniter\CodeIgniter->run()
#8 D:\Projects\RealEstate\system\Commands\Server\rewrite.php(34): require_once('D:\\Projects\\Rea...')
#9 {main}
CRITICAL - 2020-09-13 21:45:36 --> Call to undefined function actualSales()
#0 D:\Projects\RealEstate\system\View\View.php(246): include()
#1 D:\Projects\RealEstate\system\View\View.php(257): CodeIgniter\View\View->render('common/layout', Array, true)
#2 D:\Projects\RealEstate\system\Common.php(1087): CodeIgniter\View\View->render('landing', Array, true)
#3 D:\Projects\RealEstate\app\Controllers\Home.php(25): view('landing', Array)
#4 D:\Projects\RealEstate\system\CodeIgniter.php(914): App\Controllers\Home->index()
#5 D:\Projects\RealEstate\system\CodeIgniter.php(400): CodeIgniter\CodeIgniter->runController(Object(App\Controllers\Home))
#6 D:\Projects\RealEstate\system\CodeIgniter.php(308): CodeIgniter\CodeIgniter->handleRequest(NULL, Object(Config\Cache), false)
#7 D:\Projects\RealEstate\public\index.php(45): CodeIgniter\CodeIgniter->run()
#8 D:\Projects\RealEstate\system\Commands\Server\rewrite.php(34): require_once('D:\\Projects\\Rea...')
#9 {main}
CRITICAL - 2020-09-13 21:46:42 --> Call to undefined function actualSalesData()
#0 D:\Projects\RealEstate\system\View\View.php(246): include()
#1 D:\Projects\RealEstate\system\View\View.php(257): CodeIgniter\View\View->render('common/layout', Array, true)
#2 D:\Projects\RealEstate\system\Common.php(1087): CodeIgniter\View\View->render('frontend/login-...', Array, true)
#3 D:\Projects\RealEstate\app\Controllers\Auth.php(288): view('frontend/login-...', Array)
#4 D:\Projects\RealEstate\system\CodeIgniter.php(914): App\Controllers\Auth->login_staff()
#5 D:\Projects\RealEstate\system\CodeIgniter.php(400): CodeIgniter\CodeIgniter->runController(Object(App\Controllers\Auth))
#6 D:\Projects\RealEstate\system\CodeIgniter.php(308): CodeIgniter\CodeIgniter->handleRequest(NULL, Object(Config\Cache), false)
#7 D:\Projects\RealEstate\public\index.php(45): CodeIgniter\CodeIgniter->run()
#8 D:\Projects\RealEstate\system\Commands\Server\rewrite.php(34): require_once('D:\\Projects\\Rea...')
#9 {main}
CRITICAL - 2020-09-13 21:46:44 --> Call to undefined function actualSalesData()
#0 D:\Projects\RealEstate\system\View\View.php(246): include()
#1 D:\Projects\RealEstate\system\View\View.php(257): CodeIgniter\View\View->render('common/layout', Array, true)
#2 D:\Projects\RealEstate\system\Common.php(1087): CodeIgniter\View\View->render('frontend/login-...', Array, true)
#3 D:\Projects\RealEstate\app\Controllers\Auth.php(288): view('frontend/login-...', Array)
#4 D:\Projects\RealEstate\system\CodeIgniter.php(914): App\Controllers\Auth->login_staff()
#5 D:\Projects\RealEstate\system\CodeIgniter.php(400): CodeIgniter\CodeIgniter->runController(Object(App\Controllers\Auth))
#6 D:\Projects\RealEstate\system\CodeIgniter.php(308): CodeIgniter\CodeIgniter->handleRequest(NULL, Object(Config\Cache), false)
#7 D:\Projects\RealEstate\public\index.php(45): CodeIgniter\CodeIgniter->run()
#8 D:\Projects\RealEstate\system\Commands\Server\rewrite.php(34): require_once('D:\\Projects\\Rea...')
#9 {main}
CRITICAL - 2020-09-13 21:46:45 --> Call to undefined function actualSalesData()
#0 D:\Projects\RealEstate\system\View\View.php(246): include()
#1 D:\Projects\RealEstate\system\View\View.php(257): CodeIgniter\View\View->render('common/layout', Array, true)
#2 D:\Projects\RealEstate\system\Common.php(1087): CodeIgniter\View\View->render('frontend/login-...', Array, true)
#3 D:\Projects\RealEstate\app\Controllers\Auth.php(288): view('frontend/login-...', Array)
#4 D:\Projects\RealEstate\system\CodeIgniter.php(914): App\Controllers\Auth->login_staff()
#5 D:\Projects\RealEstate\system\CodeIgniter.php(400): CodeIgniter\CodeIgniter->runController(Object(App\Controllers\Auth))
#6 D:\Projects\RealEstate\system\CodeIgniter.php(308): CodeIgniter\CodeIgniter->handleRequest(NULL, Object(Config\Cache), false)
#7 D:\Projects\RealEstate\public\index.php(45): CodeIgniter\CodeIgniter->run()
#8 D:\Projects\RealEstate\system\Commands\Server\rewrite.php(34): require_once('D:\\Projects\\Rea...')
#9 {main}
CRITICAL - 2020-09-13 21:46:48 --> Call to undefined function actualSalesData()
#0 D:\Projects\RealEstate\system\View\View.php(246): include()
#1 D:\Projects\RealEstate\system\View\View.php(257): CodeIgniter\View\View->render('common/layout', Array, true)
#2 D:\Projects\RealEstate\system\Common.php(1087): CodeIgniter\View\View->render('frontend/login-...', Array, true)
#3 D:\Projects\RealEstate\app\Controllers\Auth.php(288): view('frontend/login-...', Array)
#4 D:\Projects\RealEstate\system\CodeIgniter.php(914): App\Controllers\Auth->login_staff()
#5 D:\Projects\RealEstate\system\CodeIgniter.php(400): CodeIgniter\CodeIgniter->runController(Object(App\Controllers\Auth))
#6 D:\Projects\RealEstate\system\CodeIgniter.php(308): CodeIgniter\CodeIgniter->handleRequest(NULL, Object(Config\Cache), false)
#7 D:\Projects\RealEstate\public\index.php(45): CodeIgniter\CodeIgniter->run()
#8 D:\Projects\RealEstate\system\Commands\Server\rewrite.php(34): require_once('D:\\Projects\\Rea...')
#9 {main}
CRITICAL - 2020-09-13 21:48:39 --> Call to undefined function actualSalesData()
#0 D:\Projects\RealEstate\system\View\View.php(246): include()
#1 D:\Projects\RealEstate\system\View\View.php(257): CodeIgniter\View\View->render('common/layout', Array, true)
#2 D:\Projects\RealEstate\system\Common.php(1087): CodeIgniter\View\View->render('frontend/login-...', Array, true)
#3 D:\Projects\RealEstate\app\Controllers\Auth.php(288): view('frontend/login-...', Array)
#4 D:\Projects\RealEstate\system\CodeIgniter.php(914): App\Controllers\Auth->login_staff()
#5 D:\Projects\RealEstate\system\CodeIgniter.php(400): CodeIgniter\CodeIgniter->runController(Object(App\Controllers\Auth))
#6 D:\Projects\RealEstate\system\CodeIgniter.php(308): CodeIgniter\CodeIgniter->handleRequest(NULL, Object(Config\Cache), false)
#7 D:\Projects\RealEstate\public\index.php(45): CodeIgniter\CodeIgniter->run()
#8 D:\Projects\RealEstate\system\Commands\Server\rewrite.php(34): require_once('D:\\Projects\\Rea...')
#9 {main}
